#UID            Suite Name                                     Ctx Wrk Fails       t(s)       Iter     Iter/s  Codesize   Datasize
#Results for verification run started at 23183:14:25:29 XCMD=-c64 -w1
236760500         MLT cjpeg-rose7-preset                        64   1     0      0.004          1     250.00    104046     267504		
#Results for performance runs started at 23183:14:25:29 XCMD=-c64 -w1
236760500         MLT cjpeg-rose7-preset                        64   1     0      0.005         10    2000.00    104046     267504		
236760500         MLT cjpeg-rose7-preset                        64   1     0      0.005         10    2000.00    104046     267504		
236760500         MLT cjpeg-rose7-preset                        64   1     0      0.005         10    2000.00    104046     267504		
#Median for final result cjpeg-rose7-preset/
236760500         MLT cjpeg-rose7-preset                        64   1     0      0.005         10    2000.00    104046     267504 median best
#UID            Suite Name                                     Ctx Wrk Fails       t(s)       Iter     Iter/s  Codesize   Datasize
#Results for verification run started at 23183:14:25:30 XCMD=-c64 -w1
1050863061        MLT sha-test                                  64   1     0      0.007          1     142.86     71806       2248		
#Results for performance runs started at 23183:14:25:31 XCMD=-c64 -w1
1050863061        MLT sha-test                                  64   1     0      0.017         64    3764.71     71806       2248		
1050863061        MLT sha-test                                  64   1     0      0.017         64    3764.71     71806       2248		
1050863061        MLT sha-test                                  64   1     0      0.017         64    3764.71     71806       2248		
#Median for final result sha-test/
1050863061        MLT sha-test                                  64   1     0      0.017         64    3764.71     71806       2248 median best
#UID            Suite Name                                     Ctx Wrk Fails       t(s)       Iter     Iter/s  Codesize   Datasize
#Results for verification run started at 23183:14:25:32 XCMD=-c64 -w1
490760323         MLT core                                      64   1     0      1.025          1       0.98     64576       4368		
#Results for performance runs started at 23183:14:25:33 XCMD=-c64 -w1
490760323         MLT core                                      64   1     0      1.654         64      38.69     64576       4368		
490760323         MLT core                                      64   1     0      1.591         64      40.23     64576       4368		
490760323         MLT core                                      64   1     0      1.610         64      39.75     64576       4368		
#Median for final result core/
490760323         MLT core                                      64   1     0      1.610         64      39.75     64576       4368 median best
#UID            Suite Name                                     Ctx Wrk Fails       t(s)       Iter     Iter/s  Codesize   Datasize
#Results for verification run started at 23183:14:25:39 XCMD=-c64 -w1
549578576         MLT nnet_test                                 64   1     0      0.292          1       3.42     67196      43656		
#Results for performance runs started at 23183:14:25:39 XCMD=-c64 -w1
549578576         MLT nnet_test                                 64   1     0      0.456         64     140.35     67196      43656		
549578576         MLT nnet_test                                 64   1     0      0.455         64     140.66     67196      43656		
549578576         MLT nnet_test                                 64   1     0      0.453         64     141.28     67196      43656		
#Median for final result nnet_test/
549578576         MLT nnet_test                                 64   1     0      0.455         64     140.66     67196      43656 median best
#UID            Suite Name                                     Ctx Wrk Fails       t(s)       Iter     Iter/s  Codesize   Datasize
#Results for verification run started at 23183:14:25:42 XCMD=-c64 -w1
1046644201        MLT linear_alg-mid-100x100-sp                 64   1     0      0.018          1      55.56     67454       4384		
#Results for performance runs started at 23183:14:25:42 XCMD=-c64 -w1
1046644201        MLT linear_alg-mid-100x100-sp                 64   1     0      0.037         64    1729.73     67454       4384		
1046644201        MLT linear_alg-mid-100x100-sp                 64   1     0      0.037         64    1729.73     67454       4384		
1046644201        MLT linear_alg-mid-100x100-sp                 64   1     0      0.036         64    1777.78     67454       4384		
#Median for final result linear_alg-mid-100x100-sp/
1046644201        MLT linear_alg-mid-100x100-sp                 64   1     0      0.037         64    1729.73     67454       4384 median best
#UID            Suite Name                                     Ctx Wrk Fails       t(s)       Iter     Iter/s  Codesize   Datasize
#Results for verification run started at 23183:14:25:43 XCMD=-c64 -w1
780641437         MLT parser-125k                               64   1     0      0.096          1      10.42     82718       2240		
#Results for performance runs started at 23183:14:25:43 XCMD=-c64 -w1
780641437         MLT parser-125k                               64   1     0      0.206         64     310.68     82718       2240		
780641437         MLT parser-125k                               64   1     0      0.201         64     318.41     82718       2240		
780641437         MLT parser-125k                               64   1     0      0.199         64     321.61     82718       2240		
#Median for final result parser-125k/
780641437         MLT parser-125k                               64   1     0      0.201         64     318.41     82718       2240 median best
#UID            Suite Name                                     Ctx Wrk Fails       t(s)       Iter     Iter/s  Codesize   Datasize
#Results for verification run started at 23183:14:25:45 XCMD=-c64 -w1
1814569103        MLT loops-all-mid-10k-sp                      64   1     0      0.359          1       2.79     81992       8160		
#Results for performance runs started at 23183:14:25:46 XCMD=-c64 -w1
1814569103        MLT loops-all-mid-10k-sp                      64   1     0      0.970         64      65.98     81992       8160		
1814569103        MLT loops-all-mid-10k-sp                      64   1     0      0.946         64      67.65     81992       8160		
1814569103        MLT loops-all-mid-10k-sp                      64   1     0      0.919         64      69.64     81992       8160		
#Median for final result loops-all-mid-10k-sp/
1814569103        MLT loops-all-mid-10k-sp                      64   1     0      0.946         64      67.65     81992       8160 median best
#UID            Suite Name                                     Ctx Wrk Fails       t(s)       Iter     Iter/s  Codesize   Datasize
#Results for verification run started at 23183:14:25:49 XCMD=-c64 -w1
1862946660        MLT radix2-big-64k                            64   1     0      0.018          1      55.56   1442580       2472		
#Results for performance runs started at 23183:14:25:50 XCMD=-c64 -w1
1862946660        MLT radix2-big-64k                            64   1     0      0.089       1000   11235.96   1442580       2472		
1862946660        MLT radix2-big-64k                            64   1     0      0.091       1000   10989.01   1442580       2472		
1862946660        MLT radix2-big-64k                            64   1     0      0.098       1000   10204.08   1442580       2472		
#Median for final result radix2-big-64k/
1862946660        MLT radix2-big-64k                            64   1     0      0.091       1000   10989.01   1442580       2472 median best
#UID            Suite Name                                     Ctx Wrk Fails       t(s)       Iter     Iter/s  Codesize   Datasize
#Results for verification run started at 23183:14:25:51 XCMD=-c64 -w1
946108807         MLT zip-test                                  64   1     0      0.015          1      66.67    124638       2480		
#Results for performance runs started at 23183:14:25:52 XCMD=-c64 -w1
946108807         MLT zip-test                                  64   1     0      0.035         64    1828.57    124638       2480		
946108807         MLT zip-test                                  64   1     0      0.036         64    1777.78    124638       2480		
946108807         MLT zip-test                                  64   1     0      0.053         64    1207.55    124638       2480		
#Median for final result zip-test/
946108807         MLT zip-test                                  64   1     0      0.036         64    1777.78    124638       2480 median best
