#UID            Suite Name                                     Ctx Wrk Fails       t(s)       Iter     Iter/s  Codesize   Datasize
#Results for verification run started at 23183:16:04:30 XCMD=-c16 -w4
236760500         MLT cjpeg-rose7-preset                         1   1     0      0.015          1      66.67    104046     267504		
#Results for performance runs started at 23183:16:04:30 XCMD=-c16 -w4
236760500         MLT cjpeg-rose7-preset                         1   1     0      0.139         10      71.94    104046     267504		
236760500         MLT cjpeg-rose7-preset                         1   1     0      0.139         10      71.94    104046     267504		
236760500         MLT cjpeg-rose7-preset                         1   1     0      0.139         10      71.94    104046     267504		
#Median for final result cjpeg-rose7-preset/
236760500         MLT cjpeg-rose7-preset                         1   1     0      0.139         10      71.94    104046     267504 median single
#UID            Suite Name                                     Ctx Wrk Fails       t(s)       Iter     Iter/s  Codesize   Datasize
#Results for verification run started at 23183:16:04:32 XCMD=-c16 -w4
1050863061        MLT sha-test                                   1   1     0      0.009          1     111.11     71806       2248		
#Results for performance runs started at 23183:16:04:32 XCMD=-c16 -w4
1050863061        MLT sha-test                                   1   1     0      0.092         10     108.70     71806       2248		
1050863061        MLT sha-test                                   1   1     0      0.092         10     108.70     71806       2248		
1050863061        MLT sha-test                                   1   1     0      0.092         10     108.70     71806       2248		
#Median for final result sha-test/
1050863061        MLT sha-test                                   1   1     0      0.092         10     108.70     71806       2248 median single
#UID            Suite Name                                     Ctx Wrk Fails       t(s)       Iter     Iter/s  Codesize   Datasize
#Results for verification run started at 23183:16:04:34 XCMD=-c16 -w4
490760323         MLT core                                       1   1     0      1.831          1       0.55     64576       4368		
#Results for performance runs started at 23183:16:04:36 XCMD=-c16 -w4
490760323         MLT core                                       1   1     0      1.831          1       0.55     64576       4368		
490760323         MLT core                                       1   1     0      1.831          1       0.55     64576       4368		
490760323         MLT core                                       1   1     0      1.831          1       0.55     64576       4368		
#Median for final result core/
490760323         MLT core                                       1   1     0      1.831          1       0.55     64576       4368 median single
#UID            Suite Name                                     Ctx Wrk Fails       t(s)       Iter     Iter/s  Codesize   Datasize
#Results for verification run started at 23183:16:04:43 XCMD=-c16 -w4
549578576         MLT nnet_test                                  1   1     0      0.471          1       2.12     67196      43656		
#Results for performance runs started at 23183:16:04:44 XCMD=-c16 -w4
549578576         MLT nnet_test                                  1   1     0      4.708         10       2.12     67196      43656		
549578576         MLT nnet_test                                  1   1     0      4.708         10       2.12     67196      43656		
549578576         MLT nnet_test                                  1   1     0      4.707         10       2.12     67196      43656		
#Median for final result nnet_test/
549578576         MLT nnet_test                                  1   1     0      4.708         10       2.12     67196      43656 median single
#UID            Suite Name                                     Ctx Wrk Fails       t(s)       Iter     Iter/s  Codesize   Datasize
#Results for verification run started at 23183:16:04:59 XCMD=-c16 -w4
1046644201        MLT linear_alg-mid-100x100-sp                  1   1     0      0.015          1      66.67     67454       4384		
#Results for performance runs started at 23183:16:05:00 XCMD=-c16 -w4
1046644201        MLT linear_alg-mid-100x100-sp                  1   1     0      0.770         50      64.94     67454       4384		
1046644201        MLT linear_alg-mid-100x100-sp                  1   1     0      0.770         50      64.94     67454       4384		
1046644201        MLT linear_alg-mid-100x100-sp                  1   1     0      0.770         50      64.94     67454       4384		
#Median for final result linear_alg-mid-100x100-sp/
1046644201        MLT linear_alg-mid-100x100-sp                  1   1     0      0.770         50      64.94     67454       4384 median single
#UID            Suite Name                                     Ctx Wrk Fails       t(s)       Iter     Iter/s  Codesize   Datasize
#Results for verification run started at 23183:16:05:03 XCMD=-c16 -w4
780641437         MLT parser-125k                                1   1     0      0.153          1       6.54     82718       2240		
#Results for performance runs started at 23183:16:05:04 XCMD=-c16 -w4
780641437         MLT parser-125k                                1   1     0      0.156          1       6.41     82718       2240		
780641437         MLT parser-125k                                1   1     0      0.136          1       7.35     82718       2240		
780641437         MLT parser-125k                                1   1     0      0.144          1       6.94     82718       2240		
#Median for final result parser-125k/
780641437         MLT parser-125k                                1   1     0      0.144          1       6.94     82718       2240 median single
#UID            Suite Name                                     Ctx Wrk Fails       t(s)       Iter     Iter/s  Codesize   Datasize
#Results for verification run started at 23183:16:05:06 XCMD=-c16 -w4
1814569103        MLT loops-all-mid-10k-sp                       1   1     0      0.547          1       1.83     81992       8160		
#Results for performance runs started at 23183:16:05:07 XCMD=-c16 -w4
1814569103        MLT loops-all-mid-10k-sp                       1   1     0     26.162         50       1.91     81992       8160		
1814569103        MLT loops-all-mid-10k-sp                       1   1     0     26.831         50       1.86     81992       8160		
1814569103        MLT loops-all-mid-10k-sp                       1   1     0     26.458         50       1.89     81992       8160		
#Median for final result loops-all-mid-10k-sp/
1814569103        MLT loops-all-mid-10k-sp                       1   1     0     26.458         50       1.89     81992       8160 median single
#UID            Suite Name                                     Ctx Wrk Fails       t(s)       Iter     Iter/s  Codesize   Datasize
#Results for verification run started at 23183:16:06:28 XCMD=-c16 -w4
1862946660        MLT radix2-big-64k                             1   1     0      0.034          1      29.41   1442580       2472		
#Results for performance runs started at 23183:16:06:28 XCMD=-c16 -w4
1862946660        MLT radix2-big-64k                             1   1     0     10.074       1000      99.27   1442580       2472		
1862946660        MLT radix2-big-64k                             1   1     0     10.073       1000      99.28   1442580       2472		
1862946660        MLT radix2-big-64k                             1   1     0     10.087       1000      99.14   1442580       2472		
#Median for final result radix2-big-64k/
1862946660        MLT radix2-big-64k                             1   1     0     10.074       1000      99.27   1442580       2472 median single
#UID            Suite Name                                     Ctx Wrk Fails       t(s)       Iter     Iter/s  Codesize   Datasize
#Results for verification run started at 23183:16:07:00 XCMD=-c16 -w4
946108807         MLT zip-test                                   1   1     0      0.021          1      47.62    124638       2480		
#Results for performance runs started at 23183:16:07:01 XCMD=-c16 -w4
946108807         MLT zip-test                                   1   1     0      0.020          1      50.00    124638       2480		
946108807         MLT zip-test                                   1   1     0      0.020          1      50.00    124638       2480		
946108807         MLT zip-test                                   1   1     0      0.021          1      47.62    124638       2480		
#Median for final result zip-test/
946108807         MLT zip-test                                   1   1     0      0.020          1      50.00    124638       2480 median single
#UID            Suite Name                                     Ctx Wrk Fails       t(s)       Iter     Iter/s  Codesize   Datasize
#Results for verification run started at 23183:16:07:05 XCMD=-c16 -w4
236760500         MLT cjpeg-rose7-preset                        16   4     0      0.002          1     500.00    104046     267504		
#Results for performance runs started at 23183:16:07:06 XCMD=-c16 -w4
236760500         MLT cjpeg-rose7-preset                        16   4     0      0.010         10    1000.00    104046     267504		
236760500         MLT cjpeg-rose7-preset                        16   4     0      0.010         10    1000.00    104046     267504		
236760500         MLT cjpeg-rose7-preset                        16   4     0      0.012         10     833.33    104046     267504		
#Median for final result cjpeg-rose7-preset/
236760500         MLT cjpeg-rose7-preset                        16   4     0      0.010         10    1000.00    104046     267504 median best
#UID            Suite Name                                     Ctx Wrk Fails       t(s)       Iter     Iter/s  Codesize   Datasize
#Results for verification run started at 23183:16:07:07 XCMD=-c16 -w4
1050863061        MLT sha-test                                  16   4     0      0.009          1     111.11     71806       2248		
#Results for performance runs started at 23183:16:07:07 XCMD=-c16 -w4
1050863061        MLT sha-test                                  16   4     0      0.010         16    1600.00     71806       2248		
1050863061        MLT sha-test                                  16   4     0      0.010         16    1600.00     71806       2248		
1050863061        MLT sha-test                                  16   4     0      0.010         16    1600.00     71806       2248		
#Median for final result sha-test/
1050863061        MLT sha-test                                  16   4     0      0.010         16    1600.00     71806       2248 median best
#UID            Suite Name                                     Ctx Wrk Fails       t(s)       Iter     Iter/s  Codesize   Datasize
#Results for verification run started at 23183:16:07:09 XCMD=-c16 -w4
490760323         MLT core                                      16   4     0      1.847          1       0.54     64576       4368		
#Results for performance runs started at 23183:16:07:11 XCMD=-c16 -w4
490760323         MLT core                                      16   4     0      1.844         16       8.68     64576       4368		
490760323         MLT core                                      16   4     0      1.837         16       8.71     64576       4368		
490760323         MLT core                                      16   4     0      1.836         16       8.71     64576       4368		
#Median for final result core/
490760323         MLT core                                      16   4     0      1.837         16       8.71     64576       4368 median best
#UID            Suite Name                                     Ctx Wrk Fails       t(s)       Iter     Iter/s  Codesize   Datasize
#Results for verification run started at 23183:16:07:18 XCMD=-c16 -w4
549578576         MLT nnet_test                                 16   4     0      0.472          1       2.12     67196      43656		
#Results for performance runs started at 23183:16:07:19 XCMD=-c16 -w4
549578576         MLT nnet_test                                 16   4     0      0.473         16      33.83     67196      43656		
549578576         MLT nnet_test                                 16   4     0      0.471         16      33.97     67196      43656		
549578576         MLT nnet_test                                 16   4     0      0.471         16      33.97     67196      43656		
#Median for final result nnet_test/
549578576         MLT nnet_test                                 16   4     0      0.471         16      33.97     67196      43656 median best
#UID            Suite Name                                     Ctx Wrk Fails       t(s)       Iter     Iter/s  Codesize   Datasize
#Results for verification run started at 23183:16:07:22 XCMD=-c16 -w4
1046644201        MLT linear_alg-mid-100x100-sp                 16   4     0      0.015          1      66.67     67454       4384		
#Results for performance runs started at 23183:16:07:22 XCMD=-c16 -w4
1046644201        MLT linear_alg-mid-100x100-sp                 16   4     0      0.061         50     819.67     67454       4384		
1046644201        MLT linear_alg-mid-100x100-sp                 16   4     0      0.061         50     819.67     67454       4384		
1046644201        MLT linear_alg-mid-100x100-sp                 16   4     0      0.061         50     819.67     67454       4384		
#Median for final result linear_alg-mid-100x100-sp/
1046644201        MLT linear_alg-mid-100x100-sp                 16   4     0      0.061         50     819.67     67454       4384 median best
#UID            Suite Name                                     Ctx Wrk Fails       t(s)       Iter     Iter/s  Codesize   Datasize
#Results for verification run started at 23183:16:07:24 XCMD=-c16 -w4
780641437         MLT parser-125k                               16   4     0      0.153          1       6.54     82718       2240		
#Results for performance runs started at 23183:16:07:24 XCMD=-c16 -w4
780641437         MLT parser-125k                               16   4     0      0.163         16      98.16     82718       2240		
780641437         MLT parser-125k                               16   4     0      0.162         16      98.77     82718       2240		
780641437         MLT parser-125k                               16   4     0      0.162         16      98.77     82718       2240		
#Median for final result parser-125k/
780641437         MLT parser-125k                               16   4     0      0.162         16      98.77     82718       2240 median best
#UID            Suite Name                                     Ctx Wrk Fails       t(s)       Iter     Iter/s  Codesize   Datasize
#Results for verification run started at 23183:16:07:26 XCMD=-c16 -w4
1814569103        MLT loops-all-mid-10k-sp                      16   4     0      0.544          1       1.84     81992       8160		
#Results for performance runs started at 23183:16:07:27 XCMD=-c16 -w4
1814569103        MLT loops-all-mid-10k-sp                      16   4     0      2.082         50      24.02     81992       8160		
1814569103        MLT loops-all-mid-10k-sp                      16   4     0      2.079         50      24.05     81992       8160		
1814569103        MLT loops-all-mid-10k-sp                      16   4     0      2.080         50      24.04     81992       8160		
#Median for final result loops-all-mid-10k-sp/
1814569103        MLT loops-all-mid-10k-sp                      16   4     0      2.080         50      24.04     81992       8160 median best
#UID            Suite Name                                     Ctx Wrk Fails       t(s)       Iter     Iter/s  Codesize   Datasize
#Results for verification run started at 23183:16:07:35 XCMD=-c16 -w4
1862946660        MLT radix2-big-64k                            16   4     0      0.034          1      29.41   1442580       2472		
#Results for performance runs started at 23183:16:07:35 XCMD=-c16 -w4
1862946660        MLT radix2-big-64k                            16   4     0      0.643       1000    1555.21   1442580       2472		
1862946660        MLT radix2-big-64k                            16   4     0      0.644       1000    1552.80   1442580       2472		
1862946660        MLT radix2-big-64k                            16   4     0      0.643       1000    1555.21   1442580       2472		
#Median for final result radix2-big-64k/
1862946660        MLT radix2-big-64k                            16   4     0      0.643       1000    1555.21   1442580       2472 median best
#UID            Suite Name                                     Ctx Wrk Fails       t(s)       Iter     Iter/s  Codesize   Datasize
#Results for verification run started at 23183:16:07:38 XCMD=-c16 -w4
946108807         MLT zip-test                                  16   4     0      0.022          1      45.45    124638       2480		
#Results for performance runs started at 23183:16:07:40 XCMD=-c16 -w4
946108807         MLT zip-test                                  16   4     0      0.024         16     666.67    124638       2480		
946108807         MLT zip-test                                  16   4     0      0.024         16     666.67    124638       2480		
946108807         MLT zip-test                                  16   4     0      0.032         16     500.00    124638       2480		
#Median for final result zip-test/
946108807         MLT zip-test                                  16   4     0      0.024         16     666.67    124638       2480 median best
