#UID            Suite Name                                     Ctx Wrk Fails       t(s)       Iter     Iter/s  Codesize   Datasize
#Results for verification run started at 23183:16:26:44 XCMD=-c64 -w4
236760500         MLT cjpeg-rose7-preset                        64   4     0      0.005          1     200.00    104046     267504		
#Results for performance runs started at 23183:16:26:44 XCMD=-c64 -w4
236760500         MLT cjpeg-rose7-preset                        64   4     0      0.007         10    1428.57    104046     267504		
236760500         MLT cjpeg-rose7-preset                        64   4     0      0.006         10    1666.67    104046     267504		
236760500         MLT cjpeg-rose7-preset                        64   4     0      0.008         10    1250.00    104046     267504		
#Median for final result cjpeg-rose7-preset/
236760500         MLT cjpeg-rose7-preset                        64   4     0      0.007         10    1428.57    104046     267504 median best
#UID            Suite Name                                     Ctx Wrk Fails       t(s)       Iter     Iter/s  Codesize   Datasize
#Results for verification run started at 23183:16:26:46 XCMD=-c64 -w4
1050863061        MLT sha-test                                  64   4     0      0.010          1     100.00     71806       2248		
#Results for performance runs started at 23183:16:26:46 XCMD=-c64 -w4
1050863061        MLT sha-test                                  64   4     0      0.020         64    3200.00     71806       2248		
1050863061        MLT sha-test                                  64   4     0      0.020         64    3200.00     71806       2248		
1050863061        MLT sha-test                                  64   4     0      0.020         64    3200.00     71806       2248		
#Median for final result sha-test/
1050863061        MLT sha-test                                  64   4     0      0.020         64    3200.00     71806       2248 median best
#UID            Suite Name                                     Ctx Wrk Fails       t(s)       Iter     Iter/s  Codesize   Datasize
#Results for verification run started at 23183:16:26:48 XCMD=-c64 -w4
490760323         MLT core                                      64   4     0      1.865          1       0.54     64576       4368		
#Results for performance runs started at 23183:16:26:50 XCMD=-c64 -w4
490760323         MLT core                                      64   4     0      3.104         64      20.62     64576       4368		
490760323         MLT core                                      64   4     0      3.025         64      21.16     64576       4368		
490760323         MLT core                                      64   4     0      3.197         64      20.02     64576       4368		
#Median for final result core/
490760323         MLT core                                      64   4     0      3.104         64      20.62     64576       4368 median best
#UID            Suite Name                                     Ctx Wrk Fails       t(s)       Iter     Iter/s  Codesize   Datasize
#Results for verification run started at 23183:16:27:01 XCMD=-c64 -w4
549578576         MLT nnet_test                                 64   4     0      0.472          1       2.12     67196      43656		
#Results for performance runs started at 23183:16:27:02 XCMD=-c64 -w4
549578576         MLT nnet_test                                 64   4     0      0.851         64      75.21     67196      43656		
549578576         MLT nnet_test                                 64   4     0      0.836         64      76.56     67196      43656		
549578576         MLT nnet_test                                 64   4     0      0.827         64      77.39     67196      43656		
#Median for final result nnet_test/
549578576         MLT nnet_test                                 64   4     0      0.836         64      76.56     67196      43656 median best
#UID            Suite Name                                     Ctx Wrk Fails       t(s)       Iter     Iter/s  Codesize   Datasize
#Results for verification run started at 23183:16:27:06 XCMD=-c64 -w4
1046644201        MLT linear_alg-mid-100x100-sp                 64   4     0      0.017          1      58.82     67454       4384		
#Results for performance runs started at 23183:16:27:06 XCMD=-c64 -w4
1046644201        MLT linear_alg-mid-100x100-sp                 64   4     0      0.033         64    1939.39     67454       4384		
1046644201        MLT linear_alg-mid-100x100-sp                 64   4     0      0.032         64    2000.00     67454       4384		
1046644201        MLT linear_alg-mid-100x100-sp                 64   4     0      0.033         64    1939.39     67454       4384		
#Median for final result linear_alg-mid-100x100-sp/
1046644201        MLT linear_alg-mid-100x100-sp                 64   4     0      0.033         64    1939.39     67454       4384 median best
#UID            Suite Name                                     Ctx Wrk Fails       t(s)       Iter     Iter/s  Codesize   Datasize
#Results for verification run started at 23183:16:27:07 XCMD=-c64 -w4
780641437         MLT parser-125k                               64   4     0      0.142          1       7.04     82718       2240		
#Results for performance runs started at 23183:16:27:08 XCMD=-c64 -w4
780641437         MLT parser-125k                               64   4     0      0.346         64     184.97     82718       2240		
780641437         MLT parser-125k                               64   4     0      0.344         64     186.05     82718       2240		
780641437         MLT parser-125k                               64   4     0      0.339         64     188.79     82718       2240		
#Median for final result parser-125k/
780641437         MLT parser-125k                               64   4     0      0.344         64     186.05     82718       2240 median best
#UID            Suite Name                                     Ctx Wrk Fails       t(s)       Iter     Iter/s  Codesize   Datasize
#Results for verification run started at 23183:16:27:10 XCMD=-c64 -w4
1814569103        MLT loops-all-mid-10k-sp                      64   4     0      0.546          1       1.83     81992       8160		
#Results for performance runs started at 23183:16:27:11 XCMD=-c64 -w4
1814569103        MLT loops-all-mid-10k-sp                      64   4     0      1.010         64      63.37     81992       8160		
1814569103        MLT loops-all-mid-10k-sp                      64   4     0      1.147         64      55.80     81992       8160		
1814569103        MLT loops-all-mid-10k-sp                      64   4     0      1.096         64      58.39     81992       8160		
#Median for final result loops-all-mid-10k-sp/
1814569103        MLT loops-all-mid-10k-sp                      64   4     0      1.096         64      58.39     81992       8160 median best
#UID            Suite Name                                     Ctx Wrk Fails       t(s)       Iter     Iter/s  Codesize   Datasize
#Results for verification run started at 23183:16:27:16 XCMD=-c64 -w4
1862946660        MLT radix2-big-64k                            64   4     0      0.036          1      27.78   1442580       2472		
#Results for performance runs started at 23183:16:27:16 XCMD=-c64 -w4
1862946660        MLT radix2-big-64k                            64   4     0      0.254       1000    3937.01   1442580       2472		
1862946660        MLT radix2-big-64k                            64   4     0      0.254       1000    3937.01   1442580       2472		
1862946660        MLT radix2-big-64k                            64   4     0      0.254       1000    3937.01   1442580       2472		
#Median for final result radix2-big-64k/
1862946660        MLT radix2-big-64k                            64   4     0      0.254       1000    3937.01   1442580       2472 median best
#UID            Suite Name                                     Ctx Wrk Fails       t(s)       Iter     Iter/s  Codesize   Datasize
#Results for verification run started at 23183:16:27:19 XCMD=-c64 -w4
946108807         MLT zip-test                                  64   4     0      0.022          1      45.45    124638       2480		
#Results for performance runs started at 23183:16:27:20 XCMD=-c64 -w4
946108807         MLT zip-test                                  64   4     0      0.054         64    1185.19    124638       2480		
946108807         MLT zip-test                                  64   4     0      0.061         64    1049.18    124638       2480		
946108807         MLT zip-test                                  64   4     0      0.054         64    1185.19    124638       2480		
#Median for final result zip-test/
946108807         MLT zip-test                                  64   4     0      0.054         64    1185.19    124638       2480 median best
