#UID            Suite Name                                     Ctx Wrk Fails       t(s)       Iter     Iter/s  Codesize   Datasize
#Results for verification run started at 23183:13:37:46 XCMD=-c64 -w64
236760500         MLT cjpeg-rose7-preset                         1   1     0      0.006          1     166.67    104675     267584		
#Results for performance runs started at 23183:13:37:46 XCMD=-c64 -w64
236760500         MLT cjpeg-rose7-preset                         1   1     0      0.054         10     185.19    104675     267584		
236760500         MLT cjpeg-rose7-preset                         1   1     0      0.055         10     181.82    104675     267584		
236760500         MLT cjpeg-rose7-preset                         1   1     0      0.054         10     185.19    104675     267584		
#Median for final result cjpeg-rose7-preset/
236760500         MLT cjpeg-rose7-preset                         1   1     0      0.054         10     185.19    104675     267584 median single
#UID            Suite Name                                     Ctx Wrk Fails       t(s)       Iter     Iter/s  Codesize   Datasize
#Results for verification run started at 23183:13:37:47 XCMD=-c64 -w64
1050863061        MLT sha-test                                   1   1     0      0.004          1     250.00     75625       2328		
#Results for performance runs started at 23183:13:37:47 XCMD=-c64 -w64
1050863061        MLT sha-test                                   1   1     0      0.041         10     243.90     75625       2328		
1050863061        MLT sha-test                                   1   1     0      0.041         10     243.90     75625       2328		
1050863061        MLT sha-test                                   1   1     0      0.041         10     243.90     75625       2328		
#Median for final result sha-test/
1050863061        MLT sha-test                                   1   1     0      0.041         10     243.90     75625       2328 median single
#UID            Suite Name                                     Ctx Wrk Fails       t(s)       Iter     Iter/s  Codesize   Datasize
#Results for verification run started at 23183:13:37:48 XCMD=-c64 -w64
490760323         MLT core                                       1   1     0      0.425          1       2.35     65067       4464		
#Results for performance runs started at 23183:13:37:48 XCMD=-c64 -w64
490760323         MLT core                                       1   1     0      0.427          1       2.34     65067       4464		
490760323         MLT core                                       1   1     0      0.427          1       2.34     65067       4464		
490760323         MLT core                                       1   1     0      0.426          1       2.35     65067       4464		
#Median for final result core/
490760323         MLT core                                       1   1     0      0.427          1       2.34     65067       4464 median single
#UID            Suite Name                                     Ctx Wrk Fails       t(s)       Iter     Iter/s  Codesize   Datasize
#Results for verification run started at 23183:13:37:50 XCMD=-c64 -w64
549578576         MLT nnet_test                                  1   1     0      0.095          1      10.53     68359      43744		
#Results for performance runs started at 23183:13:37:50 XCMD=-c64 -w64
549578576         MLT nnet_test                                  1   1     0      0.895         10      11.17     68359      43744		
549578576         MLT nnet_test                                  1   1     0      0.895         10      11.17     68359      43744		
549578576         MLT nnet_test                                  1   1     0      0.892         10      11.21     68359      43744		
#Median for final result nnet_test/
549578576         MLT nnet_test                                  1   1     0      0.895         10      11.17     68359      43744 median single
#UID            Suite Name                                     Ctx Wrk Fails       t(s)       Iter     Iter/s  Codesize   Datasize
#Results for verification run started at 23183:13:37:54 XCMD=-c64 -w64
1046644201        MLT linear_alg-mid-100x100-sp                  1   1     0      0.004          1     250.00     70073       4472		
#Results for performance runs started at 23183:13:37:54 XCMD=-c64 -w64
1046644201        MLT linear_alg-mid-100x100-sp                  1   1     0      0.167         50     299.40     70073       4472		
1046644201        MLT linear_alg-mid-100x100-sp                  1   1     0      0.167         50     299.40     70073       4472		
1046644201        MLT linear_alg-mid-100x100-sp                  1   1     0      0.168         50     297.62     70073       4472		
#Median for final result linear_alg-mid-100x100-sp/
1046644201        MLT linear_alg-mid-100x100-sp                  1   1     0      0.167         50     299.40     70073       4472 median single
#UID            Suite Name                                     Ctx Wrk Fails       t(s)       Iter     Iter/s  Codesize   Datasize
#Results for verification run started at 23183:13:37:55 XCMD=-c64 -w64
780641437         MLT parser-125k                                1   1     0      0.021          1      47.62     84059       2304		
#Results for performance runs started at 23183:13:37:55 XCMD=-c64 -w64
780641437         MLT parser-125k                                1   1     0      0.021          1      47.62     84059       2304		
780641437         MLT parser-125k                                1   1     0      0.021          1      47.62     84059       2304		
780641437         MLT parser-125k                                1   1     0      0.021          1      47.62     84059       2304		
#Median for final result parser-125k/
780641437         MLT parser-125k                                1   1     0      0.021          1      47.62     84059       2304 median single
#UID            Suite Name                                     Ctx Wrk Fails       t(s)       Iter     Iter/s  Codesize   Datasize
#Results for verification run started at 23183:13:37:56 XCMD=-c64 -w64
1814569103        MLT loops-all-mid-10k-sp                       1   1     0      0.122          1       8.20     85291       8296		
#Results for performance runs started at 23183:13:37:56 XCMD=-c64 -w64
1814569103        MLT loops-all-mid-10k-sp                       1   1     0      5.771         50       8.66     85291       8296		
1814569103        MLT loops-all-mid-10k-sp                       1   1     0      5.814         50       8.60     85291       8296		
1814569103        MLT loops-all-mid-10k-sp                       1   1     0      5.809         50       8.61     85291       8296		
#Median for final result loops-all-mid-10k-sp/
1814569103        MLT loops-all-mid-10k-sp                       1   1     0      5.809         50       8.61     85291       8296 median single
#UID            Suite Name                                     Ctx Wrk Fails       t(s)       Iter     Iter/s  Codesize   Datasize
#Results for verification run started at 23183:13:38:14 XCMD=-c64 -w64
1862946660        MLT radix2-big-64k                             1   1     0      0.007          1     142.86   1443999       2528		
#Results for performance runs started at 23183:13:38:15 XCMD=-c64 -w64
1862946660        MLT radix2-big-64k                             1   1     0      2.062       1000     484.97   1443999       2528		
1862946660        MLT radix2-big-64k                             1   1     0      2.060       1000     485.44   1443999       2528		
1862946660        MLT radix2-big-64k                             1   1     0      2.078       1000     481.23   1443999       2528		
#Median for final result radix2-big-64k/
1862946660        MLT radix2-big-64k                             1   1     0      2.062       1000     484.97   1443999       2528 median single
#UID            Suite Name                                     Ctx Wrk Fails       t(s)       Iter     Iter/s  Codesize   Datasize
#Results for verification run started at 23183:13:38:22 XCMD=-c64 -w64
946108807         MLT zip-test                                   1   1     0      0.007          1     142.86    129057       2552		
#Results for performance runs started at 23183:13:38:22 XCMD=-c64 -w64
946108807         MLT zip-test                                   1   1     0      0.007          1     142.86    129057       2552		
946108807         MLT zip-test                                   1   1     0      0.007          1     142.86    129057       2552		
946108807         MLT zip-test                                   1   1     0      0.007          1     142.86    129057       2552		
#Median for final result zip-test/
946108807         MLT zip-test                                   1   1     0      0.007          1     142.86    129057       2552 median single
