#UID            Suite Name                                     Ctx Wrk Fails       t(s)       Iter     Iter/s  Codesize   Datasize
#Results for verification run started at 23183:15:50:08 XCMD=-c4 -w4
236760500         MLT cjpeg-rose7-preset                         4   4     0      0.004          1     250.00    104046     267504		
#Results for performance runs started at 23183:15:50:08 XCMD=-c4 -w4
236760500         MLT cjpeg-rose7-preset                         4   4     0      0.036         10     277.78    104046     267504		
236760500         MLT cjpeg-rose7-preset                         4   4     0      0.036         10     277.78    104046     267504		
236760500         MLT cjpeg-rose7-preset                         4   4     0      0.036         10     277.78    104046     267504		
#Median for final result cjpeg-rose7-preset/
236760500         MLT cjpeg-rose7-preset                         4   4     0      0.036         10     277.78    104046     267504 median best
#UID            Suite Name                                     Ctx Wrk Fails       t(s)       Iter     Iter/s  Codesize   Datasize
#Results for verification run started at 23183:15:50:10 XCMD=-c4 -w4
1050863061        MLT sha-test                                   4   4     0      0.009          1     111.11     71806       2248		
#Results for performance runs started at 23183:15:50:10 XCMD=-c4 -w4
1050863061        MLT sha-test                                   4   4     0      0.027         10     370.37     71806       2248		
1050863061        MLT sha-test                                   4   4     0      0.027         10     370.37     71806       2248		
1050863061        MLT sha-test                                   4   4     0      0.027         10     370.37     71806       2248		
#Median for final result sha-test/
1050863061        MLT sha-test                                   4   4     0      0.027         10     370.37     71806       2248 median best
#UID            Suite Name                                     Ctx Wrk Fails       t(s)       Iter     Iter/s  Codesize   Datasize
#Results for verification run started at 23183:15:50:12 XCMD=-c4 -w4
490760323         MLT core                                       4   4     0      1.834          1       0.55     64576       4368		
#Results for performance runs started at 23183:15:50:14 XCMD=-c4 -w4
490760323         MLT core                                       4   4     0      1.832          4       2.18     64576       4368		
490760323         MLT core                                       4   4     0      1.832          4       2.18     64576       4368		
490760323         MLT core                                       4   4     0      1.830          4       2.19     64576       4368		
#Median for final result core/
490760323         MLT core                                       4   4     0      1.832          4       2.18     64576       4368 median best
#UID            Suite Name                                     Ctx Wrk Fails       t(s)       Iter     Iter/s  Codesize   Datasize
#Results for verification run started at 23183:15:50:21 XCMD=-c4 -w4
549578576         MLT nnet_test                                  4   4     0      0.471          1       2.12     67196      43656		
#Results for performance runs started at 23183:15:50:22 XCMD=-c4 -w4
549578576         MLT nnet_test                                  4   4     0      1.412         10       7.08     67196      43656		
549578576         MLT nnet_test                                  4   4     0      1.412         10       7.08     67196      43656		
549578576         MLT nnet_test                                  4   4     0      1.413         10       7.08     67196      43656		
#Median for final result nnet_test/
549578576         MLT nnet_test                                  4   4     0      1.412         10       7.08     67196      43656 median best
#UID            Suite Name                                     Ctx Wrk Fails       t(s)       Iter     Iter/s  Codesize   Datasize
#Results for verification run started at 23183:15:50:27 XCMD=-c4 -w4
1046644201        MLT linear_alg-mid-100x100-sp                  4   4     0      0.015          1      66.67     67454       4384		
#Results for performance runs started at 23183:15:50:28 XCMD=-c4 -w4
1046644201        MLT linear_alg-mid-100x100-sp                  4   4     0      0.200         50     250.00     67454       4384		
1046644201        MLT linear_alg-mid-100x100-sp                  4   4     0      0.200         50     250.00     67454       4384		
1046644201        MLT linear_alg-mid-100x100-sp                  4   4     0      0.200         50     250.00     67454       4384		
#Median for final result linear_alg-mid-100x100-sp/
1046644201        MLT linear_alg-mid-100x100-sp                  4   4     0      0.200         50     250.00     67454       4384 median best
#UID            Suite Name                                     Ctx Wrk Fails       t(s)       Iter     Iter/s  Codesize   Datasize
#Results for verification run started at 23183:15:50:30 XCMD=-c4 -w4
780641437         MLT parser-125k                                4   4     0      0.136          1       7.35     82718       2240		
#Results for performance runs started at 23183:15:50:30 XCMD=-c4 -w4
780641437         MLT parser-125k                                4   4     0      0.157          4      25.48     82718       2240		
780641437         MLT parser-125k                                4   4     0      0.156          4      25.64     82718       2240		
780641437         MLT parser-125k                                4   4     0      0.159          4      25.16     82718       2240		
#Median for final result parser-125k/
780641437         MLT parser-125k                                4   4     0      0.157          4      25.48     82718       2240 median best
#UID            Suite Name                                     Ctx Wrk Fails       t(s)       Iter     Iter/s  Codesize   Datasize
#Results for verification run started at 23183:15:50:32 XCMD=-c4 -w4
1814569103        MLT loops-all-mid-10k-sp                       4   4     0      0.546          1       1.83     81992       8160		
#Results for performance runs started at 23183:15:50:33 XCMD=-c4 -w4
1814569103        MLT loops-all-mid-10k-sp                       4   4     0      6.651         50       7.52     81992       8160		
1814569103        MLT loops-all-mid-10k-sp                       4   4     0      6.633         50       7.54     81992       8160		
1814569103        MLT loops-all-mid-10k-sp                       4   4     0      6.646         50       7.52     81992       8160		
#Median for final result loops-all-mid-10k-sp/
1814569103        MLT loops-all-mid-10k-sp                       4   4     0      6.646         50       7.52     81992       8160 median best
#UID            Suite Name                                     Ctx Wrk Fails       t(s)       Iter     Iter/s  Codesize   Datasize
#Results for verification run started at 23183:15:50:54 XCMD=-c4 -w4
1862946660        MLT radix2-big-64k                             4   4     0      0.034          1      29.41   1442580       2472		
#Results for performance runs started at 23183:15:50:55 XCMD=-c4 -w4
1862946660        MLT radix2-big-64k                             4   4     0      2.559       1000     390.78   1442580       2472		
1862946660        MLT radix2-big-64k                             4   4     0      2.528       1000     395.57   1442580       2472		
1862946660        MLT radix2-big-64k                             4   4     0      2.537       1000     394.17   1442580       2472		
#Median for final result radix2-big-64k/
1862946660        MLT radix2-big-64k                             4   4     0      2.537       1000     394.17   1442580       2472 median best
#UID            Suite Name                                     Ctx Wrk Fails       t(s)       Iter     Iter/s  Codesize   Datasize
#Results for verification run started at 23183:15:51:04 XCMD=-c4 -w4
946108807         MLT zip-test                                   4   4     0      0.021          1      47.62    124638       2480		
#Results for performance runs started at 23183:15:51:05 XCMD=-c4 -w4
946108807         MLT zip-test                                   4   4     0      0.021          4     190.48    124638       2480		
946108807         MLT zip-test                                   4   4     0      0.021          4     190.48    124638       2480		
946108807         MLT zip-test                                   4   4     0      0.021          4     190.48    124638       2480		
#Median for final result zip-test/
946108807         MLT zip-test                                   4   4     0      0.021          4     190.48    124638       2480 median best
