#UID            Suite Name                                     Ctx Wrk Fails       t(s)       Iter     Iter/s  Codesize   Datasize
#Results for verification run started at 23183:16:34:01 XCMD=-c64 -w64
236760500         MLT cjpeg-rose7-preset                         1   1     0      0.015          1      66.67    104046     267504		
#Results for performance runs started at 23183:16:34:01 XCMD=-c64 -w64
236760500         MLT cjpeg-rose7-preset                         1   1     0      0.139         10      71.94    104046     267504		
236760500         MLT cjpeg-rose7-preset                         1   1     0      0.139         10      71.94    104046     267504		
236760500         MLT cjpeg-rose7-preset                         1   1     0      0.139         10      71.94    104046     267504		
#Median for final result cjpeg-rose7-preset/
236760500         MLT cjpeg-rose7-preset                         1   1     0      0.139         10      71.94    104046     267504 median single
#UID            Suite Name                                     Ctx Wrk Fails       t(s)       Iter     Iter/s  Codesize   Datasize
#Results for verification run started at 23183:16:34:03 XCMD=-c64 -w64
1050863061        MLT sha-test                                   1   1     0      0.009          1     111.11     71806       2248		
#Results for performance runs started at 23183:16:34:03 XCMD=-c64 -w64
1050863061        MLT sha-test                                   1   1     0      0.092         10     108.70     71806       2248		
1050863061        MLT sha-test                                   1   1     0      0.092         10     108.70     71806       2248		
1050863061        MLT sha-test                                   1   1     0      0.092         10     108.70     71806       2248		
#Median for final result sha-test/
1050863061        MLT sha-test                                   1   1     0      0.092         10     108.70     71806       2248 median single
#UID            Suite Name                                     Ctx Wrk Fails       t(s)       Iter     Iter/s  Codesize   Datasize
#Results for verification run started at 23183:16:34:05 XCMD=-c64 -w64
490760323         MLT core                                       1   1     0      1.831          1       0.55     64576       4368		
#Results for performance runs started at 23183:16:34:07 XCMD=-c64 -w64
490760323         MLT core                                       1   1     0      1.831          1       0.55     64576       4368		
490760323         MLT core                                       1   1     0      1.831          1       0.55     64576       4368		
490760323         MLT core                                       1   1     0      1.831          1       0.55     64576       4368		
#Median for final result core/
490760323         MLT core                                       1   1     0      1.831          1       0.55     64576       4368 median single
#UID            Suite Name                                     Ctx Wrk Fails       t(s)       Iter     Iter/s  Codesize   Datasize
#Results for verification run started at 23183:16:34:14 XCMD=-c64 -w64
549578576         MLT nnet_test                                  1   1     0      0.471          1       2.12     67196      43656		
#Results for performance runs started at 23183:16:34:15 XCMD=-c64 -w64
549578576         MLT nnet_test                                  1   1     0      4.708         10       2.12     67196      43656		
549578576         MLT nnet_test                                  1   1     0      4.709         10       2.12     67196      43656		
549578576         MLT nnet_test                                  1   1     0      4.708         10       2.12     67196      43656		
#Median for final result nnet_test/
549578576         MLT nnet_test                                  1   1     0      4.708         10       2.12     67196      43656 median single
#UID            Suite Name                                     Ctx Wrk Fails       t(s)       Iter     Iter/s  Codesize   Datasize
#Results for verification run started at 23183:16:34:30 XCMD=-c64 -w64
1046644201        MLT linear_alg-mid-100x100-sp                  1   1     0      0.015          1      66.67     67454       4384		
#Results for performance runs started at 23183:16:34:31 XCMD=-c64 -w64
1046644201        MLT linear_alg-mid-100x100-sp                  1   1     0      0.770         50      64.94     67454       4384		
1046644201        MLT linear_alg-mid-100x100-sp                  1   1     0      0.770         50      64.94     67454       4384		
1046644201        MLT linear_alg-mid-100x100-sp                  1   1     0      0.769         50      65.02     67454       4384		
#Median for final result linear_alg-mid-100x100-sp/
1046644201        MLT linear_alg-mid-100x100-sp                  1   1     0      0.770         50      64.94     67454       4384 median single
#UID            Suite Name                                     Ctx Wrk Fails       t(s)       Iter     Iter/s  Codesize   Datasize
#Results for verification run started at 23183:16:34:34 XCMD=-c64 -w64
780641437         MLT parser-125k                                1   1     0      0.156          1       6.41     82718       2240		
#Results for performance runs started at 23183:16:34:35 XCMD=-c64 -w64
780641437         MLT parser-125k                                1   1     0      0.156          1       6.41     82718       2240		
780641437         MLT parser-125k                                1   1     0      0.136          1       7.35     82718       2240		
780641437         MLT parser-125k                                1   1     0      0.159          1       6.29     82718       2240		
#Median for final result parser-125k/
780641437         MLT parser-125k                                1   1     0      0.156          1       6.41     82718       2240 median single
#UID            Suite Name                                     Ctx Wrk Fails       t(s)       Iter     Iter/s  Codesize   Datasize
#Results for verification run started at 23183:16:34:37 XCMD=-c64 -w64
1814569103        MLT loops-all-mid-10k-sp                       1   1     0      0.547          1       1.83     81992       8160		
#Results for performance runs started at 23183:16:34:38 XCMD=-c64 -w64
1814569103        MLT loops-all-mid-10k-sp                       1   1     0     26.499         50       1.89     81992       8160		
1814569103        MLT loops-all-mid-10k-sp                       1   1     0     25.599         50       1.95     81992       8160		
1814569103        MLT loops-all-mid-10k-sp                       1   1     0     25.395         50       1.97     81992       8160		
#Median for final result loops-all-mid-10k-sp/
1814569103        MLT loops-all-mid-10k-sp                       1   1     0     25.599         50       1.95     81992       8160 median single
#UID            Suite Name                                     Ctx Wrk Fails       t(s)       Iter     Iter/s  Codesize   Datasize
#Results for verification run started at 23183:16:35:57 XCMD=-c64 -w64
1862946660        MLT radix2-big-64k                             1   1     0      0.034          1      29.41   1442580       2472		
#Results for performance runs started at 23183:16:35:57 XCMD=-c64 -w64
1862946660        MLT radix2-big-64k                             1   1     0     10.081       1000      99.20   1442580       2472		
1862946660        MLT radix2-big-64k                             1   1     0     10.081       1000      99.20   1442580       2472		
1862946660        MLT radix2-big-64k                             1   1     0     10.102       1000      98.99   1442580       2472		
#Median for final result radix2-big-64k/
1862946660        MLT radix2-big-64k                             1   1     0     10.081       1000      99.20   1442580       2472 median single
#UID            Suite Name                                     Ctx Wrk Fails       t(s)       Iter     Iter/s  Codesize   Datasize
#Results for verification run started at 23183:16:36:29 XCMD=-c64 -w64
946108807         MLT zip-test                                   1   1     0      0.021          1      47.62    124638       2480		
#Results for performance runs started at 23183:16:36:30 XCMD=-c64 -w64
946108807         MLT zip-test                                   1   1     0      0.020          1      50.00    124638       2480		
946108807         MLT zip-test                                   1   1     0      0.021          1      47.62    124638       2480		
946108807         MLT zip-test                                   1   1     0      0.020          1      50.00    124638       2480		
#Median for final result zip-test/
946108807         MLT zip-test                                   1   1     0      0.020          1      50.00    124638       2480 median single
