#UID            Suite Name                                     Ctx Wrk Fails       t(s)       Iter     Iter/s  Codesize   Datasize
#Results for verification run started at 23183:16:01:15 XCMD=-c16 -w4
236760500         MLT cjpeg-rose7-preset                         1   1     0      0.015          1      66.67    104046     267504		
#Results for performance runs started at 23183:16:01:15 XCMD=-c16 -w4
236760500         MLT cjpeg-rose7-preset                         1   1     0      0.139         10      71.94    104046     267504		
236760500         MLT cjpeg-rose7-preset                         1   1     0      0.140         10      71.43    104046     267504		
236760500         MLT cjpeg-rose7-preset                         1   1     0      0.139         10      71.94    104046     267504		
#Median for final result cjpeg-rose7-preset/
236760500         MLT cjpeg-rose7-preset                         1   1     0      0.139         10      71.94    104046     267504 median single
#UID            Suite Name                                     Ctx Wrk Fails       t(s)       Iter     Iter/s  Codesize   Datasize
#Results for verification run started at 23183:16:01:17 XCMD=-c16 -w4
1050863061        MLT sha-test                                   1   1     0      0.009          1     111.11     71806       2248		
#Results for performance runs started at 23183:16:01:17 XCMD=-c16 -w4
1050863061        MLT sha-test                                   1   1     0      0.092         10     108.70     71806       2248		
1050863061        MLT sha-test                                   1   1     0      0.092         10     108.70     71806       2248		
1050863061        MLT sha-test                                   1   1     0      0.092         10     108.70     71806       2248		
#Median for final result sha-test/
1050863061        MLT sha-test                                   1   1     0      0.092         10     108.70     71806       2248 median single
#UID            Suite Name                                     Ctx Wrk Fails       t(s)       Iter     Iter/s  Codesize   Datasize
#Results for verification run started at 23183:16:01:19 XCMD=-c16 -w4
490760323         MLT core                                       1   1     0      1.831          1       0.55     64576       4368		
#Results for performance runs started at 23183:16:01:21 XCMD=-c16 -w4
490760323         MLT core                                       1   1     0      1.831          1       0.55     64576       4368		
490760323         MLT core                                       1   1     0      1.831          1       0.55     64576       4368		
490760323         MLT core                                       1   1     0      1.831          1       0.55     64576       4368		
#Median for final result core/
490760323         MLT core                                       1   1     0      1.831          1       0.55     64576       4368 median single
#UID            Suite Name                                     Ctx Wrk Fails       t(s)       Iter     Iter/s  Codesize   Datasize
#Results for verification run started at 23183:16:01:28 XCMD=-c16 -w4
549578576         MLT nnet_test                                  1   1     0      0.471          1       2.12     67196      43656		
#Results for performance runs started at 23183:16:01:29 XCMD=-c16 -w4
549578576         MLT nnet_test                                  1   1     0      4.708         10       2.12     67196      43656		
549578576         MLT nnet_test                                  1   1     0      4.708         10       2.12     67196      43656		
549578576         MLT nnet_test                                  1   1     0      4.709         10       2.12     67196      43656		
#Median for final result nnet_test/
549578576         MLT nnet_test                                  1   1     0      4.708         10       2.12     67196      43656 median single
#UID            Suite Name                                     Ctx Wrk Fails       t(s)       Iter     Iter/s  Codesize   Datasize
#Results for verification run started at 23183:16:01:44 XCMD=-c16 -w4
1046644201        MLT linear_alg-mid-100x100-sp                  1   1     0      0.015          1      66.67     67454       4384		
#Results for performance runs started at 23183:16:01:45 XCMD=-c16 -w4
1046644201        MLT linear_alg-mid-100x100-sp                  1   1     0      0.770         50      64.94     67454       4384		
1046644201        MLT linear_alg-mid-100x100-sp                  1   1     0      0.770         50      64.94     67454       4384		
1046644201        MLT linear_alg-mid-100x100-sp                  1   1     0      0.770         50      64.94     67454       4384		
#Median for final result linear_alg-mid-100x100-sp/
1046644201        MLT linear_alg-mid-100x100-sp                  1   1     0      0.770         50      64.94     67454       4384 median single
#UID            Suite Name                                     Ctx Wrk Fails       t(s)       Iter     Iter/s  Codesize   Datasize
#Results for verification run started at 23183:16:01:48 XCMD=-c16 -w4
780641437         MLT parser-125k                                1   1     0      0.156          1       6.41     82718       2240		
#Results for performance runs started at 23183:16:01:49 XCMD=-c16 -w4
780641437         MLT parser-125k                                1   1     0      0.153          1       6.54     82718       2240		
780641437         MLT parser-125k                                1   1     0      0.156          1       6.41     82718       2240		
780641437         MLT parser-125k                                1   1     0      0.156          1       6.41     82718       2240		
#Median for final result parser-125k/
780641437         MLT parser-125k                                1   1     0      0.156          1       6.41     82718       2240 median single
#UID            Suite Name                                     Ctx Wrk Fails       t(s)       Iter     Iter/s  Codesize   Datasize
#Results for verification run started at 23183:16:01:51 XCMD=-c16 -w4
1814569103        MLT loops-all-mid-10k-sp                       1   1     0      0.547          1       1.83     81992       8160		
#Results for performance runs started at 23183:16:01:52 XCMD=-c16 -w4
1814569103        MLT loops-all-mid-10k-sp                       1   1     0     25.829         50       1.94     81992       8160		
1814569103        MLT loops-all-mid-10k-sp                       1   1     0     25.605         50       1.95     81992       8160		
1814569103        MLT loops-all-mid-10k-sp                       1   1     0     27.242         50       1.84     81992       8160		
#Median for final result loops-all-mid-10k-sp/
1814569103        MLT loops-all-mid-10k-sp                       1   1     0     25.829         50       1.94     81992       8160 median single
#UID            Suite Name                                     Ctx Wrk Fails       t(s)       Iter     Iter/s  Codesize   Datasize
#Results for verification run started at 23183:16:03:12 XCMD=-c16 -w4
1862946660        MLT radix2-big-64k                             1   1     0      0.034          1      29.41   1442580       2472		
#Results for performance runs started at 23183:16:03:12 XCMD=-c16 -w4
1862946660        MLT radix2-big-64k                             1   1     0     10.140       1000      98.62   1442580       2472		
1862946660        MLT radix2-big-64k                             1   1     0     10.118       1000      98.83   1442580       2472		
1862946660        MLT radix2-big-64k                             1   1     0     10.138       1000      98.64   1442580       2472		
#Median for final result radix2-big-64k/
1862946660        MLT radix2-big-64k                             1   1     0     10.138       1000      98.64   1442580       2472 median single
#UID            Suite Name                                     Ctx Wrk Fails       t(s)       Iter     Iter/s  Codesize   Datasize
#Results for verification run started at 23183:16:03:44 XCMD=-c16 -w4
946108807         MLT zip-test                                   1   1     0      0.021          1      47.62    124638       2480		
#Results for performance runs started at 23183:16:03:45 XCMD=-c16 -w4
946108807         MLT zip-test                                   1   1     0      0.021          1      47.62    124638       2480		
946108807         MLT zip-test                                   1   1     0      0.021          1      47.62    124638       2480		
946108807         MLT zip-test                                   1   1     0      0.020          1      50.00    124638       2480		
#Median for final result zip-test/
946108807         MLT zip-test                                   1   1     0      0.021          1      47.62    124638       2480 median single
#UID            Suite Name                                     Ctx Wrk Fails       t(s)       Iter     Iter/s  Codesize   Datasize
#Results for verification run started at 23183:16:03:50 XCMD=-c16 -w4
236760500         MLT cjpeg-rose7-preset                        16   4     0      0.003          1     333.33    104046     267504		
#Results for performance runs started at 23183:16:03:50 XCMD=-c16 -w4
236760500         MLT cjpeg-rose7-preset                        16   4     0      0.010         10    1000.00    104046     267504		
236760500         MLT cjpeg-rose7-preset                        16   4     0      0.010         10    1000.00    104046     267504		
236760500         MLT cjpeg-rose7-preset                        16   4     0      0.010         10    1000.00    104046     267504		
#Median for final result cjpeg-rose7-preset/
236760500         MLT cjpeg-rose7-preset                        16   4     0      0.010         10    1000.00    104046     267504 median best
#UID            Suite Name                                     Ctx Wrk Fails       t(s)       Iter     Iter/s  Codesize   Datasize
#Results for verification run started at 23183:16:03:51 XCMD=-c16 -w4
1050863061        MLT sha-test                                  16   4     0      0.009          1     111.11     71806       2248		
#Results for performance runs started at 23183:16:03:52 XCMD=-c16 -w4
1050863061        MLT sha-test                                  16   4     0      0.010         16    1600.00     71806       2248		
1050863061        MLT sha-test                                  16   4     0      0.010         16    1600.00     71806       2248		
1050863061        MLT sha-test                                  16   4     0      0.010         16    1600.00     71806       2248		
#Median for final result sha-test/
1050863061        MLT sha-test                                  16   4     0      0.010         16    1600.00     71806       2248 median best
#UID            Suite Name                                     Ctx Wrk Fails       t(s)       Iter     Iter/s  Codesize   Datasize
#Results for verification run started at 23183:16:03:53 XCMD=-c16 -w4
490760323         MLT core                                      16   4     0      1.847          1       0.54     64576       4368		
#Results for performance runs started at 23183:16:03:55 XCMD=-c16 -w4
490760323         MLT core                                      16   4     0      1.837         16       8.71     64576       4368		
490760323         MLT core                                      16   4     0      1.836         16       8.71     64576       4368		
490760323         MLT core                                      16   4     0      1.837         16       8.71     64576       4368		
#Median for final result core/
490760323         MLT core                                      16   4     0      1.837         16       8.71     64576       4368 median best
#UID            Suite Name                                     Ctx Wrk Fails       t(s)       Iter     Iter/s  Codesize   Datasize
#Results for verification run started at 23183:16:04:02 XCMD=-c16 -w4
549578576         MLT nnet_test                                 16   4     0      0.471          1       2.12     67196      43656		
#Results for performance runs started at 23183:16:04:03 XCMD=-c16 -w4
549578576         MLT nnet_test                                 16   4     0      0.473         16      33.83     67196      43656		
549578576         MLT nnet_test                                 16   4     0      0.473         16      33.83     67196      43656		
549578576         MLT nnet_test                                 16   4     0      0.472         16      33.90     67196      43656		
#Median for final result nnet_test/
549578576         MLT nnet_test                                 16   4     0      0.473         16      33.83     67196      43656 median best
#UID            Suite Name                                     Ctx Wrk Fails       t(s)       Iter     Iter/s  Codesize   Datasize
#Results for verification run started at 23183:16:04:06 XCMD=-c16 -w4
1046644201        MLT linear_alg-mid-100x100-sp                 16   4     0      0.015          1      66.67     67454       4384		
#Results for performance runs started at 23183:16:04:06 XCMD=-c16 -w4
1046644201        MLT linear_alg-mid-100x100-sp                 16   4     0      0.061         50     819.67     67454       4384		
1046644201        MLT linear_alg-mid-100x100-sp                 16   4     0      0.061         50     819.67     67454       4384		
1046644201        MLT linear_alg-mid-100x100-sp                 16   4     0      0.061         50     819.67     67454       4384		
#Median for final result linear_alg-mid-100x100-sp/
1046644201        MLT linear_alg-mid-100x100-sp                 16   4     0      0.061         50     819.67     67454       4384 median best
#UID            Suite Name                                     Ctx Wrk Fails       t(s)       Iter     Iter/s  Codesize   Datasize
#Results for verification run started at 23183:16:04:08 XCMD=-c16 -w4
780641437         MLT parser-125k                               16   4     0      0.145          1       6.90     82718       2240		
#Results for performance runs started at 23183:16:04:09 XCMD=-c16 -w4
780641437         MLT parser-125k                               16   4     0      0.160         16     100.00     82718       2240		
780641437         MLT parser-125k                               16   4     0      0.160         16     100.00     82718       2240		
780641437         MLT parser-125k                               16   4     0      0.160         16     100.00     82718       2240		
#Median for final result parser-125k/
780641437         MLT parser-125k                               16   4     0      0.160         16     100.00     82718       2240 median best
#UID            Suite Name                                     Ctx Wrk Fails       t(s)       Iter     Iter/s  Codesize   Datasize
#Results for verification run started at 23183:16:04:11 XCMD=-c16 -w4
1814569103        MLT loops-all-mid-10k-sp                      16   4     0      0.545          1       1.83     81992       8160		
#Results for performance runs started at 23183:16:04:11 XCMD=-c16 -w4
1814569103        MLT loops-all-mid-10k-sp                      16   4     0      2.081         50      24.03     81992       8160		
1814569103        MLT loops-all-mid-10k-sp                      16   4     0      2.075         50      24.10     81992       8160		
1814569103        MLT loops-all-mid-10k-sp                      16   4     0      2.084         50      23.99     81992       8160		
#Median for final result loops-all-mid-10k-sp/
1814569103        MLT loops-all-mid-10k-sp                      16   4     0      2.081         50      24.03     81992       8160 median best
#UID            Suite Name                                     Ctx Wrk Fails       t(s)       Iter     Iter/s  Codesize   Datasize
#Results for verification run started at 23183:16:04:19 XCMD=-c16 -w4
1862946660        MLT radix2-big-64k                            16   4     0      0.034          1      29.41   1442580       2472		
#Results for performance runs started at 23183:16:04:19 XCMD=-c16 -w4
1862946660        MLT radix2-big-64k                            16   4     0      0.641       1000    1560.06   1442580       2472		
1862946660        MLT radix2-big-64k                            16   4     0      0.640       1000    1562.50   1442580       2472		
1862946660        MLT radix2-big-64k                            16   4     0      0.639       1000    1564.95   1442580       2472		
#Median for final result radix2-big-64k/
1862946660        MLT radix2-big-64k                            16   4     0      0.640       1000    1562.50   1442580       2472 median best
#UID            Suite Name                                     Ctx Wrk Fails       t(s)       Iter     Iter/s  Codesize   Datasize
#Results for verification run started at 23183:16:04:23 XCMD=-c16 -w4
946108807         MLT zip-test                                  16   4     0      0.021          1      47.62    124638       2480		
#Results for performance runs started at 23183:16:04:24 XCMD=-c16 -w4
946108807         MLT zip-test                                  16   4     0      0.025         16     640.00    124638       2480		
946108807         MLT zip-test                                  16   4     0      0.025         16     640.00    124638       2480		
946108807         MLT zip-test                                  16   4     0      0.025         16     640.00    124638       2480		
#Median for final result zip-test/
946108807         MLT zip-test                                  16   4     0      0.025         16     640.00    124638       2480 median best
