#UID            Suite Name                                     Ctx Wrk Fails       t(s)       Iter     Iter/s  Codesize   Datasize
#Results for verification run started at 23183:16:00:34 XCMD=-c16 -w1
236760500         MLT cjpeg-rose7-preset                        16   1     0      0.003          1     333.33    104046     267504		
#Results for performance runs started at 23183:16:00:35 XCMD=-c16 -w1
236760500         MLT cjpeg-rose7-preset                        16   1     0      0.010         10    1000.00    104046     267504		
236760500         MLT cjpeg-rose7-preset                        16   1     0      0.010         10    1000.00    104046     267504		
236760500         MLT cjpeg-rose7-preset                        16   1     0      0.010         10    1000.00    104046     267504		
#Median for final result cjpeg-rose7-preset/
236760500         MLT cjpeg-rose7-preset                        16   1     0      0.010         10    1000.00    104046     267504 median best
#UID            Suite Name                                     Ctx Wrk Fails       t(s)       Iter     Iter/s  Codesize   Datasize
#Results for verification run started at 23183:16:00:36 XCMD=-c16 -w1
1050863061        MLT sha-test                                  16   1     0      0.009          1     111.11     71806       2248		
#Results for performance runs started at 23183:16:00:37 XCMD=-c16 -w1
1050863061        MLT sha-test                                  16   1     0      0.010         16    1600.00     71806       2248		
1050863061        MLT sha-test                                  16   1     0      0.010         16    1600.00     71806       2248		
1050863061        MLT sha-test                                  16   1     0      0.010         16    1600.00     71806       2248		
#Median for final result sha-test/
1050863061        MLT sha-test                                  16   1     0      0.010         16    1600.00     71806       2248 median best
#UID            Suite Name                                     Ctx Wrk Fails       t(s)       Iter     Iter/s  Codesize   Datasize
#Results for verification run started at 23183:16:00:38 XCMD=-c16 -w1
490760323         MLT core                                      16   1     0      1.847          1       0.54     64576       4368		
#Results for performance runs started at 23183:16:00:40 XCMD=-c16 -w1
490760323         MLT core                                      16   1     0      1.837         16       8.71     64576       4368		
490760323         MLT core                                      16   1     0      1.835         16       8.72     64576       4368		
490760323         MLT core                                      16   1     0      1.837         16       8.71     64576       4368		
#Median for final result core/
490760323         MLT core                                      16   1     0      1.837         16       8.71     64576       4368 median best
#UID            Suite Name                                     Ctx Wrk Fails       t(s)       Iter     Iter/s  Codesize   Datasize
#Results for verification run started at 23183:16:00:47 XCMD=-c16 -w1
549578576         MLT nnet_test                                 16   1     0      0.472          1       2.12     67196      43656		
#Results for performance runs started at 23183:16:00:48 XCMD=-c16 -w1
549578576         MLT nnet_test                                 16   1     0      0.488         16      32.79     67196      43656		
549578576         MLT nnet_test                                 16   1     0      0.472         16      33.90     67196      43656		
549578576         MLT nnet_test                                 16   1     0      0.471         16      33.97     67196      43656		
#Median for final result nnet_test/
549578576         MLT nnet_test                                 16   1     0      0.472         16      33.90     67196      43656 median best
#UID            Suite Name                                     Ctx Wrk Fails       t(s)       Iter     Iter/s  Codesize   Datasize
#Results for verification run started at 23183:16:00:51 XCMD=-c16 -w1
1046644201        MLT linear_alg-mid-100x100-sp                 16   1     0      0.016          1      62.50     67454       4384		
#Results for performance runs started at 23183:16:00:51 XCMD=-c16 -w1
1046644201        MLT linear_alg-mid-100x100-sp                 16   1     0      0.061         50     819.67     67454       4384		
1046644201        MLT linear_alg-mid-100x100-sp                 16   1     0      0.061         50     819.67     67454       4384		
1046644201        MLT linear_alg-mid-100x100-sp                 16   1     0      0.061         50     819.67     67454       4384		
#Median for final result linear_alg-mid-100x100-sp/
1046644201        MLT linear_alg-mid-100x100-sp                 16   1     0      0.061         50     819.67     67454       4384 median best
#UID            Suite Name                                     Ctx Wrk Fails       t(s)       Iter     Iter/s  Codesize   Datasize
#Results for verification run started at 23183:16:00:53 XCMD=-c16 -w1
780641437         MLT parser-125k                               16   1     0      0.141          1       7.09     82718       2240		
#Results for performance runs started at 23183:16:00:53 XCMD=-c16 -w1
780641437         MLT parser-125k                               16   1     0      0.162         16      98.77     82718       2240		
780641437         MLT parser-125k                               16   1     0      0.162         16      98.77     82718       2240		
780641437         MLT parser-125k                               16   1     0      0.163         16      98.16     82718       2240		
#Median for final result parser-125k/
780641437         MLT parser-125k                               16   1     0      0.162         16      98.77     82718       2240 median best
#UID            Suite Name                                     Ctx Wrk Fails       t(s)       Iter     Iter/s  Codesize   Datasize
#Results for verification run started at 23183:16:00:55 XCMD=-c16 -w1
1814569103        MLT loops-all-mid-10k-sp                      16   1     0      0.545          1       1.83     81992       8160		
#Results for performance runs started at 23183:16:00:56 XCMD=-c16 -w1
1814569103        MLT loops-all-mid-10k-sp                      16   1     0      2.082         50      24.02     81992       8160		
1814569103        MLT loops-all-mid-10k-sp                      16   1     0      2.074         50      24.11     81992       8160		
1814569103        MLT loops-all-mid-10k-sp                      16   1     0      2.086         50      23.97     81992       8160		
#Median for final result loops-all-mid-10k-sp/
1814569103        MLT loops-all-mid-10k-sp                      16   1     0      2.082         50      24.02     81992       8160 median best
#UID            Suite Name                                     Ctx Wrk Fails       t(s)       Iter     Iter/s  Codesize   Datasize
#Results for verification run started at 23183:16:01:04 XCMD=-c16 -w1
1862946660        MLT radix2-big-64k                            16   1     0      0.034          1      29.41   1442580       2472		
#Results for performance runs started at 23183:16:01:04 XCMD=-c16 -w1
1862946660        MLT radix2-big-64k                            16   1     0      0.639       1000    1564.95   1442580       2472		
1862946660        MLT radix2-big-64k                            16   1     0      0.641       1000    1560.06   1442580       2472		
1862946660        MLT radix2-big-64k                            16   1     0      0.640       1000    1562.50   1442580       2472		
#Median for final result radix2-big-64k/
1862946660        MLT radix2-big-64k                            16   1     0      0.640       1000    1562.50   1442580       2472 median best
#UID            Suite Name                                     Ctx Wrk Fails       t(s)       Iter     Iter/s  Codesize   Datasize
#Results for verification run started at 23183:16:01:08 XCMD=-c16 -w1
946108807         MLT zip-test                                  16   1     0      0.022          1      45.45    124638       2480		
#Results for performance runs started at 23183:16:01:09 XCMD=-c16 -w1
946108807         MLT zip-test                                  16   1     0      0.025         16     640.00    124638       2480		
946108807         MLT zip-test                                  16   1     0      0.025         16     640.00    124638       2480		
946108807         MLT zip-test                                  16   1     0      0.025         16     640.00    124638       2480		
#Median for final result zip-test/
946108807         MLT zip-test                                  16   1     0      0.025         16     640.00    124638       2480 median best
