#UID            Suite Name                                     Ctx Wrk Fails       t(s)       Iter     Iter/s  Codesize   Datasize
#Results for verification run started at 23183:14:10:48 XCMD=-c16 -w1
236760500         MLT cjpeg-rose7-preset                        16   1     0      0.002          1     500.00    104046     267504		
#Results for performance runs started at 23183:14:10:48 XCMD=-c16 -w1
236760500         MLT cjpeg-rose7-preset                        16   1     0      0.008         10    1250.00    104046     267504		
236760500         MLT cjpeg-rose7-preset                        16   1     0      0.008         10    1250.00    104046     267504		
236760500         MLT cjpeg-rose7-preset                        16   1     0      0.008         10    1250.00    104046     267504		
#Median for final result cjpeg-rose7-preset/
236760500         MLT cjpeg-rose7-preset                        16   1     0      0.008         10    1250.00    104046     267504 median best
#UID            Suite Name                                     Ctx Wrk Fails       t(s)       Iter     Iter/s  Codesize   Datasize
#Results for verification run started at 23183:14:10:49 XCMD=-c16 -w1
1050863061        MLT sha-test                                  16   1     0      0.007          1     142.86     71806       2248		
#Results for performance runs started at 23183:14:10:50 XCMD=-c16 -w1
1050863061        MLT sha-test                                  16   1     0      0.008         16    2000.00     71806       2248		
1050863061        MLT sha-test                                  16   1     0      0.008         16    2000.00     71806       2248		
1050863061        MLT sha-test                                  16   1     0      0.008         16    2000.00     71806       2248		
#Median for final result sha-test/
1050863061        MLT sha-test                                  16   1     0      0.008         16    2000.00     71806       2248 median best
#UID            Suite Name                                     Ctx Wrk Fails       t(s)       Iter     Iter/s  Codesize   Datasize
#Results for verification run started at 23183:14:10:51 XCMD=-c16 -w1
490760323         MLT core                                      16   1     0      1.027          1       0.97     64576       4368		
#Results for performance runs started at 23183:14:10:52 XCMD=-c16 -w1
490760323         MLT core                                      16   1     0      1.027         16      15.58     64576       4368		
490760323         MLT core                                      16   1     0      1.028         16      15.56     64576       4368		
490760323         MLT core                                      16   1     0      1.039         16      15.40     64576       4368		
#Median for final result core/
490760323         MLT core                                      16   1     0      1.028         16      15.56     64576       4368 median best
#UID            Suite Name                                     Ctx Wrk Fails       t(s)       Iter     Iter/s  Codesize   Datasize
#Results for verification run started at 23183:14:10:56 XCMD=-c16 -w1
549578576         MLT nnet_test                                 16   1     0      0.292          1       3.42     67196      43656		
#Results for performance runs started at 23183:14:10:57 XCMD=-c16 -w1
549578576         MLT nnet_test                                 16   1     0      0.294         16      54.42     67196      43656		
549578576         MLT nnet_test                                 16   1     0      0.293         16      54.61     67196      43656		
549578576         MLT nnet_test                                 16   1     0      0.293         16      54.61     67196      43656		
#Median for final result nnet_test/
549578576         MLT nnet_test                                 16   1     0      0.293         16      54.61     67196      43656 median best
#UID            Suite Name                                     Ctx Wrk Fails       t(s)       Iter     Iter/s  Codesize   Datasize
#Results for verification run started at 23183:14:10:58 XCMD=-c16 -w1
1046644201        MLT linear_alg-mid-100x100-sp                 16   1     0      0.018          1      55.56     67454       4384		
#Results for performance runs started at 23183:14:10:59 XCMD=-c16 -w1
1046644201        MLT linear_alg-mid-100x100-sp                 16   1     0      0.072         50     694.44     67454       4384		
1046644201        MLT linear_alg-mid-100x100-sp                 16   1     0      0.072         50     694.44     67454       4384		
1046644201        MLT linear_alg-mid-100x100-sp                 16   1     0      0.072         50     694.44     67454       4384		
#Median for final result linear_alg-mid-100x100-sp/
1046644201        MLT linear_alg-mid-100x100-sp                 16   1     0      0.072         50     694.44     67454       4384 median best
#UID            Suite Name                                     Ctx Wrk Fails       t(s)       Iter     Iter/s  Codesize   Datasize
#Results for verification run started at 23183:14:11:00 XCMD=-c16 -w1
780641437         MLT parser-125k                               16   1     0      0.091          1      10.99     82718       2240		
#Results for performance runs started at 23183:14:11:00 XCMD=-c16 -w1
780641437         MLT parser-125k                               16   1     0      0.101         16     158.42     82718       2240		
780641437         MLT parser-125k                               16   1     0      0.101         16     158.42     82718       2240		
780641437         MLT parser-125k                               16   1     0      0.099         16     161.62     82718       2240		
#Median for final result parser-125k/
780641437         MLT parser-125k                               16   1     0      0.101         16     158.42     82718       2240 median best
#UID            Suite Name                                     Ctx Wrk Fails       t(s)       Iter     Iter/s  Codesize   Datasize
#Results for verification run started at 23183:14:11:02 XCMD=-c16 -w1
1814569103        MLT loops-all-mid-10k-sp                      16   1     0      0.358          1       2.79     81992       8160		
#Results for performance runs started at 23183:14:11:02 XCMD=-c16 -w1
1814569103        MLT loops-all-mid-10k-sp                      16   1     0      1.443         50      34.65     81992       8160		
1814569103        MLT loops-all-mid-10k-sp                      16   1     0      1.443         50      34.65     81992       8160		
1814569103        MLT loops-all-mid-10k-sp                      16   1     0      1.444         50      34.63     81992       8160		
#Median for final result loops-all-mid-10k-sp/
1814569103        MLT loops-all-mid-10k-sp                      16   1     0      1.443         50      34.65     81992       8160 median best
#UID            Suite Name                                     Ctx Wrk Fails       t(s)       Iter     Iter/s  Codesize   Datasize
#Results for verification run started at 23183:14:11:08 XCMD=-c16 -w1
1862946660        MLT radix2-big-64k                            16   1     0      0.018          1      55.56   1442580       2472		
#Results for performance runs started at 23183:14:11:08 XCMD=-c16 -w1
1862946660        MLT radix2-big-64k                            16   1     0      0.244       1000    4098.36   1442580       2472		
1862946660        MLT radix2-big-64k                            16   1     0      0.245       1000    4081.63   1442580       2472		
1862946660        MLT radix2-big-64k                            16   1     0      0.245       1000    4081.63   1442580       2472		
#Median for final result radix2-big-64k/
1862946660        MLT radix2-big-64k                            16   1     0      0.245       1000    4081.63   1442580       2472 median best
#UID            Suite Name                                     Ctx Wrk Fails       t(s)       Iter     Iter/s  Codesize   Datasize
#Results for verification run started at 23183:14:11:10 XCMD=-c16 -w1
946108807         MLT zip-test                                  16   1     0      0.015          1      66.67    124638       2480		
#Results for performance runs started at 23183:14:11:11 XCMD=-c16 -w1
946108807         MLT zip-test                                  16   1     0      0.017         16     941.18    124638       2480		
946108807         MLT zip-test                                  16   1     0      0.017         16     941.18    124638       2480		
946108807         MLT zip-test                                  16   1     0      0.017         16     941.18    124638       2480		
#Median for final result zip-test/
946108807         MLT zip-test                                  16   1     0      0.017         16     941.18    124638       2480 median best
