#UID            Suite Name                                     Ctx Wrk Fails       t(s)       Iter     Iter/s  Codesize   Datasize
#Results for verification run started at 23183:18:13:34 XCMD=-c64 -w1
236760500         MLT cjpeg-rose7-preset                        64   1     0      0.005          1     200.00    129154     267680		
#Results for performance runs started at 23183:18:13:34 XCMD=-c64 -w1
236760500         MLT cjpeg-rose7-preset                        64   1     0      0.007         10    1428.57    129154     267680		
236760500         MLT cjpeg-rose7-preset                        64   1     0      0.007         10    1428.57    129154     267680		
236760500         MLT cjpeg-rose7-preset                        64   1     0      0.007         10    1428.57    129154     267680		
#Median for final result cjpeg-rose7-preset/
236760500         MLT cjpeg-rose7-preset                        64   1     0      0.007         10    1428.57    129154     267680 median best
#UID            Suite Name                                     Ctx Wrk Fails       t(s)       Iter     Iter/s  Codesize   Datasize
#Results for verification run started at 23183:18:13:35 XCMD=-c64 -w1
1050863061        MLT sha-test                                  64   1     0      0.016          1      62.50     91634       2424		
#Results for performance runs started at 23183:18:13:36 XCMD=-c64 -w1
1050863061        MLT sha-test                                  64   1     0      0.032         64    2000.00     91634       2424		
1050863061        MLT sha-test                                  64   1     0      0.032         64    2000.00     91634       2424		
1050863061        MLT sha-test                                  64   1     0      0.032         64    2000.00     91634       2424		
#Median for final result sha-test/
1050863061        MLT sha-test                                  64   1     0      0.032         64    2000.00     91634       2424 median best
#UID            Suite Name                                     Ctx Wrk Fails       t(s)       Iter     Iter/s  Codesize   Datasize
#Results for verification run started at 23183:18:13:37 XCMD=-c64 -w1
490760323         MLT core                                      64   1     0      4.223          1       0.24     81384       5192		
#Results for performance runs started at 23183:18:13:42 XCMD=-c64 -w1
490760323         MLT core                                      64   1     0      6.937         64       9.23     81384       5192		
490760323         MLT core                                      64   1     0      7.046         64       9.08     81384       5192		
490760323         MLT core                                      64   1     0      6.981         64       9.17     81384       5192		
#Median for final result core/
490760323         MLT core                                      64   1     0      6.981         64       9.17     81384       5192 median best
#UID            Suite Name                                     Ctx Wrk Fails       t(s)       Iter     Iter/s  Codesize   Datasize
#Results for verification run started at 23183:18:14:04 XCMD=-c64 -w1
549578576         MLT nnet_test                                 64   1     0      0.438          1       2.28     87564      43864		
#Results for performance runs started at 23183:18:14:05 XCMD=-c64 -w1
549578576         MLT nnet_test                                 64   1     0      0.754         64      84.88     87564      43864		
549578576         MLT nnet_test                                 64   1     0      0.751         64      85.22     87564      43864		
549578576         MLT nnet_test                                 64   1     0      0.747         64      85.68     87564      43864		
#Median for final result nnet_test/
549578576         MLT nnet_test                                 64   1     0      0.751         64      85.22     87564      43864 median best
#UID            Suite Name                                     Ctx Wrk Fails       t(s)       Iter     Iter/s  Codesize   Datasize
#Results for verification run started at 23183:18:14:09 XCMD=-c64 -w1
1046644201        MLT linear_alg-mid-100x100-sp                 64   1     0      0.017          1      58.82     93130       4568		
#Results for performance runs started at 23183:18:14:09 XCMD=-c64 -w1
1046644201        MLT linear_alg-mid-100x100-sp                 64   1     0      0.038         64    1684.21     93130       4568		
1046644201        MLT linear_alg-mid-100x100-sp                 64   1     0      0.034         64    1882.35     93130       4568		
1046644201        MLT linear_alg-mid-100x100-sp                 64   1     0      0.034         64    1882.35     93130       4568		
#Median for final result linear_alg-mid-100x100-sp/
1046644201        MLT linear_alg-mid-100x100-sp                 64   1     0      0.034         64    1882.35     93130       4568 median best
#UID            Suite Name                                     Ctx Wrk Fails       t(s)       Iter     Iter/s  Codesize   Datasize
#Results for verification run started at 23183:18:14:11 XCMD=-c64 -w1
780641437         MLT parser-125k                               64   1     0      0.165          1       6.06    100222       2536		
#Results for performance runs started at 23183:18:14:11 XCMD=-c64 -w1
780641437         MLT parser-125k                               64   1     0      1.508         64      42.44    100222       2536		
780641437         MLT parser-125k                               64   1     0      1.519         64      42.13    100222       2536		
780641437         MLT parser-125k                               64   1     0      1.546         64      41.40    100222       2536		
#Median for final result parser-125k/
780641437         MLT parser-125k                               64   1     0      1.519         64      42.13    100222       2536 median best
#UID            Suite Name                                     Ctx Wrk Fails       t(s)       Iter     Iter/s  Codesize   Datasize
#Results for verification run started at 23183:18:14:18 XCMD=-c64 -w1
1814569103        MLT loops-all-mid-10k-sp                      64   1     0      0.539          1       1.86    109584       8344		
#Results for performance runs started at 23183:18:14:18 XCMD=-c64 -w1
1814569103        MLT loops-all-mid-10k-sp                      64   1     0      1.013         64      63.18    109584       8344		
1814569103        MLT loops-all-mid-10k-sp                      64   1     0      0.985         64      64.97    109584       8344		
1814569103        MLT loops-all-mid-10k-sp                      64   1     0      0.958         64      66.81    109584       8344		
#Median for final result loops-all-mid-10k-sp/
1814569103        MLT loops-all-mid-10k-sp                      64   1     0      0.985         64      64.97    109584       8344 median best
#UID            Suite Name                                     Ctx Wrk Fails       t(s)       Iter     Iter/s  Codesize   Datasize
#Results for verification run started at 23183:18:14:23 XCMD=-c64 -w1
1862946660        MLT radix2-big-64k                            64   1     0      0.035          1      28.57   1459492       2936		
#Results for performance runs started at 23183:18:14:23 XCMD=-c64 -w1
1862946660        MLT radix2-big-64k                            64   1     0      0.208       1000    4807.69   1459492       2936		
1862946660        MLT radix2-big-64k                            64   1     0      0.207       1000    4830.92   1459492       2936		
1862946660        MLT radix2-big-64k                            64   1     0      0.206       1000    4854.37   1459492       2936		
#Median for final result radix2-big-64k/
1862946660        MLT radix2-big-64k                            64   1     0      0.207       1000    4830.92   1459492       2936 median best
#UID            Suite Name                                     Ctx Wrk Fails       t(s)       Iter     Iter/s  Codesize   Datasize
#Results for verification run started at 23183:18:14:25 XCMD=-c64 -w1
946108807         MLT zip-test                                  64   1     0      0.029          1      34.48    157220       2768		
#Results for performance runs started at 23183:18:14:27 XCMD=-c64 -w1
946108807         MLT zip-test                                  64   1     0      0.063         64    1015.87    157220       2768		
946108807         MLT zip-test                                  64   1     0      0.064         64    1000.00    157220       2768		
946108807         MLT zip-test                                  64   1     0      0.067         64     955.22    157220       2768		
#Median for final result zip-test/
946108807         MLT zip-test                                  64   1     0      0.064         64    1000.00    157220       2768 median best
