-  Info: Starting Run...
-- Workload:linear_alg-mid-100x100-sp=1046644201
-- linear_alg-mid-100x100-sp:time(ns)=15
-- linear_alg-mid-100x100-sp:contexts=16
-- linear_alg-mid-100x100-sp:workers=16
-- linear_alg-mid-100x100-sp:iterations=1
-- linear_alg-mid-100x100-sp:time(secs)=   0.015
-- linear_alg-mid-100x100-sp:secs/workload=   0.015
-- linear_alg-mid-100x100-sp:workloads/sec= 66.6667
Info: This run was executed with verification turned on! For performance results, use -v0.
-- linear_alg-mid:UID=10000
-- linear_alg-mid:fails=0
-- linear_alg-mid:time(ticks)=15
-- linear_alg-mid:count=1
-- linear_alg-mid:repeats=0
-- linear_alg-mid:v1=23
-- linear_alg-mid:v2=23
-- linear_alg-mid:v3=100
-- linear_alg-mid:v4=10
-- linear_alg-mid:f1=1.000000e+00
-- linear_alg-mid:f2=9.999999e-01
-- linear_alg-mid:f3=0.000000e+00
-- linear_alg-mid:f4=0.000000e+00
-- linear_alg-mid:secs/repeat=     inf
-- linear_alg-mid:repeats/sec=       0
-- linear_alg-mid:time(secs)=   0.015
-- linear_alg-mid:secs/item=   0.015
-- linear_alg-mid:items/sec= 66.6667
-- Items:total(ticks)=15
-- Items:total(secs)=   0.015
-- Done:linear_alg-mid-100x100-sp=1046644201
