-  Info: Starting Run...
-- Workload:parser-125k=780641437
-- parser-125k:time(ns)=20
-- parser-125k:contexts=1
-- parser-125k:workers=1
-- parser-125k:iterations=1
-- parser-125k:time(secs)=    0.02
-- parser-125k:secs/workload=    0.02
-- parser-125k:workloads/sec=      50
Info: This run was executed with verification turned on! For performance results, use -v0.
-- xml-parser:UID=10000
-- xml-parser:fails=0
-- xml-parser:time(ticks)=20
-- xml-parser:count=1
-- xml-parser:repeats=0
-- xml-parser:v1=22264
-- xml-parser:v2=0
-- xml-parser:v3=0
-- xml-parser:v4=0
-- xml-parser:f1=0.000000e+00
-- xml-parser:f2=0.000000e+00
-- xml-parser:f3=0.000000e+00
-- xml-parser:f4=0.000000e+00
-- xml-parser:secs/repeat=     inf
-- xml-parser:repeats/sec=       0
-- xml-parser:time(secs)=    0.02
-- xml-parser:secs/item=    0.02
-- xml-parser:items/sec=      50
-- Items:total(ticks)=20
-- Items:total(secs)=    0.02
-- Done:parser-125k=780641437
