#UID            Suite Name                                     Ctx Wrk Fails       t(s)       Iter     Iter/s  Codesize   Datasize
#Results for verification run started at 23183:13:27:39 XCMD=-c16 -w1
236760500         MLT cjpeg-rose7-preset                         1   1     0      0.006          1     166.67    104675     267584		
#Results for performance runs started at 23183:13:27:39 XCMD=-c16 -w1
236760500         MLT cjpeg-rose7-preset                         1   1     0      0.054         10     185.19    104675     267584		
236760500         MLT cjpeg-rose7-preset                         1   1     0      0.055         10     181.82    104675     267584		
236760500         MLT cjpeg-rose7-preset                         1   1     0      0.055         10     181.82    104675     267584		
#Median for final result cjpeg-rose7-preset/
236760500         MLT cjpeg-rose7-preset                         1   1     0      0.055         10     181.82    104675     267584 median single
#UID            Suite Name                                     Ctx Wrk Fails       t(s)       Iter     Iter/s  Codesize   Datasize
#Results for verification run started at 23183:13:27:40 XCMD=-c16 -w1
1050863061        MLT sha-test                                   1   1     0      0.004          1     250.00     75625       2328		
#Results for performance runs started at 23183:13:27:40 XCMD=-c16 -w1
1050863061        MLT sha-test                                   1   1     0      0.041         10     243.90     75625       2328		
1050863061        MLT sha-test                                   1   1     0      0.040         10     250.00     75625       2328		
1050863061        MLT sha-test                                   1   1     0      0.041         10     243.90     75625       2328		
#Median for final result sha-test/
1050863061        MLT sha-test                                   1   1     0      0.041         10     243.90     75625       2328 median single
#UID            Suite Name                                     Ctx Wrk Fails       t(s)       Iter     Iter/s  Codesize   Datasize
#Results for verification run started at 23183:13:27:41 XCMD=-c16 -w1
490760323         MLT core                                       1   1     0      0.424          1       2.36     65067       4464		
#Results for performance runs started at 23183:13:27:41 XCMD=-c16 -w1
490760323         MLT core                                       1   1     0      0.430          1       2.33     65067       4464		
490760323         MLT core                                       1   1     0      0.426          1       2.35     65067       4464		
490760323         MLT core                                       1   1     0      0.426          1       2.35     65067       4464		
#Median for final result core/
490760323         MLT core                                       1   1     0      0.426          1       2.35     65067       4464 median single
#UID            Suite Name                                     Ctx Wrk Fails       t(s)       Iter     Iter/s  Codesize   Datasize
#Results for verification run started at 23183:13:27:43 XCMD=-c16 -w1
549578576         MLT nnet_test                                  1   1     0      0.094          1      10.64     68359      43744		
#Results for performance runs started at 23183:13:27:43 XCMD=-c16 -w1
549578576         MLT nnet_test                                  1   1     0      0.893         10      11.20     68359      43744		
549578576         MLT nnet_test                                  1   1     0      0.897         10      11.15     68359      43744		
549578576         MLT nnet_test                                  1   1     0      0.896         10      11.16     68359      43744		
#Median for final result nnet_test/
549578576         MLT nnet_test                                  1   1     0      0.896         10      11.16     68359      43744 median single
#UID            Suite Name                                     Ctx Wrk Fails       t(s)       Iter     Iter/s  Codesize   Datasize
#Results for verification run started at 23183:13:27:47 XCMD=-c16 -w1
1046644201        MLT linear_alg-mid-100x100-sp                  1   1     0      0.004          1     250.00     70073       4472		
#Results for performance runs started at 23183:13:27:47 XCMD=-c16 -w1
1046644201        MLT linear_alg-mid-100x100-sp                  1   1     0      0.169         50     295.86     70073       4472		
1046644201        MLT linear_alg-mid-100x100-sp                  1   1     0      0.169         50     295.86     70073       4472		
1046644201        MLT linear_alg-mid-100x100-sp                  1   1     0      0.168         50     297.62     70073       4472		
#Median for final result linear_alg-mid-100x100-sp/
1046644201        MLT linear_alg-mid-100x100-sp                  1   1     0      0.169         50     295.86     70073       4472 median single
#UID            Suite Name                                     Ctx Wrk Fails       t(s)       Iter     Iter/s  Codesize   Datasize
#Results for verification run started at 23183:13:27:48 XCMD=-c16 -w1
780641437         MLT parser-125k                                1   1     0      0.021          1      47.62     84059       2304		
#Results for performance runs started at 23183:13:27:48 XCMD=-c16 -w1
780641437         MLT parser-125k                                1   1     0      0.021          1      47.62     84059       2304		
780641437         MLT parser-125k                                1   1     0      0.018          1      55.56     84059       2304		
780641437         MLT parser-125k                                1   1     0      0.021          1      47.62     84059       2304		
#Median for final result parser-125k/
780641437         MLT parser-125k                                1   1     0      0.021          1      47.62     84059       2304 median single
#UID            Suite Name                                     Ctx Wrk Fails       t(s)       Iter     Iter/s  Codesize   Datasize
#Results for verification run started at 23183:13:27:49 XCMD=-c16 -w1
1814569103        MLT loops-all-mid-10k-sp                       1   1     0      0.123          1       8.13     85291       8296		
#Results for performance runs started at 23183:13:27:49 XCMD=-c16 -w1
1814569103        MLT loops-all-mid-10k-sp                       1   1     0      5.775         50       8.66     85291       8296		
1814569103        MLT loops-all-mid-10k-sp                       1   1     0      5.811         50       8.60     85291       8296		
1814569103        MLT loops-all-mid-10k-sp                       1   1     0      5.809         50       8.61     85291       8296		
#Median for final result loops-all-mid-10k-sp/
1814569103        MLT loops-all-mid-10k-sp                       1   1     0      5.809         50       8.61     85291       8296 median single
#UID            Suite Name                                     Ctx Wrk Fails       t(s)       Iter     Iter/s  Codesize   Datasize
#Results for verification run started at 23183:13:28:08 XCMD=-c16 -w1
1862946660        MLT radix2-big-64k                             1   1     0      0.007          1     142.86   1443999       2528		
#Results for performance runs started at 23183:13:28:08 XCMD=-c16 -w1
1862946660        MLT radix2-big-64k                             1   1     0      2.075       1000     481.93   1443999       2528		
1862946660        MLT radix2-big-64k                             1   1     0      2.112       1000     473.48   1443999       2528		
1862946660        MLT radix2-big-64k                             1   1     0      2.059       1000     485.67   1443999       2528		
#Median for final result radix2-big-64k/
1862946660        MLT radix2-big-64k                             1   1     0      2.075       1000     481.93   1443999       2528 median single
#UID            Suite Name                                     Ctx Wrk Fails       t(s)       Iter     Iter/s  Codesize   Datasize
#Results for verification run started at 23183:13:28:15 XCMD=-c16 -w1
946108807         MLT zip-test                                   1   1     0      0.007          1     142.86    129057       2552		
#Results for performance runs started at 23183:13:28:15 XCMD=-c16 -w1
946108807         MLT zip-test                                   1   1     0      0.007          1     142.86    129057       2552		
946108807         MLT zip-test                                   1   1     0      0.007          1     142.86    129057       2552		
946108807         MLT zip-test                                   1   1     0      0.007          1     142.86    129057       2552		
#Median for final result zip-test/
946108807         MLT zip-test                                   1   1     0      0.007          1     142.86    129057       2552 median single
#UID            Suite Name                                     Ctx Wrk Fails       t(s)       Iter     Iter/s  Codesize   Datasize
#Results for verification run started at 23183:13:28:16 XCMD=-c16 -w1
236760500         MLT cjpeg-rose7-preset                        16   1     0      0.001          1    1000.00    104675     267584		
#Results for performance runs started at 23183:13:28:16 XCMD=-c16 -w1
236760500         MLT cjpeg-rose7-preset                        16   1     0      0.005         10    2000.00    104675     267584		
236760500         MLT cjpeg-rose7-preset                        16   1     0      0.005         10    2000.00    104675     267584		
236760500         MLT cjpeg-rose7-preset                        16   1     0      0.005         10    2000.00    104675     267584		
#Median for final result cjpeg-rose7-preset/
236760500         MLT cjpeg-rose7-preset                        16   1     0      0.005         10    2000.00    104675     267584 median best
#UID            Suite Name                                     Ctx Wrk Fails       t(s)       Iter     Iter/s  Codesize   Datasize
#Results for verification run started at 23183:13:28:17 XCMD=-c16 -w1
1050863061        MLT sha-test                                  16   1     0      0.004          1     250.00     75625       2328		
#Results for performance runs started at 23183:13:28:17 XCMD=-c16 -w1
1050863061        MLT sha-test                                  16   1     0      0.007         16    2285.71     75625       2328		
1050863061        MLT sha-test                                  16   1     0      0.006         16    2666.67     75625       2328		
1050863061        MLT sha-test                                  16   1     0      0.005         16    3200.00     75625       2328		
#Median for final result sha-test/
1050863061        MLT sha-test                                  16   1     0      0.006         16    2666.67     75625       2328 median best
#UID            Suite Name                                     Ctx Wrk Fails       t(s)       Iter     Iter/s  Codesize   Datasize
#Results for verification run started at 23183:13:28:18 XCMD=-c16 -w1
490760323         MLT core                                      16   1     0      0.424          1       2.36     65067       4464		
#Results for performance runs started at 23183:13:28:18 XCMD=-c16 -w1
490760323         MLT core                                      16   1     0      0.468         16      34.19     65067       4464		
490760323         MLT core                                      16   1     0      0.519         16      30.83     65067       4464		
490760323         MLT core                                      16   1     0      0.517         16      30.95     65067       4464		
#Median for final result core/
490760323         MLT core                                      16   1     0      0.517         16      30.95     65067       4464 median best
#UID            Suite Name                                     Ctx Wrk Fails       t(s)       Iter     Iter/s  Codesize   Datasize
#Results for verification run started at 23183:13:28:21 XCMD=-c16 -w1
549578576         MLT nnet_test                                 16   1     0      0.095          1      10.53     68359      43744		
#Results for performance runs started at 23183:13:28:21 XCMD=-c16 -w1
549578576         MLT nnet_test                                 16   1     0      0.103         16     155.34     68359      43744		
549578576         MLT nnet_test                                 16   1     0      0.103         16     155.34     68359      43744		
549578576         MLT nnet_test                                 16   1     0      0.103         16     155.34     68359      43744		
#Median for final result nnet_test/
549578576         MLT nnet_test                                 16   1     0      0.103         16     155.34     68359      43744 median best
#UID            Suite Name                                     Ctx Wrk Fails       t(s)       Iter     Iter/s  Codesize   Datasize
#Results for verification run started at 23183:13:28:22 XCMD=-c16 -w1
1046644201        MLT linear_alg-mid-100x100-sp                 16   1     0      0.004          1     250.00     70073       4472		
#Results for performance runs started at 23183:13:28:22 XCMD=-c16 -w1
1046644201        MLT linear_alg-mid-100x100-sp                 16   1     0      0.015         50    3333.33     70073       4472		
1046644201        MLT linear_alg-mid-100x100-sp                 16   1     0      0.015         50    3333.33     70073       4472		
1046644201        MLT linear_alg-mid-100x100-sp                 16   1     0      0.015         50    3333.33     70073       4472		
#Median for final result linear_alg-mid-100x100-sp/
1046644201        MLT linear_alg-mid-100x100-sp                 16   1     0      0.015         50    3333.33     70073       4472 median best
#UID            Suite Name                                     Ctx Wrk Fails       t(s)       Iter     Iter/s  Codesize   Datasize
#Results for verification run started at 23183:13:28:23 XCMD=-c16 -w1
780641437         MLT parser-125k                               16   1     0      0.022          1      45.45     84059       2304		
#Results for performance runs started at 23183:13:28:23 XCMD=-c16 -w1
780641437         MLT parser-125k                               16   1     0      0.027         16     592.59     84059       2304		
780641437         MLT parser-125k                               16   1     0      0.030         16     533.33     84059       2304		
780641437         MLT parser-125k                               16   1     0      0.026         16     615.38     84059       2304		
#Median for final result parser-125k/
780641437         MLT parser-125k                               16   1     0      0.027         16     592.59     84059       2304 median best
#UID            Suite Name                                     Ctx Wrk Fails       t(s)       Iter     Iter/s  Codesize   Datasize
#Results for verification run started at 23183:13:28:24 XCMD=-c16 -w1
1814569103        MLT loops-all-mid-10k-sp                      16   1     0      0.124          1       8.06     85291       8296		
#Results for performance runs started at 23183:13:28:24 XCMD=-c16 -w1
1814569103        MLT loops-all-mid-10k-sp                      16   1     0      0.545         50      91.74     85291       8296		
1814569103        MLT loops-all-mid-10k-sp                      16   1     0      0.475         50     105.26     85291       8296		
1814569103        MLT loops-all-mid-10k-sp                      16   1     0      0.477         50     104.82     85291       8296		
#Median for final result loops-all-mid-10k-sp/
1814569103        MLT loops-all-mid-10k-sp                      16   1     0      0.477         50     104.82     85291       8296 median best
#UID            Suite Name                                     Ctx Wrk Fails       t(s)       Iter     Iter/s  Codesize   Datasize
#Results for verification run started at 23183:13:28:26 XCMD=-c16 -w1
1862946660        MLT radix2-big-64k                            16   1     0      0.007          1     142.86   1443999       2528		
#Results for performance runs started at 23183:13:28:26 XCMD=-c16 -w1
1862946660        MLT radix2-big-64k                            16   1     0      0.153       1000    6535.95   1443999       2528		
1862946660        MLT radix2-big-64k                            16   1     0      0.151       1000    6622.52   1443999       2528		
1862946660        MLT radix2-big-64k                            16   1     0      0.152       1000    6578.95   1443999       2528		
#Median for final result radix2-big-64k/
1862946660        MLT radix2-big-64k                            16   1     0      0.152       1000    6578.95   1443999       2528 median best
#UID            Suite Name                                     Ctx Wrk Fails       t(s)       Iter     Iter/s  Codesize   Datasize
#Results for verification run started at 23183:13:28:27 XCMD=-c16 -w1
946108807         MLT zip-test                                  16   1     0      0.008          1     125.00    129057       2552		
#Results for performance runs started at 23183:13:28:28 XCMD=-c16 -w1
946108807         MLT zip-test                                  16   1     0      0.016         16    1000.00    129057       2552		
946108807         MLT zip-test                                  16   1     0      0.017         16     941.18    129057       2552		
946108807         MLT zip-test                                  16   1     0      0.014         16    1142.86    129057       2552		
#Median for final result zip-test/
946108807         MLT zip-test                                  16   1     0      0.016         16    1000.00    129057       2552 median best
