#UID            Suite Name                                     Ctx Wrk Fails       t(s)       Iter     Iter/s  Codesize   Datasize
#Results for verification run started at 23183:14:36:01 XCMD=-c64 -w64
236760500         MLT cjpeg-rose7-preset                        64  64     0      0.004          1     250.00    104046     267504		
#Results for performance runs started at 23183:14:36:01 XCMD=-c64 -w64
236760500         MLT cjpeg-rose7-preset                        64  64     0      0.005         10    2000.00    104046     267504		
236760500         MLT cjpeg-rose7-preset                        64  64     0      0.005         10    2000.00    104046     267504		
236760500         MLT cjpeg-rose7-preset                        64  64     0      0.006         10    1666.67    104046     267504		
#Median for final result cjpeg-rose7-preset/
236760500         MLT cjpeg-rose7-preset                        64  64     0      0.005         10    2000.00    104046     267504 median best
#UID            Suite Name                                     Ctx Wrk Fails       t(s)       Iter     Iter/s  Codesize   Datasize
#Results for verification run started at 23183:14:36:02 XCMD=-c64 -w64
1050863061        MLT sha-test                                  64  64     0      0.007          1     142.86     71806       2248		
#Results for performance runs started at 23183:14:36:02 XCMD=-c64 -w64
1050863061        MLT sha-test                                  64  64     0      0.017         64    3764.71     71806       2248		
1050863061        MLT sha-test                                  64  64     0      0.017         64    3764.71     71806       2248		
1050863061        MLT sha-test                                  64  64     0      0.018         64    3555.56     71806       2248		
#Median for final result sha-test/
1050863061        MLT sha-test                                  64  64     0      0.017         64    3764.71     71806       2248 median best
#UID            Suite Name                                     Ctx Wrk Fails       t(s)       Iter     Iter/s  Codesize   Datasize
#Results for verification run started at 23183:14:36:03 XCMD=-c64 -w64
490760323         MLT core                                      64  64     0      1.025          1       0.98     64576       4368		
#Results for performance runs started at 23183:14:36:05 XCMD=-c64 -w64
490760323         MLT core                                      64  64     0      1.589         64      40.28     64576       4368		
490760323         MLT core                                      64  64     0      1.608         64      39.80     64576       4368		
490760323         MLT core                                      64  64     0      1.600         64      40.00     64576       4368		
#Median for final result core/
490760323         MLT core                                      64  64     0      1.600         64      40.00     64576       4368 median best
#UID            Suite Name                                     Ctx Wrk Fails       t(s)       Iter     Iter/s  Codesize   Datasize
#Results for verification run started at 23183:14:36:10 XCMD=-c64 -w64
549578576         MLT nnet_test                                 64  64     0      0.293          1       3.41     67196      43656		
#Results for performance runs started at 23183:14:36:11 XCMD=-c64 -w64
549578576         MLT nnet_test                                 64  64     0      0.452         64     141.59     67196      43656		
549578576         MLT nnet_test                                 64  64     0      0.458         64     139.74     67196      43656		
549578576         MLT nnet_test                                 64  64     0      0.459         64     139.43     67196      43656		
#Median for final result nnet_test/
549578576         MLT nnet_test                                 64  64     0      0.458         64     139.74     67196      43656 median best
#UID            Suite Name                                     Ctx Wrk Fails       t(s)       Iter     Iter/s  Codesize   Datasize
#Results for verification run started at 23183:14:36:13 XCMD=-c64 -w64
1046644201        MLT linear_alg-mid-100x100-sp                 64  64     0      0.018          1      55.56     67454       4384		
#Results for performance runs started at 23183:14:36:13 XCMD=-c64 -w64
1046644201        MLT linear_alg-mid-100x100-sp                 64  64     0      0.037         64    1729.73     67454       4384		
1046644201        MLT linear_alg-mid-100x100-sp                 64  64     0      0.037         64    1729.73     67454       4384		
1046644201        MLT linear_alg-mid-100x100-sp                 64  64     0      0.037         64    1729.73     67454       4384		
#Median for final result linear_alg-mid-100x100-sp/
1046644201        MLT linear_alg-mid-100x100-sp                 64  64     0      0.037         64    1729.73     67454       4384 median best
#UID            Suite Name                                     Ctx Wrk Fails       t(s)       Iter     Iter/s  Codesize   Datasize
#Results for verification run started at 23183:14:36:15 XCMD=-c64 -w64
780641437         MLT parser-125k                               64  64     0      0.091          1      10.99     82718       2240		
#Results for performance runs started at 23183:14:36:15 XCMD=-c64 -w64
780641437         MLT parser-125k                               64  64     0      0.217         64     294.93     82718       2240		
780641437         MLT parser-125k                               64  64     0      0.206         64     310.68     82718       2240		
780641437         MLT parser-125k                               64  64     0      0.205         64     312.20     82718       2240		
#Median for final result parser-125k/
780641437         MLT parser-125k                               64  64     0      0.206         64     310.68     82718       2240 median best
#UID            Suite Name                                     Ctx Wrk Fails       t(s)       Iter     Iter/s  Codesize   Datasize
#Results for verification run started at 23183:14:36:17 XCMD=-c64 -w64
1814569103        MLT loops-all-mid-10k-sp                      64  64     0      0.359          1       2.79     81992       8160		
#Results for performance runs started at 23183:14:36:17 XCMD=-c64 -w64
1814569103        MLT loops-all-mid-10k-sp                      64  64     0      0.896         64      71.43     81992       8160		
1814569103        MLT loops-all-mid-10k-sp                      64  64     0      0.980         64      65.31     81992       8160		
1814569103        MLT loops-all-mid-10k-sp                      64  64     0      0.964         64      66.39     81992       8160		
#Median for final result loops-all-mid-10k-sp/
1814569103        MLT loops-all-mid-10k-sp                      64  64     0      0.964         64      66.39     81992       8160 median best
#UID            Suite Name                                     Ctx Wrk Fails       t(s)       Iter     Iter/s  Codesize   Datasize
#Results for verification run started at 23183:14:36:21 XCMD=-c64 -w64
1862946660        MLT radix2-big-64k                            64  64     0      0.018          1      55.56   1442580       2472		
#Results for performance runs started at 23183:14:36:21 XCMD=-c64 -w64
1862946660        MLT radix2-big-64k                            64  64     0      0.090       1000   11111.11   1442580       2472		
1862946660        MLT radix2-big-64k                            64  64     0      0.088       1000   11363.64   1442580       2472		
1862946660        MLT radix2-big-64k                            64  64     0      0.088       1000   11363.64   1442580       2472		
#Median for final result radix2-big-64k/
1862946660        MLT radix2-big-64k                            64  64     0      0.088       1000   11363.64   1442580       2472 median best
#UID            Suite Name                                     Ctx Wrk Fails       t(s)       Iter     Iter/s  Codesize   Datasize
#Results for verification run started at 23183:14:36:23 XCMD=-c64 -w64
946108807         MLT zip-test                                  64  64     0      0.015          1      66.67    124638       2480		
#Results for performance runs started at 23183:14:36:24 XCMD=-c64 -w64
946108807         MLT zip-test                                  64  64     0      0.035         64    1828.57    124638       2480		
946108807         MLT zip-test                                  64  64     0      0.048         64    1333.33    124638       2480		
946108807         MLT zip-test                                  64  64     0      0.036         64    1777.78    124638       2480		
#Median for final result zip-test/
946108807         MLT zip-test                                  64  64     0      0.036         64    1777.78    124638       2480 median best
