#UID            Suite Name                                     Ctx Wrk Fails       t(s)       Iter     Iter/s  Codesize   Datasize
#Results for verification run started at 23183:16:17:35 XCMD=-c64 -w1
236760500         MLT cjpeg-rose7-preset                         1   1     0      0.015          1      66.67    104046     267504		
#Results for performance runs started at 23183:16:17:35 XCMD=-c64 -w1
236760500         MLT cjpeg-rose7-preset                         1   1     0      0.140         10      71.43    104046     267504		
236760500         MLT cjpeg-rose7-preset                         1   1     0      0.139         10      71.94    104046     267504		
236760500         MLT cjpeg-rose7-preset                         1   1     0      0.139         10      71.94    104046     267504		
#Median for final result cjpeg-rose7-preset/
236760500         MLT cjpeg-rose7-preset                         1   1     0      0.139         10      71.94    104046     267504 median single
#UID            Suite Name                                     Ctx Wrk Fails       t(s)       Iter     Iter/s  Codesize   Datasize
#Results for verification run started at 23183:16:17:37 XCMD=-c64 -w1
1050863061        MLT sha-test                                   1   1     0      0.009          1     111.11     71806       2248		
#Results for performance runs started at 23183:16:17:37 XCMD=-c64 -w1
1050863061        MLT sha-test                                   1   1     0      0.092         10     108.70     71806       2248		
1050863061        MLT sha-test                                   1   1     0      0.092         10     108.70     71806       2248		
1050863061        MLT sha-test                                   1   1     0      0.092         10     108.70     71806       2248		
#Median for final result sha-test/
1050863061        MLT sha-test                                   1   1     0      0.092         10     108.70     71806       2248 median single
#UID            Suite Name                                     Ctx Wrk Fails       t(s)       Iter     Iter/s  Codesize   Datasize
#Results for verification run started at 23183:16:17:39 XCMD=-c64 -w1
490760323         MLT core                                       1   1     0      1.831          1       0.55     64576       4368		
#Results for performance runs started at 23183:16:17:41 XCMD=-c64 -w1
490760323         MLT core                                       1   1     0      1.833          1       0.55     64576       4368		
490760323         MLT core                                       1   1     0      1.830          1       0.55     64576       4368		
490760323         MLT core                                       1   1     0      1.833          1       0.55     64576       4368		
#Median for final result core/
490760323         MLT core                                       1   1     0      1.833          1       0.55     64576       4368 median single
#UID            Suite Name                                     Ctx Wrk Fails       t(s)       Iter     Iter/s  Codesize   Datasize
#Results for verification run started at 23183:16:17:48 XCMD=-c64 -w1
549578576         MLT nnet_test                                  1   1     0      0.471          1       2.12     67196      43656		
#Results for performance runs started at 23183:16:17:49 XCMD=-c64 -w1
549578576         MLT nnet_test                                  1   1     0      4.708         10       2.12     67196      43656		
549578576         MLT nnet_test                                  1   1     0      4.708         10       2.12     67196      43656		
549578576         MLT nnet_test                                  1   1     0      4.708         10       2.12     67196      43656		
#Median for final result nnet_test/
549578576         MLT nnet_test                                  1   1     0      4.708         10       2.12     67196      43656 median single
#UID            Suite Name                                     Ctx Wrk Fails       t(s)       Iter     Iter/s  Codesize   Datasize
#Results for verification run started at 23183:16:18:05 XCMD=-c64 -w1
1046644201        MLT linear_alg-mid-100x100-sp                  1   1     0      0.015          1      66.67     67454       4384		
#Results for performance runs started at 23183:16:18:05 XCMD=-c64 -w1
1046644201        MLT linear_alg-mid-100x100-sp                  1   1     0      0.770         50      64.94     67454       4384		
1046644201        MLT linear_alg-mid-100x100-sp                  1   1     0      0.770         50      64.94     67454       4384		
1046644201        MLT linear_alg-mid-100x100-sp                  1   1     0      0.771         50      64.85     67454       4384		
#Median for final result linear_alg-mid-100x100-sp/
1046644201        MLT linear_alg-mid-100x100-sp                  1   1     0      0.770         50      64.94     67454       4384 median single
#UID            Suite Name                                     Ctx Wrk Fails       t(s)       Iter     Iter/s  Codesize   Datasize
#Results for verification run started at 23183:16:18:09 XCMD=-c64 -w1
780641437         MLT parser-125k                                1   1     0      0.155          1       6.45     82718       2240		
#Results for performance runs started at 23183:16:18:09 XCMD=-c64 -w1
780641437         MLT parser-125k                                1   1     0      0.157          1       6.37     82718       2240		
780641437         MLT parser-125k                                1   1     0      0.140          1       7.14     82718       2240		
780641437         MLT parser-125k                                1   1     0      0.155          1       6.45     82718       2240		
#Median for final result parser-125k/
780641437         MLT parser-125k                                1   1     0      0.155          1       6.45     82718       2240 median single
#UID            Suite Name                                     Ctx Wrk Fails       t(s)       Iter     Iter/s  Codesize   Datasize
#Results for verification run started at 23183:16:18:11 XCMD=-c64 -w1
1814569103        MLT loops-all-mid-10k-sp                       1   1     0      0.546          1       1.83     81992       8160		
#Results for performance runs started at 23183:16:18:12 XCMD=-c64 -w1
1814569103        MLT loops-all-mid-10k-sp                       1   1     0     27.018         50       1.85     81992       8160		
1814569103        MLT loops-all-mid-10k-sp                       1   1     0     25.563         50       1.96     81992       8160		
1814569103        MLT loops-all-mid-10k-sp                       1   1     0     25.871         50       1.93     81992       8160		
#Median for final result loops-all-mid-10k-sp/
1814569103        MLT loops-all-mid-10k-sp                       1   1     0     25.871         50       1.93     81992       8160 median single
#UID            Suite Name                                     Ctx Wrk Fails       t(s)       Iter     Iter/s  Codesize   Datasize
#Results for verification run started at 23183:16:19:32 XCMD=-c64 -w1
1862946660        MLT radix2-big-64k                             1   1     0      0.034          1      29.41   1442580       2472		
#Results for performance runs started at 23183:16:19:32 XCMD=-c64 -w1
1862946660        MLT radix2-big-64k                             1   1     0     10.078       1000      99.23   1442580       2472		
1862946660        MLT radix2-big-64k                             1   1     0     10.065       1000      99.35   1442580       2472		
1862946660        MLT radix2-big-64k                             1   1     0     10.088       1000      99.13   1442580       2472		
#Median for final result radix2-big-64k/
1862946660        MLT radix2-big-64k                             1   1     0     10.078       1000      99.23   1442580       2472 median single
#UID            Suite Name                                     Ctx Wrk Fails       t(s)       Iter     Iter/s  Codesize   Datasize
#Results for verification run started at 23183:16:20:04 XCMD=-c64 -w1
946108807         MLT zip-test                                   1   1     0      0.021          1      47.62    124638       2480		
#Results for performance runs started at 23183:16:20:05 XCMD=-c64 -w1
946108807         MLT zip-test                                   1   1     0      0.020          1      50.00    124638       2480		
946108807         MLT zip-test                                   1   1     0      0.021          1      47.62    124638       2480		
946108807         MLT zip-test                                   1   1     0      0.020          1      50.00    124638       2480		
#Median for final result zip-test/
946108807         MLT zip-test                                   1   1     0      0.020          1      50.00    124638       2480 median single
#UID            Suite Name                                     Ctx Wrk Fails       t(s)       Iter     Iter/s  Codesize   Datasize
#Results for verification run started at 23183:16:20:09 XCMD=-c64 -w1
236760500         MLT cjpeg-rose7-preset                        64   1     0      0.005          1     200.00    104046     267504		
#Results for performance runs started at 23183:16:20:10 XCMD=-c64 -w1
236760500         MLT cjpeg-rose7-preset                        64   1     0      0.006         10    1666.67    104046     267504		
236760500         MLT cjpeg-rose7-preset                        64   1     0      0.006         10    1666.67    104046     267504		
236760500         MLT cjpeg-rose7-preset                        64   1     0      0.008         10    1250.00    104046     267504		
#Median for final result cjpeg-rose7-preset/
236760500         MLT cjpeg-rose7-preset                        64   1     0      0.006         10    1666.67    104046     267504 median best
#UID            Suite Name                                     Ctx Wrk Fails       t(s)       Iter     Iter/s  Codesize   Datasize
#Results for verification run started at 23183:16:20:11 XCMD=-c64 -w1
1050863061        MLT sha-test                                  64   1     0      0.010          1     100.00     71806       2248		
#Results for performance runs started at 23183:16:20:12 XCMD=-c64 -w1
1050863061        MLT sha-test                                  64   1     0      0.020         64    3200.00     71806       2248		
1050863061        MLT sha-test                                  64   1     0      0.020         64    3200.00     71806       2248		
1050863061        MLT sha-test                                  64   1     0      0.021         64    3047.62     71806       2248		
#Median for final result sha-test/
1050863061        MLT sha-test                                  64   1     0      0.020         64    3200.00     71806       2248 median best
#UID            Suite Name                                     Ctx Wrk Fails       t(s)       Iter     Iter/s  Codesize   Datasize
#Results for verification run started at 23183:16:20:13 XCMD=-c64 -w1
490760323         MLT core                                      64   1     0      1.865          1       0.54     64576       4368		
#Results for performance runs started at 23183:16:20:15 XCMD=-c64 -w1
490760323         MLT core                                      64   1     0      3.112         64      20.57     64576       4368		
490760323         MLT core                                      64   1     0      2.968         64      21.56     64576       4368		
490760323         MLT core                                      64   1     0      3.088         64      20.73     64576       4368		
#Median for final result core/
490760323         MLT core                                      64   1     0      3.088         64      20.73     64576       4368 median best
#UID            Suite Name                                     Ctx Wrk Fails       t(s)       Iter     Iter/s  Codesize   Datasize
#Results for verification run started at 23183:16:20:26 XCMD=-c64 -w1
549578576         MLT nnet_test                                 64   1     0      0.473          1       2.11     67196      43656		
#Results for performance runs started at 23183:16:20:27 XCMD=-c64 -w1
549578576         MLT nnet_test                                 64   1     0      0.860         64      74.42     67196      43656		
549578576         MLT nnet_test                                 64   1     0      0.814         64      78.62     67196      43656		
549578576         MLT nnet_test                                 64   1     0      0.817         64      78.34     67196      43656		
#Median for final result nnet_test/
549578576         MLT nnet_test                                 64   1     0      0.817         64      78.34     67196      43656 median best
#UID            Suite Name                                     Ctx Wrk Fails       t(s)       Iter     Iter/s  Codesize   Datasize
#Results for verification run started at 23183:16:20:31 XCMD=-c64 -w1
1046644201        MLT linear_alg-mid-100x100-sp                 64   1     0      0.017          1      58.82     67454       4384		
#Results for performance runs started at 23183:16:20:31 XCMD=-c64 -w1
1046644201        MLT linear_alg-mid-100x100-sp                 64   1     0      0.032         64    2000.00     67454       4384		
1046644201        MLT linear_alg-mid-100x100-sp                 64   1     0      0.032         64    2000.00     67454       4384		
1046644201        MLT linear_alg-mid-100x100-sp                 64   1     0      0.033         64    1939.39     67454       4384		
#Median for final result linear_alg-mid-100x100-sp/
1046644201        MLT linear_alg-mid-100x100-sp                 64   1     0      0.032         64    2000.00     67454       4384 median best
#UID            Suite Name                                     Ctx Wrk Fails       t(s)       Iter     Iter/s  Codesize   Datasize
#Results for verification run started at 23183:16:20:33 XCMD=-c64 -w1
780641437         MLT parser-125k                               64   1     0      0.157          1       6.37     82718       2240		
#Results for performance runs started at 23183:16:20:33 XCMD=-c64 -w1
780641437         MLT parser-125k                               64   1     0      0.338         64     189.35     82718       2240		
780641437         MLT parser-125k                               64   1     0      0.342         64     187.13     82718       2240		
780641437         MLT parser-125k                               64   1     0      0.358         64     178.77     82718       2240		
#Median for final result parser-125k/
780641437         MLT parser-125k                               64   1     0      0.342         64     187.13     82718       2240 median best
#UID            Suite Name                                     Ctx Wrk Fails       t(s)       Iter     Iter/s  Codesize   Datasize
#Results for verification run started at 23183:16:20:36 XCMD=-c64 -w1
1814569103        MLT loops-all-mid-10k-sp                      64   1     0      0.545          1       1.83     81992       8160		
#Results for performance runs started at 23183:16:20:37 XCMD=-c64 -w1
1814569103        MLT loops-all-mid-10k-sp                      64   1     0      1.061         64      60.32     81992       8160		
1814569103        MLT loops-all-mid-10k-sp                      64   1     0      1.040         64      61.54     81992       8160		
1814569103        MLT loops-all-mid-10k-sp                      64   1     0      1.108         64      57.76     81992       8160		
#Median for final result loops-all-mid-10k-sp/
1814569103        MLT loops-all-mid-10k-sp                      64   1     0      1.061         64      60.32     81992       8160 median best
#UID            Suite Name                                     Ctx Wrk Fails       t(s)       Iter     Iter/s  Codesize   Datasize
#Results for verification run started at 23183:16:20:41 XCMD=-c64 -w1
1862946660        MLT radix2-big-64k                            64   1     0      0.035          1      28.57   1442580       2472		
#Results for performance runs started at 23183:16:20:42 XCMD=-c64 -w1
1862946660        MLT radix2-big-64k                            64   1     0      0.262       1000    3816.79   1442580       2472		
1862946660        MLT radix2-big-64k                            64   1     0      0.271       1000    3690.04   1442580       2472		
1862946660        MLT radix2-big-64k                            64   1     0      0.258       1000    3875.97   1442580       2472		
#Median for final result radix2-big-64k/
1862946660        MLT radix2-big-64k                            64   1     0      0.262       1000    3816.79   1442580       2472 median best
#UID            Suite Name                                     Ctx Wrk Fails       t(s)       Iter     Iter/s  Codesize   Datasize
#Results for verification run started at 23183:16:20:44 XCMD=-c64 -w1
946108807         MLT zip-test                                  64   1     0      0.023          1      43.48    124638       2480		
#Results for performance runs started at 23183:16:20:45 XCMD=-c64 -w1
946108807         MLT zip-test                                  64   1     0      0.056         64    1142.86    124638       2480		
946108807         MLT zip-test                                  64   1     0      0.051         64    1254.90    124638       2480		
946108807         MLT zip-test                                  64   1     0      0.057         64    1122.81    124638       2480		
#Median for final result zip-test/
946108807         MLT zip-test                                  64   1     0      0.056         64    1142.86    124638       2480 median best
