#UID            Suite Name                                     Ctx Wrk Fails       t(s)       Iter     Iter/s  Codesize   Datasize
#Results for verification run started at 23183:14:32:17 XCMD=-c64 -w16
236760500         MLT cjpeg-rose7-preset                         1   1     0      0.011          1      90.91    104046     267504		
#Results for performance runs started at 23183:14:32:17 XCMD=-c64 -w16
236760500         MLT cjpeg-rose7-preset                         1   1     0      0.109         10      91.74    104046     267504		
236760500         MLT cjpeg-rose7-preset                         1   1     0      0.109         10      91.74    104046     267504		
236760500         MLT cjpeg-rose7-preset                         1   1     0      0.109         10      91.74    104046     267504		
#Median for final result cjpeg-rose7-preset/
236760500         MLT cjpeg-rose7-preset                         1   1     0      0.109         10      91.74    104046     267504 median single
#UID            Suite Name                                     Ctx Wrk Fails       t(s)       Iter     Iter/s  Codesize   Datasize
#Results for verification run started at 23183:14:32:18 XCMD=-c64 -w16
1050863061        MLT sha-test                                   1   1     0      0.007          1     142.86     71806       2248		
#Results for performance runs started at 23183:14:32:18 XCMD=-c64 -w16
1050863061        MLT sha-test                                   1   1     0      0.071         10     140.85     71806       2248		
1050863061        MLT sha-test                                   1   1     0      0.071         10     140.85     71806       2248		
1050863061        MLT sha-test                                   1   1     0      0.071         10     140.85     71806       2248		
#Median for final result sha-test/
1050863061        MLT sha-test                                   1   1     0      0.071         10     140.85     71806       2248 median single
#UID            Suite Name                                     Ctx Wrk Fails       t(s)       Iter     Iter/s  Codesize   Datasize
#Results for verification run started at 23183:14:32:20 XCMD=-c64 -w16
490760323         MLT core                                       1   1     0      1.025          1       0.98     64576       4368		
#Results for performance runs started at 23183:14:32:21 XCMD=-c64 -w16
490760323         MLT core                                       1   1     0      1.027          1       0.97     64576       4368		
490760323         MLT core                                       1   1     0      1.026          1       0.97     64576       4368		
490760323         MLT core                                       1   1     0      1.027          1       0.97     64576       4368		
#Median for final result core/
490760323         MLT core                                       1   1     0      1.027          1       0.97     64576       4368 median single
#UID            Suite Name                                     Ctx Wrk Fails       t(s)       Iter     Iter/s  Codesize   Datasize
#Results for verification run started at 23183:14:32:25 XCMD=-c64 -w16
549578576         MLT nnet_test                                  1   1     0      0.292          1       3.42     67196      43656		
#Results for performance runs started at 23183:14:32:26 XCMD=-c64 -w16
549578576         MLT nnet_test                                  1   1     0      2.922         10       3.42     67196      43656		
549578576         MLT nnet_test                                  1   1     0      2.921         10       3.42     67196      43656		
549578576         MLT nnet_test                                  1   1     0      2.921         10       3.42     67196      43656		
#Median for final result nnet_test/
549578576         MLT nnet_test                                  1   1     0      2.921         10       3.42     67196      43656 median single
#UID            Suite Name                                     Ctx Wrk Fails       t(s)       Iter     Iter/s  Codesize   Datasize
#Results for verification run started at 23183:14:32:35 XCMD=-c64 -w16
1046644201        MLT linear_alg-mid-100x100-sp                  1   1     0      0.019          1      52.63     67454       4384		
#Results for performance runs started at 23183:14:32:36 XCMD=-c64 -w16
1046644201        MLT linear_alg-mid-100x100-sp                  1   1     0      0.905         50      55.25     67454       4384		
1046644201        MLT linear_alg-mid-100x100-sp                  1   1     0      0.905         50      55.25     67454       4384		
1046644201        MLT linear_alg-mid-100x100-sp                  1   1     0      0.905         50      55.25     67454       4384		
#Median for final result linear_alg-mid-100x100-sp/
1046644201        MLT linear_alg-mid-100x100-sp                  1   1     0      0.905         50      55.25     67454       4384 median single
#UID            Suite Name                                     Ctx Wrk Fails       t(s)       Iter     Iter/s  Codesize   Datasize
#Results for verification run started at 23183:14:32:39 XCMD=-c64 -w16
780641437         MLT parser-125k                                1   1     0      0.092          1      10.87     82718       2240		
#Results for performance runs started at 23183:14:32:40 XCMD=-c64 -w16
780641437         MLT parser-125k                                1   1     0      0.091          1      10.99     82718       2240		
780641437         MLT parser-125k                                1   1     0      0.091          1      10.99     82718       2240		
780641437         MLT parser-125k                                1   1     0      0.092          1      10.87     82718       2240		
#Median for final result parser-125k/
780641437         MLT parser-125k                                1   1     0      0.091          1      10.99     82718       2240 median single
#UID            Suite Name                                     Ctx Wrk Fails       t(s)       Iter     Iter/s  Codesize   Datasize
#Results for verification run started at 23183:14:32:41 XCMD=-c64 -w16
1814569103        MLT loops-all-mid-10k-sp                       1   1     0      0.358          1       2.79     81992       8160		
#Results for performance runs started at 23183:14:32:42 XCMD=-c64 -w16
1814569103        MLT loops-all-mid-10k-sp                       1   1     0     17.919         50       2.79     81992       8160		
1814569103        MLT loops-all-mid-10k-sp                       1   1     0     17.921         50       2.79     81992       8160		
1814569103        MLT loops-all-mid-10k-sp                       1   1     0     17.920         50       2.79     81992       8160		
#Median for final result loops-all-mid-10k-sp/
1814569103        MLT loops-all-mid-10k-sp                       1   1     0     17.920         50       2.79     81992       8160 median single
#UID            Suite Name                                     Ctx Wrk Fails       t(s)       Iter     Iter/s  Codesize   Datasize
#Results for verification run started at 23183:14:33:36 XCMD=-c64 -w16
1862946660        MLT radix2-big-64k                             1   1     0      0.018          1      55.56   1442580       2472		
#Results for performance runs started at 23183:14:33:37 XCMD=-c64 -w16
1862946660        MLT radix2-big-64k                             1   1     0      3.685       1000     271.37   1442580       2472		
1862946660        MLT radix2-big-64k                             1   1     0      3.681       1000     271.67   1442580       2472		
1862946660        MLT radix2-big-64k                             1   1     0      3.691       1000     270.93   1442580       2472		
#Median for final result radix2-big-64k/
1862946660        MLT radix2-big-64k                             1   1     0      3.685       1000     271.37   1442580       2472 median single
#UID            Suite Name                                     Ctx Wrk Fails       t(s)       Iter     Iter/s  Codesize   Datasize
#Results for verification run started at 23183:14:33:49 XCMD=-c64 -w16
946108807         MLT zip-test                                   1   1     0      0.014          1      71.43    124638       2480		
#Results for performance runs started at 23183:14:33:50 XCMD=-c64 -w16
946108807         MLT zip-test                                   1   1     0      0.014          1      71.43    124638       2480		
946108807         MLT zip-test                                   1   1     0      0.014          1      71.43    124638       2480		
946108807         MLT zip-test                                   1   1     0      0.014          1      71.43    124638       2480		
#Median for final result zip-test/
946108807         MLT zip-test                                   1   1     0      0.014          1      71.43    124638       2480 median single
#UID            Suite Name                                     Ctx Wrk Fails       t(s)       Iter     Iter/s  Codesize   Datasize
#Results for verification run started at 23183:14:33:54 XCMD=-c64 -w16
236760500         MLT cjpeg-rose7-preset                        64  16     0      0.004          1     250.00    104046     267504		
#Results for performance runs started at 23183:14:33:55 XCMD=-c64 -w16
236760500         MLT cjpeg-rose7-preset                        64  16     0      0.005         10    2000.00    104046     267504		
236760500         MLT cjpeg-rose7-preset                        64  16     0      0.005         10    2000.00    104046     267504		
236760500         MLT cjpeg-rose7-preset                        64  16     0      0.005         10    2000.00    104046     267504		
#Median for final result cjpeg-rose7-preset/
236760500         MLT cjpeg-rose7-preset                        64  16     0      0.005         10    2000.00    104046     267504 median best
#UID            Suite Name                                     Ctx Wrk Fails       t(s)       Iter     Iter/s  Codesize   Datasize
#Results for verification run started at 23183:14:33:56 XCMD=-c64 -w16
1050863061        MLT sha-test                                  64  16     0      0.007          1     142.86     71806       2248		
#Results for performance runs started at 23183:14:33:56 XCMD=-c64 -w16
1050863061        MLT sha-test                                  64  16     0      0.017         64    3764.71     71806       2248		
1050863061        MLT sha-test                                  64  16     0      0.017         64    3764.71     71806       2248		
1050863061        MLT sha-test                                  64  16     0      0.025         64    2560.00     71806       2248		
#Median for final result sha-test/
1050863061        MLT sha-test                                  64  16     0      0.017         64    3764.71     71806       2248 median best
#UID            Suite Name                                     Ctx Wrk Fails       t(s)       Iter     Iter/s  Codesize   Datasize
#Results for verification run started at 23183:14:33:57 XCMD=-c64 -w16
490760323         MLT core                                      64  16     0      1.025          1       0.98     64576       4368		
#Results for performance runs started at 23183:14:33:58 XCMD=-c64 -w16
490760323         MLT core                                      64  16     0      1.610         64      39.75     64576       4368		
490760323         MLT core                                      64  16     0      1.606         64      39.85     64576       4368		
490760323         MLT core                                      64  16     0      1.590         64      40.25     64576       4368		
#Median for final result core/
490760323         MLT core                                      64  16     0      1.606         64      39.85     64576       4368 median best
#UID            Suite Name                                     Ctx Wrk Fails       t(s)       Iter     Iter/s  Codesize   Datasize
#Results for verification run started at 23183:14:34:04 XCMD=-c64 -w16
549578576         MLT nnet_test                                 64  16     0      0.294          1       3.40     67196      43656		
#Results for performance runs started at 23183:14:34:05 XCMD=-c64 -w16
549578576         MLT nnet_test                                 64  16     0      0.457         64     140.04     67196      43656		
549578576         MLT nnet_test                                 64  16     0      0.457         64     140.04     67196      43656		
549578576         MLT nnet_test                                 64  16     0      0.458         64     139.74     67196      43656		
#Median for final result nnet_test/
549578576         MLT nnet_test                                 64  16     0      0.457         64     140.04     67196      43656 median best
#UID            Suite Name                                     Ctx Wrk Fails       t(s)       Iter     Iter/s  Codesize   Datasize
#Results for verification run started at 23183:14:34:07 XCMD=-c64 -w16
1046644201        MLT linear_alg-mid-100x100-sp                 64  16     0      0.018          1      55.56     67454       4384		
#Results for performance runs started at 23183:14:34:07 XCMD=-c64 -w16
1046644201        MLT linear_alg-mid-100x100-sp                 64  16     0      0.037         64    1729.73     67454       4384		
1046644201        MLT linear_alg-mid-100x100-sp                 64  16     0      0.036         64    1777.78     67454       4384		
1046644201        MLT linear_alg-mid-100x100-sp                 64  16     0      0.037         64    1729.73     67454       4384		
#Median for final result linear_alg-mid-100x100-sp/
1046644201        MLT linear_alg-mid-100x100-sp                 64  16     0      0.037         64    1729.73     67454       4384 median best
#UID            Suite Name                                     Ctx Wrk Fails       t(s)       Iter     Iter/s  Codesize   Datasize
#Results for verification run started at 23183:14:34:08 XCMD=-c64 -w16
780641437         MLT parser-125k                               64  16     0      0.091          1      10.99     82718       2240		
#Results for performance runs started at 23183:14:34:09 XCMD=-c64 -w16
780641437         MLT parser-125k                               64  16     0      0.203         64     315.27     82718       2240		
780641437         MLT parser-125k                               64  16     0      0.201         64     318.41     82718       2240		
780641437         MLT parser-125k                               64  16     0      0.200         64     320.00     82718       2240		
#Median for final result parser-125k/
780641437         MLT parser-125k                               64  16     0      0.201         64     318.41     82718       2240 median best
#UID            Suite Name                                     Ctx Wrk Fails       t(s)       Iter     Iter/s  Codesize   Datasize
#Results for verification run started at 23183:14:34:10 XCMD=-c64 -w16
1814569103        MLT loops-all-mid-10k-sp                      64  16     0      0.359          1       2.79     81992       8160		
#Results for performance runs started at 23183:14:34:11 XCMD=-c64 -w16
1814569103        MLT loops-all-mid-10k-sp                      64  16     0      0.898         64      71.27     81992       8160		
1814569103        MLT loops-all-mid-10k-sp                      64  16     0      0.889         64      71.99     81992       8160		
1814569103        MLT loops-all-mid-10k-sp                      64  16     0      0.944         64      67.80     81992       8160		
#Median for final result loops-all-mid-10k-sp/
1814569103        MLT loops-all-mid-10k-sp                      64  16     0      0.898         64      71.27     81992       8160 median best
#UID            Suite Name                                     Ctx Wrk Fails       t(s)       Iter     Iter/s  Codesize   Datasize
#Results for verification run started at 23183:14:34:15 XCMD=-c64 -w16
1862946660        MLT radix2-big-64k                            64  16     0      0.018          1      55.56   1442580       2472		
#Results for performance runs started at 23183:14:34:15 XCMD=-c64 -w16
1862946660        MLT radix2-big-64k                            64  16     0      0.090       1000   11111.11   1442580       2472		
1862946660        MLT radix2-big-64k                            64  16     0      0.093       1000   10752.69   1442580       2472		
1862946660        MLT radix2-big-64k                            64  16     0      0.090       1000   11111.11   1442580       2472		
#Median for final result radix2-big-64k/
1862946660        MLT radix2-big-64k                            64  16     0      0.090       1000   11111.11   1442580       2472 median best
#UID            Suite Name                                     Ctx Wrk Fails       t(s)       Iter     Iter/s  Codesize   Datasize
#Results for verification run started at 23183:14:34:16 XCMD=-c64 -w16
946108807         MLT zip-test                                  64  16     0      0.015          1      66.67    124638       2480		
#Results for performance runs started at 23183:14:34:18 XCMD=-c64 -w16
946108807         MLT zip-test                                  64  16     0      0.040         64    1600.00    124638       2480		
946108807         MLT zip-test                                  64  16     0      0.041         64    1560.98    124638       2480		
946108807         MLT zip-test                                  64  16     0      0.048         64    1333.33    124638       2480		
#Median for final result zip-test/
946108807         MLT zip-test                                  64  16     0      0.041         64    1560.98    124638       2480 median best
