#UID            Suite Name                                     Ctx Wrk Fails       t(s)       Iter     Iter/s  Codesize   Datasize
#Results for verification run started at 23183:18:29:21 XCMD=-c64 -w16
236760500         MLT cjpeg-rose7-preset                         1   1     0      0.018          1      55.56    129154     267680		
#Results for performance runs started at 23183:18:29:21 XCMD=-c64 -w16
236760500         MLT cjpeg-rose7-preset                         1   1     0      0.141         10      70.92    129154     267680		
236760500         MLT cjpeg-rose7-preset                         1   1     0      0.141         10      70.92    129154     267680		
236760500         MLT cjpeg-rose7-preset                         1   1     0      0.142         10      70.42    129154     267680		
#Median for final result cjpeg-rose7-preset/
236760500         MLT cjpeg-rose7-preset                         1   1     0      0.141         10      70.92    129154     267680 median single
#UID            Suite Name                                     Ctx Wrk Fails       t(s)       Iter     Iter/s  Codesize   Datasize
#Results for verification run started at 23183:18:29:23 XCMD=-c64 -w16
1050863061        MLT sha-test                                   1   1     0      0.015          1      66.67     91634       2424		
#Results for performance runs started at 23183:18:29:24 XCMD=-c64 -w16
1050863061        MLT sha-test                                   1   1     0      0.153         10      65.36     91634       2424		
1050863061        MLT sha-test                                   1   1     0      0.153         10      65.36     91634       2424		
1050863061        MLT sha-test                                   1   1     0      0.153         10      65.36     91634       2424		
#Median for final result sha-test/
1050863061        MLT sha-test                                   1   1     0      0.153         10      65.36     91634       2424 median single
#UID            Suite Name                                     Ctx Wrk Fails       t(s)       Iter     Iter/s  Codesize   Datasize
#Results for verification run started at 23183:18:29:26 XCMD=-c64 -w16
490760323         MLT core                                       1   1     0      4.158          1       0.24     81384       5192		
#Results for performance runs started at 23183:18:29:30 XCMD=-c64 -w16
490760323         MLT core                                       1   1     0      4.156          1       0.24     81384       5192		
490760323         MLT core                                       1   1     0      4.156          1       0.24     81384       5192		
490760323         MLT core                                       1   1     0      4.157          1       0.24     81384       5192		
#Median for final result core/
490760323         MLT core                                       1   1     0      4.156          1       0.24     81384       5192 median single
#UID            Suite Name                                     Ctx Wrk Fails       t(s)       Iter     Iter/s  Codesize   Datasize
#Results for verification run started at 23183:18:29:44 XCMD=-c64 -w16
549578576         MLT nnet_test                                  1   1     0      0.438          1       2.28     87564      43864		
#Results for performance runs started at 23183:18:29:45 XCMD=-c64 -w16
549578576         MLT nnet_test                                  1   1     0      4.361         10       2.29     87564      43864		
549578576         MLT nnet_test                                  1   1     0      4.362         10       2.29     87564      43864		
549578576         MLT nnet_test                                  1   1     0      4.361         10       2.29     87564      43864		
#Median for final result nnet_test/
549578576         MLT nnet_test                                  1   1     0      4.361         10       2.29     87564      43864 median single
#UID            Suite Name                                     Ctx Wrk Fails       t(s)       Iter     Iter/s  Codesize   Datasize
#Results for verification run started at 23183:18:29:59 XCMD=-c64 -w16
1046644201        MLT linear_alg-mid-100x100-sp                  1   1     0      0.017          1      58.82     93130       4568		
#Results for performance runs started at 23183:18:30:00 XCMD=-c64 -w16
1046644201        MLT linear_alg-mid-100x100-sp                  1   1     0      0.811         50      61.65     93130       4568		
1046644201        MLT linear_alg-mid-100x100-sp                  1   1     0      0.810         50      61.73     93130       4568		
1046644201        MLT linear_alg-mid-100x100-sp                  1   1     0      0.810         50      61.73     93130       4568		
#Median for final result linear_alg-mid-100x100-sp/
1046644201        MLT linear_alg-mid-100x100-sp                  1   1     0      0.810         50      61.73     93130       4568 median single
#UID            Suite Name                                     Ctx Wrk Fails       t(s)       Iter     Iter/s  Codesize   Datasize
#Results for verification run started at 23183:18:30:04 XCMD=-c64 -w16
780641437         MLT parser-125k                                1   1     0      0.161          1       6.21    100222       2536		
#Results for performance runs started at 23183:18:30:04 XCMD=-c64 -w16
780641437         MLT parser-125k                                1   1     0      0.145          1       6.90    100222       2536		
780641437         MLT parser-125k                                1   1     0      0.161          1       6.21    100222       2536		
780641437         MLT parser-125k                                1   1     0      0.140          1       7.14    100222       2536		
#Median for final result parser-125k/
780641437         MLT parser-125k                                1   1     0      0.145          1       6.90    100222       2536 median single
#UID            Suite Name                                     Ctx Wrk Fails       t(s)       Iter     Iter/s  Codesize   Datasize
#Results for verification run started at 23183:18:30:06 XCMD=-c64 -w16
1814569103        MLT loops-all-mid-10k-sp                       1   1     0      0.541          1       1.85    109584       8344		
#Results for performance runs started at 23183:18:30:07 XCMD=-c64 -w16
1814569103        MLT loops-all-mid-10k-sp                       1   1     0     26.867         50       1.86    109584       8344		
1814569103        MLT loops-all-mid-10k-sp                       1   1     0     26.858         50       1.86    109584       8344		
1814569103        MLT loops-all-mid-10k-sp                       1   1     0     26.866         50       1.86    109584       8344		
#Median for final result loops-all-mid-10k-sp/
1814569103        MLT loops-all-mid-10k-sp                       1   1     0     26.866         50       1.86    109584       8344 median single
#UID            Suite Name                                     Ctx Wrk Fails       t(s)       Iter     Iter/s  Codesize   Datasize
#Results for verification run started at 23183:18:31:29 XCMD=-c64 -w16
1862946660        MLT radix2-big-64k                             1   1     0      0.033          1      30.30   1459492       2936		
#Results for performance runs started at 23183:18:31:29 XCMD=-c64 -w16
1862946660        MLT radix2-big-64k                             1   1     0      9.177       1000     108.97   1459492       2936		
1862946660        MLT radix2-big-64k                             1   1     0      9.208       1000     108.60   1459492       2936		
1862946660        MLT radix2-big-64k                             1   1     0      9.179       1000     108.94   1459492       2936		
#Median for final result radix2-big-64k/
1862946660        MLT radix2-big-64k                             1   1     0      9.179       1000     108.94   1459492       2936 median single
#UID            Suite Name                                     Ctx Wrk Fails       t(s)       Iter     Iter/s  Codesize   Datasize
#Results for verification run started at 23183:18:31:58 XCMD=-c64 -w16
946108807         MLT zip-test                                   1   1     0      0.027          1      37.04    157220       2768		
#Results for performance runs started at 23183:18:32:00 XCMD=-c64 -w16
946108807         MLT zip-test                                   1   1     0      0.026          1      38.46    157220       2768		
946108807         MLT zip-test                                   1   1     0      0.026          1      38.46    157220       2768		
946108807         MLT zip-test                                   1   1     0      0.026          1      38.46    157220       2768		
#Median for final result zip-test/
946108807         MLT zip-test                                   1   1     0      0.026          1      38.46    157220       2768 median single
#UID            Suite Name                                     Ctx Wrk Fails       t(s)       Iter     Iter/s  Codesize   Datasize
#Results for verification run started at 23183:18:32:04 XCMD=-c64 -w16
236760500         MLT cjpeg-rose7-preset                        64  16     0      0.005          1     200.00    129154     267680		
#Results for performance runs started at 23183:18:32:04 XCMD=-c64 -w16
236760500         MLT cjpeg-rose7-preset                        64  16     0      0.007         10    1428.57    129154     267680		
236760500         MLT cjpeg-rose7-preset                        64  16     0      0.007         10    1428.57    129154     267680		
236760500         MLT cjpeg-rose7-preset                        64  16     0      0.006         10    1666.67    129154     267680		
#Median for final result cjpeg-rose7-preset/
236760500         MLT cjpeg-rose7-preset                        64  16     0      0.007         10    1428.57    129154     267680 median best
#UID            Suite Name                                     Ctx Wrk Fails       t(s)       Iter     Iter/s  Codesize   Datasize
#Results for verification run started at 23183:18:32:06 XCMD=-c64 -w16
1050863061        MLT sha-test                                  64  16     0      0.016          1      62.50     91634       2424		
#Results for performance runs started at 23183:18:32:06 XCMD=-c64 -w16
1050863061        MLT sha-test                                  64  16     0      0.032         64    2000.00     91634       2424		
1050863061        MLT sha-test                                  64  16     0      0.032         64    2000.00     91634       2424		
1050863061        MLT sha-test                                  64  16     0      0.032         64    2000.00     91634       2424		
#Median for final result sha-test/
1050863061        MLT sha-test                                  64  16     0      0.032         64    2000.00     91634       2424 median best
#UID            Suite Name                                     Ctx Wrk Fails       t(s)       Iter     Iter/s  Codesize   Datasize
#Results for verification run started at 23183:18:32:08 XCMD=-c64 -w16
490760323         MLT core                                      64  16     0      4.223          1       0.24     81384       5192		
#Results for performance runs started at 23183:18:32:12 XCMD=-c64 -w16
490760323         MLT core                                      64  16     0      6.913         64       9.26     81384       5192		
490760323         MLT core                                      64  16     0      7.118         64       8.99     81384       5192		
490760323         MLT core                                      64  16     0      6.911         64       9.26     81384       5192		
#Median for final result core/
490760323         MLT core                                      64  16     0      6.913         64       9.26     81384       5192 median best
#UID            Suite Name                                     Ctx Wrk Fails       t(s)       Iter     Iter/s  Codesize   Datasize
#Results for verification run started at 23183:18:32:35 XCMD=-c64 -w16
549578576         MLT nnet_test                                 64  16     0      0.437          1       2.29     87564      43864		
#Results for performance runs started at 23183:18:32:35 XCMD=-c64 -w16
549578576         MLT nnet_test                                 64  16     0      0.735         64      87.07     87564      43864		
549578576         MLT nnet_test                                 64  16     0      0.750         64      85.33     87564      43864		
549578576         MLT nnet_test                                 64  16     0      0.741         64      86.37     87564      43864		
#Median for final result nnet_test/
549578576         MLT nnet_test                                 64  16     0      0.741         64      86.37     87564      43864 median best
#UID            Suite Name                                     Ctx Wrk Fails       t(s)       Iter     Iter/s  Codesize   Datasize
#Results for verification run started at 23183:18:32:39 XCMD=-c64 -w16
1046644201        MLT linear_alg-mid-100x100-sp                 64  16     0      0.017          1      58.82     93130       4568		
#Results for performance runs started at 23183:18:32:40 XCMD=-c64 -w16
1046644201        MLT linear_alg-mid-100x100-sp                 64  16     0      0.034         64    1882.35     93130       4568		
1046644201        MLT linear_alg-mid-100x100-sp                 64  16     0      0.034         64    1882.35     93130       4568		
1046644201        MLT linear_alg-mid-100x100-sp                 64  16     0      0.034         64    1882.35     93130       4568		
#Median for final result linear_alg-mid-100x100-sp/
1046644201        MLT linear_alg-mid-100x100-sp                 64  16     0      0.034         64    1882.35     93130       4568 median best
#UID            Suite Name                                     Ctx Wrk Fails       t(s)       Iter     Iter/s  Codesize   Datasize
#Results for verification run started at 23183:18:32:41 XCMD=-c64 -w16
780641437         MLT parser-125k                               64  16     0      0.151          1       6.62    100222       2536		
#Results for performance runs started at 23183:18:32:42 XCMD=-c64 -w16
780641437         MLT parser-125k                               64  16     0      1.555         64      41.16    100222       2536		
780641437         MLT parser-125k                               64  16     0      1.551         64      41.26    100222       2536		
780641437         MLT parser-125k                               64  16     0      1.514         64      42.27    100222       2536		
#Median for final result parser-125k/
780641437         MLT parser-125k                               64  16     0      1.551         64      41.26    100222       2536 median best
#UID            Suite Name                                     Ctx Wrk Fails       t(s)       Iter     Iter/s  Codesize   Datasize
#Results for verification run started at 23183:18:32:48 XCMD=-c64 -w16
1814569103        MLT loops-all-mid-10k-sp                      64  16     0      0.539          1       1.86    109584       8344		
#Results for performance runs started at 23183:18:32:49 XCMD=-c64 -w16
1814569103        MLT loops-all-mid-10k-sp                      64  16     0      0.976         64      65.57    109584       8344		
1814569103        MLT loops-all-mid-10k-sp                      64  16     0      0.980         64      65.31    109584       8344		
1814569103        MLT loops-all-mid-10k-sp                      64  16     0      0.965         64      66.32    109584       8344		
#Median for final result loops-all-mid-10k-sp/
1814569103        MLT loops-all-mid-10k-sp                      64  16     0      0.976         64      65.57    109584       8344 median best
#UID            Suite Name                                     Ctx Wrk Fails       t(s)       Iter     Iter/s  Codesize   Datasize
#Results for verification run started at 23183:18:32:53 XCMD=-c64 -w16
1862946660        MLT radix2-big-64k                            64  16     0      0.035          1      28.57   1459492       2936		
#Results for performance runs started at 23183:18:32:53 XCMD=-c64 -w16
1862946660        MLT radix2-big-64k                            64  16     0      0.205       1000    4878.05   1459492       2936		
1862946660        MLT radix2-big-64k                            64  16     0      0.206       1000    4854.37   1459492       2936		
1862946660        MLT radix2-big-64k                            64  16     0      0.207       1000    4830.92   1459492       2936		
#Median for final result radix2-big-64k/
1862946660        MLT radix2-big-64k                            64  16     0      0.206       1000    4854.37   1459492       2936 median best
#UID            Suite Name                                     Ctx Wrk Fails       t(s)       Iter     Iter/s  Codesize   Datasize
#Results for verification run started at 23183:18:32:56 XCMD=-c64 -w16
946108807         MLT zip-test                                  64  16     0      0.029          1      34.48    157220       2768		
#Results for performance runs started at 23183:18:32:57 XCMD=-c64 -w16
946108807         MLT zip-test                                  64  16     0      0.063         64    1015.87    157220       2768		
946108807         MLT zip-test                                  64  16     0      0.061         64    1049.18    157220       2768		
946108807         MLT zip-test                                  64  16     0      0.059         64    1084.75    157220       2768		
#Median for final result zip-test/
946108807         MLT zip-test                                  64  16     0      0.061         64    1049.18    157220       2768 median best
