#UID            Suite Name                                     Ctx Wrk Fails       t(s)       Iter     Iter/s  Codesize   Datasize
#Results for verification run started at 23183:18:35:46 XCMD=-c64 -w64
236760500         MLT cjpeg-rose7-preset                        64  64     0      0.005          1     200.00    129154     267680		
#Results for performance runs started at 23183:18:35:46 XCMD=-c64 -w64
236760500         MLT cjpeg-rose7-preset                        64  64     0      0.006         10    1666.67    129154     267680		
236760500         MLT cjpeg-rose7-preset                        64  64     0      0.007         10    1428.57    129154     267680		
236760500         MLT cjpeg-rose7-preset                        64  64     0      0.007         10    1428.57    129154     267680		
#Median for final result cjpeg-rose7-preset/
236760500         MLT cjpeg-rose7-preset                        64  64     0      0.007         10    1428.57    129154     267680 median best
#UID            Suite Name                                     Ctx Wrk Fails       t(s)       Iter     Iter/s  Codesize   Datasize
#Results for verification run started at 23183:18:35:47 XCMD=-c64 -w64
1050863061        MLT sha-test                                  64  64     0      0.016          1      62.50     91634       2424		
#Results for performance runs started at 23183:18:35:48 XCMD=-c64 -w64
1050863061        MLT sha-test                                  64  64     0      0.032         64    2000.00     91634       2424		
1050863061        MLT sha-test                                  64  64     0      0.032         64    2000.00     91634       2424		
1050863061        MLT sha-test                                  64  64     0      0.032         64    2000.00     91634       2424		
#Median for final result sha-test/
1050863061        MLT sha-test                                  64  64     0      0.032         64    2000.00     91634       2424 median best
#UID            Suite Name                                     Ctx Wrk Fails       t(s)       Iter     Iter/s  Codesize   Datasize
#Results for verification run started at 23183:18:35:49 XCMD=-c64 -w64
490760323         MLT core                                      64  64     0      4.223          1       0.24     81384       5192		
#Results for performance runs started at 23183:18:35:54 XCMD=-c64 -w64
490760323         MLT core                                      64  64     0      7.121         64       8.99     81384       5192		
490760323         MLT core                                      64  64     0      7.074         64       9.05     81384       5192		
490760323         MLT core                                      64  64     0      7.219         64       8.87     81384       5192		
#Median for final result core/
490760323         MLT core                                      64  64     0      7.121         64       8.99     81384       5192 median best
#UID            Suite Name                                     Ctx Wrk Fails       t(s)       Iter     Iter/s  Codesize   Datasize
#Results for verification run started at 23183:18:36:17 XCMD=-c64 -w64
549578576         MLT nnet_test                                 64  64     0      0.437          1       2.29     87564      43864		
#Results for performance runs started at 23183:18:36:18 XCMD=-c64 -w64
549578576         MLT nnet_test                                 64  64     0      0.758         64      84.43     87564      43864		
549578576         MLT nnet_test                                 64  64     0      0.740         64      86.49     87564      43864		
549578576         MLT nnet_test                                 64  64     0      0.737         64      86.84     87564      43864		
#Median for final result nnet_test/
549578576         MLT nnet_test                                 64  64     0      0.740         64      86.49     87564      43864 median best
#UID            Suite Name                                     Ctx Wrk Fails       t(s)       Iter     Iter/s  Codesize   Datasize
#Results for verification run started at 23183:18:36:21 XCMD=-c64 -w64
1046644201        MLT linear_alg-mid-100x100-sp                 64  64     0      0.018          1      55.56     93130       4568		
#Results for performance runs started at 23183:18:36:22 XCMD=-c64 -w64
1046644201        MLT linear_alg-mid-100x100-sp                 64  64     0      0.034         64    1882.35     93130       4568		
1046644201        MLT linear_alg-mid-100x100-sp                 64  64     0      0.034         64    1882.35     93130       4568		
1046644201        MLT linear_alg-mid-100x100-sp                 64  64     0      0.035         64    1828.57     93130       4568		
#Median for final result linear_alg-mid-100x100-sp/
1046644201        MLT linear_alg-mid-100x100-sp                 64  64     0      0.034         64    1882.35     93130       4568 median best
#UID            Suite Name                                     Ctx Wrk Fails       t(s)       Iter     Iter/s  Codesize   Datasize
#Results for verification run started at 23183:18:36:23 XCMD=-c64 -w64
780641437         MLT parser-125k                               64  64     0      0.154          1       6.49    100222       2536		
#Results for performance runs started at 23183:18:36:24 XCMD=-c64 -w64
780641437         MLT parser-125k                               64  64     0      1.527         64      41.91    100222       2536		
780641437         MLT parser-125k                               64  64     0      1.544         64      41.45    100222       2536		
780641437         MLT parser-125k                               64  64     0      1.511         64      42.36    100222       2536		
#Median for final result parser-125k/
780641437         MLT parser-125k                               64  64     0      1.527         64      41.91    100222       2536 median best
#UID            Suite Name                                     Ctx Wrk Fails       t(s)       Iter     Iter/s  Codesize   Datasize
#Results for verification run started at 23183:18:36:30 XCMD=-c64 -w64
1814569103        MLT loops-all-mid-10k-sp                      64  64     0      0.539          1       1.86    109584       8344		
#Results for performance runs started at 23183:18:36:31 XCMD=-c64 -w64
1814569103        MLT loops-all-mid-10k-sp                      64  64     0      1.000         64      64.00    109584       8344		
1814569103        MLT loops-all-mid-10k-sp                      64  64     0      0.987         64      64.84    109584       8344		
1814569103        MLT loops-all-mid-10k-sp                      64  64     0      0.946         64      67.65    109584       8344		
#Median for final result loops-all-mid-10k-sp/
1814569103        MLT loops-all-mid-10k-sp                      64  64     0      0.987         64      64.84    109584       8344 median best
#UID            Suite Name                                     Ctx Wrk Fails       t(s)       Iter     Iter/s  Codesize   Datasize
#Results for verification run started at 23183:18:36:35 XCMD=-c64 -w64
1862946660        MLT radix2-big-64k                            64  64     0      0.035          1      28.57   1459492       2936		
#Results for performance runs started at 23183:18:36:36 XCMD=-c64 -w64
1862946660        MLT radix2-big-64k                            64  64     0      0.210       1000    4761.90   1459492       2936		
1862946660        MLT radix2-big-64k                            64  64     0      0.207       1000    4830.92   1459492       2936		
1862946660        MLT radix2-big-64k                            64  64     0      0.208       1000    4807.69   1459492       2936		
#Median for final result radix2-big-64k/
1862946660        MLT radix2-big-64k                            64  64     0      0.208       1000    4807.69   1459492       2936 median best
#UID            Suite Name                                     Ctx Wrk Fails       t(s)       Iter     Iter/s  Codesize   Datasize
#Results for verification run started at 23183:18:36:38 XCMD=-c64 -w64
946108807         MLT zip-test                                  64  64     0      0.029          1      34.48    157220       2768		
#Results for performance runs started at 23183:18:36:39 XCMD=-c64 -w64
946108807         MLT zip-test                                  64  64     0      0.063         64    1015.87    157220       2768		
946108807         MLT zip-test                                  64  64     0      0.060         64    1066.67    157220       2768		
946108807         MLT zip-test                                  64  64     0      0.060         64    1066.67    157220       2768		
#Median for final result zip-test/
946108807         MLT zip-test                                  64  64     0      0.060         64    1066.67    157220       2768 median best
