#UID            Suite Name                                     Ctx Wrk Fails       t(s)       Iter     Iter/s  Codesize   Datasize
#Results for verification run started at 23183:14:11:16 XCMD=-c16 -w1
236760500         MLT cjpeg-rose7-preset                         1   1     0      0.011          1      90.91    104046     267504		
#Results for performance runs started at 23183:14:11:17 XCMD=-c16 -w1
236760500         MLT cjpeg-rose7-preset                         1   1     0      0.109         10      91.74    104046     267504		
236760500         MLT cjpeg-rose7-preset                         1   1     0      0.109         10      91.74    104046     267504		
236760500         MLT cjpeg-rose7-preset                         1   1     0      0.109         10      91.74    104046     267504		
#Median for final result cjpeg-rose7-preset/
236760500         MLT cjpeg-rose7-preset                         1   1     0      0.109         10      91.74    104046     267504 median single
#UID            Suite Name                                     Ctx Wrk Fails       t(s)       Iter     Iter/s  Codesize   Datasize
#Results for verification run started at 23183:14:11:18 XCMD=-c16 -w1
1050863061        MLT sha-test                                   1   1     0      0.007          1     142.86     71806       2248		
#Results for performance runs started at 23183:14:11:18 XCMD=-c16 -w1
1050863061        MLT sha-test                                   1   1     0      0.071         10     140.85     71806       2248		
1050863061        MLT sha-test                                   1   1     0      0.072         10     138.89     71806       2248		
1050863061        MLT sha-test                                   1   1     0      0.071         10     140.85     71806       2248		
#Median for final result sha-test/
1050863061        MLT sha-test                                   1   1     0      0.071         10     140.85     71806       2248 median single
#UID            Suite Name                                     Ctx Wrk Fails       t(s)       Iter     Iter/s  Codesize   Datasize
#Results for verification run started at 23183:14:11:19 XCMD=-c16 -w1
490760323         MLT core                                       1   1     0      1.026          1       0.97     64576       4368		
#Results for performance runs started at 23183:14:11:21 XCMD=-c16 -w1
490760323         MLT core                                       1   1     0      1.026          1       0.97     64576       4368		
490760323         MLT core                                       1   1     0      1.025          1       0.98     64576       4368		
490760323         MLT core                                       1   1     0      1.025          1       0.98     64576       4368		
#Median for final result core/
490760323         MLT core                                       1   1     0      1.025          1       0.98     64576       4368 median single
#UID            Suite Name                                     Ctx Wrk Fails       t(s)       Iter     Iter/s  Codesize   Datasize
#Results for verification run started at 23183:14:11:25 XCMD=-c16 -w1
549578576         MLT nnet_test                                  1   1     0      0.292          1       3.42     67196      43656		
#Results for performance runs started at 23183:14:11:25 XCMD=-c16 -w1
549578576         MLT nnet_test                                  1   1     0      2.922         10       3.42     67196      43656		
549578576         MLT nnet_test                                  1   1     0      2.922         10       3.42     67196      43656		
549578576         MLT nnet_test                                  1   1     0      2.921         10       3.42     67196      43656		
#Median for final result nnet_test/
549578576         MLT nnet_test                                  1   1     0      2.922         10       3.42     67196      43656 median single
#UID            Suite Name                                     Ctx Wrk Fails       t(s)       Iter     Iter/s  Codesize   Datasize
#Results for verification run started at 23183:14:11:35 XCMD=-c16 -w1
1046644201        MLT linear_alg-mid-100x100-sp                  1   1     0      0.018          1      55.56     67454       4384		
#Results for performance runs started at 23183:14:11:35 XCMD=-c16 -w1
1046644201        MLT linear_alg-mid-100x100-sp                  1   1     0      0.905         50      55.25     67454       4384		
1046644201        MLT linear_alg-mid-100x100-sp                  1   1     0      0.905         50      55.25     67454       4384		
1046644201        MLT linear_alg-mid-100x100-sp                  1   1     0      0.904         50      55.31     67454       4384		
#Median for final result linear_alg-mid-100x100-sp/
1046644201        MLT linear_alg-mid-100x100-sp                  1   1     0      0.905         50      55.25     67454       4384 median single
#UID            Suite Name                                     Ctx Wrk Fails       t(s)       Iter     Iter/s  Codesize   Datasize
#Results for verification run started at 23183:14:11:39 XCMD=-c16 -w1
780641437         MLT parser-125k                                1   1     0      0.091          1      10.99     82718       2240		
#Results for performance runs started at 23183:14:11:39 XCMD=-c16 -w1
780641437         MLT parser-125k                                1   1     0      0.091          1      10.99     82718       2240		
780641437         MLT parser-125k                                1   1     0      0.091          1      10.99     82718       2240		
780641437         MLT parser-125k                                1   1     0      0.091          1      10.99     82718       2240		
#Median for final result parser-125k/
780641437         MLT parser-125k                                1   1     0      0.091          1      10.99     82718       2240 median single
#UID            Suite Name                                     Ctx Wrk Fails       t(s)       Iter     Iter/s  Codesize   Datasize
#Results for verification run started at 23183:14:11:41 XCMD=-c16 -w1
1814569103        MLT loops-all-mid-10k-sp                       1   1     0      0.358          1       2.79     81992       8160		
#Results for performance runs started at 23183:14:11:41 XCMD=-c16 -w1
1814569103        MLT loops-all-mid-10k-sp                       1   1     0     17.918         50       2.79     81992       8160		
1814569103        MLT loops-all-mid-10k-sp                       1   1     0     17.920         50       2.79     81992       8160		
1814569103        MLT loops-all-mid-10k-sp                       1   1     0     17.921         50       2.79     81992       8160		
#Median for final result loops-all-mid-10k-sp/
1814569103        MLT loops-all-mid-10k-sp                       1   1     0     17.920         50       2.79     81992       8160 median single
#UID            Suite Name                                     Ctx Wrk Fails       t(s)       Iter     Iter/s  Codesize   Datasize
#Results for verification run started at 23183:14:12:36 XCMD=-c16 -w1
1862946660        MLT radix2-big-64k                             1   1     0      0.018          1      55.56   1442580       2472		
#Results for performance runs started at 23183:14:12:36 XCMD=-c16 -w1
1862946660        MLT radix2-big-64k                             1   1     0      3.684       1000     271.44   1442580       2472		
1862946660        MLT radix2-big-64k                             1   1     0      3.683       1000     271.52   1442580       2472		
1862946660        MLT radix2-big-64k                             1   1     0      3.690       1000     271.00   1442580       2472		
#Median for final result radix2-big-64k/
1862946660        MLT radix2-big-64k                             1   1     0      3.684       1000     271.44   1442580       2472 median single
#UID            Suite Name                                     Ctx Wrk Fails       t(s)       Iter     Iter/s  Codesize   Datasize
#Results for verification run started at 23183:14:12:48 XCMD=-c16 -w1
946108807         MLT zip-test                                   1   1     0      0.014          1      71.43    124638       2480		
#Results for performance runs started at 23183:14:12:50 XCMD=-c16 -w1
946108807         MLT zip-test                                   1   1     0      0.014          1      71.43    124638       2480		
946108807         MLT zip-test                                   1   1     0      0.014          1      71.43    124638       2480		
946108807         MLT zip-test                                   1   1     0      0.014          1      71.43    124638       2480		
#Median for final result zip-test/
946108807         MLT zip-test                                   1   1     0      0.014          1      71.43    124638       2480 median single
#UID            Suite Name                                     Ctx Wrk Fails       t(s)       Iter     Iter/s  Codesize   Datasize
#Results for verification run started at 23183:14:12:54 XCMD=-c16 -w1
236760500         MLT cjpeg-rose7-preset                        16   1     0      0.002          1     500.00    104046     267504		
#Results for performance runs started at 23183:14:12:54 XCMD=-c16 -w1
236760500         MLT cjpeg-rose7-preset                        16   1     0      0.009         10    1111.11    104046     267504		
236760500         MLT cjpeg-rose7-preset                        16   1     0      0.008         10    1250.00    104046     267504		
236760500         MLT cjpeg-rose7-preset                        16   1     0      0.008         10    1250.00    104046     267504		
#Median for final result cjpeg-rose7-preset/
236760500         MLT cjpeg-rose7-preset                        16   1     0      0.008         10    1250.00    104046     267504 median best
#UID            Suite Name                                     Ctx Wrk Fails       t(s)       Iter     Iter/s  Codesize   Datasize
#Results for verification run started at 23183:14:12:55 XCMD=-c16 -w1
1050863061        MLT sha-test                                  16   1     0      0.007          1     142.86     71806       2248		
#Results for performance runs started at 23183:14:12:56 XCMD=-c16 -w1
1050863061        MLT sha-test                                  16   1     0      0.008         16    2000.00     71806       2248		
1050863061        MLT sha-test                                  16   1     0      0.008         16    2000.00     71806       2248		
1050863061        MLT sha-test                                  16   1     0      0.008         16    2000.00     71806       2248		
#Median for final result sha-test/
1050863061        MLT sha-test                                  16   1     0      0.008         16    2000.00     71806       2248 median best
#UID            Suite Name                                     Ctx Wrk Fails       t(s)       Iter     Iter/s  Codesize   Datasize
#Results for verification run started at 23183:14:12:57 XCMD=-c16 -w1
490760323         MLT core                                      16   1     0      1.027          1       0.97     64576       4368		
#Results for performance runs started at 23183:14:12:58 XCMD=-c16 -w1
490760323         MLT core                                      16   1     0      1.027         16      15.58     64576       4368		
490760323         MLT core                                      16   1     0      1.027         16      15.58     64576       4368		
490760323         MLT core                                      16   1     0      1.028         16      15.56     64576       4368		
#Median for final result core/
490760323         MLT core                                      16   1     0      1.027         16      15.58     64576       4368 median best
#UID            Suite Name                                     Ctx Wrk Fails       t(s)       Iter     Iter/s  Codesize   Datasize
#Results for verification run started at 23183:14:13:02 XCMD=-c16 -w1
549578576         MLT nnet_test                                 16   1     0      0.292          1       3.42     67196      43656		
#Results for performance runs started at 23183:14:13:03 XCMD=-c16 -w1
549578576         MLT nnet_test                                 16   1     0      0.293         16      54.61     67196      43656		
549578576         MLT nnet_test                                 16   1     0      0.293         16      54.61     67196      43656		
549578576         MLT nnet_test                                 16   1     0      0.296         16      54.05     67196      43656		
#Median for final result nnet_test/
549578576         MLT nnet_test                                 16   1     0      0.293         16      54.61     67196      43656 median best
#UID            Suite Name                                     Ctx Wrk Fails       t(s)       Iter     Iter/s  Codesize   Datasize
#Results for verification run started at 23183:14:13:04 XCMD=-c16 -w1
1046644201        MLT linear_alg-mid-100x100-sp                 16   1     0      0.018          1      55.56     67454       4384		
#Results for performance runs started at 23183:14:13:05 XCMD=-c16 -w1
1046644201        MLT linear_alg-mid-100x100-sp                 16   1     0      0.072         50     694.44     67454       4384		
1046644201        MLT linear_alg-mid-100x100-sp                 16   1     0      0.072         50     694.44     67454       4384		
1046644201        MLT linear_alg-mid-100x100-sp                 16   1     0      0.072         50     694.44     67454       4384		
#Median for final result linear_alg-mid-100x100-sp/
1046644201        MLT linear_alg-mid-100x100-sp                 16   1     0      0.072         50     694.44     67454       4384 median best
#UID            Suite Name                                     Ctx Wrk Fails       t(s)       Iter     Iter/s  Codesize   Datasize
#Results for verification run started at 23183:14:13:06 XCMD=-c16 -w1
780641437         MLT parser-125k                               16   1     0      0.091          1      10.99     82718       2240		
#Results for performance runs started at 23183:14:13:06 XCMD=-c16 -w1
780641437         MLT parser-125k                               16   1     0      0.101         16     158.42     82718       2240		
780641437         MLT parser-125k                               16   1     0      0.100         16     160.00     82718       2240		
780641437         MLT parser-125k                               16   1     0      0.099         16     161.62     82718       2240		
#Median for final result parser-125k/
780641437         MLT parser-125k                               16   1     0      0.100         16     160.00     82718       2240 median best
#UID            Suite Name                                     Ctx Wrk Fails       t(s)       Iter     Iter/s  Codesize   Datasize
#Results for verification run started at 23183:14:13:08 XCMD=-c16 -w1
1814569103        MLT loops-all-mid-10k-sp                      16   1     0      0.358          1       2.79     81992       8160		
#Results for performance runs started at 23183:14:13:08 XCMD=-c16 -w1
1814569103        MLT loops-all-mid-10k-sp                      16   1     0      1.444         50      34.63     81992       8160		
1814569103        MLT loops-all-mid-10k-sp                      16   1     0      1.444         50      34.63     81992       8160		
1814569103        MLT loops-all-mid-10k-sp                      16   1     0      1.444         50      34.63     81992       8160		
#Median for final result loops-all-mid-10k-sp/
1814569103        MLT loops-all-mid-10k-sp                      16   1     0      1.444         50      34.63     81992       8160 median best
#UID            Suite Name                                     Ctx Wrk Fails       t(s)       Iter     Iter/s  Codesize   Datasize
#Results for verification run started at 23183:14:13:13 XCMD=-c16 -w1
1862946660        MLT radix2-big-64k                            16   1     0      0.018          1      55.56   1442580       2472		
#Results for performance runs started at 23183:14:13:14 XCMD=-c16 -w1
1862946660        MLT radix2-big-64k                            16   1     0      0.244       1000    4098.36   1442580       2472		
1862946660        MLT radix2-big-64k                            16   1     0      0.245       1000    4081.63   1442580       2472		
1862946660        MLT radix2-big-64k                            16   1     0      0.243       1000    4115.23   1442580       2472		
#Median for final result radix2-big-64k/
1862946660        MLT radix2-big-64k                            16   1     0      0.244       1000    4098.36   1442580       2472 median best
#UID            Suite Name                                     Ctx Wrk Fails       t(s)       Iter     Iter/s  Codesize   Datasize
#Results for verification run started at 23183:14:13:15 XCMD=-c16 -w1
946108807         MLT zip-test                                  16   1     0      0.015          1      66.67    124638       2480		
#Results for performance runs started at 23183:14:13:17 XCMD=-c16 -w1
946108807         MLT zip-test                                  16   1     0      0.017         16     941.18    124638       2480		
946108807         MLT zip-test                                  16   1     0      0.017         16     941.18    124638       2480		
946108807         MLT zip-test                                  16   1     0      0.017         16     941.18    124638       2480		
#Median for final result zip-test/
946108807         MLT zip-test                                  16   1     0      0.017         16     941.18    124638       2480 median best
