#UID            Suite Name                                     Ctx Wrk Fails       t(s)       Iter     Iter/s  Codesize   Datasize
#Results for verification run started at 23183:18:36:45 XCMD=-c64 -w64
236760500         MLT cjpeg-rose7-preset                         1   1     0      0.018          1      55.56    129154     267680		
#Results for performance runs started at 23183:18:36:45 XCMD=-c64 -w64
236760500         MLT cjpeg-rose7-preset                         1   1     0      0.141         10      70.92    129154     267680		
236760500         MLT cjpeg-rose7-preset                         1   1     0      0.141         10      70.92    129154     267680		
236760500         MLT cjpeg-rose7-preset                         1   1     0      0.141         10      70.92    129154     267680		
#Median for final result cjpeg-rose7-preset/
236760500         MLT cjpeg-rose7-preset                         1   1     0      0.141         10      70.92    129154     267680 median single
#UID            Suite Name                                     Ctx Wrk Fails       t(s)       Iter     Iter/s  Codesize   Datasize
#Results for verification run started at 23183:18:36:47 XCMD=-c64 -w64
1050863061        MLT sha-test                                   1   1     0      0.015          1      66.67     91634       2424		
#Results for performance runs started at 23183:18:36:47 XCMD=-c64 -w64
1050863061        MLT sha-test                                   1   1     0      0.154         10      64.94     91634       2424		
1050863061        MLT sha-test                                   1   1     0      0.153         10      65.36     91634       2424		
1050863061        MLT sha-test                                   1   1     0      0.154         10      64.94     91634       2424		
#Median for final result sha-test/
1050863061        MLT sha-test                                   1   1     0      0.154         10      64.94     91634       2424 median single
#UID            Suite Name                                     Ctx Wrk Fails       t(s)       Iter     Iter/s  Codesize   Datasize
#Results for verification run started at 23183:18:36:49 XCMD=-c64 -w64
490760323         MLT core                                       1   1     0      4.157          1       0.24     81384       5192		
#Results for performance runs started at 23183:18:36:54 XCMD=-c64 -w64
490760323         MLT core                                       1   1     0      4.157          1       0.24     81384       5192		
490760323         MLT core                                       1   1     0      4.157          1       0.24     81384       5192		
490760323         MLT core                                       1   1     0      4.156          1       0.24     81384       5192		
#Median for final result core/
490760323         MLT core                                       1   1     0      4.157          1       0.24     81384       5192 median single
#UID            Suite Name                                     Ctx Wrk Fails       t(s)       Iter     Iter/s  Codesize   Datasize
#Results for verification run started at 23183:18:37:08 XCMD=-c64 -w64
549578576         MLT nnet_test                                  1   1     0      0.436          1       2.29     87564      43864		
#Results for performance runs started at 23183:18:37:08 XCMD=-c64 -w64
549578576         MLT nnet_test                                  1   1     0      4.370         10       2.29     87564      43864		
549578576         MLT nnet_test                                  1   1     0      4.372         10       2.29     87564      43864		
549578576         MLT nnet_test                                  1   1     0      4.371         10       2.29     87564      43864		
#Median for final result nnet_test/
549578576         MLT nnet_test                                  1   1     0      4.371         10       2.29     87564      43864 median single
#UID            Suite Name                                     Ctx Wrk Fails       t(s)       Iter     Iter/s  Codesize   Datasize
#Results for verification run started at 23183:18:37:23 XCMD=-c64 -w64
1046644201        MLT linear_alg-mid-100x100-sp                  1   1     0      0.016          1      62.50     93130       4568		
#Results for performance runs started at 23183:18:37:23 XCMD=-c64 -w64
1046644201        MLT linear_alg-mid-100x100-sp                  1   1     0      0.809         50      61.80     93130       4568		
1046644201        MLT linear_alg-mid-100x100-sp                  1   1     0      0.809         50      61.80     93130       4568		
1046644201        MLT linear_alg-mid-100x100-sp                  1   1     0      0.810         50      61.73     93130       4568		
#Median for final result linear_alg-mid-100x100-sp/
1046644201        MLT linear_alg-mid-100x100-sp                  1   1     0      0.809         50      61.80     93130       4568 median single
#UID            Suite Name                                     Ctx Wrk Fails       t(s)       Iter     Iter/s  Codesize   Datasize
#Results for verification run started at 23183:18:37:27 XCMD=-c64 -w64
780641437         MLT parser-125k                                1   1     0      0.162          1       6.17    100222       2536		
#Results for performance runs started at 23183:18:37:28 XCMD=-c64 -w64
780641437         MLT parser-125k                                1   1     0      0.161          1       6.21    100222       2536		
780641437         MLT parser-125k                                1   1     0      0.147          1       6.80    100222       2536		
780641437         MLT parser-125k                                1   1     0      0.159          1       6.29    100222       2536		
#Median for final result parser-125k/
780641437         MLT parser-125k                                1   1     0      0.159          1       6.29    100222       2536 median single
#UID            Suite Name                                     Ctx Wrk Fails       t(s)       Iter     Iter/s  Codesize   Datasize
#Results for verification run started at 23183:18:37:30 XCMD=-c64 -w64
1814569103        MLT loops-all-mid-10k-sp                       1   1     0      0.539          1       1.86    109584       8344		
#Results for performance runs started at 23183:18:37:31 XCMD=-c64 -w64
1814569103        MLT loops-all-mid-10k-sp                       1   1     0     26.864         50       1.86    109584       8344		
1814569103        MLT loops-all-mid-10k-sp                       1   1     0     26.858         50       1.86    109584       8344		
1814569103        MLT loops-all-mid-10k-sp                       1   1     0     26.882         50       1.86    109584       8344		
#Median for final result loops-all-mid-10k-sp/
1814569103        MLT loops-all-mid-10k-sp                       1   1     0     26.864         50       1.86    109584       8344 median single
#UID            Suite Name                                     Ctx Wrk Fails       t(s)       Iter     Iter/s  Codesize   Datasize
#Results for verification run started at 23183:18:38:53 XCMD=-c64 -w64
1862946660        MLT radix2-big-64k                             1   1     0      0.033          1      30.30   1459492       2936		
#Results for performance runs started at 23183:18:38:53 XCMD=-c64 -w64
1862946660        MLT radix2-big-64k                             1   1     0      9.420       1000     106.16   1459492       2936		
1862946660        MLT radix2-big-64k                             1   1     0      9.169       1000     109.06   1459492       2936		
1862946660        MLT radix2-big-64k                             1   1     0      9.290       1000     107.64   1459492       2936		
#Median for final result radix2-big-64k/
1862946660        MLT radix2-big-64k                             1   1     0      9.290       1000     107.64   1459492       2936 median single
#UID            Suite Name                                     Ctx Wrk Fails       t(s)       Iter     Iter/s  Codesize   Datasize
#Results for verification run started at 23183:18:39:22 XCMD=-c64 -w64
946108807         MLT zip-test                                   1   1     0      0.029          1      34.48    157220       2768		
#Results for performance runs started at 23183:18:39:24 XCMD=-c64 -w64
946108807         MLT zip-test                                   1   1     0      0.026          1      38.46    157220       2768		
946108807         MLT zip-test                                   1   1     0      0.026          1      38.46    157220       2768		
946108807         MLT zip-test                                   1   1     0      0.026          1      38.46    157220       2768		
#Median for final result zip-test/
946108807         MLT zip-test                                   1   1     0      0.026          1      38.46    157220       2768 median single
#UID            Suite Name                                     Ctx Wrk Fails       t(s)       Iter     Iter/s  Codesize   Datasize
#Results for verification run started at 23183:18:39:28 XCMD=-c64 -w64
236760500         MLT cjpeg-rose7-preset                        64  64     0      0.005          1     200.00    129154     267680		
#Results for performance runs started at 23183:18:39:28 XCMD=-c64 -w64
236760500         MLT cjpeg-rose7-preset                        64  64     0      0.007         10    1428.57    129154     267680		
236760500         MLT cjpeg-rose7-preset                        64  64     0      0.007         10    1428.57    129154     267680		
236760500         MLT cjpeg-rose7-preset                        64  64     0      0.007         10    1428.57    129154     267680		
#Median for final result cjpeg-rose7-preset/
236760500         MLT cjpeg-rose7-preset                        64  64     0      0.007         10    1428.57    129154     267680 median best
#UID            Suite Name                                     Ctx Wrk Fails       t(s)       Iter     Iter/s  Codesize   Datasize
#Results for verification run started at 23183:18:39:30 XCMD=-c64 -w64
1050863061        MLT sha-test                                  64  64     0      0.016          1      62.50     91634       2424		
#Results for performance runs started at 23183:18:39:30 XCMD=-c64 -w64
1050863061        MLT sha-test                                  64  64     0      0.033         64    1939.39     91634       2424		
1050863061        MLT sha-test                                  64  64     0      0.032         64    2000.00     91634       2424		
1050863061        MLT sha-test                                  64  64     0      0.032         64    2000.00     91634       2424		
#Median for final result sha-test/
1050863061        MLT sha-test                                  64  64     0      0.032         64    2000.00     91634       2424 median best
#UID            Suite Name                                     Ctx Wrk Fails       t(s)       Iter     Iter/s  Codesize   Datasize
#Results for verification run started at 23183:18:39:32 XCMD=-c64 -w64
490760323         MLT core                                      64  64     0      4.224          1       0.24     81384       5192		
#Results for performance runs started at 23183:18:39:36 XCMD=-c64 -w64
490760323         MLT core                                      64  64     0      7.010         64       9.13     81384       5192		
490760323         MLT core                                      64  64     0      6.927         64       9.24     81384       5192		
490760323         MLT core                                      64  64     0      6.839         64       9.36     81384       5192		
#Median for final result core/
490760323         MLT core                                      64  64     0      6.927         64       9.24     81384       5192 median best
#UID            Suite Name                                     Ctx Wrk Fails       t(s)       Iter     Iter/s  Codesize   Datasize
#Results for verification run started at 23183:18:39:59 XCMD=-c64 -w64
549578576         MLT nnet_test                                 64  64     0      0.438          1       2.28     87564      43864		
#Results for performance runs started at 23183:18:39:59 XCMD=-c64 -w64
549578576         MLT nnet_test                                 64  64     0      0.735         64      87.07     87564      43864		
549578576         MLT nnet_test                                 64  64     0      0.734         64      87.19     87564      43864		
549578576         MLT nnet_test                                 64  64     0      0.755         64      84.77     87564      43864		
#Median for final result nnet_test/
549578576         MLT nnet_test                                 64  64     0      0.735         64      87.07     87564      43864 median best
#UID            Suite Name                                     Ctx Wrk Fails       t(s)       Iter     Iter/s  Codesize   Datasize
#Results for verification run started at 23183:18:40:03 XCMD=-c64 -w64
1046644201        MLT linear_alg-mid-100x100-sp                 64  64     0      0.017          1      58.82     93130       4568		
#Results for performance runs started at 23183:18:40:03 XCMD=-c64 -w64
1046644201        MLT linear_alg-mid-100x100-sp                 64  64     0      0.034         64    1882.35     93130       4568		
1046644201        MLT linear_alg-mid-100x100-sp                 64  64     0      0.034         64    1882.35     93130       4568		
1046644201        MLT linear_alg-mid-100x100-sp                 64  64     0      0.034         64    1882.35     93130       4568		
#Median for final result linear_alg-mid-100x100-sp/
1046644201        MLT linear_alg-mid-100x100-sp                 64  64     0      0.034         64    1882.35     93130       4568 median best
#UID            Suite Name                                     Ctx Wrk Fails       t(s)       Iter     Iter/s  Codesize   Datasize
#Results for verification run started at 23183:18:40:05 XCMD=-c64 -w64
780641437         MLT parser-125k                               64  64     0      0.149          1       6.71    100222       2536		
#Results for performance runs started at 23183:18:40:06 XCMD=-c64 -w64
780641437         MLT parser-125k                               64  64     0      1.524         64      41.99    100222       2536		
780641437         MLT parser-125k                               64  64     0      1.542         64      41.50    100222       2536		
780641437         MLT parser-125k                               64  64     0      1.536         64      41.67    100222       2536		
#Median for final result parser-125k/
780641437         MLT parser-125k                               64  64     0      1.536         64      41.67    100222       2536 median best
#UID            Suite Name                                     Ctx Wrk Fails       t(s)       Iter     Iter/s  Codesize   Datasize
#Results for verification run started at 23183:18:40:12 XCMD=-c64 -w64
1814569103        MLT loops-all-mid-10k-sp                      64  64     0      0.540          1       1.85    109584       8344		
#Results for performance runs started at 23183:18:40:13 XCMD=-c64 -w64
1814569103        MLT loops-all-mid-10k-sp                      64  64     0      0.971         64      65.91    109584       8344		
1814569103        MLT loops-all-mid-10k-sp                      64  64     0      0.961         64      66.60    109584       8344		
1814569103        MLT loops-all-mid-10k-sp                      64  64     0      0.996         64      64.26    109584       8344		
#Median for final result loops-all-mid-10k-sp/
1814569103        MLT loops-all-mid-10k-sp                      64  64     0      0.971         64      65.91    109584       8344 median best
#UID            Suite Name                                     Ctx Wrk Fails       t(s)       Iter     Iter/s  Codesize   Datasize
#Results for verification run started at 23183:18:40:17 XCMD=-c64 -w64
1862946660        MLT radix2-big-64k                            64  64     0      0.035          1      28.57   1459492       2936		
#Results for performance runs started at 23183:18:40:17 XCMD=-c64 -w64
1862946660        MLT radix2-big-64k                            64  64     0      0.207       1000    4830.92   1459492       2936		
1862946660        MLT radix2-big-64k                            64  64     0      0.204       1000    4901.96   1459492       2936		
1862946660        MLT radix2-big-64k                            64  64     0      0.206       1000    4854.37   1459492       2936		
#Median for final result radix2-big-64k/
1862946660        MLT radix2-big-64k                            64  64     0      0.206       1000    4854.37   1459492       2936 median best
#UID            Suite Name                                     Ctx Wrk Fails       t(s)       Iter     Iter/s  Codesize   Datasize
#Results for verification run started at 23183:18:40:19 XCMD=-c64 -w64
946108807         MLT zip-test                                  64  64     0      0.029          1      34.48    157220       2768		
#Results for performance runs started at 23183:18:40:21 XCMD=-c64 -w64
946108807         MLT zip-test                                  64  64     0      0.078         64     820.51    157220       2768		
946108807         MLT zip-test                                  64  64     0      0.060         64    1066.67    157220       2768		
946108807         MLT zip-test                                  64  64     0      0.076         64     842.11    157220       2768		
#Median for final result zip-test/
946108807         MLT zip-test                                  64  64     0      0.076         64     842.11    157220       2768 median best
