#UID            Suite Name                                     Ctx Wrk Fails       t(s)       Iter     Iter/s  Codesize   Datasize
#Results for verification run started at 23183:14:21:45 XCMD=-c64 -w1
236760500         MLT cjpeg-rose7-preset                         1   1     0      0.011          1      90.91    104046     267504		
#Results for performance runs started at 23183:14:21:45 XCMD=-c64 -w1
236760500         MLT cjpeg-rose7-preset                         1   1     0      0.110         10      90.91    104046     267504		
236760500         MLT cjpeg-rose7-preset                         1   1     0      0.109         10      91.74    104046     267504		
236760500         MLT cjpeg-rose7-preset                         1   1     0      0.109         10      91.74    104046     267504		
#Median for final result cjpeg-rose7-preset/
236760500         MLT cjpeg-rose7-preset                         1   1     0      0.109         10      91.74    104046     267504 median single
#UID            Suite Name                                     Ctx Wrk Fails       t(s)       Iter     Iter/s  Codesize   Datasize
#Results for verification run started at 23183:14:21:47 XCMD=-c64 -w1
1050863061        MLT sha-test                                   1   1     0      0.007          1     142.86     71806       2248		
#Results for performance runs started at 23183:14:21:47 XCMD=-c64 -w1
1050863061        MLT sha-test                                   1   1     0      0.071         10     140.85     71806       2248		
1050863061        MLT sha-test                                   1   1     0      0.071         10     140.85     71806       2248		
1050863061        MLT sha-test                                   1   1     0      0.071         10     140.85     71806       2248		
#Median for final result sha-test/
1050863061        MLT sha-test                                   1   1     0      0.071         10     140.85     71806       2248 median single
#UID            Suite Name                                     Ctx Wrk Fails       t(s)       Iter     Iter/s  Codesize   Datasize
#Results for verification run started at 23183:14:21:48 XCMD=-c64 -w1
490760323         MLT core                                       1   1     0      1.024          1       0.98     64576       4368		
#Results for performance runs started at 23183:14:21:49 XCMD=-c64 -w1
490760323         MLT core                                       1   1     0      1.026          1       0.97     64576       4368		
490760323         MLT core                                       1   1     0      1.025          1       0.98     64576       4368		
490760323         MLT core                                       1   1     0      1.025          1       0.98     64576       4368		
#Median for final result core/
490760323         MLT core                                       1   1     0      1.025          1       0.98     64576       4368 median single
#UID            Suite Name                                     Ctx Wrk Fails       t(s)       Iter     Iter/s  Codesize   Datasize
#Results for verification run started at 23183:14:21:53 XCMD=-c64 -w1
549578576         MLT nnet_test                                  1   1     0      0.292          1       3.42     67196      43656		
#Results for performance runs started at 23183:14:21:54 XCMD=-c64 -w1
549578576         MLT nnet_test                                  1   1     0      2.921         10       3.42     67196      43656		
549578576         MLT nnet_test                                  1   1     0      2.921         10       3.42     67196      43656		
549578576         MLT nnet_test                                  1   1     0      2.922         10       3.42     67196      43656		
#Median for final result nnet_test/
549578576         MLT nnet_test                                  1   1     0      2.921         10       3.42     67196      43656 median single
#UID            Suite Name                                     Ctx Wrk Fails       t(s)       Iter     Iter/s  Codesize   Datasize
#Results for verification run started at 23183:14:22:04 XCMD=-c64 -w1
1046644201        MLT linear_alg-mid-100x100-sp                  1   1     0      0.018          1      55.56     67454       4384		
#Results for performance runs started at 23183:14:22:04 XCMD=-c64 -w1
1046644201        MLT linear_alg-mid-100x100-sp                  1   1     0      0.905         50      55.25     67454       4384		
1046644201        MLT linear_alg-mid-100x100-sp                  1   1     0      0.905         50      55.25     67454       4384		
1046644201        MLT linear_alg-mid-100x100-sp                  1   1     0      0.907         50      55.13     67454       4384		
#Median for final result linear_alg-mid-100x100-sp/
1046644201        MLT linear_alg-mid-100x100-sp                  1   1     0      0.905         50      55.25     67454       4384 median single
#UID            Suite Name                                     Ctx Wrk Fails       t(s)       Iter     Iter/s  Codesize   Datasize
#Results for verification run started at 23183:14:22:08 XCMD=-c64 -w1
780641437         MLT parser-125k                                1   1     0      0.091          1      10.99     82718       2240		
#Results for performance runs started at 23183:14:22:08 XCMD=-c64 -w1
780641437         MLT parser-125k                                1   1     0      0.091          1      10.99     82718       2240		
780641437         MLT parser-125k                                1   1     0      0.092          1      10.87     82718       2240		
780641437         MLT parser-125k                                1   1     0      0.091          1      10.99     82718       2240		
#Median for final result parser-125k/
780641437         MLT parser-125k                                1   1     0      0.091          1      10.99     82718       2240 median single
#UID            Suite Name                                     Ctx Wrk Fails       t(s)       Iter     Iter/s  Codesize   Datasize
#Results for verification run started at 23183:14:22:09 XCMD=-c64 -w1
1814569103        MLT loops-all-mid-10k-sp                       1   1     0      0.359          1       2.79     81992       8160		
#Results for performance runs started at 23183:14:22:10 XCMD=-c64 -w1
1814569103        MLT loops-all-mid-10k-sp                       1   1     0     17.922         50       2.79     81992       8160		
1814569103        MLT loops-all-mid-10k-sp                       1   1     0     17.922         50       2.79     81992       8160		
1814569103        MLT loops-all-mid-10k-sp                       1   1     0     17.921         50       2.79     81992       8160		
#Median for final result loops-all-mid-10k-sp/
1814569103        MLT loops-all-mid-10k-sp                       1   1     0     17.922         50       2.79     81992       8160 median single
#UID            Suite Name                                     Ctx Wrk Fails       t(s)       Iter     Iter/s  Codesize   Datasize
#Results for verification run started at 23183:14:23:05 XCMD=-c64 -w1
1862946660        MLT radix2-big-64k                             1   1     0      0.018          1      55.56   1442580       2472		
#Results for performance runs started at 23183:14:23:05 XCMD=-c64 -w1
1862946660        MLT radix2-big-64k                             1   1     0      3.665       1000     272.85   1442580       2472		
1862946660        MLT radix2-big-64k                             1   1     0      3.674       1000     272.18   1442580       2472		
1862946660        MLT radix2-big-64k                             1   1     0      3.694       1000     270.71   1442580       2472		
#Median for final result radix2-big-64k/
1862946660        MLT radix2-big-64k                             1   1     0      3.674       1000     272.18   1442580       2472 median single
#UID            Suite Name                                     Ctx Wrk Fails       t(s)       Iter     Iter/s  Codesize   Datasize
#Results for verification run started at 23183:14:23:17 XCMD=-c64 -w1
946108807         MLT zip-test                                   1   1     0      0.014          1      71.43    124638       2480		
#Results for performance runs started at 23183:14:23:18 XCMD=-c64 -w1
946108807         MLT zip-test                                   1   1     0      0.014          1      71.43    124638       2480		
946108807         MLT zip-test                                   1   1     0      0.014          1      71.43    124638       2480		
946108807         MLT zip-test                                   1   1     0      0.014          1      71.43    124638       2480		
#Median for final result zip-test/
946108807         MLT zip-test                                   1   1     0      0.014          1      71.43    124638       2480 median single
#UID            Suite Name                                     Ctx Wrk Fails       t(s)       Iter     Iter/s  Codesize   Datasize
#Results for verification run started at 23183:14:23:23 XCMD=-c64 -w1
236760500         MLT cjpeg-rose7-preset                        64   1     0      0.004          1     250.00    104046     267504		
#Results for performance runs started at 23183:14:23:23 XCMD=-c64 -w1
236760500         MLT cjpeg-rose7-preset                        64   1     0      0.005         10    2000.00    104046     267504		
236760500         MLT cjpeg-rose7-preset                        64   1     0      0.005         10    2000.00    104046     267504		
236760500         MLT cjpeg-rose7-preset                        64   1     0      0.005         10    2000.00    104046     267504		
#Median for final result cjpeg-rose7-preset/
236760500         MLT cjpeg-rose7-preset                        64   1     0      0.005         10    2000.00    104046     267504 median best
#UID            Suite Name                                     Ctx Wrk Fails       t(s)       Iter     Iter/s  Codesize   Datasize
#Results for verification run started at 23183:14:23:24 XCMD=-c64 -w1
1050863061        MLT sha-test                                  64   1     0      0.007          1     142.86     71806       2248		
#Results for performance runs started at 23183:14:23:24 XCMD=-c64 -w1
1050863061        MLT sha-test                                  64   1     0      0.018         64    3555.56     71806       2248		
1050863061        MLT sha-test                                  64   1     0      0.017         64    3764.71     71806       2248		
1050863061        MLT sha-test                                  64   1     0      0.017         64    3764.71     71806       2248		
#Median for final result sha-test/
1050863061        MLT sha-test                                  64   1     0      0.017         64    3764.71     71806       2248 median best
#UID            Suite Name                                     Ctx Wrk Fails       t(s)       Iter     Iter/s  Codesize   Datasize
#Results for verification run started at 23183:14:23:25 XCMD=-c64 -w1
490760323         MLT core                                      64   1     0      1.025          1       0.98     64576       4368		
#Results for performance runs started at 23183:14:23:27 XCMD=-c64 -w1
490760323         MLT core                                      64   1     0      1.628         64      39.31     64576       4368		
490760323         MLT core                                      64   1     0      1.612         64      39.70     64576       4368		
490760323         MLT core                                      64   1     0      1.591         64      40.23     64576       4368		
#Median for final result core/
490760323         MLT core                                      64   1     0      1.612         64      39.70     64576       4368 median best
#UID            Suite Name                                     Ctx Wrk Fails       t(s)       Iter     Iter/s  Codesize   Datasize
#Results for verification run started at 23183:14:23:32 XCMD=-c64 -w1
549578576         MLT nnet_test                                 64   1     0      0.292          1       3.42     67196      43656		
#Results for performance runs started at 23183:14:23:33 XCMD=-c64 -w1
549578576         MLT nnet_test                                 64   1     0      0.455         64     140.66     67196      43656		
549578576         MLT nnet_test                                 64   1     0      0.452         64     141.59     67196      43656		
549578576         MLT nnet_test                                 64   1     0      0.454         64     140.97     67196      43656		
#Median for final result nnet_test/
549578576         MLT nnet_test                                 64   1     0      0.454         64     140.97     67196      43656 median best
#UID            Suite Name                                     Ctx Wrk Fails       t(s)       Iter     Iter/s  Codesize   Datasize
#Results for verification run started at 23183:14:23:35 XCMD=-c64 -w1
1046644201        MLT linear_alg-mid-100x100-sp                 64   1     0      0.018          1      55.56     67454       4384		
#Results for performance runs started at 23183:14:23:36 XCMD=-c64 -w1
1046644201        MLT linear_alg-mid-100x100-sp                 64   1     0      0.037         64    1729.73     67454       4384		
1046644201        MLT linear_alg-mid-100x100-sp                 64   1     0      0.037         64    1729.73     67454       4384		
1046644201        MLT linear_alg-mid-100x100-sp                 64   1     0      0.037         64    1729.73     67454       4384		
#Median for final result linear_alg-mid-100x100-sp/
1046644201        MLT linear_alg-mid-100x100-sp                 64   1     0      0.037         64    1729.73     67454       4384 median best
#UID            Suite Name                                     Ctx Wrk Fails       t(s)       Iter     Iter/s  Codesize   Datasize
#Results for verification run started at 23183:14:23:37 XCMD=-c64 -w1
780641437         MLT parser-125k                               64   1     0      0.091          1      10.99     82718       2240		
#Results for performance runs started at 23183:14:23:37 XCMD=-c64 -w1
780641437         MLT parser-125k                               64   1     0      0.224         64     285.71     82718       2240		
780641437         MLT parser-125k                               64   1     0      0.201         64     318.41     82718       2240		
780641437         MLT parser-125k                               64   1     0      0.201         64     318.41     82718       2240		
#Median for final result parser-125k/
780641437         MLT parser-125k                               64   1     0      0.201         64     318.41     82718       2240 median best
#UID            Suite Name                                     Ctx Wrk Fails       t(s)       Iter     Iter/s  Codesize   Datasize
#Results for verification run started at 23183:14:23:39 XCMD=-c64 -w1
1814569103        MLT loops-all-mid-10k-sp                      64   1     0      0.359          1       2.79     81992       8160		
#Results for performance runs started at 23183:14:23:39 XCMD=-c64 -w1
1814569103        MLT loops-all-mid-10k-sp                      64   1     0      0.968         64      66.12     81992       8160		
1814569103        MLT loops-all-mid-10k-sp                      64   1     0      0.943         64      67.87     81992       8160		
1814569103        MLT loops-all-mid-10k-sp                      64   1     0      0.911         64      70.25     81992       8160		
#Median for final result loops-all-mid-10k-sp/
1814569103        MLT loops-all-mid-10k-sp                      64   1     0      0.943         64      67.87     81992       8160 median best
#UID            Suite Name                                     Ctx Wrk Fails       t(s)       Iter     Iter/s  Codesize   Datasize
#Results for verification run started at 23183:14:23:43 XCMD=-c64 -w1
1862946660        MLT radix2-big-64k                            64   1     0      0.018          1      55.56   1442580       2472		
#Results for performance runs started at 23183:14:23:43 XCMD=-c64 -w1
1862946660        MLT radix2-big-64k                            64   1     0      0.091       1000   10989.01   1442580       2472		
1862946660        MLT radix2-big-64k                            64   1     0      0.089       1000   11235.96   1442580       2472		
1862946660        MLT radix2-big-64k                            64   1     0      0.096       1000   10416.67   1442580       2472		
#Median for final result radix2-big-64k/
1862946660        MLT radix2-big-64k                            64   1     0      0.091       1000   10989.01   1442580       2472 median best
#UID            Suite Name                                     Ctx Wrk Fails       t(s)       Iter     Iter/s  Codesize   Datasize
#Results for verification run started at 23183:14:23:45 XCMD=-c64 -w1
946108807         MLT zip-test                                  64   1     0      0.015          1      66.67    124638       2480		
#Results for performance runs started at 23183:14:23:46 XCMD=-c64 -w1
946108807         MLT zip-test                                  64   1     0      0.044         64    1454.55    124638       2480		
946108807         MLT zip-test                                  64   1     0      0.035         64    1828.57    124638       2480		
946108807         MLT zip-test                                  64   1     0      0.035         64    1828.57    124638       2480		
#Median for final result zip-test/
946108807         MLT zip-test                                  64   1     0      0.035         64    1828.57    124638       2480 median best
