#UID            Suite Name                                     Ctx Wrk Fails       t(s)       Iter     Iter/s  Codesize   Datasize
#Results for verification run started at 23183:18:14:32 XCMD=-c64 -w1
236760500         MLT cjpeg-rose7-preset                         1   1     0      0.018          1      55.56    129154     267680		
#Results for performance runs started at 23183:18:14:33 XCMD=-c64 -w1
236760500         MLT cjpeg-rose7-preset                         1   1     0      0.141         10      70.92    129154     267680		
236760500         MLT cjpeg-rose7-preset                         1   1     0      0.142         10      70.42    129154     267680		
236760500         MLT cjpeg-rose7-preset                         1   1     0      0.141         10      70.92    129154     267680		
#Median for final result cjpeg-rose7-preset/
236760500         MLT cjpeg-rose7-preset                         1   1     0      0.141         10      70.92    129154     267680 median single
#UID            Suite Name                                     Ctx Wrk Fails       t(s)       Iter     Iter/s  Codesize   Datasize
#Results for verification run started at 23183:18:14:35 XCMD=-c64 -w1
1050863061        MLT sha-test                                   1   1     0      0.015          1      66.67     91634       2424		
#Results for performance runs started at 23183:18:14:35 XCMD=-c64 -w1
1050863061        MLT sha-test                                   1   1     0      0.153         10      65.36     91634       2424		
1050863061        MLT sha-test                                   1   1     0      0.153         10      65.36     91634       2424		
1050863061        MLT sha-test                                   1   1     0      0.153         10      65.36     91634       2424		
#Median for final result sha-test/
1050863061        MLT sha-test                                   1   1     0      0.153         10      65.36     91634       2424 median single
#UID            Suite Name                                     Ctx Wrk Fails       t(s)       Iter     Iter/s  Codesize   Datasize
#Results for verification run started at 23183:18:14:37 XCMD=-c64 -w1
490760323         MLT core                                       1   1     0      4.156          1       0.24     81384       5192		
#Results for performance runs started at 23183:18:14:41 XCMD=-c64 -w1
490760323         MLT core                                       1   1     0      4.156          1       0.24     81384       5192		
490760323         MLT core                                       1   1     0      4.157          1       0.24     81384       5192		
490760323         MLT core                                       1   1     0      4.156          1       0.24     81384       5192		
#Median for final result core/
490760323         MLT core                                       1   1     0      4.156          1       0.24     81384       5192 median single
#UID            Suite Name                                     Ctx Wrk Fails       t(s)       Iter     Iter/s  Codesize   Datasize
#Results for verification run started at 23183:18:14:55 XCMD=-c64 -w1
549578576         MLT nnet_test                                  1   1     0      0.437          1       2.29     87564      43864		
#Results for performance runs started at 23183:18:14:56 XCMD=-c64 -w1
549578576         MLT nnet_test                                  1   1     0      4.360         10       2.29     87564      43864		
549578576         MLT nnet_test                                  1   1     0      4.359         10       2.29     87564      43864		
549578576         MLT nnet_test                                  1   1     0      4.365         10       2.29     87564      43864		
#Median for final result nnet_test/
549578576         MLT nnet_test                                  1   1     0      4.360         10       2.29     87564      43864 median single
#UID            Suite Name                                     Ctx Wrk Fails       t(s)       Iter     Iter/s  Codesize   Datasize
#Results for verification run started at 23183:18:15:11 XCMD=-c64 -w1
1046644201        MLT linear_alg-mid-100x100-sp                  1   1     0      0.016          1      62.50     93130       4568		
#Results for performance runs started at 23183:18:15:11 XCMD=-c64 -w1
1046644201        MLT linear_alg-mid-100x100-sp                  1   1     0      0.810         50      61.73     93130       4568		
1046644201        MLT linear_alg-mid-100x100-sp                  1   1     0      0.810         50      61.73     93130       4568		
1046644201        MLT linear_alg-mid-100x100-sp                  1   1     0      0.810         50      61.73     93130       4568		
#Median for final result linear_alg-mid-100x100-sp/
1046644201        MLT linear_alg-mid-100x100-sp                  1   1     0      0.810         50      61.73     93130       4568 median single
#UID            Suite Name                                     Ctx Wrk Fails       t(s)       Iter     Iter/s  Codesize   Datasize
#Results for verification run started at 23183:18:15:15 XCMD=-c64 -w1
780641437         MLT parser-125k                                1   1     0      0.161          1       6.21    100222       2536		
#Results for performance runs started at 23183:18:15:15 XCMD=-c64 -w1
780641437         MLT parser-125k                                1   1     0      0.161          1       6.21    100222       2536		
780641437         MLT parser-125k                                1   1     0      0.164          1       6.10    100222       2536		
780641437         MLT parser-125k                                1   1     0      0.157          1       6.37    100222       2536		
#Median for final result parser-125k/
780641437         MLT parser-125k                                1   1     0      0.161          1       6.21    100222       2536 median single
#UID            Suite Name                                     Ctx Wrk Fails       t(s)       Iter     Iter/s  Codesize   Datasize
#Results for verification run started at 23183:18:15:17 XCMD=-c64 -w1
1814569103        MLT loops-all-mid-10k-sp                       1   1     0      0.539          1       1.86    109584       8344		
#Results for performance runs started at 23183:18:15:18 XCMD=-c64 -w1
1814569103        MLT loops-all-mid-10k-sp                       1   1     0     26.913         50       1.86    109584       8344		
1814569103        MLT loops-all-mid-10k-sp                       1   1     0     26.860         50       1.86    109584       8344		
1814569103        MLT loops-all-mid-10k-sp                       1   1     0     26.916         50       1.86    109584       8344		
#Median for final result loops-all-mid-10k-sp/
1814569103        MLT loops-all-mid-10k-sp                       1   1     0     26.913         50       1.86    109584       8344 median single
#UID            Suite Name                                     Ctx Wrk Fails       t(s)       Iter     Iter/s  Codesize   Datasize
#Results for verification run started at 23183:18:16:40 XCMD=-c64 -w1
1862946660        MLT radix2-big-64k                             1   1     0      0.033          1      30.30   1459492       2936		
#Results for performance runs started at 23183:18:16:41 XCMD=-c64 -w1
1862946660        MLT radix2-big-64k                             1   1     0      9.223       1000     108.42   1459492       2936		
1862946660        MLT radix2-big-64k                             1   1     0      9.408       1000     106.29   1459492       2936		
1862946660        MLT radix2-big-64k                             1   1     0      9.204       1000     108.65   1459492       2936		
#Median for final result radix2-big-64k/
1862946660        MLT radix2-big-64k                             1   1     0      9.223       1000     108.42   1459492       2936 median single
#UID            Suite Name                                     Ctx Wrk Fails       t(s)       Iter     Iter/s  Codesize   Datasize
#Results for verification run started at 23183:18:17:10 XCMD=-c64 -w1
946108807         MLT zip-test                                   1   1     0      0.027          1      37.04    157220       2768		
#Results for performance runs started at 23183:18:17:11 XCMD=-c64 -w1
946108807         MLT zip-test                                   1   1     0      0.026          1      38.46    157220       2768		
946108807         MLT zip-test                                   1   1     0      0.026          1      38.46    157220       2768		
946108807         MLT zip-test                                   1   1     0      0.026          1      38.46    157220       2768		
#Median for final result zip-test/
946108807         MLT zip-test                                   1   1     0      0.026          1      38.46    157220       2768 median single
#UID            Suite Name                                     Ctx Wrk Fails       t(s)       Iter     Iter/s  Codesize   Datasize
#Results for verification run started at 23183:18:17:16 XCMD=-c64 -w1
236760500         MLT cjpeg-rose7-preset                        64   1     0      0.005          1     200.00    129154     267680		
#Results for performance runs started at 23183:18:17:16 XCMD=-c64 -w1
236760500         MLT cjpeg-rose7-preset                        64   1     0      0.007         10    1428.57    129154     267680		
236760500         MLT cjpeg-rose7-preset                        64   1     0      0.007         10    1428.57    129154     267680		
236760500         MLT cjpeg-rose7-preset                        64   1     0      0.007         10    1428.57    129154     267680		
#Median for final result cjpeg-rose7-preset/
236760500         MLT cjpeg-rose7-preset                        64   1     0      0.007         10    1428.57    129154     267680 median best
#UID            Suite Name                                     Ctx Wrk Fails       t(s)       Iter     Iter/s  Codesize   Datasize
#Results for verification run started at 23183:18:17:18 XCMD=-c64 -w1
1050863061        MLT sha-test                                  64   1     0      0.016          1      62.50     91634       2424		
#Results for performance runs started at 23183:18:17:18 XCMD=-c64 -w1
1050863061        MLT sha-test                                  64   1     0      0.032         64    2000.00     91634       2424		
1050863061        MLT sha-test                                  64   1     0      0.032         64    2000.00     91634       2424		
1050863061        MLT sha-test                                  64   1     0      0.032         64    2000.00     91634       2424		
#Median for final result sha-test/
1050863061        MLT sha-test                                  64   1     0      0.032         64    2000.00     91634       2424 median best
#UID            Suite Name                                     Ctx Wrk Fails       t(s)       Iter     Iter/s  Codesize   Datasize
#Results for verification run started at 23183:18:17:20 XCMD=-c64 -w1
490760323         MLT core                                      64   1     0      4.224          1       0.24     81384       5192		
#Results for performance runs started at 23183:18:17:24 XCMD=-c64 -w1
490760323         MLT core                                      64   1     0      7.200         64       8.89     81384       5192		
490760323         MLT core                                      64   1     0      7.321         64       8.74     81384       5192		
490760323         MLT core                                      64   1     0      7.158         64       8.94     81384       5192		
#Median for final result core/
490760323         MLT core                                      64   1     0      7.200         64       8.89     81384       5192 median best
#UID            Suite Name                                     Ctx Wrk Fails       t(s)       Iter     Iter/s  Codesize   Datasize
#Results for verification run started at 23183:18:17:47 XCMD=-c64 -w1
549578576         MLT nnet_test                                 64   1     0      0.438          1       2.28     87564      43864		
#Results for performance runs started at 23183:18:17:48 XCMD=-c64 -w1
549578576         MLT nnet_test                                 64   1     0      0.737         64      86.84     87564      43864		
549578576         MLT nnet_test                                 64   1     0      0.770         64      83.12     87564      43864		
549578576         MLT nnet_test                                 64   1     0      0.761         64      84.10     87564      43864		
#Median for final result nnet_test/
549578576         MLT nnet_test                                 64   1     0      0.761         64      84.10     87564      43864 median best
#UID            Suite Name                                     Ctx Wrk Fails       t(s)       Iter     Iter/s  Codesize   Datasize
#Results for verification run started at 23183:18:17:52 XCMD=-c64 -w1
1046644201        MLT linear_alg-mid-100x100-sp                 64   1     0      0.017          1      58.82     93130       4568		
#Results for performance runs started at 23183:18:17:52 XCMD=-c64 -w1
1046644201        MLT linear_alg-mid-100x100-sp                 64   1     0      0.034         64    1882.35     93130       4568		
1046644201        MLT linear_alg-mid-100x100-sp                 64   1     0      0.034         64    1882.35     93130       4568		
1046644201        MLT linear_alg-mid-100x100-sp                 64   1     0      0.036         64    1777.78     93130       4568		
#Median for final result linear_alg-mid-100x100-sp/
1046644201        MLT linear_alg-mid-100x100-sp                 64   1     0      0.034         64    1882.35     93130       4568 median best
#UID            Suite Name                                     Ctx Wrk Fails       t(s)       Iter     Iter/s  Codesize   Datasize
#Results for verification run started at 23183:18:17:54 XCMD=-c64 -w1
780641437         MLT parser-125k                               64   1     0      0.152          1       6.58    100222       2536		
#Results for performance runs started at 23183:18:17:54 XCMD=-c64 -w1
780641437         MLT parser-125k                               64   1     0      1.538         64      41.61    100222       2536		
780641437         MLT parser-125k                               64   1     0      1.507         64      42.47    100222       2536		
780641437         MLT parser-125k                               64   1     0      1.525         64      41.97    100222       2536		
#Median for final result parser-125k/
780641437         MLT parser-125k                               64   1     0      1.525         64      41.97    100222       2536 median best
#UID            Suite Name                                     Ctx Wrk Fails       t(s)       Iter     Iter/s  Codesize   Datasize
#Results for verification run started at 23183:18:18:00 XCMD=-c64 -w1
1814569103        MLT loops-all-mid-10k-sp                      64   1     0      0.539          1       1.86    109584       8344		
#Results for performance runs started at 23183:18:18:01 XCMD=-c64 -w1
1814569103        MLT loops-all-mid-10k-sp                      64   1     0      0.970         64      65.98    109584       8344		
1814569103        MLT loops-all-mid-10k-sp                      64   1     0      0.997         64      64.19    109584       8344		
1814569103        MLT loops-all-mid-10k-sp                      64   1     0      0.954         64      67.09    109584       8344		
#Median for final result loops-all-mid-10k-sp/
1814569103        MLT loops-all-mid-10k-sp                      64   1     0      0.970         64      65.98    109584       8344 median best
#UID            Suite Name                                     Ctx Wrk Fails       t(s)       Iter     Iter/s  Codesize   Datasize
#Results for verification run started at 23183:18:18:06 XCMD=-c64 -w1
1862946660        MLT radix2-big-64k                            64   1     0      0.035          1      28.57   1459492       2936		
#Results for performance runs started at 23183:18:18:06 XCMD=-c64 -w1
1862946660        MLT radix2-big-64k                            64   1     0      0.209       1000    4784.69   1459492       2936		
1862946660        MLT radix2-big-64k                            64   1     0      0.206       1000    4854.37   1459492       2936		
1862946660        MLT radix2-big-64k                            64   1     0      0.209       1000    4784.69   1459492       2936		
#Median for final result radix2-big-64k/
1862946660        MLT radix2-big-64k                            64   1     0      0.209       1000    4784.69   1459492       2936 median best
#UID            Suite Name                                     Ctx Wrk Fails       t(s)       Iter     Iter/s  Codesize   Datasize
#Results for verification run started at 23183:18:18:08 XCMD=-c64 -w1
946108807         MLT zip-test                                  64   1     0      0.029          1      34.48    157220       2768		
#Results for performance runs started at 23183:18:18:09 XCMD=-c64 -w1
946108807         MLT zip-test                                  64   1     0      0.059         64    1084.75    157220       2768		
946108807         MLT zip-test                                  64   1     0      0.060         64    1066.67    157220       2768		
946108807         MLT zip-test                                  64   1     0      0.059         64    1084.75    157220       2768		
#Median for final result zip-test/
946108807         MLT zip-test                                  64   1     0      0.059         64    1084.75    157220       2768 median best
