#UID            Suite Name                                     Ctx Wrk Fails       t(s)       Iter     Iter/s  Codesize   Datasize
#Results for verification run started at 23183:14:25:58 XCMD=-c64 -w4
236760500         MLT cjpeg-rose7-preset                         1   1     0      0.011          1      90.91    104046     267504		
#Results for performance runs started at 23183:14:25:58 XCMD=-c64 -w4
236760500         MLT cjpeg-rose7-preset                         1   1     0      0.109         10      91.74    104046     267504		
236760500         MLT cjpeg-rose7-preset                         1   1     0      0.109         10      91.74    104046     267504		
236760500         MLT cjpeg-rose7-preset                         1   1     0      0.109         10      91.74    104046     267504		
#Median for final result cjpeg-rose7-preset/
236760500         MLT cjpeg-rose7-preset                         1   1     0      0.109         10      91.74    104046     267504 median single
#UID            Suite Name                                     Ctx Wrk Fails       t(s)       Iter     Iter/s  Codesize   Datasize
#Results for verification run started at 23183:14:25:59 XCMD=-c64 -w4
1050863061        MLT sha-test                                   1   1     0      0.007          1     142.86     71806       2248		
#Results for performance runs started at 23183:14:25:59 XCMD=-c64 -w4
1050863061        MLT sha-test                                   1   1     0      0.071         10     140.85     71806       2248		
1050863061        MLT sha-test                                   1   1     0      0.071         10     140.85     71806       2248		
1050863061        MLT sha-test                                   1   1     0      0.071         10     140.85     71806       2248		
#Median for final result sha-test/
1050863061        MLT sha-test                                   1   1     0      0.071         10     140.85     71806       2248 median single
#UID            Suite Name                                     Ctx Wrk Fails       t(s)       Iter     Iter/s  Codesize   Datasize
#Results for verification run started at 23183:14:26:01 XCMD=-c64 -w4
490760323         MLT core                                       1   1     0      1.024          1       0.98     64576       4368		
#Results for performance runs started at 23183:14:26:02 XCMD=-c64 -w4
490760323         MLT core                                       1   1     0      1.025          1       0.98     64576       4368		
490760323         MLT core                                       1   1     0      1.026          1       0.97     64576       4368		
490760323         MLT core                                       1   1     0      1.025          1       0.98     64576       4368		
#Median for final result core/
490760323         MLT core                                       1   1     0      1.025          1       0.98     64576       4368 median single
#UID            Suite Name                                     Ctx Wrk Fails       t(s)       Iter     Iter/s  Codesize   Datasize
#Results for verification run started at 23183:14:26:06 XCMD=-c64 -w4
549578576         MLT nnet_test                                  1   1     0      0.292          1       3.42     67196      43656		
#Results for performance runs started at 23183:14:26:07 XCMD=-c64 -w4
549578576         MLT nnet_test                                  1   1     0      2.922         10       3.42     67196      43656		
549578576         MLT nnet_test                                  1   1     0      2.922         10       3.42     67196      43656		
549578576         MLT nnet_test                                  1   1     0      2.921         10       3.42     67196      43656		
#Median for final result nnet_test/
549578576         MLT nnet_test                                  1   1     0      2.922         10       3.42     67196      43656 median single
#UID            Suite Name                                     Ctx Wrk Fails       t(s)       Iter     Iter/s  Codesize   Datasize
#Results for verification run started at 23183:14:26:16 XCMD=-c64 -w4
1046644201        MLT linear_alg-mid-100x100-sp                  1   1     0      0.018          1      55.56     67454       4384		
#Results for performance runs started at 23183:14:26:17 XCMD=-c64 -w4
1046644201        MLT linear_alg-mid-100x100-sp                  1   1     0      0.905         50      55.25     67454       4384		
1046644201        MLT linear_alg-mid-100x100-sp                  1   1     0      0.905         50      55.25     67454       4384		
1046644201        MLT linear_alg-mid-100x100-sp                  1   1     0      0.905         50      55.25     67454       4384		
#Median for final result linear_alg-mid-100x100-sp/
1046644201        MLT linear_alg-mid-100x100-sp                  1   1     0      0.905         50      55.25     67454       4384 median single
#UID            Suite Name                                     Ctx Wrk Fails       t(s)       Iter     Iter/s  Codesize   Datasize
#Results for verification run started at 23183:14:26:20 XCMD=-c64 -w4
780641437         MLT parser-125k                                1   1     0      0.091          1      10.99     82718       2240		
#Results for performance runs started at 23183:14:26:21 XCMD=-c64 -w4
780641437         MLT parser-125k                                1   1     0      0.091          1      10.99     82718       2240		
780641437         MLT parser-125k                                1   1     0      0.091          1      10.99     82718       2240		
780641437         MLT parser-125k                                1   1     0      0.091          1      10.99     82718       2240		
#Median for final result parser-125k/
780641437         MLT parser-125k                                1   1     0      0.091          1      10.99     82718       2240 median single
#UID            Suite Name                                     Ctx Wrk Fails       t(s)       Iter     Iter/s  Codesize   Datasize
#Results for verification run started at 23183:14:26:22 XCMD=-c64 -w4
1814569103        MLT loops-all-mid-10k-sp                       1   1     0      0.358          1       2.79     81992       8160		
#Results for performance runs started at 23183:14:26:22 XCMD=-c64 -w4
1814569103        MLT loops-all-mid-10k-sp                       1   1     0     17.923         50       2.79     81992       8160		
1814569103        MLT loops-all-mid-10k-sp                       1   1     0     17.921         50       2.79     81992       8160		
1814569103        MLT loops-all-mid-10k-sp                       1   1     0     17.922         50       2.79     81992       8160		
#Median for final result loops-all-mid-10k-sp/
1814569103        MLT loops-all-mid-10k-sp                       1   1     0     17.922         50       2.79     81992       8160 median single
#UID            Suite Name                                     Ctx Wrk Fails       t(s)       Iter     Iter/s  Codesize   Datasize
#Results for verification run started at 23183:14:27:17 XCMD=-c64 -w4
1862946660        MLT radix2-big-64k                             1   1     0      0.018          1      55.56   1442580       2472		
#Results for performance runs started at 23183:14:27:18 XCMD=-c64 -w4
1862946660        MLT radix2-big-64k                             1   1     0      3.685       1000     271.37   1442580       2472		
1862946660        MLT radix2-big-64k                             1   1     0      3.689       1000     271.08   1442580       2472		
1862946660        MLT radix2-big-64k                             1   1     0      3.671       1000     272.41   1442580       2472		
#Median for final result radix2-big-64k/
1862946660        MLT radix2-big-64k                             1   1     0      3.685       1000     271.37   1442580       2472 median single
#UID            Suite Name                                     Ctx Wrk Fails       t(s)       Iter     Iter/s  Codesize   Datasize
#Results for verification run started at 23183:14:27:30 XCMD=-c64 -w4
946108807         MLT zip-test                                   1   1     0      0.014          1      71.43    124638       2480		
#Results for performance runs started at 23183:14:27:31 XCMD=-c64 -w4
946108807         MLT zip-test                                   1   1     0      0.014          1      71.43    124638       2480		
946108807         MLT zip-test                                   1   1     0      0.014          1      71.43    124638       2480		
946108807         MLT zip-test                                   1   1     0      0.014          1      71.43    124638       2480		
#Median for final result zip-test/
946108807         MLT zip-test                                   1   1     0      0.014          1      71.43    124638       2480 median single
#UID            Suite Name                                     Ctx Wrk Fails       t(s)       Iter     Iter/s  Codesize   Datasize
#Results for verification run started at 23183:14:27:35 XCMD=-c64 -w4
236760500         MLT cjpeg-rose7-preset                        64   4     0      0.004          1     250.00    104046     267504		
#Results for performance runs started at 23183:14:27:36 XCMD=-c64 -w4
236760500         MLT cjpeg-rose7-preset                        64   4     0      0.005         10    2000.00    104046     267504		
236760500         MLT cjpeg-rose7-preset                        64   4     0      0.005         10    2000.00    104046     267504		
236760500         MLT cjpeg-rose7-preset                        64   4     0      0.005         10    2000.00    104046     267504		
#Median for final result cjpeg-rose7-preset/
236760500         MLT cjpeg-rose7-preset                        64   4     0      0.005         10    2000.00    104046     267504 median best
#UID            Suite Name                                     Ctx Wrk Fails       t(s)       Iter     Iter/s  Codesize   Datasize
#Results for verification run started at 23183:14:27:37 XCMD=-c64 -w4
1050863061        MLT sha-test                                  64   4     0      0.007          1     142.86     71806       2248		
#Results for performance runs started at 23183:14:27:37 XCMD=-c64 -w4
1050863061        MLT sha-test                                  64   4     0      0.017         64    3764.71     71806       2248		
1050863061        MLT sha-test                                  64   4     0      0.017         64    3764.71     71806       2248		
1050863061        MLT sha-test                                  64   4     0      0.016         64    4000.00     71806       2248		
#Median for final result sha-test/
1050863061        MLT sha-test                                  64   4     0      0.017         64    3764.71     71806       2248 median best
#UID            Suite Name                                     Ctx Wrk Fails       t(s)       Iter     Iter/s  Codesize   Datasize
#Results for verification run started at 23183:14:27:38 XCMD=-c64 -w4
490760323         MLT core                                      64   4     0      1.024          1       0.98     64576       4368		
#Results for performance runs started at 23183:14:27:39 XCMD=-c64 -w4
490760323         MLT core                                      64   4     0      1.592         64      40.20     64576       4368		
490760323         MLT core                                      64   4     0      1.610         64      39.75     64576       4368		
490760323         MLT core                                      64   4     0      1.609         64      39.78     64576       4368		
#Median for final result core/
490760323         MLT core                                      64   4     0      1.609         64      39.78     64576       4368 median best
#UID            Suite Name                                     Ctx Wrk Fails       t(s)       Iter     Iter/s  Codesize   Datasize
#Results for verification run started at 23183:14:27:45 XCMD=-c64 -w4
549578576         MLT nnet_test                                 64   4     0      0.292          1       3.42     67196      43656		
#Results for performance runs started at 23183:14:27:45 XCMD=-c64 -w4
549578576         MLT nnet_test                                 64   4     0      0.457         64     140.04     67196      43656		
549578576         MLT nnet_test                                 64   4     0      0.459         64     139.43     67196      43656		
549578576         MLT nnet_test                                 64   4     0      0.451         64     141.91     67196      43656		
#Median for final result nnet_test/
549578576         MLT nnet_test                                 64   4     0      0.457         64     140.04     67196      43656 median best
#UID            Suite Name                                     Ctx Wrk Fails       t(s)       Iter     Iter/s  Codesize   Datasize
#Results for verification run started at 23183:14:27:48 XCMD=-c64 -w4
1046644201        MLT linear_alg-mid-100x100-sp                 64   4     0      0.018          1      55.56     67454       4384		
#Results for performance runs started at 23183:14:27:48 XCMD=-c64 -w4
1046644201        MLT linear_alg-mid-100x100-sp                 64   4     0      0.037         64    1729.73     67454       4384		
1046644201        MLT linear_alg-mid-100x100-sp                 64   4     0      0.037         64    1729.73     67454       4384		
1046644201        MLT linear_alg-mid-100x100-sp                 64   4     0      0.037         64    1729.73     67454       4384		
#Median for final result linear_alg-mid-100x100-sp/
1046644201        MLT linear_alg-mid-100x100-sp                 64   4     0      0.037         64    1729.73     67454       4384 median best
#UID            Suite Name                                     Ctx Wrk Fails       t(s)       Iter     Iter/s  Codesize   Datasize
#Results for verification run started at 23183:14:27:49 XCMD=-c64 -w4
780641437         MLT parser-125k                               64   4     0      0.092          1      10.87     82718       2240		
#Results for performance runs started at 23183:14:27:50 XCMD=-c64 -w4
780641437         MLT parser-125k                               64   4     0      0.207         64     309.18     82718       2240		
780641437         MLT parser-125k                               64   4     0      0.208         64     307.69     82718       2240		
780641437         MLT parser-125k                               64   4     0      0.210         64     304.76     82718       2240		
#Median for final result parser-125k/
780641437         MLT parser-125k                               64   4     0      0.208         64     307.69     82718       2240 median best
#UID            Suite Name                                     Ctx Wrk Fails       t(s)       Iter     Iter/s  Codesize   Datasize
#Results for verification run started at 23183:14:27:51 XCMD=-c64 -w4
1814569103        MLT loops-all-mid-10k-sp                      64   4     0      0.360          1       2.78     81992       8160		
#Results for performance runs started at 23183:14:27:52 XCMD=-c64 -w4
1814569103        MLT loops-all-mid-10k-sp                      64   4     0      0.893         64      71.67     81992       8160		
1814569103        MLT loops-all-mid-10k-sp                      64   4     0      0.974         64      65.71     81992       8160		
1814569103        MLT loops-all-mid-10k-sp                      64   4     0      0.955         64      67.02     81992       8160		
#Median for final result loops-all-mid-10k-sp/
1814569103        MLT loops-all-mid-10k-sp                      64   4     0      0.955         64      67.02     81992       8160 median best
#UID            Suite Name                                     Ctx Wrk Fails       t(s)       Iter     Iter/s  Codesize   Datasize
#Results for verification run started at 23183:14:27:56 XCMD=-c64 -w4
1862946660        MLT radix2-big-64k                            64   4     0      0.018          1      55.56   1442580       2472		
#Results for performance runs started at 23183:14:27:56 XCMD=-c64 -w4
1862946660        MLT radix2-big-64k                            64   4     0      0.090       1000   11111.11   1442580       2472		
1862946660        MLT radix2-big-64k                            64   4     0      0.089       1000   11235.96   1442580       2472		
1862946660        MLT radix2-big-64k                            64   4     0      0.087       1000   11494.25   1442580       2472		
#Median for final result radix2-big-64k/
1862946660        MLT radix2-big-64k                            64   4     0      0.089       1000   11235.96   1442580       2472 median best
#UID            Suite Name                                     Ctx Wrk Fails       t(s)       Iter     Iter/s  Codesize   Datasize
#Results for verification run started at 23183:14:27:57 XCMD=-c64 -w4
946108807         MLT zip-test                                  64   4     0      0.015          1      66.67    124638       2480		
#Results for performance runs started at 23183:14:27:58 XCMD=-c64 -w4
946108807         MLT zip-test                                  64   4     0      0.039         64    1641.03    124638       2480		
946108807         MLT zip-test                                  64   4     0      0.039         64    1641.03    124638       2480		
946108807         MLT zip-test                                  64   4     0      0.042         64    1523.81    124638       2480		
#Median for final result zip-test/
946108807         MLT zip-test                                  64   4     0      0.039         64    1641.03    124638       2480 median best
