#UID            Suite Name                                     Ctx Wrk Fails       t(s)       Iter     Iter/s  Codesize   Datasize
#Results for verification run started at 23183:13:25:35 XCMD=-c4 -w4
236760500         MLT cjpeg-rose7-preset                         4   4     0      0.002          1     500.00    104675     267584		
#Results for performance runs started at 23183:13:25:35 XCMD=-c4 -w4
236760500         MLT cjpeg-rose7-preset                         4   4     0      0.014         10     714.29    104675     267584		
236760500         MLT cjpeg-rose7-preset                         4   4     0      0.014         10     714.29    104675     267584		
236760500         MLT cjpeg-rose7-preset                         4   4     0      0.014         10     714.29    104675     267584		
#Median for final result cjpeg-rose7-preset/
236760500         MLT cjpeg-rose7-preset                         4   4     0      0.014         10     714.29    104675     267584 median best
#UID            Suite Name                                     Ctx Wrk Fails       t(s)       Iter     Iter/s  Codesize   Datasize
#Results for verification run started at 23183:13:25:36 XCMD=-c4 -w4
1050863061        MLT sha-test                                   4   4     0      0.004          1     250.00     75625       2328		
#Results for performance runs started at 23183:13:25:36 XCMD=-c4 -w4
1050863061        MLT sha-test                                   4   4     0      0.012         10     833.33     75625       2328		
1050863061        MLT sha-test                                   4   4     0      0.012         10     833.33     75625       2328		
1050863061        MLT sha-test                                   4   4     0      0.012         10     833.33     75625       2328		
#Median for final result sha-test/
1050863061        MLT sha-test                                   4   4     0      0.012         10     833.33     75625       2328 median best
#UID            Suite Name                                     Ctx Wrk Fails       t(s)       Iter     Iter/s  Codesize   Datasize
#Results for verification run started at 23183:13:25:37 XCMD=-c4 -w4
490760323         MLT core                                       4   4     0      0.425          1       2.35     65067       4464		
#Results for performance runs started at 23183:13:25:37 XCMD=-c4 -w4
490760323         MLT core                                       4   4     0      0.433          4       9.24     65067       4464		
490760323         MLT core                                       4   4     0      0.475          4       8.42     65067       4464		
490760323         MLT core                                       4   4     0      0.433          4       9.24     65067       4464		
#Median for final result core/
490760323         MLT core                                       4   4     0      0.433          4       9.24     65067       4464 median best
#UID            Suite Name                                     Ctx Wrk Fails       t(s)       Iter     Iter/s  Codesize   Datasize
#Results for verification run started at 23183:13:25:39 XCMD=-c4 -w4
549578576         MLT nnet_test                                  4   4     0      0.094          1      10.64     68359      43744		
#Results for performance runs started at 23183:13:25:40 XCMD=-c4 -w4
549578576         MLT nnet_test                                  4   4     0      0.273         10      36.63     68359      43744		
549578576         MLT nnet_test                                  4   4     0      0.272         10      36.76     68359      43744		
549578576         MLT nnet_test                                  4   4     0      0.273         10      36.63     68359      43744		
#Median for final result nnet_test/
549578576         MLT nnet_test                                  4   4     0      0.273         10      36.63     68359      43744 median best
#UID            Suite Name                                     Ctx Wrk Fails       t(s)       Iter     Iter/s  Codesize   Datasize
#Results for verification run started at 23183:13:25:41 XCMD=-c4 -w4
1046644201        MLT linear_alg-mid-100x100-sp                  4   4     0      0.004          1     250.00     70073       4472		
#Results for performance runs started at 23183:13:25:41 XCMD=-c4 -w4
1046644201        MLT linear_alg-mid-100x100-sp                  4   4     0      0.048         50    1041.67     70073       4472		
1046644201        MLT linear_alg-mid-100x100-sp                  4   4     0      0.048         50    1041.67     70073       4472		
1046644201        MLT linear_alg-mid-100x100-sp                  4   4     0      0.048         50    1041.67     70073       4472		
#Median for final result linear_alg-mid-100x100-sp/
1046644201        MLT linear_alg-mid-100x100-sp                  4   4     0      0.048         50    1041.67     70073       4472 median best
#UID            Suite Name                                     Ctx Wrk Fails       t(s)       Iter     Iter/s  Codesize   Datasize
#Results for verification run started at 23183:13:25:42 XCMD=-c4 -w4
780641437         MLT parser-125k                                4   4     0      0.018          1      55.56     84059       2304		
#Results for performance runs started at 23183:13:25:42 XCMD=-c4 -w4
780641437         MLT parser-125k                                4   4     0      0.021          4     190.48     84059       2304		
780641437         MLT parser-125k                                4   4     0      0.022          4     181.82     84059       2304		
780641437         MLT parser-125k                                4   4     0      0.022          4     181.82     84059       2304		
#Median for final result parser-125k/
780641437         MLT parser-125k                                4   4     0      0.022          4     181.82     84059       2304 median best
#UID            Suite Name                                     Ctx Wrk Fails       t(s)       Iter     Iter/s  Codesize   Datasize
#Results for verification run started at 23183:13:25:43 XCMD=-c4 -w4
1814569103        MLT loops-all-mid-10k-sp                       4   4     0      0.126          1       7.94     85291       8296		
#Results for performance runs started at 23183:13:25:43 XCMD=-c4 -w4
1814569103        MLT loops-all-mid-10k-sp                       4   4     0      1.522         50      32.85     85291       8296		
1814569103        MLT loops-all-mid-10k-sp                       4   4     0      1.523         50      32.83     85291       8296		
1814569103        MLT loops-all-mid-10k-sp                       4   4     0      1.519         50      32.92     85291       8296		
#Median for final result loops-all-mid-10k-sp/
1814569103        MLT loops-all-mid-10k-sp                       4   4     0      1.522         50      32.85     85291       8296 median best
#UID            Suite Name                                     Ctx Wrk Fails       t(s)       Iter     Iter/s  Codesize   Datasize
#Results for verification run started at 23183:13:25:49 XCMD=-c4 -w4
1862946660        MLT radix2-big-64k                             4   4     0      0.007          1     142.86   1443999       2528		
#Results for performance runs started at 23183:13:25:49 XCMD=-c4 -w4
1862946660        MLT radix2-big-64k                             4   4     0      0.521       1000    1919.39   1443999       2528		
1862946660        MLT radix2-big-64k                             4   4     0      0.518       1000    1930.50   1443999       2528		
1862946660        MLT radix2-big-64k                             4   4     0      0.526       1000    1901.14   1443999       2528		
#Median for final result radix2-big-64k/
1862946660        MLT radix2-big-64k                             4   4     0      0.521       1000    1919.39   1443999       2528 median best
#UID            Suite Name                                     Ctx Wrk Fails       t(s)       Iter     Iter/s  Codesize   Datasize
#Results for verification run started at 23183:13:25:51 XCMD=-c4 -w4
946108807         MLT zip-test                                   4   4     0      0.007          1     142.86    129057       2552		
#Results for performance runs started at 23183:13:25:51 XCMD=-c4 -w4
946108807         MLT zip-test                                   4   4     0      0.008          4     500.00    129057       2552		
946108807         MLT zip-test                                   4   4     0      0.008          4     500.00    129057       2552		
946108807         MLT zip-test                                   4   4     0      0.008          4     500.00    129057       2552		
#Median for final result zip-test/
946108807         MLT zip-test                                   4   4     0      0.008          4     500.00    129057       2552 median best
