#UID            Suite Name                                     Ctx Wrk Fails       t(s)       Iter     Iter/s  Codesize   Datasize
#Results for verification run started at 23183:16:07:45 XCMD=-c16 -w16
236760500         MLT cjpeg-rose7-preset                         1   1     0      0.015          1      66.67    104046     267504		
#Results for performance runs started at 23183:16:07:46 XCMD=-c16 -w16
236760500         MLT cjpeg-rose7-preset                         1   1     0      0.139         10      71.94    104046     267504		
236760500         MLT cjpeg-rose7-preset                         1   1     0      0.139         10      71.94    104046     267504		
236760500         MLT cjpeg-rose7-preset                         1   1     0      0.139         10      71.94    104046     267504		
#Median for final result cjpeg-rose7-preset/
236760500         MLT cjpeg-rose7-preset                         1   1     0      0.139         10      71.94    104046     267504 median single
#UID            Suite Name                                     Ctx Wrk Fails       t(s)       Iter     Iter/s  Codesize   Datasize
#Results for verification run started at 23183:16:07:48 XCMD=-c16 -w16
1050863061        MLT sha-test                                   1   1     0      0.009          1     111.11     71806       2248		
#Results for performance runs started at 23183:16:07:48 XCMD=-c16 -w16
1050863061        MLT sha-test                                   1   1     0      0.092         10     108.70     71806       2248		
1050863061        MLT sha-test                                   1   1     0      0.093         10     107.53     71806       2248		
1050863061        MLT sha-test                                   1   1     0      0.092         10     108.70     71806       2248		
#Median for final result sha-test/
1050863061        MLT sha-test                                   1   1     0      0.092         10     108.70     71806       2248 median single
#UID            Suite Name                                     Ctx Wrk Fails       t(s)       Iter     Iter/s  Codesize   Datasize
#Results for verification run started at 23183:16:07:50 XCMD=-c16 -w16
490760323         MLT core                                       1   1     0      1.830          1       0.55     64576       4368		
#Results for performance runs started at 23183:16:07:52 XCMD=-c16 -w16
490760323         MLT core                                       1   1     0      1.830          1       0.55     64576       4368		
490760323         MLT core                                       1   1     0      1.836          1       0.54     64576       4368		
490760323         MLT core                                       1   1     0      1.831          1       0.55     64576       4368		
#Median for final result core/
490760323         MLT core                                       1   1     0      1.831          1       0.55     64576       4368 median single
#UID            Suite Name                                     Ctx Wrk Fails       t(s)       Iter     Iter/s  Codesize   Datasize
#Results for verification run started at 23183:16:07:59 XCMD=-c16 -w16
549578576         MLT nnet_test                                  1   1     0      0.470          1       2.13     67196      43656		
#Results for performance runs started at 23183:16:08:00 XCMD=-c16 -w16
549578576         MLT nnet_test                                  1   1     0      4.707         10       2.12     67196      43656		
549578576         MLT nnet_test                                  1   1     0      4.707         10       2.12     67196      43656		
549578576         MLT nnet_test                                  1   1     0      4.707         10       2.12     67196      43656		
#Median for final result nnet_test/
549578576         MLT nnet_test                                  1   1     0      4.707         10       2.12     67196      43656 median single
#UID            Suite Name                                     Ctx Wrk Fails       t(s)       Iter     Iter/s  Codesize   Datasize
#Results for verification run started at 23183:16:08:15 XCMD=-c16 -w16
1046644201        MLT linear_alg-mid-100x100-sp                  1   1     0      0.016          1      62.50     67454       4384		
#Results for performance runs started at 23183:16:08:15 XCMD=-c16 -w16
1046644201        MLT linear_alg-mid-100x100-sp                  1   1     0      0.770         50      64.94     67454       4384		
1046644201        MLT linear_alg-mid-100x100-sp                  1   1     0      0.769         50      65.02     67454       4384		
1046644201        MLT linear_alg-mid-100x100-sp                  1   1     0      0.768         50      65.10     67454       4384		
#Median for final result linear_alg-mid-100x100-sp/
1046644201        MLT linear_alg-mid-100x100-sp                  1   1     0      0.769         50      65.02     67454       4384 median single
#UID            Suite Name                                     Ctx Wrk Fails       t(s)       Iter     Iter/s  Codesize   Datasize
#Results for verification run started at 23183:16:08:19 XCMD=-c16 -w16
780641437         MLT parser-125k                                1   1     0      0.157          1       6.37     82718       2240		
#Results for performance runs started at 23183:16:08:20 XCMD=-c16 -w16
780641437         MLT parser-125k                                1   1     0      0.148          1       6.76     82718       2240		
780641437         MLT parser-125k                                1   1     0      0.156          1       6.41     82718       2240		
780641437         MLT parser-125k                                1   1     0      0.156          1       6.41     82718       2240		
#Median for final result parser-125k/
780641437         MLT parser-125k                                1   1     0      0.156          1       6.41     82718       2240 median single
#UID            Suite Name                                     Ctx Wrk Fails       t(s)       Iter     Iter/s  Codesize   Datasize
#Results for verification run started at 23183:16:08:22 XCMD=-c16 -w16
1814569103        MLT loops-all-mid-10k-sp                       1   1     0      0.548          1       1.82     81992       8160		
#Results for performance runs started at 23183:16:08:23 XCMD=-c16 -w16
1814569103        MLT loops-all-mid-10k-sp                       1   1     0     25.532         50       1.96     81992       8160		
1814569103        MLT loops-all-mid-10k-sp                       1   1     0     25.896         50       1.93     81992       8160		
1814569103        MLT loops-all-mid-10k-sp                       1   1     0     26.238         50       1.91     81992       8160		
#Median for final result loops-all-mid-10k-sp/
1814569103        MLT loops-all-mid-10k-sp                       1   1     0     25.896         50       1.93     81992       8160 median single
#UID            Suite Name                                     Ctx Wrk Fails       t(s)       Iter     Iter/s  Codesize   Datasize
#Results for verification run started at 23183:16:09:42 XCMD=-c16 -w16
1862946660        MLT radix2-big-64k                             1   1     0      0.034          1      29.41   1442580       2472		
#Results for performance runs started at 23183:16:09:42 XCMD=-c16 -w16
1862946660        MLT radix2-big-64k                             1   1     0     10.127       1000      98.75   1442580       2472		
1862946660        MLT radix2-big-64k                             1   1     0     10.128       1000      98.74   1442580       2472		
1862946660        MLT radix2-big-64k                             1   1     0     10.082       1000      99.19   1442580       2472		
#Median for final result radix2-big-64k/
1862946660        MLT radix2-big-64k                             1   1     0     10.127       1000      98.75   1442580       2472 median single
#UID            Suite Name                                     Ctx Wrk Fails       t(s)       Iter     Iter/s  Codesize   Datasize
#Results for verification run started at 23183:16:10:14 XCMD=-c16 -w16
946108807         MLT zip-test                                   1   1     0      0.021          1      47.62    124638       2480		
#Results for performance runs started at 23183:16:10:15 XCMD=-c16 -w16
946108807         MLT zip-test                                   1   1     0      0.020          1      50.00    124638       2480		
946108807         MLT zip-test                                   1   1     0      0.021          1      47.62    124638       2480		
946108807         MLT zip-test                                   1   1     0      0.020          1      50.00    124638       2480		
#Median for final result zip-test/
946108807         MLT zip-test                                   1   1     0      0.020          1      50.00    124638       2480 median single
#UID            Suite Name                                     Ctx Wrk Fails       t(s)       Iter     Iter/s  Codesize   Datasize
#Results for verification run started at 23183:16:10:19 XCMD=-c16 -w16
236760500         MLT cjpeg-rose7-preset                        16  16     0      0.003          1     333.33    104046     267504		
#Results for performance runs started at 23183:16:10:20 XCMD=-c16 -w16
236760500         MLT cjpeg-rose7-preset                        16  16     0      0.010         10    1000.00    104046     267504		
236760500         MLT cjpeg-rose7-preset                        16  16     0      0.010         10    1000.00    104046     267504		
236760500         MLT cjpeg-rose7-preset                        16  16     0      0.010         10    1000.00    104046     267504		
#Median for final result cjpeg-rose7-preset/
236760500         MLT cjpeg-rose7-preset                        16  16     0      0.010         10    1000.00    104046     267504 median best
#UID            Suite Name                                     Ctx Wrk Fails       t(s)       Iter     Iter/s  Codesize   Datasize
#Results for verification run started at 23183:16:10:21 XCMD=-c16 -w16
1050863061        MLT sha-test                                  16  16     0      0.009          1     111.11     71806       2248		
#Results for performance runs started at 23183:16:10:22 XCMD=-c16 -w16
1050863061        MLT sha-test                                  16  16     0      0.010         16    1600.00     71806       2248		
1050863061        MLT sha-test                                  16  16     0      0.010         16    1600.00     71806       2248		
1050863061        MLT sha-test                                  16  16     0      0.010         16    1600.00     71806       2248		
#Median for final result sha-test/
1050863061        MLT sha-test                                  16  16     0      0.010         16    1600.00     71806       2248 median best
#UID            Suite Name                                     Ctx Wrk Fails       t(s)       Iter     Iter/s  Codesize   Datasize
#Results for verification run started at 23183:16:10:23 XCMD=-c16 -w16
490760323         MLT core                                      16  16     0      1.848          1       0.54     64576       4368		
#Results for performance runs started at 23183:16:10:25 XCMD=-c16 -w16
490760323         MLT core                                      16  16     0      1.834         16       8.72     64576       4368		
490760323         MLT core                                      16  16     0      1.836         16       8.71     64576       4368		
490760323         MLT core                                      16  16     0      1.837         16       8.71     64576       4368		
#Median for final result core/
490760323         MLT core                                      16  16     0      1.836         16       8.71     64576       4368 median best
#UID            Suite Name                                     Ctx Wrk Fails       t(s)       Iter     Iter/s  Codesize   Datasize
#Results for verification run started at 23183:16:10:32 XCMD=-c16 -w16
549578576         MLT nnet_test                                 16  16     0      0.472          1       2.12     67196      43656		
#Results for performance runs started at 23183:16:10:33 XCMD=-c16 -w16
549578576         MLT nnet_test                                 16  16     0      0.472         16      33.90     67196      43656		
549578576         MLT nnet_test                                 16  16     0      0.471         16      33.97     67196      43656		
549578576         MLT nnet_test                                 16  16     0      0.472         16      33.90     67196      43656		
#Median for final result nnet_test/
549578576         MLT nnet_test                                 16  16     0      0.472         16      33.90     67196      43656 median best
#UID            Suite Name                                     Ctx Wrk Fails       t(s)       Iter     Iter/s  Codesize   Datasize
#Results for verification run started at 23183:16:10:36 XCMD=-c16 -w16
1046644201        MLT linear_alg-mid-100x100-sp                 16  16     0      0.015          1      66.67     67454       4384		
#Results for performance runs started at 23183:16:10:36 XCMD=-c16 -w16
1046644201        MLT linear_alg-mid-100x100-sp                 16  16     0      0.061         50     819.67     67454       4384		
1046644201        MLT linear_alg-mid-100x100-sp                 16  16     0      0.061         50     819.67     67454       4384		
1046644201        MLT linear_alg-mid-100x100-sp                 16  16     0      0.061         50     819.67     67454       4384		
#Median for final result linear_alg-mid-100x100-sp/
1046644201        MLT linear_alg-mid-100x100-sp                 16  16     0      0.061         50     819.67     67454       4384 median best
#UID            Suite Name                                     Ctx Wrk Fails       t(s)       Iter     Iter/s  Codesize   Datasize
#Results for verification run started at 23183:16:10:38 XCMD=-c16 -w16
780641437         MLT parser-125k                               16  16     0      0.141          1       7.09     82718       2240		
#Results for performance runs started at 23183:16:10:38 XCMD=-c16 -w16
780641437         MLT parser-125k                               16  16     0      0.160         16     100.00     82718       2240		
780641437         MLT parser-125k                               16  16     0      0.160         16     100.00     82718       2240		
780641437         MLT parser-125k                               16  16     0      0.161         16      99.38     82718       2240		
#Median for final result parser-125k/
780641437         MLT parser-125k                               16  16     0      0.160         16     100.00     82718       2240 median best
#UID            Suite Name                                     Ctx Wrk Fails       t(s)       Iter     Iter/s  Codesize   Datasize
#Results for verification run started at 23183:16:10:40 XCMD=-c16 -w16
1814569103        MLT loops-all-mid-10k-sp                      16  16     0      0.548          1       1.82     81992       8160		
#Results for performance runs started at 23183:16:10:41 XCMD=-c16 -w16
1814569103        MLT loops-all-mid-10k-sp                      16  16     0      2.078         50      24.06     81992       8160		
1814569103        MLT loops-all-mid-10k-sp                      16  16     0      2.080         50      24.04     81992       8160		
1814569103        MLT loops-all-mid-10k-sp                      16  16     0      2.082         50      24.02     81992       8160		
#Median for final result loops-all-mid-10k-sp/
1814569103        MLT loops-all-mid-10k-sp                      16  16     0      2.080         50      24.04     81992       8160 median best
#UID            Suite Name                                     Ctx Wrk Fails       t(s)       Iter     Iter/s  Codesize   Datasize
#Results for verification run started at 23183:16:10:49 XCMD=-c16 -w16
1862946660        MLT radix2-big-64k                            16  16     0      0.034          1      29.41   1442580       2472		
#Results for performance runs started at 23183:16:10:49 XCMD=-c16 -w16
1862946660        MLT radix2-big-64k                            16  16     0      0.644       1000    1552.80   1442580       2472		
1862946660        MLT radix2-big-64k                            16  16     0      0.640       1000    1562.50   1442580       2472		
1862946660        MLT radix2-big-64k                            16  16     0      0.640       1000    1562.50   1442580       2472		
#Median for final result radix2-big-64k/
1862946660        MLT radix2-big-64k                            16  16     0      0.640       1000    1562.50   1442580       2472 median best
#UID            Suite Name                                     Ctx Wrk Fails       t(s)       Iter     Iter/s  Codesize   Datasize
#Results for verification run started at 23183:16:10:53 XCMD=-c16 -w16
946108807         MLT zip-test                                  16  16     0      0.022          1      45.45    124638       2480		
#Results for performance runs started at 23183:16:10:54 XCMD=-c16 -w16
946108807         MLT zip-test                                  16  16     0      0.025         16     640.00    124638       2480		
946108807         MLT zip-test                                  16  16     0      0.025         16     640.00    124638       2480		
946108807         MLT zip-test                                  16  16     0      0.025         16     640.00    124638       2480		
#Median for final result zip-test/
946108807         MLT zip-test                                  16  16     0      0.025         16     640.00    124638       2480 median best
