#UID            Suite Name                                     Ctx Wrk Fails       t(s)       Iter     Iter/s  Codesize   Datasize
#Results for verification run started at 23183:15:43:53 XCMD=-c4 -w1
236760500         MLT cjpeg-rose7-preset                         1   1     0      0.015          1      66.67    104046     267504		
#Results for performance runs started at 23183:15:43:54 XCMD=-c4 -w1
236760500         MLT cjpeg-rose7-preset                         1   1     0      0.139         10      71.94    104046     267504		
236760500         MLT cjpeg-rose7-preset                         1   1     0      0.139         10      71.94    104046     267504		
236760500         MLT cjpeg-rose7-preset                         1   1     0      0.139         10      71.94    104046     267504		
#Median for final result cjpeg-rose7-preset/
236760500         MLT cjpeg-rose7-preset                         1   1     0      0.139         10      71.94    104046     267504 median single
#UID            Suite Name                                     Ctx Wrk Fails       t(s)       Iter     Iter/s  Codesize   Datasize
#Results for verification run started at 23183:15:43:56 XCMD=-c4 -w1
1050863061        MLT sha-test                                   1   1     0      0.009          1     111.11     71806       2248		
#Results for performance runs started at 23183:15:43:56 XCMD=-c4 -w1
1050863061        MLT sha-test                                   1   1     0      0.092         10     108.70     71806       2248		
1050863061        MLT sha-test                                   1   1     0      0.093         10     107.53     71806       2248		
1050863061        MLT sha-test                                   1   1     0      0.092         10     108.70     71806       2248		
#Median for final result sha-test/
1050863061        MLT sha-test                                   1   1     0      0.092         10     108.70     71806       2248 median single
#UID            Suite Name                                     Ctx Wrk Fails       t(s)       Iter     Iter/s  Codesize   Datasize
#Results for verification run started at 23183:15:43:58 XCMD=-c4 -w1
490760323         MLT core                                       1   1     0      1.831          1       0.55     64576       4368		
#Results for performance runs started at 23183:15:44:00 XCMD=-c4 -w1
490760323         MLT core                                       1   1     0      1.831          1       0.55     64576       4368		
490760323         MLT core                                       1   1     0      1.831          1       0.55     64576       4368		
490760323         MLT core                                       1   1     0      1.831          1       0.55     64576       4368		
#Median for final result core/
490760323         MLT core                                       1   1     0      1.831          1       0.55     64576       4368 median single
#UID            Suite Name                                     Ctx Wrk Fails       t(s)       Iter     Iter/s  Codesize   Datasize
#Results for verification run started at 23183:15:44:07 XCMD=-c4 -w1
549578576         MLT nnet_test                                  1   1     0      0.470          1       2.13     67196      43656		
#Results for performance runs started at 23183:15:44:07 XCMD=-c4 -w1
549578576         MLT nnet_test                                  1   1     0      4.707         10       2.12     67196      43656		
549578576         MLT nnet_test                                  1   1     0      4.707         10       2.12     67196      43656		
549578576         MLT nnet_test                                  1   1     0      4.708         10       2.12     67196      43656		
#Median for final result nnet_test/
549578576         MLT nnet_test                                  1   1     0      4.707         10       2.12     67196      43656 median single
#UID            Suite Name                                     Ctx Wrk Fails       t(s)       Iter     Iter/s  Codesize   Datasize
#Results for verification run started at 23183:15:44:23 XCMD=-c4 -w1
1046644201        MLT linear_alg-mid-100x100-sp                  1   1     0      0.015          1      66.67     67454       4384		
#Results for performance runs started at 23183:15:44:23 XCMD=-c4 -w1
1046644201        MLT linear_alg-mid-100x100-sp                  1   1     0      0.766         50      65.27     67454       4384		
1046644201        MLT linear_alg-mid-100x100-sp                  1   1     0      0.770         50      64.94     67454       4384		
1046644201        MLT linear_alg-mid-100x100-sp                  1   1     0      0.769         50      65.02     67454       4384		
#Median for final result linear_alg-mid-100x100-sp/
1046644201        MLT linear_alg-mid-100x100-sp                  1   1     0      0.769         50      65.02     67454       4384 median single
#UID            Suite Name                                     Ctx Wrk Fails       t(s)       Iter     Iter/s  Codesize   Datasize
#Results for verification run started at 23183:15:44:27 XCMD=-c4 -w1
780641437         MLT parser-125k                                1   1     0      0.141          1       7.09     82718       2240		
#Results for performance runs started at 23183:15:44:28 XCMD=-c4 -w1
780641437         MLT parser-125k                                1   1     0      0.159          1       6.29     82718       2240		
780641437         MLT parser-125k                                1   1     0      0.156          1       6.41     82718       2240		
780641437         MLT parser-125k                                1   1     0      0.156          1       6.41     82718       2240		
#Median for final result parser-125k/
780641437         MLT parser-125k                                1   1     0      0.156          1       6.41     82718       2240 median single
#UID            Suite Name                                     Ctx Wrk Fails       t(s)       Iter     Iter/s  Codesize   Datasize
#Results for verification run started at 23183:15:44:30 XCMD=-c4 -w1
1814569103        MLT loops-all-mid-10k-sp                       1   1     0      0.542          1       1.85     81992       8160		
#Results for performance runs started at 23183:15:44:30 XCMD=-c4 -w1
1814569103        MLT loops-all-mid-10k-sp                       1   1     0     26.555         50       1.88     81992       8160		
1814569103        MLT loops-all-mid-10k-sp                       1   1     0     26.527         50       1.88     81992       8160		
1814569103        MLT loops-all-mid-10k-sp                       1   1     0     27.152         50       1.84     81992       8160		
#Median for final result loops-all-mid-10k-sp/
1814569103        MLT loops-all-mid-10k-sp                       1   1     0     26.555         50       1.88     81992       8160 median single
#UID            Suite Name                                     Ctx Wrk Fails       t(s)       Iter     Iter/s  Codesize   Datasize
#Results for verification run started at 23183:15:45:52 XCMD=-c4 -w1
1862946660        MLT radix2-big-64k                             1   1     0      0.034          1      29.41   1442580       2472		
#Results for performance runs started at 23183:15:45:53 XCMD=-c4 -w1
1862946660        MLT radix2-big-64k                             1   1     0     10.081       1000      99.20   1442580       2472		
1862946660        MLT radix2-big-64k                             1   1     0     10.148       1000      98.54   1442580       2472		
1862946660        MLT radix2-big-64k                             1   1     0     10.065       1000      99.35   1442580       2472		
#Median for final result radix2-big-64k/
1862946660        MLT radix2-big-64k                             1   1     0     10.081       1000      99.20   1442580       2472 median single
#UID            Suite Name                                     Ctx Wrk Fails       t(s)       Iter     Iter/s  Codesize   Datasize
#Results for verification run started at 23183:15:46:24 XCMD=-c4 -w1
946108807         MLT zip-test                                   1   1     0      0.021          1      47.62    124638       2480		
#Results for performance runs started at 23183:15:46:26 XCMD=-c4 -w1
946108807         MLT zip-test                                   1   1     0      0.021          1      47.62    124638       2480		
946108807         MLT zip-test                                   1   1     0      0.020          1      50.00    124638       2480		
946108807         MLT zip-test                                   1   1     0      0.021          1      47.62    124638       2480		
#Median for final result zip-test/
946108807         MLT zip-test                                   1   1     0      0.021          1      47.62    124638       2480 median single
#UID            Suite Name                                     Ctx Wrk Fails       t(s)       Iter     Iter/s  Codesize   Datasize
#Results for verification run started at 23183:15:46:30 XCMD=-c4 -w1
236760500         MLT cjpeg-rose7-preset                         4   1     0      0.004          1     250.00    104046     267504		
#Results for performance runs started at 23183:15:46:30 XCMD=-c4 -w1
236760500         MLT cjpeg-rose7-preset                         4   1     0      0.036         10     277.78    104046     267504		
236760500         MLT cjpeg-rose7-preset                         4   1     0      0.036         10     277.78    104046     267504		
236760500         MLT cjpeg-rose7-preset                         4   1     0      0.036         10     277.78    104046     267504		
#Median for final result cjpeg-rose7-preset/
236760500         MLT cjpeg-rose7-preset                         4   1     0      0.036         10     277.78    104046     267504 median best
#UID            Suite Name                                     Ctx Wrk Fails       t(s)       Iter     Iter/s  Codesize   Datasize
#Results for verification run started at 23183:15:46:32 XCMD=-c4 -w1
1050863061        MLT sha-test                                   4   1     0      0.009          1     111.11     71806       2248		
#Results for performance runs started at 23183:15:46:32 XCMD=-c4 -w1
1050863061        MLT sha-test                                   4   1     0      0.027         10     370.37     71806       2248		
1050863061        MLT sha-test                                   4   1     0      0.027         10     370.37     71806       2248		
1050863061        MLT sha-test                                   4   1     0      0.027         10     370.37     71806       2248		
#Median for final result sha-test/
1050863061        MLT sha-test                                   4   1     0      0.027         10     370.37     71806       2248 median best
#UID            Suite Name                                     Ctx Wrk Fails       t(s)       Iter     Iter/s  Codesize   Datasize
#Results for verification run started at 23183:15:46:34 XCMD=-c4 -w1
490760323         MLT core                                       4   1     0      1.834          1       0.55     64576       4368		
#Results for performance runs started at 23183:15:46:36 XCMD=-c4 -w1
490760323         MLT core                                       4   1     0      1.832          4       2.18     64576       4368		
490760323         MLT core                                       4   1     0      1.830          4       2.19     64576       4368		
490760323         MLT core                                       4   1     0      1.831          4       2.18     64576       4368		
#Median for final result core/
490760323         MLT core                                       4   1     0      1.831          4       2.18     64576       4368 median best
#UID            Suite Name                                     Ctx Wrk Fails       t(s)       Iter     Iter/s  Codesize   Datasize
#Results for verification run started at 23183:15:46:43 XCMD=-c4 -w1
549578576         MLT nnet_test                                  4   1     0      0.470          1       2.13     67196      43656		
#Results for performance runs started at 23183:15:46:44 XCMD=-c4 -w1
549578576         MLT nnet_test                                  4   1     0      1.412         10       7.08     67196      43656		
549578576         MLT nnet_test                                  4   1     0      1.412         10       7.08     67196      43656		
549578576         MLT nnet_test                                  4   1     0      1.413         10       7.08     67196      43656		
#Median for final result nnet_test/
549578576         MLT nnet_test                                  4   1     0      1.412         10       7.08     67196      43656 median best
#UID            Suite Name                                     Ctx Wrk Fails       t(s)       Iter     Iter/s  Codesize   Datasize
#Results for verification run started at 23183:15:46:49 XCMD=-c4 -w1
1046644201        MLT linear_alg-mid-100x100-sp                  4   1     0      0.016          1      62.50     67454       4384		
#Results for performance runs started at 23183:15:46:50 XCMD=-c4 -w1
1046644201        MLT linear_alg-mid-100x100-sp                  4   1     0      0.199         50     251.26     67454       4384		
1046644201        MLT linear_alg-mid-100x100-sp                  4   1     0      0.200         50     250.00     67454       4384		
1046644201        MLT linear_alg-mid-100x100-sp                  4   1     0      0.199         50     251.26     67454       4384		
#Median for final result linear_alg-mid-100x100-sp/
1046644201        MLT linear_alg-mid-100x100-sp                  4   1     0      0.199         50     251.26     67454       4384 median best
#UID            Suite Name                                     Ctx Wrk Fails       t(s)       Iter     Iter/s  Codesize   Datasize
#Results for verification run started at 23183:15:46:52 XCMD=-c4 -w1
780641437         MLT parser-125k                                4   1     0      0.141          1       7.09     82718       2240		
#Results for performance runs started at 23183:15:46:52 XCMD=-c4 -w1
780641437         MLT parser-125k                                4   1     0      0.157          4      25.48     82718       2240		
780641437         MLT parser-125k                                4   1     0      0.155          4      25.81     82718       2240		
780641437         MLT parser-125k                                4   1     0      0.155          4      25.81     82718       2240		
#Median for final result parser-125k/
780641437         MLT parser-125k                                4   1     0      0.155          4      25.81     82718       2240 median best
#UID            Suite Name                                     Ctx Wrk Fails       t(s)       Iter     Iter/s  Codesize   Datasize
#Results for verification run started at 23183:15:46:54 XCMD=-c4 -w1
1814569103        MLT loops-all-mid-10k-sp                       4   1     0      0.546          1       1.83     81992       8160		
#Results for performance runs started at 23183:15:46:55 XCMD=-c4 -w1
1814569103        MLT loops-all-mid-10k-sp                       4   1     0      6.639         50       7.53     81992       8160		
1814569103        MLT loops-all-mid-10k-sp                       4   1     0      6.647         50       7.52     81992       8160		
1814569103        MLT loops-all-mid-10k-sp                       4   1     0      6.652         50       7.52     81992       8160		
#Median for final result loops-all-mid-10k-sp/
1814569103        MLT loops-all-mid-10k-sp                       4   1     0      6.647         50       7.52     81992       8160 median best
#UID            Suite Name                                     Ctx Wrk Fails       t(s)       Iter     Iter/s  Codesize   Datasize
#Results for verification run started at 23183:15:47:16 XCMD=-c4 -w1
1862946660        MLT radix2-big-64k                             4   1     0      0.034          1      29.41   1442580       2472		
#Results for performance runs started at 23183:15:47:17 XCMD=-c4 -w1
1862946660        MLT radix2-big-64k                             4   1     0      2.542       1000     393.39   1442580       2472		
1862946660        MLT radix2-big-64k                             4   1     0      2.533       1000     394.79   1442580       2472		
1862946660        MLT radix2-big-64k                             4   1     0      2.531       1000     395.10   1442580       2472		
#Median for final result radix2-big-64k/
1862946660        MLT radix2-big-64k                             4   1     0      2.533       1000     394.79   1442580       2472 median best
#UID            Suite Name                                     Ctx Wrk Fails       t(s)       Iter     Iter/s  Codesize   Datasize
#Results for verification run started at 23183:15:47:26 XCMD=-c4 -w1
946108807         MLT zip-test                                   4   1     0      0.021          1      47.62    124638       2480		
#Results for performance runs started at 23183:15:47:27 XCMD=-c4 -w1
946108807         MLT zip-test                                   4   1     0      0.028          4     142.86    124638       2480		
946108807         MLT zip-test                                   4   1     0      0.021          4     190.48    124638       2480		
946108807         MLT zip-test                                   4   1     0      0.021          4     190.48    124638       2480		
#Median for final result zip-test/
946108807         MLT zip-test                                   4   1     0      0.021          4     190.48    124638       2480 median best
