#UID            Suite Name                                     Ctx Wrk Fails       t(s)       Iter     Iter/s  Codesize   Datasize
#Results for verification run started at 23183:16:27:26 XCMD=-c64 -w16
236760500         MLT cjpeg-rose7-preset                         1   1     0      0.015          1      66.67    104046     267504		
#Results for performance runs started at 23183:16:27:26 XCMD=-c64 -w16
236760500         MLT cjpeg-rose7-preset                         1   1     0      0.139         10      71.94    104046     267504		
236760500         MLT cjpeg-rose7-preset                         1   1     0      0.139         10      71.94    104046     267504		
236760500         MLT cjpeg-rose7-preset                         1   1     0      0.139         10      71.94    104046     267504		
#Median for final result cjpeg-rose7-preset/
236760500         MLT cjpeg-rose7-preset                         1   1     0      0.139         10      71.94    104046     267504 median single
#UID            Suite Name                                     Ctx Wrk Fails       t(s)       Iter     Iter/s  Codesize   Datasize
#Results for verification run started at 23183:16:27:28 XCMD=-c64 -w16
1050863061        MLT sha-test                                   1   1     0      0.009          1     111.11     71806       2248		
#Results for performance runs started at 23183:16:27:28 XCMD=-c64 -w16
1050863061        MLT sha-test                                   1   1     0      0.093         10     107.53     71806       2248		
1050863061        MLT sha-test                                   1   1     0      0.092         10     108.70     71806       2248		
1050863061        MLT sha-test                                   1   1     0      0.092         10     108.70     71806       2248		
#Median for final result sha-test/
1050863061        MLT sha-test                                   1   1     0      0.092         10     108.70     71806       2248 median single
#UID            Suite Name                                     Ctx Wrk Fails       t(s)       Iter     Iter/s  Codesize   Datasize
#Results for verification run started at 23183:16:27:30 XCMD=-c64 -w16
490760323         MLT core                                       1   1     0      1.831          1       0.55     64576       4368		
#Results for performance runs started at 23183:16:27:32 XCMD=-c64 -w16
490760323         MLT core                                       1   1     0      1.831          1       0.55     64576       4368		
490760323         MLT core                                       1   1     0      1.831          1       0.55     64576       4368		
490760323         MLT core                                       1   1     0      1.834          1       0.55     64576       4368		
#Median for final result core/
490760323         MLT core                                       1   1     0      1.831          1       0.55     64576       4368 median single
#UID            Suite Name                                     Ctx Wrk Fails       t(s)       Iter     Iter/s  Codesize   Datasize
#Results for verification run started at 23183:16:27:39 XCMD=-c64 -w16
549578576         MLT nnet_test                                  1   1     0      0.471          1       2.12     67196      43656		
#Results for performance runs started at 23183:16:27:40 XCMD=-c64 -w16
549578576         MLT nnet_test                                  1   1     0      4.709         10       2.12     67196      43656		
549578576         MLT nnet_test                                  1   1     0      4.708         10       2.12     67196      43656		
549578576         MLT nnet_test                                  1   1     0      4.708         10       2.12     67196      43656		
#Median for final result nnet_test/
549578576         MLT nnet_test                                  1   1     0      4.708         10       2.12     67196      43656 median single
#UID            Suite Name                                     Ctx Wrk Fails       t(s)       Iter     Iter/s  Codesize   Datasize
#Results for verification run started at 23183:16:27:55 XCMD=-c64 -w16
1046644201        MLT linear_alg-mid-100x100-sp                  1   1     0      0.015          1      66.67     67454       4384		
#Results for performance runs started at 23183:16:27:56 XCMD=-c64 -w16
1046644201        MLT linear_alg-mid-100x100-sp                  1   1     0      0.771         50      64.85     67454       4384		
1046644201        MLT linear_alg-mid-100x100-sp                  1   1     0      0.768         50      65.10     67454       4384		
1046644201        MLT linear_alg-mid-100x100-sp                  1   1     0      0.771         50      64.85     67454       4384		
#Median for final result linear_alg-mid-100x100-sp/
1046644201        MLT linear_alg-mid-100x100-sp                  1   1     0      0.771         50      64.85     67454       4384 median single
#UID            Suite Name                                     Ctx Wrk Fails       t(s)       Iter     Iter/s  Codesize   Datasize
#Results for verification run started at 23183:16:27:59 XCMD=-c64 -w16
780641437         MLT parser-125k                                1   1     0      0.156          1       6.41     82718       2240		
#Results for performance runs started at 23183:16:28:00 XCMD=-c64 -w16
780641437         MLT parser-125k                                1   1     0      0.140          1       7.14     82718       2240		
780641437         MLT parser-125k                                1   1     0      0.141          1       7.09     82718       2240		
780641437         MLT parser-125k                                1   1     0      0.155          1       6.45     82718       2240		
#Median for final result parser-125k/
780641437         MLT parser-125k                                1   1     0      0.141          1       7.09     82718       2240 median single
#UID            Suite Name                                     Ctx Wrk Fails       t(s)       Iter     Iter/s  Codesize   Datasize
#Results for verification run started at 23183:16:28:02 XCMD=-c64 -w16
1814569103        MLT loops-all-mid-10k-sp                       1   1     0      0.549          1       1.82     81992       8160		
#Results for performance runs started at 23183:16:28:03 XCMD=-c64 -w16
1814569103        MLT loops-all-mid-10k-sp                       1   1     0     26.847         50       1.86     81992       8160		
1814569103        MLT loops-all-mid-10k-sp                       1   1     0     27.373         50       1.83     81992       8160		
1814569103        MLT loops-all-mid-10k-sp                       1   1     0     25.806         50       1.94     81992       8160		
#Median for final result loops-all-mid-10k-sp/
1814569103        MLT loops-all-mid-10k-sp                       1   1     0     26.847         50       1.86     81992       8160 median single
#UID            Suite Name                                     Ctx Wrk Fails       t(s)       Iter     Iter/s  Codesize   Datasize
#Results for verification run started at 23183:16:29:24 XCMD=-c64 -w16
1862946660        MLT radix2-big-64k                             1   1     0      0.035          1      28.57   1442580       2472		
#Results for performance runs started at 23183:16:29:25 XCMD=-c64 -w16
1862946660        MLT radix2-big-64k                             1   1     0     10.128       1000      98.74   1442580       2472		
1862946660        MLT radix2-big-64k                             1   1     0     10.057       1000      99.43   1442580       2472		
1862946660        MLT radix2-big-64k                             1   1     0     10.057       1000      99.43   1442580       2472		
#Median for final result radix2-big-64k/
1862946660        MLT radix2-big-64k                             1   1     0     10.057       1000      99.43   1442580       2472 median single
#UID            Suite Name                                     Ctx Wrk Fails       t(s)       Iter     Iter/s  Codesize   Datasize
#Results for verification run started at 23183:16:29:56 XCMD=-c64 -w16
946108807         MLT zip-test                                   1   1     0      0.021          1      47.62    124638       2480		
#Results for performance runs started at 23183:16:29:58 XCMD=-c64 -w16
946108807         MLT zip-test                                   1   1     0      0.020          1      50.00    124638       2480		
946108807         MLT zip-test                                   1   1     0      0.021          1      47.62    124638       2480		
946108807         MLT zip-test                                   1   1     0      0.020          1      50.00    124638       2480		
#Median for final result zip-test/
946108807         MLT zip-test                                   1   1     0      0.020          1      50.00    124638       2480 median single
#UID            Suite Name                                     Ctx Wrk Fails       t(s)       Iter     Iter/s  Codesize   Datasize
#Results for verification run started at 23183:16:30:02 XCMD=-c64 -w16
236760500         MLT cjpeg-rose7-preset                        64  16     0      0.005          1     200.00    104046     267504		
#Results for performance runs started at 23183:16:30:02 XCMD=-c64 -w16
236760500         MLT cjpeg-rose7-preset                        64  16     0      0.007         10    1428.57    104046     267504		
236760500         MLT cjpeg-rose7-preset                        64  16     0      0.007         10    1428.57    104046     267504		
236760500         MLT cjpeg-rose7-preset                        64  16     0      0.008         10    1250.00    104046     267504		
#Median for final result cjpeg-rose7-preset/
236760500         MLT cjpeg-rose7-preset                        64  16     0      0.007         10    1428.57    104046     267504 median best
#UID            Suite Name                                     Ctx Wrk Fails       t(s)       Iter     Iter/s  Codesize   Datasize
#Results for verification run started at 23183:16:30:04 XCMD=-c64 -w16
1050863061        MLT sha-test                                  64  16     0      0.010          1     100.00     71806       2248		
#Results for performance runs started at 23183:16:30:04 XCMD=-c64 -w16
1050863061        MLT sha-test                                  64  16     0      0.020         64    3200.00     71806       2248		
1050863061        MLT sha-test                                  64  16     0      0.020         64    3200.00     71806       2248		
1050863061        MLT sha-test                                  64  16     0      0.020         64    3200.00     71806       2248		
#Median for final result sha-test/
1050863061        MLT sha-test                                  64  16     0      0.020         64    3200.00     71806       2248 median best
#UID            Suite Name                                     Ctx Wrk Fails       t(s)       Iter     Iter/s  Codesize   Datasize
#Results for verification run started at 23183:16:30:06 XCMD=-c64 -w16
490760323         MLT core                                      64  16     0      1.865          1       0.54     64576       4368		
#Results for performance runs started at 23183:16:30:08 XCMD=-c64 -w16
490760323         MLT core                                      64  16     0      3.134         64      20.42     64576       4368		
490760323         MLT core                                      64  16     0      3.077         64      20.80     64576       4368		
490760323         MLT core                                      64  16     0      3.117         64      20.53     64576       4368		
#Median for final result core/
490760323         MLT core                                      64  16     0      3.117         64      20.53     64576       4368 median best
#UID            Suite Name                                     Ctx Wrk Fails       t(s)       Iter     Iter/s  Codesize   Datasize
#Results for verification run started at 23183:16:30:19 XCMD=-c64 -w16
549578576         MLT nnet_test                                 64  16     0      0.472          1       2.12     67196      43656		
#Results for performance runs started at 23183:16:30:19 XCMD=-c64 -w16
549578576         MLT nnet_test                                 64  16     0      0.828         64      77.29     67196      43656		
549578576         MLT nnet_test                                 64  16     0      0.805         64      79.50     67196      43656		
549578576         MLT nnet_test                                 64  16     0      0.848         64      75.47     67196      43656		
#Median for final result nnet_test/
549578576         MLT nnet_test                                 64  16     0      0.828         64      77.29     67196      43656 median best
#UID            Suite Name                                     Ctx Wrk Fails       t(s)       Iter     Iter/s  Codesize   Datasize
#Results for verification run started at 23183:16:30:23 XCMD=-c64 -w16
1046644201        MLT linear_alg-mid-100x100-sp                 64  16     0      0.016          1      62.50     67454       4384		
#Results for performance runs started at 23183:16:30:24 XCMD=-c64 -w16
1046644201        MLT linear_alg-mid-100x100-sp                 64  16     0      0.035         64    1828.57     67454       4384		
1046644201        MLT linear_alg-mid-100x100-sp                 64  16     0      0.033         64    1939.39     67454       4384		
1046644201        MLT linear_alg-mid-100x100-sp                 64  16     0      0.033         64    1939.39     67454       4384		
#Median for final result linear_alg-mid-100x100-sp/
1046644201        MLT linear_alg-mid-100x100-sp                 64  16     0      0.033         64    1939.39     67454       4384 median best
#UID            Suite Name                                     Ctx Wrk Fails       t(s)       Iter     Iter/s  Codesize   Datasize
#Results for verification run started at 23183:16:30:25 XCMD=-c64 -w16
780641437         MLT parser-125k                               64  16     0      0.158          1       6.33     82718       2240		
#Results for performance runs started at 23183:16:30:26 XCMD=-c64 -w16
780641437         MLT parser-125k                               64  16     0      0.365         64     175.34     82718       2240		
780641437         MLT parser-125k                               64  16     0      0.343         64     186.59     82718       2240		
780641437         MLT parser-125k                               64  16     0      0.348         64     183.91     82718       2240		
#Median for final result parser-125k/
780641437         MLT parser-125k                               64  16     0      0.348         64     183.91     82718       2240 median best
#UID            Suite Name                                     Ctx Wrk Fails       t(s)       Iter     Iter/s  Codesize   Datasize
#Results for verification run started at 23183:16:30:28 XCMD=-c64 -w16
1814569103        MLT loops-all-mid-10k-sp                      64  16     0      0.547          1       1.83     81992       8160		
#Results for performance runs started at 23183:16:30:29 XCMD=-c64 -w16
1814569103        MLT loops-all-mid-10k-sp                      64  16     0      1.115         64      57.40     81992       8160		
1814569103        MLT loops-all-mid-10k-sp                      64  16     0      1.044         64      61.30     81992       8160		
1814569103        MLT loops-all-mid-10k-sp                      64  16     0      1.079         64      59.31     81992       8160		
#Median for final result loops-all-mid-10k-sp/
1814569103        MLT loops-all-mid-10k-sp                      64  16     0      1.079         64      59.31     81992       8160 median best
#UID            Suite Name                                     Ctx Wrk Fails       t(s)       Iter     Iter/s  Codesize   Datasize
#Results for verification run started at 23183:16:30:34 XCMD=-c64 -w16
1862946660        MLT radix2-big-64k                            64  16     0      0.035          1      28.57   1442580       2472		
#Results for performance runs started at 23183:16:30:34 XCMD=-c64 -w16
1862946660        MLT radix2-big-64k                            64  16     0      0.265       1000    3773.58   1442580       2472		
1862946660        MLT radix2-big-64k                            64  16     0      0.265       1000    3773.58   1442580       2472		
1862946660        MLT radix2-big-64k                            64  16     0      0.260       1000    3846.15   1442580       2472		
#Median for final result radix2-big-64k/
1862946660        MLT radix2-big-64k                            64  16     0      0.265       1000    3773.58   1442580       2472 median best
#UID            Suite Name                                     Ctx Wrk Fails       t(s)       Iter     Iter/s  Codesize   Datasize
#Results for verification run started at 23183:16:30:36 XCMD=-c64 -w16
946108807         MLT zip-test                                  64  16     0      0.022          1      45.45    124638       2480		
#Results for performance runs started at 23183:16:30:38 XCMD=-c64 -w16
946108807         MLT zip-test                                  64  16     0      0.059         64    1084.75    124638       2480		
946108807         MLT zip-test                                  64  16     0      0.052         64    1230.77    124638       2480		
946108807         MLT zip-test                                  64  16     0      0.053         64    1207.55    124638       2480		
#Median for final result zip-test/
946108807         MLT zip-test                                  64  16     0      0.053         64    1207.55    124638       2480 median best
