#UID            Suite Name                                     Ctx Wrk Fails       t(s)       Iter     Iter/s  Codesize   Datasize
#Results for verification run started at 23183:13:34:11 XCMD=-c64 -w4
236760500         MLT cjpeg-rose7-preset                        64   4     0      0.003          1     333.33    104675     267584		
#Results for performance runs started at 23183:13:34:11 XCMD=-c64 -w4
236760500         MLT cjpeg-rose7-preset                        64   4     0      0.006         10    1666.67    104675     267584		
236760500         MLT cjpeg-rose7-preset                        64   4     0      0.006         10    1666.67    104675     267584		
236760500         MLT cjpeg-rose7-preset                        64   4     0      0.006         10    1666.67    104675     267584		
#Median for final result cjpeg-rose7-preset/
236760500         MLT cjpeg-rose7-preset                        64   4     0      0.006         10    1666.67    104675     267584 median best
#UID            Suite Name                                     Ctx Wrk Fails       t(s)       Iter     Iter/s  Codesize   Datasize
#Results for verification run started at 23183:13:34:12 XCMD=-c64 -w4
1050863061        MLT sha-test                                  64   4     0      0.004          1     250.00     75625       2328		
#Results for performance runs started at 23183:13:34:12 XCMD=-c64 -w4
1050863061        MLT sha-test                                  64   4     0      0.014         64    4571.43     75625       2328		
1050863061        MLT sha-test                                  64   4     0      0.010         64    6400.00     75625       2328		
1050863061        MLT sha-test                                  64   4     0      0.010         64    6400.00     75625       2328		
#Median for final result sha-test/
1050863061        MLT sha-test                                  64   4     0      0.010         64    6400.00     75625       2328 median best
#UID            Suite Name                                     Ctx Wrk Fails       t(s)       Iter     Iter/s  Codesize   Datasize
#Results for verification run started at 23183:13:34:13 XCMD=-c64 -w4
490760323         MLT core                                      64   4     0      0.427          1       2.34     65067       4464		
#Results for performance runs started at 23183:13:34:13 XCMD=-c64 -w4
490760323         MLT core                                      64   4     0      0.558         64     114.70     65067       4464		
490760323         MLT core                                      64   4     0      0.550         64     116.36     65067       4464		
490760323         MLT core                                      64   4     0      0.552         64     115.94     65067       4464		
#Median for final result core/
490760323         MLT core                                      64   4     0      0.552         64     115.94     65067       4464 median best
#UID            Suite Name                                     Ctx Wrk Fails       t(s)       Iter     Iter/s  Codesize   Datasize
#Results for verification run started at 23183:13:34:16 XCMD=-c64 -w4
549578576         MLT nnet_test                                 64   4     0      0.094          1      10.64     68359      43744		
#Results for performance runs started at 23183:13:34:16 XCMD=-c64 -w4
549578576         MLT nnet_test                                 64   4     0      0.117         64     547.01     68359      43744		
549578576         MLT nnet_test                                 64   4     0      0.113         64     566.37     68359      43744		
549578576         MLT nnet_test                                 64   4     0      0.134         64     477.61     68359      43744		
#Median for final result nnet_test/
549578576         MLT nnet_test                                 64   4     0      0.117         64     547.01     68359      43744 median best
#UID            Suite Name                                     Ctx Wrk Fails       t(s)       Iter     Iter/s  Codesize   Datasize
#Results for verification run started at 23183:13:34:17 XCMD=-c64 -w4
1046644201        MLT linear_alg-mid-100x100-sp                 64   4     0      0.004          1     250.00     70073       4472		
#Results for performance runs started at 23183:13:34:17 XCMD=-c64 -w4
1046644201        MLT linear_alg-mid-100x100-sp                 64   4     0      0.012         64    5333.33     70073       4472		
1046644201        MLT linear_alg-mid-100x100-sp                 64   4     0      0.012         64    5333.33     70073       4472		
1046644201        MLT linear_alg-mid-100x100-sp                 64   4     0      0.012         64    5333.33     70073       4472		
#Median for final result linear_alg-mid-100x100-sp/
1046644201        MLT linear_alg-mid-100x100-sp                 64   4     0      0.012         64    5333.33     70073       4472 median best
#UID            Suite Name                                     Ctx Wrk Fails       t(s)       Iter     Iter/s  Codesize   Datasize
#Results for verification run started at 23183:13:34:18 XCMD=-c64 -w4
780641437         MLT parser-125k                               64   4     0      0.019          1      52.63     84059       2304		
#Results for performance runs started at 23183:13:34:18 XCMD=-c64 -w4
780641437         MLT parser-125k                               64   4     0      0.112         64     571.43     84059       2304		
780641437         MLT parser-125k                               64   4     0      0.112         64     571.43     84059       2304		
780641437         MLT parser-125k                               64   4     0      0.109         64     587.16     84059       2304		
#Median for final result parser-125k/
780641437         MLT parser-125k                               64   4     0      0.112         64     571.43     84059       2304 median best
#UID            Suite Name                                     Ctx Wrk Fails       t(s)       Iter     Iter/s  Codesize   Datasize
#Results for verification run started at 23183:13:34:19 XCMD=-c64 -w4
1814569103        MLT loops-all-mid-10k-sp                      64   4     0      0.125          1       8.00     85291       8296		
#Results for performance runs started at 23183:13:34:19 XCMD=-c64 -w4
1814569103        MLT loops-all-mid-10k-sp                      64   4     0      0.260         64     246.15     85291       8296		
1814569103        MLT loops-all-mid-10k-sp                      64   4     0      0.258         64     248.06     85291       8296		
1814569103        MLT loops-all-mid-10k-sp                      64   4     0      0.263         64     243.35     85291       8296		
#Median for final result loops-all-mid-10k-sp/
1814569103        MLT loops-all-mid-10k-sp                      64   4     0      0.260         64     246.15     85291       8296 median best
#UID            Suite Name                                     Ctx Wrk Fails       t(s)       Iter     Iter/s  Codesize   Datasize
#Results for verification run started at 23183:13:34:21 XCMD=-c64 -w4
1862946660        MLT radix2-big-64k                            64   4     0      0.007          1     142.86   1443999       2528		
#Results for performance runs started at 23183:13:34:21 XCMD=-c64 -w4
1862946660        MLT radix2-big-64k                            64   4     0      0.076       1000   13157.89   1443999       2528		
1862946660        MLT radix2-big-64k                            64   4     0      0.077       1000   12987.01   1443999       2528		
1862946660        MLT radix2-big-64k                            64   4     0      0.076       1000   13157.89   1443999       2528		
#Median for final result radix2-big-64k/
1862946660        MLT radix2-big-64k                            64   4     0      0.076       1000   13157.89   1443999       2528 median best
#UID            Suite Name                                     Ctx Wrk Fails       t(s)       Iter     Iter/s  Codesize   Datasize
#Results for verification run started at 23183:13:34:22 XCMD=-c64 -w4
946108807         MLT zip-test                                  64   4     0      0.008          1     125.00    129057       2552		
#Results for performance runs started at 23183:13:34:22 XCMD=-c64 -w4
946108807         MLT zip-test                                  64   4     0      0.043         64    1488.37    129057       2552		
946108807         MLT zip-test                                  64   4     0      0.041         64    1560.98    129057       2552		
946108807         MLT zip-test                                  64   4     0      0.041         64    1560.98    129057       2552		
#Median for final result zip-test/
946108807         MLT zip-test                                  64   4     0      0.041         64    1560.98    129057       2552 median best
