#UID            Suite Name                                     Ctx Wrk Fails       t(s)       Iter     Iter/s  Codesize   Datasize
#Results for verification run started at 23183:14:29:41 XCMD=-c64 -w4
236760500         MLT cjpeg-rose7-preset                        64   4     0      0.004          1     250.00    104046     267504		
#Results for performance runs started at 23183:14:29:42 XCMD=-c64 -w4
236760500         MLT cjpeg-rose7-preset                        64   4     0      0.005         10    2000.00    104046     267504		
236760500         MLT cjpeg-rose7-preset                        64   4     0      0.005         10    2000.00    104046     267504		
236760500         MLT cjpeg-rose7-preset                        64   4     0      0.005         10    2000.00    104046     267504		
#Median for final result cjpeg-rose7-preset/
236760500         MLT cjpeg-rose7-preset                        64   4     0      0.005         10    2000.00    104046     267504 median best
#UID            Suite Name                                     Ctx Wrk Fails       t(s)       Iter     Iter/s  Codesize   Datasize
#Results for verification run started at 23183:14:29:43 XCMD=-c64 -w4
1050863061        MLT sha-test                                  64   4     0      0.007          1     142.86     71806       2248		
#Results for performance runs started at 23183:14:29:43 XCMD=-c64 -w4
1050863061        MLT sha-test                                  64   4     0      0.017         64    3764.71     71806       2248		
1050863061        MLT sha-test                                  64   4     0      0.017         64    3764.71     71806       2248		
1050863061        MLT sha-test                                  64   4     0      0.016         64    4000.00     71806       2248		
#Median for final result sha-test/
1050863061        MLT sha-test                                  64   4     0      0.017         64    3764.71     71806       2248 median best
#UID            Suite Name                                     Ctx Wrk Fails       t(s)       Iter     Iter/s  Codesize   Datasize
#Results for verification run started at 23183:14:29:44 XCMD=-c64 -w4
490760323         MLT core                                      64   4     0      1.027          1       0.97     64576       4368		
#Results for performance runs started at 23183:14:29:45 XCMD=-c64 -w4
490760323         MLT core                                      64   4     0      1.650         64      38.79     64576       4368		
490760323         MLT core                                      64   4     0      1.609         64      39.78     64576       4368		
490760323         MLT core                                      64   4     0      1.604         64      39.90     64576       4368		
#Median for final result core/
490760323         MLT core                                      64   4     0      1.609         64      39.78     64576       4368 median best
#UID            Suite Name                                     Ctx Wrk Fails       t(s)       Iter     Iter/s  Codesize   Datasize
#Results for verification run started at 23183:14:29:51 XCMD=-c64 -w4
549578576         MLT nnet_test                                 64   4     0      0.293          1       3.41     67196      43656		
#Results for performance runs started at 23183:14:29:52 XCMD=-c64 -w4
549578576         MLT nnet_test                                 64   4     0      0.453         64     141.28     67196      43656		
549578576         MLT nnet_test                                 64   4     0      0.453         64     141.28     67196      43656		
549578576         MLT nnet_test                                 64   4     0      0.459         64     139.43     67196      43656		
#Median for final result nnet_test/
549578576         MLT nnet_test                                 64   4     0      0.453         64     141.28     67196      43656 median best
#UID            Suite Name                                     Ctx Wrk Fails       t(s)       Iter     Iter/s  Codesize   Datasize
#Results for verification run started at 23183:14:29:54 XCMD=-c64 -w4
1046644201        MLT linear_alg-mid-100x100-sp                 64   4     0      0.018          1      55.56     67454       4384		
#Results for performance runs started at 23183:14:29:54 XCMD=-c64 -w4
1046644201        MLT linear_alg-mid-100x100-sp                 64   4     0      0.038         64    1684.21     67454       4384		
1046644201        MLT linear_alg-mid-100x100-sp                 64   4     0      0.037         64    1729.73     67454       4384		
1046644201        MLT linear_alg-mid-100x100-sp                 64   4     0      0.037         64    1729.73     67454       4384		
#Median for final result linear_alg-mid-100x100-sp/
1046644201        MLT linear_alg-mid-100x100-sp                 64   4     0      0.037         64    1729.73     67454       4384 median best
#UID            Suite Name                                     Ctx Wrk Fails       t(s)       Iter     Iter/s  Codesize   Datasize
#Results for verification run started at 23183:14:29:55 XCMD=-c64 -w4
780641437         MLT parser-125k                               64   4     0      0.092          1      10.87     82718       2240		
#Results for performance runs started at 23183:14:29:56 XCMD=-c64 -w4
780641437         MLT parser-125k                               64   4     0      0.243         64     263.37     82718       2240		
780641437         MLT parser-125k                               64   4     0      0.206         64     310.68     82718       2240		
780641437         MLT parser-125k                               64   4     0      0.205         64     312.20     82718       2240		
#Median for final result parser-125k/
780641437         MLT parser-125k                               64   4     0      0.206         64     310.68     82718       2240 median best
#UID            Suite Name                                     Ctx Wrk Fails       t(s)       Iter     Iter/s  Codesize   Datasize
#Results for verification run started at 23183:14:29:58 XCMD=-c64 -w4
1814569103        MLT loops-all-mid-10k-sp                      64   4     0      0.359          1       2.79     81992       8160		
#Results for performance runs started at 23183:14:29:58 XCMD=-c64 -w4
1814569103        MLT loops-all-mid-10k-sp                      64   4     0      0.973         64      65.78     81992       8160		
1814569103        MLT loops-all-mid-10k-sp                      64   4     0      0.898         64      71.27     81992       8160		
1814569103        MLT loops-all-mid-10k-sp                      64   4     0      0.920         64      69.57     81992       8160		
#Median for final result loops-all-mid-10k-sp/
1814569103        MLT loops-all-mid-10k-sp                      64   4     0      0.920         64      69.57     81992       8160 median best
#UID            Suite Name                                     Ctx Wrk Fails       t(s)       Iter     Iter/s  Codesize   Datasize
#Results for verification run started at 23183:14:30:02 XCMD=-c64 -w4
1862946660        MLT radix2-big-64k                            64   4     0      0.018          1      55.56   1442580       2472		
#Results for performance runs started at 23183:14:30:02 XCMD=-c64 -w4
1862946660        MLT radix2-big-64k                            64   4     0      0.095       1000   10526.32   1442580       2472		
1862946660        MLT radix2-big-64k                            64   4     0      0.090       1000   11111.11   1442580       2472		
1862946660        MLT radix2-big-64k                            64   4     0      0.089       1000   11235.96   1442580       2472		
#Median for final result radix2-big-64k/
1862946660        MLT radix2-big-64k                            64   4     0      0.090       1000   11111.11   1442580       2472 median best
#UID            Suite Name                                     Ctx Wrk Fails       t(s)       Iter     Iter/s  Codesize   Datasize
#Results for verification run started at 23183:14:30:03 XCMD=-c64 -w4
946108807         MLT zip-test                                  64   4     0      0.015          1      66.67    124638       2480		
#Results for performance runs started at 23183:14:30:05 XCMD=-c64 -w4
946108807         MLT zip-test                                  64   4     0      0.043         64    1488.37    124638       2480		
946108807         MLT zip-test                                  64   4     0      0.041         64    1560.98    124638       2480		
946108807         MLT zip-test                                  64   4     0      0.041         64    1560.98    124638       2480		
#Median for final result zip-test/
946108807         MLT zip-test                                  64   4     0      0.041         64    1560.98    124638       2480 median best
