#UID            Suite Name                                     Ctx Wrk Fails       t(s)       Iter     Iter/s  Codesize   Datasize
#Results for verification run started at 23183:17:36:28 XCMD=-c4 -w1
236760500         MLT cjpeg-rose7-preset                         4   1     0      0.005          1     200.00    129154     267680		
#Results for performance runs started at 23183:17:36:28 XCMD=-c4 -w1
236760500         MLT cjpeg-rose7-preset                         4   1     0      0.037         10     270.27    129154     267680		
236760500         MLT cjpeg-rose7-preset                         4   1     0      0.036         10     277.78    129154     267680		
236760500         MLT cjpeg-rose7-preset                         4   1     0      0.037         10     270.27    129154     267680		
#Median for final result cjpeg-rose7-preset/
236760500         MLT cjpeg-rose7-preset                         4   1     0      0.037         10     270.27    129154     267680 median best
#UID            Suite Name                                     Ctx Wrk Fails       t(s)       Iter     Iter/s  Codesize   Datasize
#Results for verification run started at 23183:17:36:30 XCMD=-c4 -w1
1050863061        MLT sha-test                                   4   1     0      0.015          1      66.67     91634       2424		
#Results for performance runs started at 23183:17:36:30 XCMD=-c4 -w1
1050863061        MLT sha-test                                   4   1     0      0.046         10     217.39     91634       2424		
1050863061        MLT sha-test                                   4   1     0      0.046         10     217.39     91634       2424		
1050863061        MLT sha-test                                   4   1     0      0.046         10     217.39     91634       2424		
#Median for final result sha-test/
1050863061        MLT sha-test                                   4   1     0      0.046         10     217.39     91634       2424 median best
#UID            Suite Name                                     Ctx Wrk Fails       t(s)       Iter     Iter/s  Codesize   Datasize
#Results for verification run started at 23183:17:36:32 XCMD=-c4 -w1
490760323         MLT core                                       4   1     0      4.163          1       0.24     81384       5192		
#Results for performance runs started at 23183:17:36:36 XCMD=-c4 -w1
490760323         MLT core                                       4   1     0      4.156          4       0.96     81384       5192		
490760323         MLT core                                       4   1     0      4.156          4       0.96     81384       5192		
490760323         MLT core                                       4   1     0      4.157          4       0.96     81384       5192		
#Median for final result core/
490760323         MLT core                                       4   1     0      4.156          4       0.96     81384       5192 median best
#UID            Suite Name                                     Ctx Wrk Fails       t(s)       Iter     Iter/s  Codesize   Datasize
#Results for verification run started at 23183:17:36:50 XCMD=-c4 -w1
549578576         MLT nnet_test                                  4   1     0      0.437          1       2.29     87564      43864		
#Results for performance runs started at 23183:17:36:51 XCMD=-c4 -w1
549578576         MLT nnet_test                                  4   1     0      1.308         10       7.65     87564      43864		
549578576         MLT nnet_test                                  4   1     0      1.309         10       7.64     87564      43864		
549578576         MLT nnet_test                                  4   1     0      1.309         10       7.64     87564      43864		
#Median for final result nnet_test/
549578576         MLT nnet_test                                  4   1     0      1.309         10       7.64     87564      43864 median best
#UID            Suite Name                                     Ctx Wrk Fails       t(s)       Iter     Iter/s  Codesize   Datasize
#Results for verification run started at 23183:17:36:56 XCMD=-c4 -w1
1046644201        MLT linear_alg-mid-100x100-sp                  4   1     0      0.016          1      62.50     93130       4568		
#Results for performance runs started at 23183:17:36:57 XCMD=-c4 -w1
1046644201        MLT linear_alg-mid-100x100-sp                  4   1     0      0.210         50     238.10     93130       4568		
1046644201        MLT linear_alg-mid-100x100-sp                  4   1     0      0.212         50     235.85     93130       4568		
1046644201        MLT linear_alg-mid-100x100-sp                  4   1     0      0.211         50     236.97     93130       4568		
#Median for final result linear_alg-mid-100x100-sp/
1046644201        MLT linear_alg-mid-100x100-sp                  4   1     0      0.211         50     236.97     93130       4568 median best
#UID            Suite Name                                     Ctx Wrk Fails       t(s)       Iter     Iter/s  Codesize   Datasize
#Results for verification run started at 23183:17:36:59 XCMD=-c4 -w1
780641437         MLT parser-125k                                4   1     0      0.149          1       6.71    100222       2536		
#Results for performance runs started at 23183:17:36:59 XCMD=-c4 -w1
780641437         MLT parser-125k                                4   1     0      0.196          4      20.41    100222       2536		
780641437         MLT parser-125k                                4   1     0      0.194          4      20.62    100222       2536		
780641437         MLT parser-125k                                4   1     0      0.192          4      20.83    100222       2536		
#Median for final result parser-125k/
780641437         MLT parser-125k                                4   1     0      0.194          4      20.62    100222       2536 median best
#UID            Suite Name                                     Ctx Wrk Fails       t(s)       Iter     Iter/s  Codesize   Datasize
#Results for verification run started at 23183:17:37:01 XCMD=-c4 -w1
1814569103        MLT loops-all-mid-10k-sp                       4   1     0      0.539          1       1.86    109584       8344		
#Results for performance runs started at 23183:17:37:02 XCMD=-c4 -w1
1814569103        MLT loops-all-mid-10k-sp                       4   1     0      6.987         50       7.16    109584       8344		
1814569103        MLT loops-all-mid-10k-sp                       4   1     0      6.992         50       7.15    109584       8344		
1814569103        MLT loops-all-mid-10k-sp                       4   1     0      6.970         50       7.17    109584       8344		
#Median for final result loops-all-mid-10k-sp/
1814569103        MLT loops-all-mid-10k-sp                       4   1     0      6.987         50       7.16    109584       8344 median best
#UID            Suite Name                                     Ctx Wrk Fails       t(s)       Iter     Iter/s  Codesize   Datasize
#Results for verification run started at 23183:17:37:25 XCMD=-c4 -w1
1862946660        MLT radix2-big-64k                             4   1     0      0.033          1      30.30   1459492       2936		
#Results for performance runs started at 23183:17:37:25 XCMD=-c4 -w1
1862946660        MLT radix2-big-64k                             4   1     0      2.319       1000     431.22   1459492       2936		
1862946660        MLT radix2-big-64k                             4   1     0      2.339       1000     427.53   1459492       2936		
1862946660        MLT radix2-big-64k                             4   1     0      2.350       1000     425.53   1459492       2936		
#Median for final result radix2-big-64k/
1862946660        MLT radix2-big-64k                             4   1     0      2.339       1000     427.53   1459492       2936 median best
#UID            Suite Name                                     Ctx Wrk Fails       t(s)       Iter     Iter/s  Codesize   Datasize
#Results for verification run started at 23183:17:37:34 XCMD=-c4 -w1
946108807         MLT zip-test                                   4   1     0      0.027          1      37.04    157220       2768		
#Results for performance runs started at 23183:17:37:35 XCMD=-c4 -w1
946108807         MLT zip-test                                   4   1     0      0.028          4     142.86    157220       2768		
946108807         MLT zip-test                                   4   1     0      0.027          4     148.15    157220       2768		
946108807         MLT zip-test                                   4   1     0      0.027          4     148.15    157220       2768		
#Median for final result zip-test/
946108807         MLT zip-test                                   4   1     0      0.027          4     148.15    157220       2768 median best
