#UID            Suite Name                                     Ctx Wrk Fails       t(s)       Iter     Iter/s  Codesize   Datasize
#Results for verification run started at 23183:13:24:40 XCMD=-c4 -w1
236760500         MLT cjpeg-rose7-preset                         4   1     0      0.002          1     500.00    104675     267584		
#Results for performance runs started at 23183:13:24:40 XCMD=-c4 -w1
236760500         MLT cjpeg-rose7-preset                         4   1     0      0.014         10     714.29    104675     267584		
236760500         MLT cjpeg-rose7-preset                         4   1     0      0.014         10     714.29    104675     267584		
236760500         MLT cjpeg-rose7-preset                         4   1     0      0.014         10     714.29    104675     267584		
#Median for final result cjpeg-rose7-preset/
236760500         MLT cjpeg-rose7-preset                         4   1     0      0.014         10     714.29    104675     267584 median best
#UID            Suite Name                                     Ctx Wrk Fails       t(s)       Iter     Iter/s  Codesize   Datasize
#Results for verification run started at 23183:13:24:41 XCMD=-c4 -w1
1050863061        MLT sha-test                                   4   1     0      0.004          1     250.00     75625       2328		
#Results for performance runs started at 23183:13:24:41 XCMD=-c4 -w1
1050863061        MLT sha-test                                   4   1     0      0.012         10     833.33     75625       2328		
1050863061        MLT sha-test                                   4   1     0      0.012         10     833.33     75625       2328		
1050863061        MLT sha-test                                   4   1     0      0.012         10     833.33     75625       2328		
#Median for final result sha-test/
1050863061        MLT sha-test                                   4   1     0      0.012         10     833.33     75625       2328 median best
#UID            Suite Name                                     Ctx Wrk Fails       t(s)       Iter     Iter/s  Codesize   Datasize
#Results for verification run started at 23183:13:24:41 XCMD=-c4 -w1
490760323         MLT core                                       4   1     0      0.425          1       2.35     65067       4464		
#Results for performance runs started at 23183:13:24:42 XCMD=-c4 -w1
490760323         MLT core                                       4   1     0      0.427          4       9.37     65067       4464		
490760323         MLT core                                       4   1     0      0.429          4       9.32     65067       4464		
490760323         MLT core                                       4   1     0      0.430          4       9.30     65067       4464		
#Median for final result core/
490760323         MLT core                                       4   1     0      0.429          4       9.32     65067       4464 median best
#UID            Suite Name                                     Ctx Wrk Fails       t(s)       Iter     Iter/s  Codesize   Datasize
#Results for verification run started at 23183:13:24:44 XCMD=-c4 -w1
549578576         MLT nnet_test                                  4   1     0      0.095          1      10.53     68359      43744		
#Results for performance runs started at 23183:13:24:44 XCMD=-c4 -w1
549578576         MLT nnet_test                                  4   1     0      0.274         10      36.50     68359      43744		
549578576         MLT nnet_test                                  4   1     0      0.272         10      36.76     68359      43744		
549578576         MLT nnet_test                                  4   1     0      0.274         10      36.50     68359      43744		
#Median for final result nnet_test/
549578576         MLT nnet_test                                  4   1     0      0.274         10      36.50     68359      43744 median best
#UID            Suite Name                                     Ctx Wrk Fails       t(s)       Iter     Iter/s  Codesize   Datasize
#Results for verification run started at 23183:13:24:46 XCMD=-c4 -w1
1046644201        MLT linear_alg-mid-100x100-sp                  4   1     0      0.004          1     250.00     70073       4472		
#Results for performance runs started at 23183:13:24:46 XCMD=-c4 -w1
1046644201        MLT linear_alg-mid-100x100-sp                  4   1     0      0.048         50    1041.67     70073       4472		
1046644201        MLT linear_alg-mid-100x100-sp                  4   1     0      0.047         50    1063.83     70073       4472		
1046644201        MLT linear_alg-mid-100x100-sp                  4   1     0      0.048         50    1041.67     70073       4472		
#Median for final result linear_alg-mid-100x100-sp/
1046644201        MLT linear_alg-mid-100x100-sp                  4   1     0      0.048         50    1041.67     70073       4472 median best
#UID            Suite Name                                     Ctx Wrk Fails       t(s)       Iter     Iter/s  Codesize   Datasize
#Results for verification run started at 23183:13:24:47 XCMD=-c4 -w1
780641437         MLT parser-125k                                4   1     0      0.020          1      50.00     84059       2304		
#Results for performance runs started at 23183:13:24:47 XCMD=-c4 -w1
780641437         MLT parser-125k                                4   1     0      0.020          4     200.00     84059       2304		
780641437         MLT parser-125k                                4   1     0      0.022          4     181.82     84059       2304		
780641437         MLT parser-125k                                4   1     0      0.022          4     181.82     84059       2304		
#Median for final result parser-125k/
780641437         MLT parser-125k                                4   1     0      0.022          4     181.82     84059       2304 median best
#UID            Suite Name                                     Ctx Wrk Fails       t(s)       Iter     Iter/s  Codesize   Datasize
#Results for verification run started at 23183:13:24:48 XCMD=-c4 -w1
1814569103        MLT loops-all-mid-10k-sp                       4   1     0      0.124          1       8.06     85291       8296		
#Results for performance runs started at 23183:13:24:48 XCMD=-c4 -w1
1814569103        MLT loops-all-mid-10k-sp                       4   1     0      1.521         50      32.87     85291       8296		
1814569103        MLT loops-all-mid-10k-sp                       4   1     0      1.517         50      32.96     85291       8296		
1814569103        MLT loops-all-mid-10k-sp                       4   1     0      1.522         50      32.85     85291       8296		
#Median for final result loops-all-mid-10k-sp/
1814569103        MLT loops-all-mid-10k-sp                       4   1     0      1.521         50      32.87     85291       8296 median best
#UID            Suite Name                                     Ctx Wrk Fails       t(s)       Iter     Iter/s  Codesize   Datasize
#Results for verification run started at 23183:13:24:53 XCMD=-c4 -w1
1862946660        MLT radix2-big-64k                             4   1     0      0.007          1     142.86   1443999       2528		
#Results for performance runs started at 23183:13:24:53 XCMD=-c4 -w1
1862946660        MLT radix2-big-64k                             4   1     0      0.524       1000    1908.40   1443999       2528		
1862946660        MLT radix2-big-64k                             4   1     0      0.532       1000    1879.70   1443999       2528		
1862946660        MLT radix2-big-64k                             4   1     0      0.517       1000    1934.24   1443999       2528		
#Median for final result radix2-big-64k/
1862946660        MLT radix2-big-64k                             4   1     0      0.524       1000    1908.40   1443999       2528 median best
#UID            Suite Name                                     Ctx Wrk Fails       t(s)       Iter     Iter/s  Codesize   Datasize
#Results for verification run started at 23183:13:24:56 XCMD=-c4 -w1
946108807         MLT zip-test                                   4   1     0      0.007          1     142.86    129057       2552		
#Results for performance runs started at 23183:13:24:56 XCMD=-c4 -w1
946108807         MLT zip-test                                   4   1     0      0.008          4     500.00    129057       2552		
946108807         MLT zip-test                                   4   1     0      0.009          4     444.44    129057       2552		
946108807         MLT zip-test                                   4   1     0      0.008          4     500.00    129057       2552		
#Median for final result zip-test/
946108807         MLT zip-test                                   4   1     0      0.008          4     500.00    129057       2552 median best
