#UID            Suite Name                                     Ctx Wrk Fails       t(s)       Iter     Iter/s  Codesize   Datasize
#Results for verification run started at 23183:13:29:20 XCMD=-c16 -w4
236760500         MLT cjpeg-rose7-preset                         1   1     0      0.006          1     166.67    104675     267584		
#Results for performance runs started at 23183:13:29:20 XCMD=-c16 -w4
236760500         MLT cjpeg-rose7-preset                         1   1     0      0.056         10     178.57    104675     267584		
236760500         MLT cjpeg-rose7-preset                         1   1     0      0.055         10     181.82    104675     267584		
236760500         MLT cjpeg-rose7-preset                         1   1     0      0.053         10     188.68    104675     267584		
#Median for final result cjpeg-rose7-preset/
236760500         MLT cjpeg-rose7-preset                         1   1     0      0.055         10     181.82    104675     267584 median single
#UID            Suite Name                                     Ctx Wrk Fails       t(s)       Iter     Iter/s  Codesize   Datasize
#Results for verification run started at 23183:13:29:21 XCMD=-c16 -w4
1050863061        MLT sha-test                                   1   1     0      0.004          1     250.00     75625       2328		
#Results for performance runs started at 23183:13:29:21 XCMD=-c16 -w4
1050863061        MLT sha-test                                   1   1     0      0.041         10     243.90     75625       2328		
1050863061        MLT sha-test                                   1   1     0      0.041         10     243.90     75625       2328		
1050863061        MLT sha-test                                   1   1     0      0.040         10     250.00     75625       2328		
#Median for final result sha-test/
1050863061        MLT sha-test                                   1   1     0      0.041         10     243.90     75625       2328 median single
#UID            Suite Name                                     Ctx Wrk Fails       t(s)       Iter     Iter/s  Codesize   Datasize
#Results for verification run started at 23183:13:29:22 XCMD=-c16 -w4
490760323         MLT core                                       1   1     0      0.429          1       2.33     65067       4464		
#Results for performance runs started at 23183:13:29:23 XCMD=-c16 -w4
490760323         MLT core                                       1   1     0      0.428          1       2.34     65067       4464		
490760323         MLT core                                       1   1     0      0.425          1       2.35     65067       4464		
490760323         MLT core                                       1   1     0      0.427          1       2.34     65067       4464		
#Median for final result core/
490760323         MLT core                                       1   1     0      0.427          1       2.34     65067       4464 median single
#UID            Suite Name                                     Ctx Wrk Fails       t(s)       Iter     Iter/s  Codesize   Datasize
#Results for verification run started at 23183:13:29:25 XCMD=-c16 -w4
549578576         MLT nnet_test                                  1   1     0      0.095          1      10.53     68359      43744		
#Results for performance runs started at 23183:13:29:25 XCMD=-c16 -w4
549578576         MLT nnet_test                                  1   1     0      0.895         10      11.17     68359      43744		
549578576         MLT nnet_test                                  1   1     0      0.897         10      11.15     68359      43744		
549578576         MLT nnet_test                                  1   1     0      0.898         10      11.14     68359      43744		
#Median for final result nnet_test/
549578576         MLT nnet_test                                  1   1     0      0.897         10      11.15     68359      43744 median single
#UID            Suite Name                                     Ctx Wrk Fails       t(s)       Iter     Iter/s  Codesize   Datasize
#Results for verification run started at 23183:13:29:28 XCMD=-c16 -w4
1046644201        MLT linear_alg-mid-100x100-sp                  1   1     0      0.004          1     250.00     70073       4472		
#Results for performance runs started at 23183:13:29:29 XCMD=-c16 -w4
1046644201        MLT linear_alg-mid-100x100-sp                  1   1     0      0.168         50     297.62     70073       4472		
1046644201        MLT linear_alg-mid-100x100-sp                  1   1     0      0.169         50     295.86     70073       4472		
1046644201        MLT linear_alg-mid-100x100-sp                  1   1     0      0.167         50     299.40     70073       4472		
#Median for final result linear_alg-mid-100x100-sp/
1046644201        MLT linear_alg-mid-100x100-sp                  1   1     0      0.168         50     297.62     70073       4472 median single
#UID            Suite Name                                     Ctx Wrk Fails       t(s)       Iter     Iter/s  Codesize   Datasize
#Results for verification run started at 23183:13:29:30 XCMD=-c16 -w4
780641437         MLT parser-125k                                1   1     0      0.021          1      47.62     84059       2304		
#Results for performance runs started at 23183:13:29:30 XCMD=-c16 -w4
780641437         MLT parser-125k                                1   1     0      0.022          1      45.45     84059       2304		
780641437         MLT parser-125k                                1   1     0      0.020          1      50.00     84059       2304		
780641437         MLT parser-125k                                1   1     0      0.021          1      47.62     84059       2304		
#Median for final result parser-125k/
780641437         MLT parser-125k                                1   1     0      0.021          1      47.62     84059       2304 median single
#UID            Suite Name                                     Ctx Wrk Fails       t(s)       Iter     Iter/s  Codesize   Datasize
#Results for verification run started at 23183:13:29:31 XCMD=-c16 -w4
1814569103        MLT loops-all-mid-10k-sp                       1   1     0      0.122          1       8.20     85291       8296		
#Results for performance runs started at 23183:13:29:31 XCMD=-c16 -w4
1814569103        MLT loops-all-mid-10k-sp                       1   1     0      5.813         50       8.60     85291       8296		
1814569103        MLT loops-all-mid-10k-sp                       1   1     0      5.814         50       8.60     85291       8296		
1814569103        MLT loops-all-mid-10k-sp                       1   1     0      5.808         50       8.61     85291       8296		
#Median for final result loops-all-mid-10k-sp/
1814569103        MLT loops-all-mid-10k-sp                       1   1     0      5.813         50       8.60     85291       8296 median single
#UID            Suite Name                                     Ctx Wrk Fails       t(s)       Iter     Iter/s  Codesize   Datasize
#Results for verification run started at 23183:13:29:49 XCMD=-c16 -w4
1862946660        MLT radix2-big-64k                             1   1     0      0.007          1     142.86   1443999       2528		
#Results for performance runs started at 23183:13:29:49 XCMD=-c16 -w4
1862946660        MLT radix2-big-64k                             1   1     0      2.061       1000     485.20   1443999       2528		
1862946660        MLT radix2-big-64k                             1   1     0      2.073       1000     482.39   1443999       2528		
1862946660        MLT radix2-big-64k                             1   1     0      2.105       1000     475.06   1443999       2528		
#Median for final result radix2-big-64k/
1862946660        MLT radix2-big-64k                             1   1     0      2.073       1000     482.39   1443999       2528 median single
#UID            Suite Name                                     Ctx Wrk Fails       t(s)       Iter     Iter/s  Codesize   Datasize
#Results for verification run started at 23183:13:29:56 XCMD=-c16 -w4
946108807         MLT zip-test                                   1   1     0      0.007          1     142.86    129057       2552		
#Results for performance runs started at 23183:13:29:57 XCMD=-c16 -w4
946108807         MLT zip-test                                   1   1     0      0.007          1     142.86    129057       2552		
946108807         MLT zip-test                                   1   1     0      0.007          1     142.86    129057       2552		
946108807         MLT zip-test                                   1   1     0      0.007          1     142.86    129057       2552		
#Median for final result zip-test/
946108807         MLT zip-test                                   1   1     0      0.007          1     142.86    129057       2552 median single
#UID            Suite Name                                     Ctx Wrk Fails       t(s)       Iter     Iter/s  Codesize   Datasize
#Results for verification run started at 23183:13:29:58 XCMD=-c16 -w4
236760500         MLT cjpeg-rose7-preset                        16   4     0      0.001          1    1000.00    104675     267584		
#Results for performance runs started at 23183:13:29:58 XCMD=-c16 -w4
236760500         MLT cjpeg-rose7-preset                        16   4     0      0.005         10    2000.00    104675     267584		
236760500         MLT cjpeg-rose7-preset                        16   4     0      0.005         10    2000.00    104675     267584		
236760500         MLT cjpeg-rose7-preset                        16   4     0      0.005         10    2000.00    104675     267584		
#Median for final result cjpeg-rose7-preset/
236760500         MLT cjpeg-rose7-preset                        16   4     0      0.005         10    2000.00    104675     267584 median best
#UID            Suite Name                                     Ctx Wrk Fails       t(s)       Iter     Iter/s  Codesize   Datasize
#Results for verification run started at 23183:13:29:59 XCMD=-c16 -w4
1050863061        MLT sha-test                                  16   4     0      0.005          1     200.00     75625       2328		
#Results for performance runs started at 23183:13:29:59 XCMD=-c16 -w4
1050863061        MLT sha-test                                  16   4     0      0.006         16    2666.67     75625       2328		
1050863061        MLT sha-test                                  16   4     0      0.006         16    2666.67     75625       2328		
1050863061        MLT sha-test                                  16   4     0      0.010         16    1600.00     75625       2328		
#Median for final result sha-test/
1050863061        MLT sha-test                                  16   4     0      0.006         16    2666.67     75625       2328 median best
#UID            Suite Name                                     Ctx Wrk Fails       t(s)       Iter     Iter/s  Codesize   Datasize
#Results for verification run started at 23183:13:29:59 XCMD=-c16 -w4
490760323         MLT core                                      16   4     0      0.426          1       2.35     65067       4464		
#Results for performance runs started at 23183:13:30:00 XCMD=-c16 -w4
490760323         MLT core                                      16   4     0      0.448         16      35.71     65067       4464		
490760323         MLT core                                      16   4     0      0.487         16      32.85     65067       4464		
490760323         MLT core                                      16   4     0      0.460         16      34.78     65067       4464		
#Median for final result core/
490760323         MLT core                                      16   4     0      0.460         16      34.78     65067       4464 median best
#UID            Suite Name                                     Ctx Wrk Fails       t(s)       Iter     Iter/s  Codesize   Datasize
#Results for verification run started at 23183:13:30:02 XCMD=-c16 -w4
549578576         MLT nnet_test                                 16   4     0      0.095          1      10.53     68359      43744		
#Results for performance runs started at 23183:13:30:02 XCMD=-c16 -w4
549578576         MLT nnet_test                                 16   4     0      0.111         16     144.14     68359      43744		
549578576         MLT nnet_test                                 16   4     0      0.109         16     146.79     68359      43744		
549578576         MLT nnet_test                                 16   4     0      0.103         16     155.34     68359      43744		
#Median for final result nnet_test/
549578576         MLT nnet_test                                 16   4     0      0.109         16     146.79     68359      43744 median best
#UID            Suite Name                                     Ctx Wrk Fails       t(s)       Iter     Iter/s  Codesize   Datasize
#Results for verification run started at 23183:13:30:03 XCMD=-c16 -w4
1046644201        MLT linear_alg-mid-100x100-sp                 16   4     0      0.004          1     250.00     70073       4472		
#Results for performance runs started at 23183:13:30:04 XCMD=-c16 -w4
1046644201        MLT linear_alg-mid-100x100-sp                 16   4     0      0.015         50    3333.33     70073       4472		
1046644201        MLT linear_alg-mid-100x100-sp                 16   4     0      0.015         50    3333.33     70073       4472		
1046644201        MLT linear_alg-mid-100x100-sp                 16   4     0      0.015         50    3333.33     70073       4472		
#Median for final result linear_alg-mid-100x100-sp/
1046644201        MLT linear_alg-mid-100x100-sp                 16   4     0      0.015         50    3333.33     70073       4472 median best
#UID            Suite Name                                     Ctx Wrk Fails       t(s)       Iter     Iter/s  Codesize   Datasize
#Results for verification run started at 23183:13:30:04 XCMD=-c16 -w4
780641437         MLT parser-125k                               16   4     0      0.022          1      45.45     84059       2304		
#Results for performance runs started at 23183:13:30:04 XCMD=-c16 -w4
780641437         MLT parser-125k                               16   4     0      0.026         16     615.38     84059       2304		
780641437         MLT parser-125k                               16   4     0      0.027         16     592.59     84059       2304		
780641437         MLT parser-125k                               16   4     0      0.029         16     551.72     84059       2304		
#Median for final result parser-125k/
780641437         MLT parser-125k                               16   4     0      0.027         16     592.59     84059       2304 median best
#UID            Suite Name                                     Ctx Wrk Fails       t(s)       Iter     Iter/s  Codesize   Datasize
#Results for verification run started at 23183:13:30:05 XCMD=-c16 -w4
1814569103        MLT loops-all-mid-10k-sp                      16   4     0      0.122          1       8.20     85291       8296		
#Results for performance runs started at 23183:13:30:05 XCMD=-c16 -w4
1814569103        MLT loops-all-mid-10k-sp                      16   4     0      0.484         50     103.31     85291       8296		
1814569103        MLT loops-all-mid-10k-sp                      16   4     0      0.545         50      91.74     85291       8296		
1814569103        MLT loops-all-mid-10k-sp                      16   4     0      0.474         50     105.49     85291       8296		
#Median for final result loops-all-mid-10k-sp/
1814569103        MLT loops-all-mid-10k-sp                      16   4     0      0.484         50     103.31     85291       8296 median best
#UID            Suite Name                                     Ctx Wrk Fails       t(s)       Iter     Iter/s  Codesize   Datasize
#Results for verification run started at 23183:13:30:08 XCMD=-c16 -w4
1862946660        MLT radix2-big-64k                            16   4     0      0.007          1     142.86   1443999       2528		
#Results for performance runs started at 23183:13:30:08 XCMD=-c16 -w4
1862946660        MLT radix2-big-64k                            16   4     0      0.150       1000    6666.67   1443999       2528		
1862946660        MLT radix2-big-64k                            16   4     0      0.150       1000    6666.67   1443999       2528		
1862946660        MLT radix2-big-64k                            16   4     0      0.154       1000    6493.51   1443999       2528		
#Median for final result radix2-big-64k/
1862946660        MLT radix2-big-64k                            16   4     0      0.150       1000    6666.67   1443999       2528 median best
#UID            Suite Name                                     Ctx Wrk Fails       t(s)       Iter     Iter/s  Codesize   Datasize
#Results for verification run started at 23183:13:30:09 XCMD=-c16 -w4
946108807         MLT zip-test                                  16   4     0      0.007          1     142.86    129057       2552		
#Results for performance runs started at 23183:13:30:09 XCMD=-c16 -w4
946108807         MLT zip-test                                  16   4     0      0.016         16    1000.00    129057       2552		
946108807         MLT zip-test                                  16   4     0      0.016         16    1000.00    129057       2552		
946108807         MLT zip-test                                  16   4     0      0.014         16    1142.86    129057       2552		
#Median for final result zip-test/
946108807         MLT zip-test                                  16   4     0      0.016         16    1000.00    129057       2552 median best
