-  Info: Starting Run...
-- Workload:linear_alg-mid-100x100-sp=1046644201
-- linear_alg-mid-100x100-sp:time(ns)=16
-- linear_alg-mid-100x100-sp:contexts=4
-- linear_alg-mid-100x100-sp:workers=4
-- linear_alg-mid-100x100-sp:iterations=1
-- linear_alg-mid-100x100-sp:time(secs)=   0.016
-- linear_alg-mid-100x100-sp:secs/workload=   0.016
-- linear_alg-mid-100x100-sp:workloads/sec=    62.5
Info: This run was executed with verification turned on! For performance results, use -v0.
-- linear_alg-mid:UID=10000
-- linear_alg-mid:fails=0
-- linear_alg-mid:time(ticks)=16
-- linear_alg-mid:count=1
-- linear_alg-mid:repeats=0
-- linear_alg-mid:v1=23
-- linear_alg-mid:v2=23
-- linear_alg-mid:v3=100
-- linear_alg-mid:v4=10
-- linear_alg-mid:f1=1.000000e+00
-- linear_alg-mid:f2=1.000000e+00
-- linear_alg-mid:f3=0.000000e+00
-- linear_alg-mid:f4=0.000000e+00
-- linear_alg-mid:secs/repeat=     inf
-- linear_alg-mid:repeats/sec=       0
-- linear_alg-mid:time(secs)=   0.016
-- linear_alg-mid:secs/item=   0.016
-- linear_alg-mid:items/sec=    62.5
-- Items:total(ticks)=16
-- Items:total(secs)=   0.016
-- Done:linear_alg-mid-100x100-sp=1046644201
