#UID            Suite Name                                     Ctx Wrk Fails       t(s)       Iter     Iter/s  Codesize   Datasize
#Results for verification run started at 23183:13:34:24 XCMD=-c64 -w4
236760500         MLT cjpeg-rose7-preset                         1   1     0      0.006          1     166.67    104675     267584		
#Results for performance runs started at 23183:13:34:24 XCMD=-c64 -w4
236760500         MLT cjpeg-rose7-preset                         1   1     0      0.055         10     181.82    104675     267584		
236760500         MLT cjpeg-rose7-preset                         1   1     0      0.055         10     181.82    104675     267584		
236760500         MLT cjpeg-rose7-preset                         1   1     0      0.054         10     185.19    104675     267584		
#Median for final result cjpeg-rose7-preset/
236760500         MLT cjpeg-rose7-preset                         1   1     0      0.055         10     181.82    104675     267584 median single
#UID            Suite Name                                     Ctx Wrk Fails       t(s)       Iter     Iter/s  Codesize   Datasize
#Results for verification run started at 23183:13:34:25 XCMD=-c64 -w4
1050863061        MLT sha-test                                   1   1     0      0.004          1     250.00     75625       2328		
#Results for performance runs started at 23183:13:34:25 XCMD=-c64 -w4
1050863061        MLT sha-test                                   1   1     0      0.041         10     243.90     75625       2328		
1050863061        MLT sha-test                                   1   1     0      0.041         10     243.90     75625       2328		
1050863061        MLT sha-test                                   1   1     0      0.041         10     243.90     75625       2328		
#Median for final result sha-test/
1050863061        MLT sha-test                                   1   1     0      0.041         10     243.90     75625       2328 median single
#UID            Suite Name                                     Ctx Wrk Fails       t(s)       Iter     Iter/s  Codesize   Datasize
#Results for verification run started at 23183:13:34:26 XCMD=-c64 -w4
490760323         MLT core                                       1   1     0      0.427          1       2.34     65067       4464		
#Results for performance runs started at 23183:13:34:27 XCMD=-c64 -w4
490760323         MLT core                                       1   1     0      0.427          1       2.34     65067       4464		
490760323         MLT core                                       1   1     0      0.427          1       2.34     65067       4464		
490760323         MLT core                                       1   1     0      0.427          1       2.34     65067       4464		
#Median for final result core/
490760323         MLT core                                       1   1     0      0.427          1       2.34     65067       4464 median single
#UID            Suite Name                                     Ctx Wrk Fails       t(s)       Iter     Iter/s  Codesize   Datasize
#Results for verification run started at 23183:13:34:29 XCMD=-c64 -w4
549578576         MLT nnet_test                                  1   1     0      0.094          1      10.64     68359      43744		
#Results for performance runs started at 23183:13:34:29 XCMD=-c64 -w4
549578576         MLT nnet_test                                  1   1     0      0.895         10      11.17     68359      43744		
549578576         MLT nnet_test                                  1   1     0      0.895         10      11.17     68359      43744		
549578576         MLT nnet_test                                  1   1     0      0.896         10      11.16     68359      43744		
#Median for final result nnet_test/
549578576         MLT nnet_test                                  1   1     0      0.895         10      11.17     68359      43744 median single
#UID            Suite Name                                     Ctx Wrk Fails       t(s)       Iter     Iter/s  Codesize   Datasize
#Results for verification run started at 23183:13:34:32 XCMD=-c64 -w4
1046644201        MLT linear_alg-mid-100x100-sp                  1   1     0      0.004          1     250.00     70073       4472		
#Results for performance runs started at 23183:13:34:32 XCMD=-c64 -w4
1046644201        MLT linear_alg-mid-100x100-sp                  1   1     0      0.168         50     297.62     70073       4472		
1046644201        MLT linear_alg-mid-100x100-sp                  1   1     0      0.168         50     297.62     70073       4472		
1046644201        MLT linear_alg-mid-100x100-sp                  1   1     0      0.168         50     297.62     70073       4472		
#Median for final result linear_alg-mid-100x100-sp/
1046644201        MLT linear_alg-mid-100x100-sp                  1   1     0      0.168         50     297.62     70073       4472 median single
#UID            Suite Name                                     Ctx Wrk Fails       t(s)       Iter     Iter/s  Codesize   Datasize
#Results for verification run started at 23183:13:34:34 XCMD=-c64 -w4
780641437         MLT parser-125k                                1   1     0      0.018          1      55.56     84059       2304		
#Results for performance runs started at 23183:13:34:34 XCMD=-c64 -w4
780641437         MLT parser-125k                                1   1     0      0.018          1      55.56     84059       2304		
780641437         MLT parser-125k                                1   1     0      0.021          1      47.62     84059       2304		
780641437         MLT parser-125k                                1   1     0      0.021          1      47.62     84059       2304		
#Median for final result parser-125k/
780641437         MLT parser-125k                                1   1     0      0.021          1      47.62     84059       2304 median single
#UID            Suite Name                                     Ctx Wrk Fails       t(s)       Iter     Iter/s  Codesize   Datasize
#Results for verification run started at 23183:13:34:35 XCMD=-c64 -w4
1814569103        MLT loops-all-mid-10k-sp                       1   1     0      0.122          1       8.20     85291       8296		
#Results for performance runs started at 23183:13:34:35 XCMD=-c64 -w4
1814569103        MLT loops-all-mid-10k-sp                       1   1     0      5.806         50       8.61     85291       8296		
1814569103        MLT loops-all-mid-10k-sp                       1   1     0      5.775         50       8.66     85291       8296		
1814569103        MLT loops-all-mid-10k-sp                       1   1     0      5.806         50       8.61     85291       8296		
#Median for final result loops-all-mid-10k-sp/
1814569103        MLT loops-all-mid-10k-sp                       1   1     0      5.806         50       8.61     85291       8296 median single
#UID            Suite Name                                     Ctx Wrk Fails       t(s)       Iter     Iter/s  Codesize   Datasize
#Results for verification run started at 23183:13:34:53 XCMD=-c64 -w4
1862946660        MLT radix2-big-64k                             1   1     0      0.007          1     142.86   1443999       2528		
#Results for performance runs started at 23183:13:34:53 XCMD=-c64 -w4
1862946660        MLT radix2-big-64k                             1   1     0      2.070       1000     483.09   1443999       2528		
1862946660        MLT radix2-big-64k                             1   1     0      2.066       1000     484.03   1443999       2528		
1862946660        MLT radix2-big-64k                             1   1     0      2.072       1000     482.63   1443999       2528		
#Median for final result radix2-big-64k/
1862946660        MLT radix2-big-64k                             1   1     0      2.070       1000     483.09   1443999       2528 median single
#UID            Suite Name                                     Ctx Wrk Fails       t(s)       Iter     Iter/s  Codesize   Datasize
#Results for verification run started at 23183:13:35:00 XCMD=-c64 -w4
946108807         MLT zip-test                                   1   1     0      0.007          1     142.86    129057       2552		
#Results for performance runs started at 23183:13:35:00 XCMD=-c64 -w4
946108807         MLT zip-test                                   1   1     0      0.007          1     142.86    129057       2552		
946108807         MLT zip-test                                   1   1     0      0.007          1     142.86    129057       2552		
946108807         MLT zip-test                                   1   1     0      0.007          1     142.86    129057       2552		
#Median for final result zip-test/
946108807         MLT zip-test                                   1   1     0      0.007          1     142.86    129057       2552 median single
#UID            Suite Name                                     Ctx Wrk Fails       t(s)       Iter     Iter/s  Codesize   Datasize
#Results for verification run started at 23183:13:35:01 XCMD=-c64 -w4
236760500         MLT cjpeg-rose7-preset                        64   4     0      0.003          1     333.33    104675     267584		
#Results for performance runs started at 23183:13:35:02 XCMD=-c64 -w4
236760500         MLT cjpeg-rose7-preset                        64   4     0      0.008         10    1250.00    104675     267584		
236760500         MLT cjpeg-rose7-preset                        64   4     0      0.006         10    1666.67    104675     267584		
236760500         MLT cjpeg-rose7-preset                        64   4     0      0.006         10    1666.67    104675     267584		
#Median for final result cjpeg-rose7-preset/
236760500         MLT cjpeg-rose7-preset                        64   4     0      0.006         10    1666.67    104675     267584 median best
#UID            Suite Name                                     Ctx Wrk Fails       t(s)       Iter     Iter/s  Codesize   Datasize
#Results for verification run started at 23183:13:35:02 XCMD=-c64 -w4
1050863061        MLT sha-test                                  64   4     0      0.004          1     250.00     75625       2328		
#Results for performance runs started at 23183:13:35:02 XCMD=-c64 -w4
1050863061        MLT sha-test                                  64   4     0      0.009         64    7111.11     75625       2328		
1050863061        MLT sha-test                                  64   4     0      0.009         64    7111.11     75625       2328		
1050863061        MLT sha-test                                  64   4     0      0.009         64    7111.11     75625       2328		
#Median for final result sha-test/
1050863061        MLT sha-test                                  64   4     0      0.009         64    7111.11     75625       2328 median best
#UID            Suite Name                                     Ctx Wrk Fails       t(s)       Iter     Iter/s  Codesize   Datasize
#Results for verification run started at 23183:13:35:03 XCMD=-c64 -w4
490760323         MLT core                                      64   4     0      0.428          1       2.34     65067       4464		
#Results for performance runs started at 23183:13:35:04 XCMD=-c64 -w4
490760323         MLT core                                      64   4     0      0.553         64     115.73     65067       4464		
490760323         MLT core                                      64   4     0      0.548         64     116.79     65067       4464		
490760323         MLT core                                      64   4     0      0.517         64     123.79     65067       4464		
#Median for final result core/
490760323         MLT core                                      64   4     0      0.548         64     116.79     65067       4464 median best
#UID            Suite Name                                     Ctx Wrk Fails       t(s)       Iter     Iter/s  Codesize   Datasize
#Results for verification run started at 23183:13:35:06 XCMD=-c64 -w4
549578576         MLT nnet_test                                 64   4     0      0.094          1      10.64     68359      43744		
#Results for performance runs started at 23183:13:35:06 XCMD=-c64 -w4
549578576         MLT nnet_test                                 64   4     0      0.117         64     547.01     68359      43744		
549578576         MLT nnet_test                                 64   4     0      0.113         64     566.37     68359      43744		
549578576         MLT nnet_test                                 64   4     0      0.117         64     547.01     68359      43744		
#Median for final result nnet_test/
549578576         MLT nnet_test                                 64   4     0      0.117         64     547.01     68359      43744 median best
#UID            Suite Name                                     Ctx Wrk Fails       t(s)       Iter     Iter/s  Codesize   Datasize
#Results for verification run started at 23183:13:35:07 XCMD=-c64 -w4
1046644201        MLT linear_alg-mid-100x100-sp                 64   4     0      0.004          1     250.00     70073       4472		
#Results for performance runs started at 23183:13:35:08 XCMD=-c64 -w4
1046644201        MLT linear_alg-mid-100x100-sp                 64   4     0      0.013         64    4923.08     70073       4472		
1046644201        MLT linear_alg-mid-100x100-sp                 64   4     0      0.013         64    4923.08     70073       4472		
1046644201        MLT linear_alg-mid-100x100-sp                 64   4     0      0.011         64    5818.18     70073       4472		
#Median for final result linear_alg-mid-100x100-sp/
1046644201        MLT linear_alg-mid-100x100-sp                 64   4     0      0.013         64    4923.08     70073       4472 median best
#UID            Suite Name                                     Ctx Wrk Fails       t(s)       Iter     Iter/s  Codesize   Datasize
#Results for verification run started at 23183:13:35:08 XCMD=-c64 -w4
780641437         MLT parser-125k                               64   4     0      0.021          1      47.62     84059       2304		
#Results for performance runs started at 23183:13:35:08 XCMD=-c64 -w4
780641437         MLT parser-125k                               64   4     0      0.108         64     592.59     84059       2304		
780641437         MLT parser-125k                               64   4     0      0.104         64     615.38     84059       2304		
780641437         MLT parser-125k                               64   4     0      0.112         64     571.43     84059       2304		
#Median for final result parser-125k/
780641437         MLT parser-125k                               64   4     0      0.108         64     592.59     84059       2304 median best
#UID            Suite Name                                     Ctx Wrk Fails       t(s)       Iter     Iter/s  Codesize   Datasize
#Results for verification run started at 23183:13:35:09 XCMD=-c64 -w4
1814569103        MLT loops-all-mid-10k-sp                      64   4     0      0.124          1       8.06     85291       8296		
#Results for performance runs started at 23183:13:35:10 XCMD=-c64 -w4
1814569103        MLT loops-all-mid-10k-sp                      64   4     0      0.198         64     323.23     85291       8296		
1814569103        MLT loops-all-mid-10k-sp                      64   4     0      0.260         64     246.15     85291       8296		
1814569103        MLT loops-all-mid-10k-sp                      64   4     0      0.255         64     250.98     85291       8296		
#Median for final result loops-all-mid-10k-sp/
1814569103        MLT loops-all-mid-10k-sp                      64   4     0      0.255         64     250.98     85291       8296 median best
#UID            Suite Name                                     Ctx Wrk Fails       t(s)       Iter     Iter/s  Codesize   Datasize
#Results for verification run started at 23183:13:35:11 XCMD=-c64 -w4
1862946660        MLT radix2-big-64k                            64   4     0      0.007          1     142.86   1443999       2528		
#Results for performance runs started at 23183:13:35:11 XCMD=-c64 -w4
1862946660        MLT radix2-big-64k                            64   4     0      0.075       1000   13333.33   1443999       2528		
1862946660        MLT radix2-big-64k                            64   4     0      0.075       1000   13333.33   1443999       2528		
1862946660        MLT radix2-big-64k                            64   4     0      0.075       1000   13333.33   1443999       2528		
#Median for final result radix2-big-64k/
1862946660        MLT radix2-big-64k                            64   4     0      0.075       1000   13333.33   1443999       2528 median best
#UID            Suite Name                                     Ctx Wrk Fails       t(s)       Iter     Iter/s  Codesize   Datasize
#Results for verification run started at 23183:13:35:12 XCMD=-c64 -w4
946108807         MLT zip-test                                  64   4     0      0.008          1     125.00    129057       2552		
#Results for performance runs started at 23183:13:35:13 XCMD=-c64 -w4
946108807         MLT zip-test                                  64   4     0      0.041         64    1560.98    129057       2552		
946108807         MLT zip-test                                  64   4     0      0.041         64    1560.98    129057       2552		
946108807         MLT zip-test                                  64   4     0      0.042         64    1523.81    129057       2552		
#Median for final result zip-test/
946108807         MLT zip-test                                  64   4     0      0.041         64    1560.98    129057       2552 median best
