-  Info: Starting Run...
-- Workload:core=490760323
-- core:time(ns)=4226
-- core:contexts=64
-- core:workers=64
-- core:iterations=1
-- core:time(secs)=   4.226
-- core:secs/workload=   4.226
-- core:workloads/sec= 0.23663
Info: This run was executed with verification turned on! For performance results, use -v0.
-- core:UID=10000
-- core:fails=0
-- core:time(ticks)=4224
-- core:count=1
-- core:repeats=0
-- core:v1=0
-- core:v2=0
-- core:v3=0
-- core:v4=0
-- core:f1=0.000000e+00
-- core:f2=0.000000e+00
-- core:f3=0.000000e+00
-- core:f4=0.000000e+00
-- core:secs/repeat=     inf
-- core:repeats/sec=       0
-- core:time(secs)=   4.224
-- core:secs/item=   4.224
-- core:items/sec=0.236742
-- Items:total(ticks)=4224
-- Items:total(secs)=   4.224
-- Done:core=490760323
