#UID            Suite Name                                     Ctx Wrk Fails       t(s)       Iter     Iter/s  Codesize   Datasize
#Results for verification run started at 23183:17:45:32 XCMD=-c4 -w4
236760500         MLT cjpeg-rose7-preset                         1   1     0      0.018          1      55.56    129154     267680		
#Results for performance runs started at 23183:17:45:32 XCMD=-c4 -w4
236760500         MLT cjpeg-rose7-preset                         1   1     0      0.141         10      70.92    129154     267680		
236760500         MLT cjpeg-rose7-preset                         1   1     0      0.141         10      70.92    129154     267680		
236760500         MLT cjpeg-rose7-preset                         1   1     0      0.141         10      70.92    129154     267680		
#Median for final result cjpeg-rose7-preset/
236760500         MLT cjpeg-rose7-preset                         1   1     0      0.141         10      70.92    129154     267680 median single
#UID            Suite Name                                     Ctx Wrk Fails       t(s)       Iter     Iter/s  Codesize   Datasize
#Results for verification run started at 23183:17:45:34 XCMD=-c4 -w4
1050863061        MLT sha-test                                   1   1     0      0.015          1      66.67     91634       2424		
#Results for performance runs started at 23183:17:45:35 XCMD=-c4 -w4
1050863061        MLT sha-test                                   1   1     0      0.153         10      65.36     91634       2424		
1050863061        MLT sha-test                                   1   1     0      0.153         10      65.36     91634       2424		
1050863061        MLT sha-test                                   1   1     0      0.153         10      65.36     91634       2424		
#Median for final result sha-test/
1050863061        MLT sha-test                                   1   1     0      0.153         10      65.36     91634       2424 median single
#UID            Suite Name                                     Ctx Wrk Fails       t(s)       Iter     Iter/s  Codesize   Datasize
#Results for verification run started at 23183:17:45:37 XCMD=-c4 -w4
490760323         MLT core                                       1   1     0      4.156          1       0.24     81384       5192		
#Results for performance runs started at 23183:17:45:41 XCMD=-c4 -w4
490760323         MLT core                                       1   1     0      4.157          1       0.24     81384       5192		
490760323         MLT core                                       1   1     0      4.157          1       0.24     81384       5192		
490760323         MLT core                                       1   1     0      4.157          1       0.24     81384       5192		
#Median for final result core/
490760323         MLT core                                       1   1     0      4.157          1       0.24     81384       5192 median single
#UID            Suite Name                                     Ctx Wrk Fails       t(s)       Iter     Iter/s  Codesize   Datasize
#Results for verification run started at 23183:17:45:55 XCMD=-c4 -w4
549578576         MLT nnet_test                                  1   1     0      0.437          1       2.29     87564      43864		
#Results for performance runs started at 23183:17:45:56 XCMD=-c4 -w4
549578576         MLT nnet_test                                  1   1     0      4.366         10       2.29     87564      43864		
549578576         MLT nnet_test                                  1   1     0      4.366         10       2.29     87564      43864		
549578576         MLT nnet_test                                  1   1     0      4.364         10       2.29     87564      43864		
#Median for final result nnet_test/
549578576         MLT nnet_test                                  1   1     0      4.366         10       2.29     87564      43864 median single
#UID            Suite Name                                     Ctx Wrk Fails       t(s)       Iter     Iter/s  Codesize   Datasize
#Results for verification run started at 23183:17:46:10 XCMD=-c4 -w4
1046644201        MLT linear_alg-mid-100x100-sp                  1   1     0      0.016          1      62.50     93130       4568		
#Results for performance runs started at 23183:17:46:11 XCMD=-c4 -w4
1046644201        MLT linear_alg-mid-100x100-sp                  1   1     0      0.810         50      61.73     93130       4568		
1046644201        MLT linear_alg-mid-100x100-sp                  1   1     0      0.810         50      61.73     93130       4568		
1046644201        MLT linear_alg-mid-100x100-sp                  1   1     0      0.810         50      61.73     93130       4568		
#Median for final result linear_alg-mid-100x100-sp/
1046644201        MLT linear_alg-mid-100x100-sp                  1   1     0      0.810         50      61.73     93130       4568 median single
#UID            Suite Name                                     Ctx Wrk Fails       t(s)       Iter     Iter/s  Codesize   Datasize
#Results for verification run started at 23183:17:46:15 XCMD=-c4 -w4
780641437         MLT parser-125k                                1   1     0      0.157          1       6.37    100222       2536		
#Results for performance runs started at 23183:17:46:15 XCMD=-c4 -w4
780641437         MLT parser-125k                                1   1     0      0.164          1       6.10    100222       2536		
780641437         MLT parser-125k                                1   1     0      0.164          1       6.10    100222       2536		
780641437         MLT parser-125k                                1   1     0      0.140          1       7.14    100222       2536		
#Median for final result parser-125k/
780641437         MLT parser-125k                                1   1     0      0.164          1       6.10    100222       2536 median single
#UID            Suite Name                                     Ctx Wrk Fails       t(s)       Iter     Iter/s  Codesize   Datasize
#Results for verification run started at 23183:17:46:17 XCMD=-c4 -w4
1814569103        MLT loops-all-mid-10k-sp                       1   1     0      0.540          1       1.85    109584       8344		
#Results for performance runs started at 23183:17:46:18 XCMD=-c4 -w4
1814569103        MLT loops-all-mid-10k-sp                       1   1     0     26.865         50       1.86    109584       8344		
1814569103        MLT loops-all-mid-10k-sp                       1   1     0     26.880         50       1.86    109584       8344		
1814569103        MLT loops-all-mid-10k-sp                       1   1     0     26.863         50       1.86    109584       8344		
#Median for final result loops-all-mid-10k-sp/
1814569103        MLT loops-all-mid-10k-sp                       1   1     0     26.865         50       1.86    109584       8344 median single
#UID            Suite Name                                     Ctx Wrk Fails       t(s)       Iter     Iter/s  Codesize   Datasize
#Results for verification run started at 23183:17:47:40 XCMD=-c4 -w4
1862946660        MLT radix2-big-64k                             1   1     0      0.033          1      30.30   1459492       2936		
#Results for performance runs started at 23183:17:47:40 XCMD=-c4 -w4
1862946660        MLT radix2-big-64k                             1   1     0      9.208       1000     108.60   1459492       2936		
1862946660        MLT radix2-big-64k                             1   1     0      9.333       1000     107.15   1459492       2936		
1862946660        MLT radix2-big-64k                             1   1     0      9.149       1000     109.30   1459492       2936		
#Median for final result radix2-big-64k/
1862946660        MLT radix2-big-64k                             1   1     0      9.208       1000     108.60   1459492       2936 median single
#UID            Suite Name                                     Ctx Wrk Fails       t(s)       Iter     Iter/s  Codesize   Datasize
#Results for verification run started at 23183:17:48:09 XCMD=-c4 -w4
946108807         MLT zip-test                                   1   1     0      0.028          1      35.71    157220       2768		
#Results for performance runs started at 23183:17:48:11 XCMD=-c4 -w4
946108807         MLT zip-test                                   1   1     0      0.026          1      38.46    157220       2768		
946108807         MLT zip-test                                   1   1     0      0.026          1      38.46    157220       2768		
946108807         MLT zip-test                                   1   1     0      0.026          1      38.46    157220       2768		
#Median for final result zip-test/
946108807         MLT zip-test                                   1   1     0      0.026          1      38.46    157220       2768 median single
#UID            Suite Name                                     Ctx Wrk Fails       t(s)       Iter     Iter/s  Codesize   Datasize
#Results for verification run started at 23183:17:48:15 XCMD=-c4 -w4
236760500         MLT cjpeg-rose7-preset                         4   4     0      0.005          1     200.00    129154     267680		
#Results for performance runs started at 23183:17:48:15 XCMD=-c4 -w4
236760500         MLT cjpeg-rose7-preset                         4   4     0      0.036         10     277.78    129154     267680		
236760500         MLT cjpeg-rose7-preset                         4   4     0      0.037         10     270.27    129154     267680		
236760500         MLT cjpeg-rose7-preset                         4   4     0      0.037         10     270.27    129154     267680		
#Median for final result cjpeg-rose7-preset/
236760500         MLT cjpeg-rose7-preset                         4   4     0      0.037         10     270.27    129154     267680 median best
#UID            Suite Name                                     Ctx Wrk Fails       t(s)       Iter     Iter/s  Codesize   Datasize
#Results for verification run started at 23183:17:48:17 XCMD=-c4 -w4
1050863061        MLT sha-test                                   4   4     0      0.015          1      66.67     91634       2424		
#Results for performance runs started at 23183:17:48:17 XCMD=-c4 -w4
1050863061        MLT sha-test                                   4   4     0      0.046         10     217.39     91634       2424		
1050863061        MLT sha-test                                   4   4     0      0.046         10     217.39     91634       2424		
1050863061        MLT sha-test                                   4   4     0      0.046         10     217.39     91634       2424		
#Median for final result sha-test/
1050863061        MLT sha-test                                   4   4     0      0.046         10     217.39     91634       2424 median best
#UID            Suite Name                                     Ctx Wrk Fails       t(s)       Iter     Iter/s  Codesize   Datasize
#Results for verification run started at 23183:17:48:19 XCMD=-c4 -w4
490760323         MLT core                                       4   4     0      4.162          1       0.24     81384       5192		
#Results for performance runs started at 23183:17:48:24 XCMD=-c4 -w4
490760323         MLT core                                       4   4     0      4.157          4       0.96     81384       5192		
490760323         MLT core                                       4   4     0      4.156          4       0.96     81384       5192		
490760323         MLT core                                       4   4     0      4.156          4       0.96     81384       5192		
#Median for final result core/
490760323         MLT core                                       4   4     0      4.156          4       0.96     81384       5192 median best
#UID            Suite Name                                     Ctx Wrk Fails       t(s)       Iter     Iter/s  Codesize   Datasize
#Results for verification run started at 23183:17:48:37 XCMD=-c4 -w4
549578576         MLT nnet_test                                  4   4     0      0.435          1       2.30     87564      43864		
#Results for performance runs started at 23183:17:48:38 XCMD=-c4 -w4
549578576         MLT nnet_test                                  4   4     0      1.310         10       7.63     87564      43864		
549578576         MLT nnet_test                                  4   4     0      1.311         10       7.63     87564      43864		
549578576         MLT nnet_test                                  4   4     0      1.309         10       7.64     87564      43864		
#Median for final result nnet_test/
549578576         MLT nnet_test                                  4   4     0      1.310         10       7.63     87564      43864 median best
#UID            Suite Name                                     Ctx Wrk Fails       t(s)       Iter     Iter/s  Codesize   Datasize
#Results for verification run started at 23183:17:48:44 XCMD=-c4 -w4
1046644201        MLT linear_alg-mid-100x100-sp                  4   4     0      0.016          1      62.50     93130       4568		
#Results for performance runs started at 23183:17:48:44 XCMD=-c4 -w4
1046644201        MLT linear_alg-mid-100x100-sp                  4   4     0      0.210         50     238.10     93130       4568		
1046644201        MLT linear_alg-mid-100x100-sp                  4   4     0      0.211         50     236.97     93130       4568		
1046644201        MLT linear_alg-mid-100x100-sp                  4   4     0      0.211         50     236.97     93130       4568		
#Median for final result linear_alg-mid-100x100-sp/
1046644201        MLT linear_alg-mid-100x100-sp                  4   4     0      0.211         50     236.97     93130       4568 median best
#UID            Suite Name                                     Ctx Wrk Fails       t(s)       Iter     Iter/s  Codesize   Datasize
#Results for verification run started at 23183:17:48:46 XCMD=-c4 -w4
780641437         MLT parser-125k                                4   4     0      0.150          1       6.67    100222       2536		
#Results for performance runs started at 23183:17:48:47 XCMD=-c4 -w4
780641437         MLT parser-125k                                4   4     0      0.192          4      20.83    100222       2536		
780641437         MLT parser-125k                                4   4     0      0.180          4      22.22    100222       2536		
780641437         MLT parser-125k                                4   4     0      0.191          4      20.94    100222       2536		
#Median for final result parser-125k/
780641437         MLT parser-125k                                4   4     0      0.191          4      20.94    100222       2536 median best
#UID            Suite Name                                     Ctx Wrk Fails       t(s)       Iter     Iter/s  Codesize   Datasize
#Results for verification run started at 23183:17:48:49 XCMD=-c4 -w4
1814569103        MLT loops-all-mid-10k-sp                       4   4     0      0.537          1       1.86    109584       8344		
#Results for performance runs started at 23183:17:48:50 XCMD=-c4 -w4
1814569103        MLT loops-all-mid-10k-sp                       4   4     0      6.982         50       7.16    109584       8344		
1814569103        MLT loops-all-mid-10k-sp                       4   4     0      6.976         50       7.17    109584       8344		
1814569103        MLT loops-all-mid-10k-sp                       4   4     0      6.981         50       7.16    109584       8344		
#Median for final result loops-all-mid-10k-sp/
1814569103        MLT loops-all-mid-10k-sp                       4   4     0      6.981         50       7.16    109584       8344 median best
#UID            Suite Name                                     Ctx Wrk Fails       t(s)       Iter     Iter/s  Codesize   Datasize
#Results for verification run started at 23183:17:49:12 XCMD=-c4 -w4
1862946660        MLT radix2-big-64k                             4   4     0      0.033          1      30.30   1459492       2936		
#Results for performance runs started at 23183:17:49:12 XCMD=-c4 -w4
1862946660        MLT radix2-big-64k                             4   4     0      2.318       1000     431.41   1459492       2936		
1862946660        MLT radix2-big-64k                             4   4     0      2.345       1000     426.44   1459492       2936		
1862946660        MLT radix2-big-64k                             4   4     0      2.319       1000     431.22   1459492       2936		
#Median for final result radix2-big-64k/
1862946660        MLT radix2-big-64k                             4   4     0      2.319       1000     431.22   1459492       2936 median best
#UID            Suite Name                                     Ctx Wrk Fails       t(s)       Iter     Iter/s  Codesize   Datasize
#Results for verification run started at 23183:17:49:21 XCMD=-c4 -w4
946108807         MLT zip-test                                   4   4     0      0.028          1      35.71    157220       2768		
#Results for performance runs started at 23183:17:49:22 XCMD=-c4 -w4
946108807         MLT zip-test                                   4   4     0      0.028          4     142.86    157220       2768		
946108807         MLT zip-test                                   4   4     0      0.027          4     148.15    157220       2768		
946108807         MLT zip-test                                   4   4     0      0.027          4     148.15    157220       2768		
#Median for final result zip-test/
946108807         MLT zip-test                                   4   4     0      0.027          4     148.15    157220       2768 median best
