#UID            Suite Name                                     Ctx Wrk Fails       t(s)       Iter     Iter/s  Codesize   Datasize
#Results for verification run started at 23183:13:35:52 XCMD=-c64 -w16
236760500         MLT cjpeg-rose7-preset                        64  16     0      0.003          1     333.33    104675     267584		
#Results for performance runs started at 23183:13:35:52 XCMD=-c64 -w16
236760500         MLT cjpeg-rose7-preset                        64  16     0      0.006         10    1666.67    104675     267584		
236760500         MLT cjpeg-rose7-preset                        64  16     0      0.006         10    1666.67    104675     267584		
236760500         MLT cjpeg-rose7-preset                        64  16     0      0.006         10    1666.67    104675     267584		
#Median for final result cjpeg-rose7-preset/
236760500         MLT cjpeg-rose7-preset                        64  16     0      0.006         10    1666.67    104675     267584 median best
#UID            Suite Name                                     Ctx Wrk Fails       t(s)       Iter     Iter/s  Codesize   Datasize
#Results for verification run started at 23183:13:35:53 XCMD=-c64 -w16
1050863061        MLT sha-test                                  64  16     0      0.004          1     250.00     75625       2328		
#Results for performance runs started at 23183:13:35:53 XCMD=-c64 -w16
1050863061        MLT sha-test                                  64  16     0      0.010         64    6400.00     75625       2328		
1050863061        MLT sha-test                                  64  16     0      0.010         64    6400.00     75625       2328		
1050863061        MLT sha-test                                  64  16     0      0.009         64    7111.11     75625       2328		
#Median for final result sha-test/
1050863061        MLT sha-test                                  64  16     0      0.010         64    6400.00     75625       2328 median best
#UID            Suite Name                                     Ctx Wrk Fails       t(s)       Iter     Iter/s  Codesize   Datasize
#Results for verification run started at 23183:13:35:54 XCMD=-c64 -w16
490760323         MLT core                                      64  16     0      0.426          1       2.35     65067       4464		
#Results for performance runs started at 23183:13:35:54 XCMD=-c64 -w16
490760323         MLT core                                      64  16     0      0.556         64     115.11     65067       4464		
490760323         MLT core                                      64  16     0      0.555         64     115.32     65067       4464		
490760323         MLT core                                      64  16     0      0.550         64     116.36     65067       4464		
#Median for final result core/
490760323         MLT core                                      64  16     0      0.555         64     115.32     65067       4464 median best
#UID            Suite Name                                     Ctx Wrk Fails       t(s)       Iter     Iter/s  Codesize   Datasize
#Results for verification run started at 23183:13:35:57 XCMD=-c64 -w16
549578576         MLT nnet_test                                 64  16     0      0.094          1      10.64     68359      43744		
#Results for performance runs started at 23183:13:35:57 XCMD=-c64 -w16
549578576         MLT nnet_test                                 64  16     0      0.117         64     547.01     68359      43744		
549578576         MLT nnet_test                                 64  16     0      0.121         64     528.93     68359      43744		
549578576         MLT nnet_test                                 64  16     0      0.114         64     561.40     68359      43744		
#Median for final result nnet_test/
549578576         MLT nnet_test                                 64  16     0      0.117         64     547.01     68359      43744 median best
#UID            Suite Name                                     Ctx Wrk Fails       t(s)       Iter     Iter/s  Codesize   Datasize
#Results for verification run started at 23183:13:35:58 XCMD=-c64 -w16
1046644201        MLT linear_alg-mid-100x100-sp                 64  16     0      0.004          1     250.00     70073       4472		
#Results for performance runs started at 23183:13:35:58 XCMD=-c64 -w16
1046644201        MLT linear_alg-mid-100x100-sp                 64  16     0      0.012         64    5333.33     70073       4472		
1046644201        MLT linear_alg-mid-100x100-sp                 64  16     0      0.013         64    4923.08     70073       4472		
1046644201        MLT linear_alg-mid-100x100-sp                 64  16     0      0.014         64    4571.43     70073       4472		
#Median for final result linear_alg-mid-100x100-sp/
1046644201        MLT linear_alg-mid-100x100-sp                 64  16     0      0.013         64    4923.08     70073       4472 median best
#UID            Suite Name                                     Ctx Wrk Fails       t(s)       Iter     Iter/s  Codesize   Datasize
#Results for verification run started at 23183:13:35:59 XCMD=-c64 -w16
780641437         MLT parser-125k                               64  16     0      0.021          1      47.62     84059       2304		
#Results for performance runs started at 23183:13:35:59 XCMD=-c64 -w16
780641437         MLT parser-125k                               64  16     0      0.111         64     576.58     84059       2304		
780641437         MLT parser-125k                               64  16     0      0.104         64     615.38     84059       2304		
780641437         MLT parser-125k                               64  16     0      0.104         64     615.38     84059       2304		
#Median for final result parser-125k/
780641437         MLT parser-125k                               64  16     0      0.104         64     615.38     84059       2304 median best
#UID            Suite Name                                     Ctx Wrk Fails       t(s)       Iter     Iter/s  Codesize   Datasize
#Results for verification run started at 23183:13:36:00 XCMD=-c64 -w16
1814569103        MLT loops-all-mid-10k-sp                      64  16     0      0.123          1       8.13     85291       8296		
#Results for performance runs started at 23183:13:36:00 XCMD=-c64 -w16
1814569103        MLT loops-all-mid-10k-sp                      64  16     0      0.261         64     245.21     85291       8296		
1814569103        MLT loops-all-mid-10k-sp                      64  16     0      0.262         64     244.27     85291       8296		
1814569103        MLT loops-all-mid-10k-sp                      64  16     0      0.218         64     293.58     85291       8296		
#Median for final result loops-all-mid-10k-sp/
1814569103        MLT loops-all-mid-10k-sp                      64  16     0      0.261         64     245.21     85291       8296 median best
#UID            Suite Name                                     Ctx Wrk Fails       t(s)       Iter     Iter/s  Codesize   Datasize
#Results for verification run started at 23183:13:36:02 XCMD=-c64 -w16
1862946660        MLT radix2-big-64k                            64  16     0      0.007          1     142.86   1443999       2528		
#Results for performance runs started at 23183:13:36:02 XCMD=-c64 -w16
1862946660        MLT radix2-big-64k                            64  16     0      0.078       1000   12820.51   1443999       2528		
1862946660        MLT radix2-big-64k                            64  16     0      0.075       1000   13333.33   1443999       2528		
1862946660        MLT radix2-big-64k                            64  16     0      0.075       1000   13333.33   1443999       2528		
#Median for final result radix2-big-64k/
1862946660        MLT radix2-big-64k                            64  16     0      0.075       1000   13333.33   1443999       2528 median best
#UID            Suite Name                                     Ctx Wrk Fails       t(s)       Iter     Iter/s  Codesize   Datasize
#Results for verification run started at 23183:13:36:03 XCMD=-c64 -w16
946108807         MLT zip-test                                  64  16     0      0.008          1     125.00    129057       2552		
#Results for performance runs started at 23183:13:36:03 XCMD=-c64 -w16
946108807         MLT zip-test                                  64  16     0      0.044         64    1454.55    129057       2552		
946108807         MLT zip-test                                  64  16     0      0.043         64    1488.37    129057       2552		
946108807         MLT zip-test                                  64  16     0      0.041         64    1560.98    129057       2552		
#Median for final result zip-test/
946108807         MLT zip-test                                  64  16     0      0.043         64    1488.37    129057       2552 median best
