#UID            Suite Name                                     Ctx Wrk Fails       t(s)       Iter     Iter/s  Codesize   Datasize
#Results for verification run started at 23183:16:23:26 XCMD=-c64 -w4
236760500         MLT cjpeg-rose7-preset                        64   4     0      0.005          1     200.00    104046     267504		
#Results for performance runs started at 23183:16:23:27 XCMD=-c64 -w4
236760500         MLT cjpeg-rose7-preset                        64   4     0      0.006         10    1666.67    104046     267504		
236760500         MLT cjpeg-rose7-preset                        64   4     0      0.006         10    1666.67    104046     267504		
236760500         MLT cjpeg-rose7-preset                        64   4     0      0.009         10    1111.11    104046     267504		
#Median for final result cjpeg-rose7-preset/
236760500         MLT cjpeg-rose7-preset                        64   4     0      0.006         10    1666.67    104046     267504 median best
#UID            Suite Name                                     Ctx Wrk Fails       t(s)       Iter     Iter/s  Codesize   Datasize
#Results for verification run started at 23183:16:23:28 XCMD=-c64 -w4
1050863061        MLT sha-test                                  64   4     0      0.010          1     100.00     71806       2248		
#Results for performance runs started at 23183:16:23:28 XCMD=-c64 -w4
1050863061        MLT sha-test                                  64   4     0      0.020         64    3200.00     71806       2248		
1050863061        MLT sha-test                                  64   4     0      0.020         64    3200.00     71806       2248		
1050863061        MLT sha-test                                  64   4     0      0.020         64    3200.00     71806       2248		
#Median for final result sha-test/
1050863061        MLT sha-test                                  64   4     0      0.020         64    3200.00     71806       2248 median best
#UID            Suite Name                                     Ctx Wrk Fails       t(s)       Iter     Iter/s  Codesize   Datasize
#Results for verification run started at 23183:16:23:30 XCMD=-c64 -w4
490760323         MLT core                                      64   4     0      1.865          1       0.54     64576       4368		
#Results for performance runs started at 23183:16:23:32 XCMD=-c64 -w4
490760323         MLT core                                      64   4     0      3.085         64      20.75     64576       4368		
490760323         MLT core                                      64   4     0      3.098         64      20.66     64576       4368		
490760323         MLT core                                      64   4     0      3.107         64      20.60     64576       4368		
#Median for final result core/
490760323         MLT core                                      64   4     0      3.098         64      20.66     64576       4368 median best
#UID            Suite Name                                     Ctx Wrk Fails       t(s)       Iter     Iter/s  Codesize   Datasize
#Results for verification run started at 23183:16:23:43 XCMD=-c64 -w4
549578576         MLT nnet_test                                 64   4     0      0.473          1       2.11     67196      43656		
#Results for performance runs started at 23183:16:23:44 XCMD=-c64 -w4
549578576         MLT nnet_test                                 64   4     0      0.847         64      75.56     67196      43656		
549578576         MLT nnet_test                                 64   4     0      0.830         64      77.11     67196      43656		
549578576         MLT nnet_test                                 64   4     0      0.813         64      78.72     67196      43656		
#Median for final result nnet_test/
549578576         MLT nnet_test                                 64   4     0      0.830         64      77.11     67196      43656 median best
#UID            Suite Name                                     Ctx Wrk Fails       t(s)       Iter     Iter/s  Codesize   Datasize
#Results for verification run started at 23183:16:23:48 XCMD=-c64 -w4
1046644201        MLT linear_alg-mid-100x100-sp                 64   4     0      0.019          1      52.63     67454       4384		
#Results for performance runs started at 23183:16:23:48 XCMD=-c64 -w4
1046644201        MLT linear_alg-mid-100x100-sp                 64   4     0      0.032         64    2000.00     67454       4384		
1046644201        MLT linear_alg-mid-100x100-sp                 64   4     0      0.042         64    1523.81     67454       4384		
1046644201        MLT linear_alg-mid-100x100-sp                 64   4     0      0.033         64    1939.39     67454       4384		
#Median for final result linear_alg-mid-100x100-sp/
1046644201        MLT linear_alg-mid-100x100-sp                 64   4     0      0.033         64    1939.39     67454       4384 median best
#UID            Suite Name                                     Ctx Wrk Fails       t(s)       Iter     Iter/s  Codesize   Datasize
#Results for verification run started at 23183:16:23:50 XCMD=-c64 -w4
780641437         MLT parser-125k                               64   4     0      0.154          1       6.49     82718       2240		
#Results for performance runs started at 23183:16:23:50 XCMD=-c64 -w4
780641437         MLT parser-125k                               64   4     0      0.366         64     174.86     82718       2240		
780641437         MLT parser-125k                               64   4     0      0.353         64     181.30     82718       2240		
780641437         MLT parser-125k                               64   4     0      0.374         64     171.12     82718       2240		
#Median for final result parser-125k/
780641437         MLT parser-125k                               64   4     0      0.366         64     174.86     82718       2240 median best
#UID            Suite Name                                     Ctx Wrk Fails       t(s)       Iter     Iter/s  Codesize   Datasize
#Results for verification run started at 23183:16:23:53 XCMD=-c64 -w4
1814569103        MLT loops-all-mid-10k-sp                      64   4     0      0.549          1       1.82     81992       8160		
#Results for performance runs started at 23183:16:23:53 XCMD=-c64 -w4
1814569103        MLT loops-all-mid-10k-sp                      64   4     0      1.077         64      59.42     81992       8160		
1814569103        MLT loops-all-mid-10k-sp                      64   4     0      1.066         64      60.04     81992       8160		
1814569103        MLT loops-all-mid-10k-sp                      64   4     0      1.048         64      61.07     81992       8160		
#Median for final result loops-all-mid-10k-sp/
1814569103        MLT loops-all-mid-10k-sp                      64   4     0      1.066         64      60.04     81992       8160 median best
#UID            Suite Name                                     Ctx Wrk Fails       t(s)       Iter     Iter/s  Codesize   Datasize
#Results for verification run started at 23183:16:23:58 XCMD=-c64 -w4
1862946660        MLT radix2-big-64k                            64   4     0      0.035          1      28.57   1442580       2472		
#Results for performance runs started at 23183:16:23:58 XCMD=-c64 -w4
1862946660        MLT radix2-big-64k                            64   4     0      0.256       1000    3906.25   1442580       2472		
1862946660        MLT radix2-big-64k                            64   4     0      0.266       1000    3759.40   1442580       2472		
1862946660        MLT radix2-big-64k                            64   4     0      0.255       1000    3921.57   1442580       2472		
#Median for final result radix2-big-64k/
1862946660        MLT radix2-big-64k                            64   4     0      0.256       1000    3906.25   1442580       2472 median best
#UID            Suite Name                                     Ctx Wrk Fails       t(s)       Iter     Iter/s  Codesize   Datasize
#Results for verification run started at 23183:16:24:01 XCMD=-c64 -w4
946108807         MLT zip-test                                  64   4     0      0.023          1      43.48    124638       2480		
#Results for performance runs started at 23183:16:24:02 XCMD=-c64 -w4
946108807         MLT zip-test                                  64   4     0      0.052         64    1230.77    124638       2480		
946108807         MLT zip-test                                  64   4     0      0.052         64    1230.77    124638       2480		
946108807         MLT zip-test                                  64   4     0      0.055         64    1163.64    124638       2480		
#Median for final result zip-test/
946108807         MLT zip-test                                  64   4     0      0.052         64    1230.77    124638       2480 median best
