-  Info: Starting Run...
-- Workload:radix2-big-64k=1862946660
-- radix2-big-64k:time(ns)=7
-- radix2-big-64k:contexts=64
-- radix2-big-64k:workers=4
-- radix2-big-64k:iterations=1
-- radix2-big-64k:time(secs)=   0.007
-- radix2-big-64k:secs/workload=   0.007
-- radix2-big-64k:workloads/sec= 142.857
Info: This run was executed with verification turned on! For performance results, use -v0.
-- radix2-big:UID=10000
-- radix2-big:fails=0
-- radix2-big:time(ticks)=2
-- radix2-big:count=1
-- radix2-big:repeats=0
-- radix2-big:v1=52
-- radix2-big:v2=0
-- radix2-big:v3=0
-- radix2-big:v4=0
-- radix2-big:f1=1.280328e+02
-- radix2-big:f2=-2.674624e+07
-- radix2-big:f3=2.676481e+07
-- radix2-big:f4=0.000000e+00
-- radix2-big:secs/repeat=     inf
-- radix2-big:repeats/sec=       0
-- radix2-big:time(secs)=   0.002
-- radix2-big:secs/item=   0.002
-- radix2-big:items/sec=     500
-- Items:total(ticks)=2
-- Items:total(secs)=   0.002
-- Done:radix2-big-64k=1862946660
