#UID            Suite Name                                     Ctx Wrk Fails       t(s)       Iter     Iter/s  Codesize   Datasize
#Results for verification run started at 23183:13:36:05 XCMD=-c64 -w16
236760500         MLT cjpeg-rose7-preset                         1   1     0      0.006          1     166.67    104675     267584		
#Results for performance runs started at 23183:13:36:05 XCMD=-c64 -w16
236760500         MLT cjpeg-rose7-preset                         1   1     0      0.055         10     181.82    104675     267584		
236760500         MLT cjpeg-rose7-preset                         1   1     0      0.055         10     181.82    104675     267584		
236760500         MLT cjpeg-rose7-preset                         1   1     0      0.056         10     178.57    104675     267584		
#Median for final result cjpeg-rose7-preset/
236760500         MLT cjpeg-rose7-preset                         1   1     0      0.055         10     181.82    104675     267584 median single
#UID            Suite Name                                     Ctx Wrk Fails       t(s)       Iter     Iter/s  Codesize   Datasize
#Results for verification run started at 23183:13:36:06 XCMD=-c64 -w16
1050863061        MLT sha-test                                   1   1     0      0.004          1     250.00     75625       2328		
#Results for performance runs started at 23183:13:36:06 XCMD=-c64 -w16
1050863061        MLT sha-test                                   1   1     0      0.041         10     243.90     75625       2328		
1050863061        MLT sha-test                                   1   1     0      0.041         10     243.90     75625       2328		
1050863061        MLT sha-test                                   1   1     0      0.041         10     243.90     75625       2328		
#Median for final result sha-test/
1050863061        MLT sha-test                                   1   1     0      0.041         10     243.90     75625       2328 median single
#UID            Suite Name                                     Ctx Wrk Fails       t(s)       Iter     Iter/s  Codesize   Datasize
#Results for verification run started at 23183:13:36:07 XCMD=-c64 -w16
490760323         MLT core                                       1   1     0      0.426          1       2.35     65067       4464		
#Results for performance runs started at 23183:13:36:08 XCMD=-c64 -w16
490760323         MLT core                                       1   1     0      0.425          1       2.35     65067       4464		
490760323         MLT core                                       1   1     0      0.427          1       2.34     65067       4464		
490760323         MLT core                                       1   1     0      0.424          1       2.36     65067       4464		
#Median for final result core/
490760323         MLT core                                       1   1     0      0.425          1       2.35     65067       4464 median single
#UID            Suite Name                                     Ctx Wrk Fails       t(s)       Iter     Iter/s  Codesize   Datasize
#Results for verification run started at 23183:13:36:10 XCMD=-c64 -w16
549578576         MLT nnet_test                                  1   1     0      0.095          1      10.53     68359      43744		
#Results for performance runs started at 23183:13:36:10 XCMD=-c64 -w16
549578576         MLT nnet_test                                  1   1     0      0.895         10      11.17     68359      43744		
549578576         MLT nnet_test                                  1   1     0      0.895         10      11.17     68359      43744		
549578576         MLT nnet_test                                  1   1     0      0.896         10      11.16     68359      43744		
#Median for final result nnet_test/
549578576         MLT nnet_test                                  1   1     0      0.895         10      11.17     68359      43744 median single
#UID            Suite Name                                     Ctx Wrk Fails       t(s)       Iter     Iter/s  Codesize   Datasize
#Results for verification run started at 23183:13:36:13 XCMD=-c64 -w16
1046644201        MLT linear_alg-mid-100x100-sp                  1   1     0      0.004          1     250.00     70073       4472		
#Results for performance runs started at 23183:13:36:13 XCMD=-c64 -w16
1046644201        MLT linear_alg-mid-100x100-sp                  1   1     0      0.169         50     295.86     70073       4472		
1046644201        MLT linear_alg-mid-100x100-sp                  1   1     0      0.169         50     295.86     70073       4472		
1046644201        MLT linear_alg-mid-100x100-sp                  1   1     0      0.168         50     297.62     70073       4472		
#Median for final result linear_alg-mid-100x100-sp/
1046644201        MLT linear_alg-mid-100x100-sp                  1   1     0      0.169         50     295.86     70073       4472 median single
#UID            Suite Name                                     Ctx Wrk Fails       t(s)       Iter     Iter/s  Codesize   Datasize
#Results for verification run started at 23183:13:36:15 XCMD=-c64 -w16
780641437         MLT parser-125k                                1   1     0      0.021          1      47.62     84059       2304		
#Results for performance runs started at 23183:13:36:15 XCMD=-c64 -w16
780641437         MLT parser-125k                                1   1     0      0.019          1      52.63     84059       2304		
780641437         MLT parser-125k                                1   1     0      0.021          1      47.62     84059       2304		
780641437         MLT parser-125k                                1   1     0      0.022          1      45.45     84059       2304		
#Median for final result parser-125k/
780641437         MLT parser-125k                                1   1     0      0.021          1      47.62     84059       2304 median single
#UID            Suite Name                                     Ctx Wrk Fails       t(s)       Iter     Iter/s  Codesize   Datasize
#Results for verification run started at 23183:13:36:15 XCMD=-c64 -w16
1814569103        MLT loops-all-mid-10k-sp                       1   1     0      0.122          1       8.20     85291       8296		
#Results for performance runs started at 23183:13:36:16 XCMD=-c64 -w16
1814569103        MLT loops-all-mid-10k-sp                       1   1     0      5.805         50       8.61     85291       8296		
1814569103        MLT loops-all-mid-10k-sp                       1   1     0      5.805         50       8.61     85291       8296		
1814569103        MLT loops-all-mid-10k-sp                       1   1     0      5.784         50       8.64     85291       8296		
#Median for final result loops-all-mid-10k-sp/
1814569103        MLT loops-all-mid-10k-sp                       1   1     0      5.805         50       8.61     85291       8296 median single
#UID            Suite Name                                     Ctx Wrk Fails       t(s)       Iter     Iter/s  Codesize   Datasize
#Results for verification run started at 23183:13:36:34 XCMD=-c64 -w16
1862946660        MLT radix2-big-64k                             1   1     0      0.007          1     142.86   1443999       2528		
#Results for performance runs started at 23183:13:36:34 XCMD=-c64 -w16
1862946660        MLT radix2-big-64k                             1   1     0      2.082       1000     480.31   1443999       2528		
1862946660        MLT radix2-big-64k                             1   1     0      2.086       1000     479.39   1443999       2528		
1862946660        MLT radix2-big-64k                             1   1     0      2.099       1000     476.42   1443999       2528		
#Median for final result radix2-big-64k/
1862946660        MLT radix2-big-64k                             1   1     0      2.086       1000     479.39   1443999       2528 median single
#UID            Suite Name                                     Ctx Wrk Fails       t(s)       Iter     Iter/s  Codesize   Datasize
#Results for verification run started at 23183:13:36:41 XCMD=-c64 -w16
946108807         MLT zip-test                                   1   1     0      0.007          1     142.86    129057       2552		
#Results for performance runs started at 23183:13:36:41 XCMD=-c64 -w16
946108807         MLT zip-test                                   1   1     0      0.007          1     142.86    129057       2552		
946108807         MLT zip-test                                   1   1     0      0.007          1     142.86    129057       2552		
946108807         MLT zip-test                                   1   1     0      0.007          1     142.86    129057       2552		
#Median for final result zip-test/
946108807         MLT zip-test                                   1   1     0      0.007          1     142.86    129057       2552 median single
#UID            Suite Name                                     Ctx Wrk Fails       t(s)       Iter     Iter/s  Codesize   Datasize
#Results for verification run started at 23183:13:36:42 XCMD=-c64 -w16
236760500         MLT cjpeg-rose7-preset                        64  16     0      0.003          1     333.33    104675     267584		
#Results for performance runs started at 23183:13:36:43 XCMD=-c64 -w16
236760500         MLT cjpeg-rose7-preset                        64  16     0      0.008         10    1250.00    104675     267584		
236760500         MLT cjpeg-rose7-preset                        64  16     0      0.006         10    1666.67    104675     267584		
236760500         MLT cjpeg-rose7-preset                        64  16     0      0.006         10    1666.67    104675     267584		
#Median for final result cjpeg-rose7-preset/
236760500         MLT cjpeg-rose7-preset                        64  16     0      0.006         10    1666.67    104675     267584 median best
#UID            Suite Name                                     Ctx Wrk Fails       t(s)       Iter     Iter/s  Codesize   Datasize
#Results for verification run started at 23183:13:36:43 XCMD=-c64 -w16
1050863061        MLT sha-test                                  64  16     0      0.004          1     250.00     75625       2328		
#Results for performance runs started at 23183:13:36:43 XCMD=-c64 -w16
1050863061        MLT sha-test                                  64  16     0      0.010         64    6400.00     75625       2328		
1050863061        MLT sha-test                                  64  16     0      0.010         64    6400.00     75625       2328		
1050863061        MLT sha-test                                  64  16     0      0.010         64    6400.00     75625       2328		
#Median for final result sha-test/
1050863061        MLT sha-test                                  64  16     0      0.010         64    6400.00     75625       2328 median best
#UID            Suite Name                                     Ctx Wrk Fails       t(s)       Iter     Iter/s  Codesize   Datasize
#Results for verification run started at 23183:13:36:44 XCMD=-c64 -w16
490760323         MLT core                                      64  16     0      0.428          1       2.34     65067       4464		
#Results for performance runs started at 23183:13:36:45 XCMD=-c64 -w16
490760323         MLT core                                      64  16     0      0.544         64     117.65     65067       4464		
490760323         MLT core                                      64  16     0      0.550         64     116.36     65067       4464		
490760323         MLT core                                      64  16     0      0.547         64     117.00     65067       4464		
#Median for final result core/
490760323         MLT core                                      64  16     0      0.547         64     117.00     65067       4464 median best
#UID            Suite Name                                     Ctx Wrk Fails       t(s)       Iter     Iter/s  Codesize   Datasize
#Results for verification run started at 23183:13:36:47 XCMD=-c64 -w16
549578576         MLT nnet_test                                 64  16     0      0.095          1      10.53     68359      43744		
#Results for performance runs started at 23183:13:36:47 XCMD=-c64 -w16
549578576         MLT nnet_test                                 64  16     0      0.113         64     566.37     68359      43744		
549578576         MLT nnet_test                                 64  16     0      0.118         64     542.37     68359      43744		
549578576         MLT nnet_test                                 64  16     0      0.115         64     556.52     68359      43744		
#Median for final result nnet_test/
549578576         MLT nnet_test                                 64  16     0      0.115         64     556.52     68359      43744 median best
#UID            Suite Name                                     Ctx Wrk Fails       t(s)       Iter     Iter/s  Codesize   Datasize
#Results for verification run started at 23183:13:36:48 XCMD=-c64 -w16
1046644201        MLT linear_alg-mid-100x100-sp                 64  16     0      0.004          1     250.00     70073       4472		
#Results for performance runs started at 23183:13:36:48 XCMD=-c64 -w16
1046644201        MLT linear_alg-mid-100x100-sp                 64  16     0      0.012         64    5333.33     70073       4472		
1046644201        MLT linear_alg-mid-100x100-sp                 64  16     0      0.012         64    5333.33     70073       4472		
1046644201        MLT linear_alg-mid-100x100-sp                 64  16     0      0.012         64    5333.33     70073       4472		
#Median for final result linear_alg-mid-100x100-sp/
1046644201        MLT linear_alg-mid-100x100-sp                 64  16     0      0.012         64    5333.33     70073       4472 median best
#UID            Suite Name                                     Ctx Wrk Fails       t(s)       Iter     Iter/s  Codesize   Datasize
#Results for verification run started at 23183:13:36:49 XCMD=-c64 -w16
780641437         MLT parser-125k                               64  16     0      0.022          1      45.45     84059       2304		
#Results for performance runs started at 23183:13:36:49 XCMD=-c64 -w16
780641437         MLT parser-125k                               64  16     0      0.111         64     576.58     84059       2304		
780641437         MLT parser-125k                               64  16     0      0.108         64     592.59     84059       2304		
780641437         MLT parser-125k                               64  16     0      0.107         64     598.13     84059       2304		
#Median for final result parser-125k/
780641437         MLT parser-125k                               64  16     0      0.108         64     592.59     84059       2304 median best
#UID            Suite Name                                     Ctx Wrk Fails       t(s)       Iter     Iter/s  Codesize   Datasize
#Results for verification run started at 23183:13:36:50 XCMD=-c64 -w16
1814569103        MLT loops-all-mid-10k-sp                      64  16     0      0.124          1       8.06     85291       8296		
#Results for performance runs started at 23183:13:36:51 XCMD=-c64 -w16
1814569103        MLT loops-all-mid-10k-sp                      64  16     0      0.201         64     318.41     85291       8296		
1814569103        MLT loops-all-mid-10k-sp                      64  16     0      0.262         64     244.27     85291       8296		
1814569103        MLT loops-all-mid-10k-sp                      64  16     0      0.256         64     250.00     85291       8296		
#Median for final result loops-all-mid-10k-sp/
1814569103        MLT loops-all-mid-10k-sp                      64  16     0      0.256         64     250.00     85291       8296 median best
#UID            Suite Name                                     Ctx Wrk Fails       t(s)       Iter     Iter/s  Codesize   Datasize
#Results for verification run started at 23183:13:36:52 XCMD=-c64 -w16
1862946660        MLT radix2-big-64k                            64  16     0      0.007          1     142.86   1443999       2528		
#Results for performance runs started at 23183:13:36:52 XCMD=-c64 -w16
1862946660        MLT radix2-big-64k                            64  16     0      0.077       1000   12987.01   1443999       2528		
1862946660        MLT radix2-big-64k                            64  16     0      0.075       1000   13333.33   1443999       2528		
1862946660        MLT radix2-big-64k                            64  16     0      0.078       1000   12820.51   1443999       2528		
#Median for final result radix2-big-64k/
1862946660        MLT radix2-big-64k                            64  16     0      0.077       1000   12987.01   1443999       2528 median best
#UID            Suite Name                                     Ctx Wrk Fails       t(s)       Iter     Iter/s  Codesize   Datasize
#Results for verification run started at 23183:13:36:53 XCMD=-c64 -w16
946108807         MLT zip-test                                  64  16     0      0.008          1     125.00    129057       2552		
#Results for performance runs started at 23183:13:36:54 XCMD=-c64 -w16
946108807         MLT zip-test                                  64  16     0      0.041         64    1560.98    129057       2552		
946108807         MLT zip-test                                  64  16     0      0.044         64    1454.55    129057       2552		
946108807         MLT zip-test                                  64  16     0      0.039         64    1641.03    129057       2552		
#Median for final result zip-test/
946108807         MLT zip-test                                  64  16     0      0.041         64    1560.98    129057       2552 median best
