#UID            Suite Name                                     Ctx Wrk Fails       t(s)       Iter     Iter/s  Codesize   Datasize
#Results for verification run started at 23183:14:08:28 XCMD=-c4 -w4
236760500         MLT cjpeg-rose7-preset                         4   4     0      0.003          1     333.33    104046     267504		
#Results for performance runs started at 23183:14:08:28 XCMD=-c4 -w4
236760500         MLT cjpeg-rose7-preset                         4   4     0      0.028         10     357.14    104046     267504		
236760500         MLT cjpeg-rose7-preset                         4   4     0      0.028         10     357.14    104046     267504		
236760500         MLT cjpeg-rose7-preset                         4   4     0      0.028         10     357.14    104046     267504		
#Median for final result cjpeg-rose7-preset/
236760500         MLT cjpeg-rose7-preset                         4   4     0      0.028         10     357.14    104046     267504 median best
#UID            Suite Name                                     Ctx Wrk Fails       t(s)       Iter     Iter/s  Codesize   Datasize
#Results for verification run started at 23183:14:08:30 XCMD=-c4 -w4
1050863061        MLT sha-test                                   4   4     0      0.007          1     142.86     71806       2248		
#Results for performance runs started at 23183:14:08:30 XCMD=-c4 -w4
1050863061        MLT sha-test                                   4   4     0      0.021         10     476.19     71806       2248		
1050863061        MLT sha-test                                   4   4     0      0.021         10     476.19     71806       2248		
1050863061        MLT sha-test                                   4   4     0      0.021         10     476.19     71806       2248		
#Median for final result sha-test/
1050863061        MLT sha-test                                   4   4     0      0.021         10     476.19     71806       2248 median best
#UID            Suite Name                                     Ctx Wrk Fails       t(s)       Iter     Iter/s  Codesize   Datasize
#Results for verification run started at 23183:14:08:31 XCMD=-c4 -w4
490760323         MLT core                                       4   4     0      1.027          1       0.97     64576       4368		
#Results for performance runs started at 23183:14:08:32 XCMD=-c4 -w4
490760323         MLT core                                       4   4     0      1.039          4       3.85     64576       4368		
490760323         MLT core                                       4   4     0      1.038          4       3.85     64576       4368		
490760323         MLT core                                       4   4     0      1.026          4       3.90     64576       4368		
#Median for final result core/
490760323         MLT core                                       4   4     0      1.038          4       3.85     64576       4368 median best
#UID            Suite Name                                     Ctx Wrk Fails       t(s)       Iter     Iter/s  Codesize   Datasize
#Results for verification run started at 23183:14:08:36 XCMD=-c4 -w4
549578576         MLT nnet_test                                  4   4     0      0.293          1       3.41     67196      43656		
#Results for performance runs started at 23183:14:08:37 XCMD=-c4 -w4
549578576         MLT nnet_test                                  4   4     0      0.877         10      11.40     67196      43656		
549578576         MLT nnet_test                                  4   4     0      0.877         10      11.40     67196      43656		
549578576         MLT nnet_test                                  4   4     0      0.877         10      11.40     67196      43656		
#Median for final result nnet_test/
549578576         MLT nnet_test                                  4   4     0      0.877         10      11.40     67196      43656 median best
#UID            Suite Name                                     Ctx Wrk Fails       t(s)       Iter     Iter/s  Codesize   Datasize
#Results for verification run started at 23183:14:08:40 XCMD=-c4 -w4
1046644201        MLT linear_alg-mid-100x100-sp                  4   4     0      0.018          1      55.56     67454       4384		
#Results for performance runs started at 23183:14:08:41 XCMD=-c4 -w4
1046644201        MLT linear_alg-mid-100x100-sp                  4   4     0      0.235         50     212.77     67454       4384		
1046644201        MLT linear_alg-mid-100x100-sp                  4   4     0      0.235         50     212.77     67454       4384		
1046644201        MLT linear_alg-mid-100x100-sp                  4   4     0      0.235         50     212.77     67454       4384		
#Median for final result linear_alg-mid-100x100-sp/
1046644201        MLT linear_alg-mid-100x100-sp                  4   4     0      0.235         50     212.77     67454       4384 median best
#UID            Suite Name                                     Ctx Wrk Fails       t(s)       Iter     Iter/s  Codesize   Datasize
#Results for verification run started at 23183:14:08:42 XCMD=-c4 -w4
780641437         MLT parser-125k                                4   4     0      0.091          1      10.99     82718       2240		
#Results for performance runs started at 23183:14:08:43 XCMD=-c4 -w4
780641437         MLT parser-125k                                4   4     0      0.092          4      43.48     82718       2240		
780641437         MLT parser-125k                                4   4     0      0.092          4      43.48     82718       2240		
780641437         MLT parser-125k                                4   4     0      0.094          4      42.55     82718       2240		
#Median for final result parser-125k/
780641437         MLT parser-125k                                4   4     0      0.092          4      43.48     82718       2240 median best
#UID            Suite Name                                     Ctx Wrk Fails       t(s)       Iter     Iter/s  Codesize   Datasize
#Results for verification run started at 23183:14:08:44 XCMD=-c4 -w4
1814569103        MLT loops-all-mid-10k-sp                       4   4     0      0.359          1       2.79     81992       8160		
#Results for performance runs started at 23183:14:08:45 XCMD=-c4 -w4
1814569103        MLT loops-all-mid-10k-sp                       4   4     0      4.659         50      10.73     81992       8160		
1814569103        MLT loops-all-mid-10k-sp                       4   4     0      4.659         50      10.73     81992       8160		
1814569103        MLT loops-all-mid-10k-sp                       4   4     0      4.661         50      10.73     81992       8160		
#Median for final result loops-all-mid-10k-sp/
1814569103        MLT loops-all-mid-10k-sp                       4   4     0      4.659         50      10.73     81992       8160 median best
#UID            Suite Name                                     Ctx Wrk Fails       t(s)       Iter     Iter/s  Codesize   Datasize
#Results for verification run started at 23183:14:09:00 XCMD=-c4 -w4
1862946660        MLT radix2-big-64k                             4   4     0      0.018          1      55.56   1442580       2472		
#Results for performance runs started at 23183:14:09:00 XCMD=-c4 -w4
1862946660        MLT radix2-big-64k                             4   4     0      0.929       1000    1076.43   1442580       2472		
1862946660        MLT radix2-big-64k                             4   4     0      0.932       1000    1072.96   1442580       2472		
1862946660        MLT radix2-big-64k                             4   4     0      0.931       1000    1074.11   1442580       2472		
#Median for final result radix2-big-64k/
1862946660        MLT radix2-big-64k                             4   4     0      0.931       1000    1074.11   1442580       2472 median best
#UID            Suite Name                                     Ctx Wrk Fails       t(s)       Iter     Iter/s  Codesize   Datasize
#Results for verification run started at 23183:14:09:04 XCMD=-c4 -w4
946108807         MLT zip-test                                   4   4     0      0.014          1      71.43    124638       2480		
#Results for performance runs started at 23183:14:09:05 XCMD=-c4 -w4
946108807         MLT zip-test                                   4   4     0      0.015          4     266.67    124638       2480		
946108807         MLT zip-test                                   4   4     0      0.014          4     285.71    124638       2480		
946108807         MLT zip-test                                   4   4     0      0.015          4     266.67    124638       2480		
#Median for final result zip-test/
946108807         MLT zip-test                                   4   4     0      0.015          4     266.67    124638       2480 median best
