#UID            Suite Name                                     Ctx Wrk Fails       t(s)       Iter     Iter/s  Codesize   Datasize
#Results for verification run started at 23183:16:39:50 XCMD=-c64 -w64
236760500         MLT cjpeg-rose7-preset                        64  64     0      0.005          1     200.00    104046     267504		
#Results for performance runs started at 23183:16:39:50 XCMD=-c64 -w64
236760500         MLT cjpeg-rose7-preset                        64  64     0      0.007         10    1428.57    104046     267504		
236760500         MLT cjpeg-rose7-preset                        64  64     0      0.007         10    1428.57    104046     267504		
236760500         MLT cjpeg-rose7-preset                        64  64     0      0.006         10    1666.67    104046     267504		
#Median for final result cjpeg-rose7-preset/
236760500         MLT cjpeg-rose7-preset                        64  64     0      0.007         10    1428.57    104046     267504 median best
#UID            Suite Name                                     Ctx Wrk Fails       t(s)       Iter     Iter/s  Codesize   Datasize
#Results for verification run started at 23183:16:39:51 XCMD=-c64 -w64
1050863061        MLT sha-test                                  64  64     0      0.010          1     100.00     71806       2248		
#Results for performance runs started at 23183:16:39:52 XCMD=-c64 -w64
1050863061        MLT sha-test                                  64  64     0      0.020         64    3200.00     71806       2248		
1050863061        MLT sha-test                                  64  64     0      0.022         64    2909.09     71806       2248		
1050863061        MLT sha-test                                  64  64     0      0.020         64    3200.00     71806       2248		
#Median for final result sha-test/
1050863061        MLT sha-test                                  64  64     0      0.020         64    3200.00     71806       2248 median best
#UID            Suite Name                                     Ctx Wrk Fails       t(s)       Iter     Iter/s  Codesize   Datasize
#Results for verification run started at 23183:16:39:53 XCMD=-c64 -w64
490760323         MLT core                                      64  64     0      1.864          1       0.54     64576       4368		
#Results for performance runs started at 23183:16:39:56 XCMD=-c64 -w64
490760323         MLT core                                      64  64     0      3.096         64      20.67     64576       4368		
490760323         MLT core                                      64  64     0      3.236         64      19.78     64576       4368		
490760323         MLT core                                      64  64     0      3.112         64      20.57     64576       4368		
#Median for final result core/
490760323         MLT core                                      64  64     0      3.112         64      20.57     64576       4368 median best
#UID            Suite Name                                     Ctx Wrk Fails       t(s)       Iter     Iter/s  Codesize   Datasize
#Results for verification run started at 23183:16:40:06 XCMD=-c64 -w64
549578576         MLT nnet_test                                 64  64     0      0.472          1       2.12     67196      43656		
#Results for performance runs started at 23183:16:40:07 XCMD=-c64 -w64
549578576         MLT nnet_test                                 64  64     0      0.850         64      75.29     67196      43656		
549578576         MLT nnet_test                                 64  64     0      0.839         64      76.28     67196      43656		
549578576         MLT nnet_test                                 64  64     0      0.843         64      75.92     67196      43656		
#Median for final result nnet_test/
549578576         MLT nnet_test                                 64  64     0      0.843         64      75.92     67196      43656 median best
#UID            Suite Name                                     Ctx Wrk Fails       t(s)       Iter     Iter/s  Codesize   Datasize
#Results for verification run started at 23183:16:40:11 XCMD=-c64 -w64
1046644201        MLT linear_alg-mid-100x100-sp                 64  64     0      0.016          1      62.50     67454       4384		
#Results for performance runs started at 23183:16:40:12 XCMD=-c64 -w64
1046644201        MLT linear_alg-mid-100x100-sp                 64  64     0      0.032         64    2000.00     67454       4384		
1046644201        MLT linear_alg-mid-100x100-sp                 64  64     0      0.032         64    2000.00     67454       4384		
1046644201        MLT linear_alg-mid-100x100-sp                 64  64     0      0.032         64    2000.00     67454       4384		
#Median for final result linear_alg-mid-100x100-sp/
1046644201        MLT linear_alg-mid-100x100-sp                 64  64     0      0.032         64    2000.00     67454       4384 median best
#UID            Suite Name                                     Ctx Wrk Fails       t(s)       Iter     Iter/s  Codesize   Datasize
#Results for verification run started at 23183:16:40:13 XCMD=-c64 -w64
780641437         MLT parser-125k                               64  64     0      0.157          1       6.37     82718       2240		
#Results for performance runs started at 23183:16:40:14 XCMD=-c64 -w64
780641437         MLT parser-125k                               64  64     0      0.331         64     193.35     82718       2240		
780641437         MLT parser-125k                               64  64     0      0.361         64     177.29     82718       2240		
780641437         MLT parser-125k                               64  64     0      0.356         64     179.78     82718       2240		
#Median for final result parser-125k/
780641437         MLT parser-125k                               64  64     0      0.356         64     179.78     82718       2240 median best
#UID            Suite Name                                     Ctx Wrk Fails       t(s)       Iter     Iter/s  Codesize   Datasize
#Results for verification run started at 23183:16:40:16 XCMD=-c64 -w64
1814569103        MLT loops-all-mid-10k-sp                      64  64     0      0.551          1       1.81     81992       8160		
#Results for performance runs started at 23183:16:40:17 XCMD=-c64 -w64
1814569103        MLT loops-all-mid-10k-sp                      64  64     0      1.084         64      59.04     81992       8160		
1814569103        MLT loops-all-mid-10k-sp                      64  64     0      1.088         64      58.82     81992       8160		
1814569103        MLT loops-all-mid-10k-sp                      64  64     0      1.055         64      60.66     81992       8160		
#Median for final result loops-all-mid-10k-sp/
1814569103        MLT loops-all-mid-10k-sp                      64  64     0      1.084         64      59.04     81992       8160 median best
#UID            Suite Name                                     Ctx Wrk Fails       t(s)       Iter     Iter/s  Codesize   Datasize
#Results for verification run started at 23183:16:40:22 XCMD=-c64 -w64
1862946660        MLT radix2-big-64k                            64  64     0      0.035          1      28.57   1442580       2472		
#Results for performance runs started at 23183:16:40:22 XCMD=-c64 -w64
1862946660        MLT radix2-big-64k                            64  64     0      0.264       1000    3787.88   1442580       2472		
1862946660        MLT radix2-big-64k                            64  64     0      0.264       1000    3787.88   1442580       2472		
1862946660        MLT radix2-big-64k                            64  64     0      0.265       1000    3773.58   1442580       2472		
#Median for final result radix2-big-64k/
1862946660        MLT radix2-big-64k                            64  64     0      0.264       1000    3787.88   1442580       2472 median best
#UID            Suite Name                                     Ctx Wrk Fails       t(s)       Iter     Iter/s  Codesize   Datasize
#Results for verification run started at 23183:16:40:24 XCMD=-c64 -w64
946108807         MLT zip-test                                  64  64     0      0.022          1      45.45    124638       2480		
#Results for performance runs started at 23183:16:40:26 XCMD=-c64 -w64
946108807         MLT zip-test                                  64  64     0      0.052         64    1230.77    124638       2480		
946108807         MLT zip-test                                  64  64     0      0.077         64     831.17    124638       2480		
946108807         MLT zip-test                                  64  64     0      0.052         64    1230.77    124638       2480		
#Median for final result zip-test/
946108807         MLT zip-test                                  64  64     0      0.052         64    1230.77    124638       2480 median best
