#UID            Suite Name                                     Ctx Wrk Fails       t(s)       Iter     Iter/s  Codesize   Datasize
#Results for verification run started at 23183:13:36:55 XCMD=-c64 -w64
236760500         MLT cjpeg-rose7-preset                         1   1     0      0.006          1     166.67    104675     267584		
#Results for performance runs started at 23183:13:36:56 XCMD=-c64 -w64
236760500         MLT cjpeg-rose7-preset                         1   1     0      0.055         10     181.82    104675     267584		
236760500         MLT cjpeg-rose7-preset                         1   1     0      0.056         10     178.57    104675     267584		
236760500         MLT cjpeg-rose7-preset                         1   1     0      0.055         10     181.82    104675     267584		
#Median for final result cjpeg-rose7-preset/
236760500         MLT cjpeg-rose7-preset                         1   1     0      0.055         10     181.82    104675     267584 median single
#UID            Suite Name                                     Ctx Wrk Fails       t(s)       Iter     Iter/s  Codesize   Datasize
#Results for verification run started at 23183:13:36:56 XCMD=-c64 -w64
1050863061        MLT sha-test                                   1   1     0      0.004          1     250.00     75625       2328		
#Results for performance runs started at 23183:13:36:57 XCMD=-c64 -w64
1050863061        MLT sha-test                                   1   1     0      0.041         10     243.90     75625       2328		
1050863061        MLT sha-test                                   1   1     0      0.041         10     243.90     75625       2328		
1050863061        MLT sha-test                                   1   1     0      0.041         10     243.90     75625       2328		
#Median for final result sha-test/
1050863061        MLT sha-test                                   1   1     0      0.041         10     243.90     75625       2328 median single
#UID            Suite Name                                     Ctx Wrk Fails       t(s)       Iter     Iter/s  Codesize   Datasize
#Results for verification run started at 23183:13:36:57 XCMD=-c64 -w64
490760323         MLT core                                       1   1     0      0.427          1       2.34     65067       4464		
#Results for performance runs started at 23183:13:36:58 XCMD=-c64 -w64
490760323         MLT core                                       1   1     0      0.427          1       2.34     65067       4464		
490760323         MLT core                                       1   1     0      0.424          1       2.36     65067       4464		
490760323         MLT core                                       1   1     0      0.427          1       2.34     65067       4464		
#Median for final result core/
490760323         MLT core                                       1   1     0      0.427          1       2.34     65067       4464 median single
#UID            Suite Name                                     Ctx Wrk Fails       t(s)       Iter     Iter/s  Codesize   Datasize
#Results for verification run started at 23183:13:37:00 XCMD=-c64 -w64
549578576         MLT nnet_test                                  1   1     0      0.095          1      10.53     68359      43744		
#Results for performance runs started at 23183:13:37:00 XCMD=-c64 -w64
549578576         MLT nnet_test                                  1   1     0      0.897         10      11.15     68359      43744		
549578576         MLT nnet_test                                  1   1     0      0.895         10      11.17     68359      43744		
549578576         MLT nnet_test                                  1   1     0      0.898         10      11.14     68359      43744		
#Median for final result nnet_test/
549578576         MLT nnet_test                                  1   1     0      0.897         10      11.15     68359      43744 median single
#UID            Suite Name                                     Ctx Wrk Fails       t(s)       Iter     Iter/s  Codesize   Datasize
#Results for verification run started at 23183:13:37:04 XCMD=-c64 -w64
1046644201        MLT linear_alg-mid-100x100-sp                  1   1     0      0.004          1     250.00     70073       4472		
#Results for performance runs started at 23183:13:37:04 XCMD=-c64 -w64
1046644201        MLT linear_alg-mid-100x100-sp                  1   1     0      0.168         50     297.62     70073       4472		
1046644201        MLT linear_alg-mid-100x100-sp                  1   1     0      0.168         50     297.62     70073       4472		
1046644201        MLT linear_alg-mid-100x100-sp                  1   1     0      0.169         50     295.86     70073       4472		
#Median for final result linear_alg-mid-100x100-sp/
1046644201        MLT linear_alg-mid-100x100-sp                  1   1     0      0.168         50     297.62     70073       4472 median single
#UID            Suite Name                                     Ctx Wrk Fails       t(s)       Iter     Iter/s  Codesize   Datasize
#Results for verification run started at 23183:13:37:05 XCMD=-c64 -w64
780641437         MLT parser-125k                                1   1     0      0.022          1      45.45     84059       2304		
#Results for performance runs started at 23183:13:37:05 XCMD=-c64 -w64
780641437         MLT parser-125k                                1   1     0      0.019          1      52.63     84059       2304		
780641437         MLT parser-125k                                1   1     0      0.021          1      47.62     84059       2304		
780641437         MLT parser-125k                                1   1     0      0.021          1      47.62     84059       2304		
#Median for final result parser-125k/
780641437         MLT parser-125k                                1   1     0      0.021          1      47.62     84059       2304 median single
#UID            Suite Name                                     Ctx Wrk Fails       t(s)       Iter     Iter/s  Codesize   Datasize
#Results for verification run started at 23183:13:37:06 XCMD=-c64 -w64
1814569103        MLT loops-all-mid-10k-sp                       1   1     0      0.122          1       8.20     85291       8296		
#Results for performance runs started at 23183:13:37:06 XCMD=-c64 -w64
1814569103        MLT loops-all-mid-10k-sp                       1   1     0      5.809         50       8.61     85291       8296		
1814569103        MLT loops-all-mid-10k-sp                       1   1     0      5.796         50       8.63     85291       8296		
1814569103        MLT loops-all-mid-10k-sp                       1   1     0      5.783         50       8.65     85291       8296		
#Median for final result loops-all-mid-10k-sp/
1814569103        MLT loops-all-mid-10k-sp                       1   1     0      5.796         50       8.63     85291       8296 median single
#UID            Suite Name                                     Ctx Wrk Fails       t(s)       Iter     Iter/s  Codesize   Datasize
#Results for verification run started at 23183:13:37:24 XCMD=-c64 -w64
1862946660        MLT radix2-big-64k                             1   1     0      0.007          1     142.86   1443999       2528		
#Results for performance runs started at 23183:13:37:24 XCMD=-c64 -w64
1862946660        MLT radix2-big-64k                             1   1     0      2.055       1000     486.62   1443999       2528		
1862946660        MLT radix2-big-64k                             1   1     0      2.060       1000     485.44   1443999       2528		
1862946660        MLT radix2-big-64k                             1   1     0      2.048       1000     488.28   1443999       2528		
#Median for final result radix2-big-64k/
1862946660        MLT radix2-big-64k                             1   1     0      2.055       1000     486.62   1443999       2528 median single
#UID            Suite Name                                     Ctx Wrk Fails       t(s)       Iter     Iter/s  Codesize   Datasize
#Results for verification run started at 23183:13:37:31 XCMD=-c64 -w64
946108807         MLT zip-test                                   1   1     0      0.007          1     142.86    129057       2552		
#Results for performance runs started at 23183:13:37:32 XCMD=-c64 -w64
946108807         MLT zip-test                                   1   1     0      0.007          1     142.86    129057       2552		
946108807         MLT zip-test                                   1   1     0      0.007          1     142.86    129057       2552		
946108807         MLT zip-test                                   1   1     0      0.007          1     142.86    129057       2552		
#Median for final result zip-test/
946108807         MLT zip-test                                   1   1     0      0.007          1     142.86    129057       2552 median single
#UID            Suite Name                                     Ctx Wrk Fails       t(s)       Iter     Iter/s  Codesize   Datasize
#Results for verification run started at 23183:13:37:33 XCMD=-c64 -w64
236760500         MLT cjpeg-rose7-preset                        64  64     0      0.003          1     333.33    104675     267584		
#Results for performance runs started at 23183:13:37:33 XCMD=-c64 -w64
236760500         MLT cjpeg-rose7-preset                        64  64     0      0.006         10    1666.67    104675     267584		
236760500         MLT cjpeg-rose7-preset                        64  64     0      0.006         10    1666.67    104675     267584		
236760500         MLT cjpeg-rose7-preset                        64  64     0      0.006         10    1666.67    104675     267584		
#Median for final result cjpeg-rose7-preset/
236760500         MLT cjpeg-rose7-preset                        64  64     0      0.006         10    1666.67    104675     267584 median best
#UID            Suite Name                                     Ctx Wrk Fails       t(s)       Iter     Iter/s  Codesize   Datasize
#Results for verification run started at 23183:13:37:33 XCMD=-c64 -w64
1050863061        MLT sha-test                                  64  64     0      0.004          1     250.00     75625       2328		
#Results for performance runs started at 23183:13:37:34 XCMD=-c64 -w64
1050863061        MLT sha-test                                  64  64     0      0.010         64    6400.00     75625       2328		
1050863061        MLT sha-test                                  64  64     0      0.010         64    6400.00     75625       2328		
1050863061        MLT sha-test                                  64  64     0      0.009         64    7111.11     75625       2328		
#Median for final result sha-test/
1050863061        MLT sha-test                                  64  64     0      0.010         64    6400.00     75625       2328 median best
#UID            Suite Name                                     Ctx Wrk Fails       t(s)       Iter     Iter/s  Codesize   Datasize
#Results for verification run started at 23183:13:37:34 XCMD=-c64 -w64
490760323         MLT core                                      64  64     0      0.427          1       2.34     65067       4464		
#Results for performance runs started at 23183:13:37:35 XCMD=-c64 -w64
490760323         MLT core                                      64  64     0      0.558         64     114.70     65067       4464		
490760323         MLT core                                      64  64     0      0.558         64     114.70     65067       4464		
490760323         MLT core                                      64  64     0      0.549         64     116.58     65067       4464		
#Median for final result core/
490760323         MLT core                                      64  64     0      0.558         64     114.70     65067       4464 median best
#UID            Suite Name                                     Ctx Wrk Fails       t(s)       Iter     Iter/s  Codesize   Datasize
#Results for verification run started at 23183:13:37:37 XCMD=-c64 -w64
549578576         MLT nnet_test                                 64  64     0      0.095          1      10.53     68359      43744		
#Results for performance runs started at 23183:13:37:38 XCMD=-c64 -w64
549578576         MLT nnet_test                                 64  64     0      0.113         64     566.37     68359      43744		
549578576         MLT nnet_test                                 64  64     0      0.112         64     571.43     68359      43744		
549578576         MLT nnet_test                                 64  64     0      0.112         64     571.43     68359      43744		
#Median for final result nnet_test/
549578576         MLT nnet_test                                 64  64     0      0.112         64     571.43     68359      43744 median best
#UID            Suite Name                                     Ctx Wrk Fails       t(s)       Iter     Iter/s  Codesize   Datasize
#Results for verification run started at 23183:13:37:39 XCMD=-c64 -w64
1046644201        MLT linear_alg-mid-100x100-sp                 64  64     0      0.004          1     250.00     70073       4472		
#Results for performance runs started at 23183:13:37:39 XCMD=-c64 -w64
1046644201        MLT linear_alg-mid-100x100-sp                 64  64     0      0.012         64    5333.33     70073       4472		
1046644201        MLT linear_alg-mid-100x100-sp                 64  64     0      0.012         64    5333.33     70073       4472		
1046644201        MLT linear_alg-mid-100x100-sp                 64  64     0      0.014         64    4571.43     70073       4472		
#Median for final result linear_alg-mid-100x100-sp/
1046644201        MLT linear_alg-mid-100x100-sp                 64  64     0      0.012         64    5333.33     70073       4472 median best
#UID            Suite Name                                     Ctx Wrk Fails       t(s)       Iter     Iter/s  Codesize   Datasize
#Results for verification run started at 23183:13:37:39 XCMD=-c64 -w64
780641437         MLT parser-125k                               64  64     0      0.022          1      45.45     84059       2304		
#Results for performance runs started at 23183:13:37:40 XCMD=-c64 -w64
780641437         MLT parser-125k                               64  64     0      0.106         64     603.77     84059       2304		
780641437         MLT parser-125k                               64  64     0      0.109         64     587.16     84059       2304		
780641437         MLT parser-125k                               64  64     0      0.104         64     615.38     84059       2304		
#Median for final result parser-125k/
780641437         MLT parser-125k                               64  64     0      0.106         64     603.77     84059       2304 median best
#UID            Suite Name                                     Ctx Wrk Fails       t(s)       Iter     Iter/s  Codesize   Datasize
#Results for verification run started at 23183:13:37:41 XCMD=-c64 -w64
1814569103        MLT loops-all-mid-10k-sp                      64  64     0      0.124          1       8.06     85291       8296		
#Results for performance runs started at 23183:13:37:41 XCMD=-c64 -w64
1814569103        MLT loops-all-mid-10k-sp                      64  64     0      0.245         64     261.22     85291       8296		
1814569103        MLT loops-all-mid-10k-sp                      64  64     0      0.258         64     248.06     85291       8296		
1814569103        MLT loops-all-mid-10k-sp                      64  64     0      0.193         64     331.61     85291       8296		
#Median for final result loops-all-mid-10k-sp/
1814569103        MLT loops-all-mid-10k-sp                      64  64     0      0.245         64     261.22     85291       8296 median best
#UID            Suite Name                                     Ctx Wrk Fails       t(s)       Iter     Iter/s  Codesize   Datasize
#Results for verification run started at 23183:13:37:42 XCMD=-c64 -w64
1862946660        MLT radix2-big-64k                            64  64     0      0.008          1     125.00   1443999       2528		
#Results for performance runs started at 23183:13:37:43 XCMD=-c64 -w64
1862946660        MLT radix2-big-64k                            64  64     0      0.074       1000   13513.51   1443999       2528		
1862946660        MLT radix2-big-64k                            64  64     0      0.076       1000   13157.89   1443999       2528		
1862946660        MLT radix2-big-64k                            64  64     0      0.076       1000   13157.89   1443999       2528		
#Median for final result radix2-big-64k/
1862946660        MLT radix2-big-64k                            64  64     0      0.076       1000   13157.89   1443999       2528 median best
#UID            Suite Name                                     Ctx Wrk Fails       t(s)       Iter     Iter/s  Codesize   Datasize
#Results for verification run started at 23183:13:37:44 XCMD=-c64 -w64
946108807         MLT zip-test                                  64  64     0      0.008          1     125.00    129057       2552		
#Results for performance runs started at 23183:13:37:44 XCMD=-c64 -w64
946108807         MLT zip-test                                  64  64     0      0.042         64    1523.81    129057       2552		
946108807         MLT zip-test                                  64  64     0      0.043         64    1488.37    129057       2552		
946108807         MLT zip-test                                  64  64     0      0.040         64    1600.00    129057       2552		
#Median for final result zip-test/
946108807         MLT zip-test                                  64  64     0      0.042         64    1523.81    129057       2552 median best
