#UID            Suite Name                                     Ctx Wrk Fails       t(s)       Iter     Iter/s  Codesize   Datasize
#Results for verification run started at 23183:17:25:32 XCMD=-c1 -w1
236760500         MLT cjpeg-rose7-preset                         1   1     0      0.018          1      55.56    129154     267680		
#Results for performance runs started at 23183:17:25:32 XCMD=-c1 -w1
236760500         MLT cjpeg-rose7-preset                         1   1     0      0.141         10      70.92    129154     267680		
236760500         MLT cjpeg-rose7-preset                         1   1     0      0.141         10      70.92    129154     267680		
236760500         MLT cjpeg-rose7-preset                         1   1     0      0.141         10      70.92    129154     267680		
#Median for final result cjpeg-rose7-preset/
236760500         MLT cjpeg-rose7-preset                         1   1     0      0.141         10      70.92    129154     267680 median best
#UID            Suite Name                                     Ctx Wrk Fails       t(s)       Iter     Iter/s  Codesize   Datasize
#Results for verification run started at 23183:17:25:34 XCMD=-c1 -w1
1050863061        MLT sha-test                                   1   1     0      0.015          1      66.67     91634       2424		
#Results for performance runs started at 23183:17:25:34 XCMD=-c1 -w1
1050863061        MLT sha-test                                   1   1     0      0.153         10      65.36     91634       2424		
1050863061        MLT sha-test                                   1   1     0      0.153         10      65.36     91634       2424		
1050863061        MLT sha-test                                   1   1     0      0.154         10      64.94     91634       2424		
#Median for final result sha-test/
1050863061        MLT sha-test                                   1   1     0      0.153         10      65.36     91634       2424 median best
#UID            Suite Name                                     Ctx Wrk Fails       t(s)       Iter     Iter/s  Codesize   Datasize
#Results for verification run started at 23183:17:25:36 XCMD=-c1 -w1
490760323         MLT core                                       1   1     0      4.156          1       0.24     81384       5192		
#Results for performance runs started at 23183:17:25:41 XCMD=-c1 -w1
490760323         MLT core                                       1   1     0      4.156          1       0.24     81384       5192		
490760323         MLT core                                       1   1     0      4.157          1       0.24     81384       5192		
490760323         MLT core                                       1   1     0      4.157          1       0.24     81384       5192		
#Median for final result core/
490760323         MLT core                                       1   1     0      4.157          1       0.24     81384       5192 median best
#UID            Suite Name                                     Ctx Wrk Fails       t(s)       Iter     Iter/s  Codesize   Datasize
#Results for verification run started at 23183:17:25:55 XCMD=-c1 -w1
549578576         MLT nnet_test                                  1   1     0      0.435          1       2.30     87564      43864		
#Results for performance runs started at 23183:17:25:56 XCMD=-c1 -w1
549578576         MLT nnet_test                                  1   1     0      4.366         10       2.29     87564      43864		
549578576         MLT nnet_test                                  1   1     0      4.362         10       2.29     87564      43864		
549578576         MLT nnet_test                                  1   1     0      4.360         10       2.29     87564      43864		
#Median for final result nnet_test/
549578576         MLT nnet_test                                  1   1     0      4.362         10       2.29     87564      43864 median best
#UID            Suite Name                                     Ctx Wrk Fails       t(s)       Iter     Iter/s  Codesize   Datasize
#Results for verification run started at 23183:17:26:10 XCMD=-c1 -w1
1046644201        MLT linear_alg-mid-100x100-sp                  1   1     0      0.016          1      62.50     93130       4568		
#Results for performance runs started at 23183:17:26:10 XCMD=-c1 -w1
1046644201        MLT linear_alg-mid-100x100-sp                  1   1     0      0.809         50      61.80     93130       4568		
1046644201        MLT linear_alg-mid-100x100-sp                  1   1     0      0.810         50      61.73     93130       4568		
1046644201        MLT linear_alg-mid-100x100-sp                  1   1     0      0.810         50      61.73     93130       4568		
#Median for final result linear_alg-mid-100x100-sp/
1046644201        MLT linear_alg-mid-100x100-sp                  1   1     0      0.810         50      61.73     93130       4568 median best
#UID            Suite Name                                     Ctx Wrk Fails       t(s)       Iter     Iter/s  Codesize   Datasize
#Results for verification run started at 23183:17:26:14 XCMD=-c1 -w1
780641437         MLT parser-125k                                1   1     0      0.145          1       6.90    100222       2536		
#Results for performance runs started at 23183:17:26:15 XCMD=-c1 -w1
780641437         MLT parser-125k                                1   1     0      0.149          1       6.71    100222       2536		
780641437         MLT parser-125k                                1   1     0      0.165          1       6.06    100222       2536		
780641437         MLT parser-125k                                1   1     0      0.145          1       6.90    100222       2536		
#Median for final result parser-125k/
780641437         MLT parser-125k                                1   1     0      0.149          1       6.71    100222       2536 median best
#UID            Suite Name                                     Ctx Wrk Fails       t(s)       Iter     Iter/s  Codesize   Datasize
#Results for verification run started at 23183:17:26:17 XCMD=-c1 -w1
1814569103        MLT loops-all-mid-10k-sp                       1   1     0      0.539          1       1.86    109584       8344		
#Results for performance runs started at 23183:17:26:18 XCMD=-c1 -w1
1814569103        MLT loops-all-mid-10k-sp                       1   1     0     26.870         50       1.86    109584       8344		
1814569103        MLT loops-all-mid-10k-sp                       1   1     0     26.851         50       1.86    109584       8344		
1814569103        MLT loops-all-mid-10k-sp                       1   1     0     26.856         50       1.86    109584       8344		
#Median for final result loops-all-mid-10k-sp/
1814569103        MLT loops-all-mid-10k-sp                       1   1     0     26.856         50       1.86    109584       8344 median best
#UID            Suite Name                                     Ctx Wrk Fails       t(s)       Iter     Iter/s  Codesize   Datasize
#Results for verification run started at 23183:17:27:40 XCMD=-c1 -w1
1862946660        MLT radix2-big-64k                             1   1     0      0.033          1      30.30   1459492       2936		
#Results for performance runs started at 23183:17:27:40 XCMD=-c1 -w1
1862946660        MLT radix2-big-64k                             1   1     0      9.355       1000     106.89   1459492       2936		
1862946660        MLT radix2-big-64k                             1   1     0      9.461       1000     105.70   1459492       2936		
1862946660        MLT radix2-big-64k                             1   1     0      9.270       1000     107.87   1459492       2936		
#Median for final result radix2-big-64k/
1862946660        MLT radix2-big-64k                             1   1     0      9.355       1000     106.89   1459492       2936 median best
#UID            Suite Name                                     Ctx Wrk Fails       t(s)       Iter     Iter/s  Codesize   Datasize
#Results for verification run started at 23183:17:28:10 XCMD=-c1 -w1
946108807         MLT zip-test                                   1   1     0      0.028          1      35.71    157220       2768		
#Results for performance runs started at 23183:17:28:11 XCMD=-c1 -w1
946108807         MLT zip-test                                   1   1     0      0.026          1      38.46    157220       2768		
946108807         MLT zip-test                                   1   1     0      0.026          1      38.46    157220       2768		
946108807         MLT zip-test                                   1   1     0      0.026          1      38.46    157220       2768		
#Median for final result zip-test/
946108807         MLT zip-test                                   1   1     0      0.026          1      38.46    157220       2768 median best
