#UID            Suite Name                                     Ctx Wrk Fails       t(s)       Iter     Iter/s  Codesize   Datasize
#Results for verification run started at 23183:13:22:29 XCMD=-c1 -w1
236760500         MLT cjpeg-rose7-preset                         1   1     0      0.006          1     166.67    104675     267584		
#Results for performance runs started at 23183:13:22:29 XCMD=-c1 -w1
236760500         MLT cjpeg-rose7-preset                         1   1     0      0.053         10     188.68    104675     267584		
236760500         MLT cjpeg-rose7-preset                         1   1     0      0.056         10     178.57    104675     267584		
236760500         MLT cjpeg-rose7-preset                         1   1     0      0.054         10     185.19    104675     267584		
#Median for final result cjpeg-rose7-preset/
236760500         MLT cjpeg-rose7-preset                         1   1     0      0.054         10     185.19    104675     267584 median best
#UID            Suite Name                                     Ctx Wrk Fails       t(s)       Iter     Iter/s  Codesize   Datasize
#Results for verification run started at 23183:13:22:30 XCMD=-c1 -w1
1050863061        MLT sha-test                                   1   1     0      0.004          1     250.00     75625       2328		
#Results for performance runs started at 23183:13:22:30 XCMD=-c1 -w1
1050863061        MLT sha-test                                   1   1     0      0.039         10     256.41     75625       2328		
1050863061        MLT sha-test                                   1   1     0      0.042         10     238.10     75625       2328		
1050863061        MLT sha-test                                   1   1     0      0.040         10     250.00     75625       2328		
#Median for final result sha-test/
1050863061        MLT sha-test                                   1   1     0      0.040         10     250.00     75625       2328 median best
#UID            Suite Name                                     Ctx Wrk Fails       t(s)       Iter     Iter/s  Codesize   Datasize
#Results for verification run started at 23183:13:22:31 XCMD=-c1 -w1
490760323         MLT core                                       1   1     0      0.426          1       2.35     65067       4464		
#Results for performance runs started at 23183:13:22:32 XCMD=-c1 -w1
490760323         MLT core                                       1   1     0      0.424          1       2.36     65067       4464		
490760323         MLT core                                       1   1     0      0.430          1       2.33     65067       4464		
490760323         MLT core                                       1   1     0      0.426          1       2.35     65067       4464		
#Median for final result core/
490760323         MLT core                                       1   1     0      0.426          1       2.35     65067       4464 median best
#UID            Suite Name                                     Ctx Wrk Fails       t(s)       Iter     Iter/s  Codesize   Datasize
#Results for verification run started at 23183:13:22:34 XCMD=-c1 -w1
549578576         MLT nnet_test                                  1   1     0      0.095          1      10.53     68359      43744		
#Results for performance runs started at 23183:13:22:34 XCMD=-c1 -w1
549578576         MLT nnet_test                                  1   1     0      0.897         10      11.15     68359      43744		
549578576         MLT nnet_test                                  1   1     0      0.896         10      11.16     68359      43744		
549578576         MLT nnet_test                                  1   1     0      0.897         10      11.15     68359      43744		
#Median for final result nnet_test/
549578576         MLT nnet_test                                  1   1     0      0.897         10      11.15     68359      43744 median best
#UID            Suite Name                                     Ctx Wrk Fails       t(s)       Iter     Iter/s  Codesize   Datasize
#Results for verification run started at 23183:13:22:37 XCMD=-c1 -w1
1046644201        MLT linear_alg-mid-100x100-sp                  1   1     0      0.004          1     250.00     70073       4472		
#Results for performance runs started at 23183:13:22:37 XCMD=-c1 -w1
1046644201        MLT linear_alg-mid-100x100-sp                  1   1     0      0.168         50     297.62     70073       4472		
1046644201        MLT linear_alg-mid-100x100-sp                  1   1     0      0.167         50     299.40     70073       4472		
1046644201        MLT linear_alg-mid-100x100-sp                  1   1     0      0.167         50     299.40     70073       4472		
#Median for final result linear_alg-mid-100x100-sp/
1046644201        MLT linear_alg-mid-100x100-sp                  1   1     0      0.167         50     299.40     70073       4472 median best
#UID            Suite Name                                     Ctx Wrk Fails       t(s)       Iter     Iter/s  Codesize   Datasize
#Results for verification run started at 23183:13:22:39 XCMD=-c1 -w1
780641437         MLT parser-125k                                1   1     0      0.018          1      55.56     84059       2304		
#Results for performance runs started at 23183:13:22:39 XCMD=-c1 -w1
780641437         MLT parser-125k                                1   1     0      0.018          1      55.56     84059       2304		
780641437         MLT parser-125k                                1   1     0      0.021          1      47.62     84059       2304		
780641437         MLT parser-125k                                1   1     0      0.021          1      47.62     84059       2304		
#Median for final result parser-125k/
780641437         MLT parser-125k                                1   1     0      0.021          1      47.62     84059       2304 median best
#UID            Suite Name                                     Ctx Wrk Fails       t(s)       Iter     Iter/s  Codesize   Datasize
#Results for verification run started at 23183:13:22:40 XCMD=-c1 -w1
1814569103        MLT loops-all-mid-10k-sp                       1   1     0      0.122          1       8.20     85291       8296		
#Results for performance runs started at 23183:13:22:40 XCMD=-c1 -w1
1814569103        MLT loops-all-mid-10k-sp                       1   1     0      5.804         50       8.61     85291       8296		
1814569103        MLT loops-all-mid-10k-sp                       1   1     0      5.797         50       8.63     85291       8296		
1814569103        MLT loops-all-mid-10k-sp                       1   1     0      5.800         50       8.62     85291       8296		
#Median for final result loops-all-mid-10k-sp/
1814569103        MLT loops-all-mid-10k-sp                       1   1     0      5.800         50       8.62     85291       8296 median best
#UID            Suite Name                                     Ctx Wrk Fails       t(s)       Iter     Iter/s  Codesize   Datasize
#Results for verification run started at 23183:13:22:58 XCMD=-c1 -w1
1862946660        MLT radix2-big-64k                             1   1     0      0.007          1     142.86   1443999       2528		
#Results for performance runs started at 23183:13:22:58 XCMD=-c1 -w1
1862946660        MLT radix2-big-64k                             1   1     0      2.058       1000     485.91   1443999       2528		
1862946660        MLT radix2-big-64k                             1   1     0      2.084       1000     479.85   1443999       2528		
1862946660        MLT radix2-big-64k                             1   1     0      2.088       1000     478.93   1443999       2528		
#Median for final result radix2-big-64k/
1862946660        MLT radix2-big-64k                             1   1     0      2.084       1000     479.85   1443999       2528 median best
#UID            Suite Name                                     Ctx Wrk Fails       t(s)       Iter     Iter/s  Codesize   Datasize
#Results for verification run started at 23183:13:23:05 XCMD=-c1 -w1
946108807         MLT zip-test                                   1   1     0      0.007          1     142.86    129057       2552		
#Results for performance runs started at 23183:13:23:05 XCMD=-c1 -w1
946108807         MLT zip-test                                   1   1     0      0.007          1     142.86    129057       2552		
946108807         MLT zip-test                                   1   1     0      0.007          1     142.86    129057       2552		
946108807         MLT zip-test                                   1   1     0      0.007          1     142.86    129057       2552		
#Median for final result zip-test/
946108807         MLT zip-test                                   1   1     0      0.007          1     142.86    129057       2552 median best
