-  Info: Starting Run...
-- Workload:core=490760323
-- core:time(ns)=1025
-- core:contexts=64
-- core:workers=16
-- core:iterations=1
-- core:time(secs)=   1.025
-- core:secs/workload=   1.025
-- core:workloads/sec= 0.97561
Info: This run was executed with verification turned on! For performance results, use -v0.
-- core:UID=10000
-- core:fails=0
-- core:time(ticks)=1024
-- core:count=1
-- core:repeats=0
-- core:v1=0
-- core:v2=0
-- core:v3=0
-- core:v4=0
-- core:f1=0.000000e+00
-- core:f2=0.000000e+00
-- core:f3=0.000000e+00
-- core:f4=0.000000e+00
-- core:secs/repeat=     inf
-- core:repeats/sec=       0
-- core:time(secs)=   1.024
-- core:secs/item=   1.024
-- core:items/sec=0.976562
-- Items:total(ticks)=1024
-- Items:total(secs)=   1.024
-- Done:core=490760323
