#UID            Suite Name                                     Ctx Wrk Fails       t(s)       Iter     Iter/s  Codesize   Datasize
#Results for verification run started at 23183:17:37:40 XCMD=-c4 -w1
236760500         MLT cjpeg-rose7-preset                         1   1     0      0.018          1      55.56    129154     267680		
#Results for performance runs started at 23183:17:37:41 XCMD=-c4 -w1
236760500         MLT cjpeg-rose7-preset                         1   1     0      0.141         10      70.92    129154     267680		
236760500         MLT cjpeg-rose7-preset                         1   1     0      0.141         10      70.92    129154     267680		
236760500         MLT cjpeg-rose7-preset                         1   1     0      0.141         10      70.92    129154     267680		
#Median for final result cjpeg-rose7-preset/
236760500         MLT cjpeg-rose7-preset                         1   1     0      0.141         10      70.92    129154     267680 median single
#UID            Suite Name                                     Ctx Wrk Fails       t(s)       Iter     Iter/s  Codesize   Datasize
#Results for verification run started at 23183:17:37:43 XCMD=-c4 -w1
1050863061        MLT sha-test                                   1   1     0      0.015          1      66.67     91634       2424		
#Results for performance runs started at 23183:17:37:43 XCMD=-c4 -w1
1050863061        MLT sha-test                                   1   1     0      0.153         10      65.36     91634       2424		
1050863061        MLT sha-test                                   1   1     0      0.153         10      65.36     91634       2424		
1050863061        MLT sha-test                                   1   1     0      0.153         10      65.36     91634       2424		
#Median for final result sha-test/
1050863061        MLT sha-test                                   1   1     0      0.153         10      65.36     91634       2424 median single
#UID            Suite Name                                     Ctx Wrk Fails       t(s)       Iter     Iter/s  Codesize   Datasize
#Results for verification run started at 23183:17:37:45 XCMD=-c4 -w1
490760323         MLT core                                       1   1     0      4.157          1       0.24     81384       5192		
#Results for performance runs started at 23183:17:37:49 XCMD=-c4 -w1
490760323         MLT core                                       1   1     0      4.157          1       0.24     81384       5192		
490760323         MLT core                                       1   1     0      4.157          1       0.24     81384       5192		
490760323         MLT core                                       1   1     0      4.157          1       0.24     81384       5192		
#Median for final result core/
490760323         MLT core                                       1   1     0      4.157          1       0.24     81384       5192 median single
#UID            Suite Name                                     Ctx Wrk Fails       t(s)       Iter     Iter/s  Codesize   Datasize
#Results for verification run started at 23183:17:38:03 XCMD=-c4 -w1
549578576         MLT nnet_test                                  1   1     0      0.437          1       2.29     87564      43864		
#Results for performance runs started at 23183:17:38:04 XCMD=-c4 -w1
549578576         MLT nnet_test                                  1   1     0      4.372         10       2.29     87564      43864		
549578576         MLT nnet_test                                  1   1     0      4.363         10       2.29     87564      43864		
549578576         MLT nnet_test                                  1   1     0      4.370         10       2.29     87564      43864		
#Median for final result nnet_test/
549578576         MLT nnet_test                                  1   1     0      4.370         10       2.29     87564      43864 median single
#UID            Suite Name                                     Ctx Wrk Fails       t(s)       Iter     Iter/s  Codesize   Datasize
#Results for verification run started at 23183:17:38:19 XCMD=-c4 -w1
1046644201        MLT linear_alg-mid-100x100-sp                  1   1     0      0.016          1      62.50     93130       4568		
#Results for performance runs started at 23183:17:38:19 XCMD=-c4 -w1
1046644201        MLT linear_alg-mid-100x100-sp                  1   1     0      0.810         50      61.73     93130       4568		
1046644201        MLT linear_alg-mid-100x100-sp                  1   1     0      0.810         50      61.73     93130       4568		
1046644201        MLT linear_alg-mid-100x100-sp                  1   1     0      0.811         50      61.65     93130       4568		
#Median for final result linear_alg-mid-100x100-sp/
1046644201        MLT linear_alg-mid-100x100-sp                  1   1     0      0.810         50      61.73     93130       4568 median single
#UID            Suite Name                                     Ctx Wrk Fails       t(s)       Iter     Iter/s  Codesize   Datasize
#Results for verification run started at 23183:17:38:23 XCMD=-c4 -w1
780641437         MLT parser-125k                                1   1     0      0.159          1       6.29    100222       2536		
#Results for performance runs started at 23183:17:38:23 XCMD=-c4 -w1
780641437         MLT parser-125k                                1   1     0      0.149          1       6.71    100222       2536		
780641437         MLT parser-125k                                1   1     0      0.161          1       6.21    100222       2536		
780641437         MLT parser-125k                                1   1     0      0.161          1       6.21    100222       2536		
#Median for final result parser-125k/
780641437         MLT parser-125k                                1   1     0      0.161          1       6.21    100222       2536 median single
#UID            Suite Name                                     Ctx Wrk Fails       t(s)       Iter     Iter/s  Codesize   Datasize
#Results for verification run started at 23183:17:38:25 XCMD=-c4 -w1
1814569103        MLT loops-all-mid-10k-sp                       1   1     0      0.539          1       1.86    109584       8344		
#Results for performance runs started at 23183:17:38:26 XCMD=-c4 -w1
1814569103        MLT loops-all-mid-10k-sp                       1   1     0     26.861         50       1.86    109584       8344		
1814569103        MLT loops-all-mid-10k-sp                       1   1     0     26.857         50       1.86    109584       8344		
1814569103        MLT loops-all-mid-10k-sp                       1   1     0     26.912         50       1.86    109584       8344		
#Median for final result loops-all-mid-10k-sp/
1814569103        MLT loops-all-mid-10k-sp                       1   1     0     26.861         50       1.86    109584       8344 median single
#UID            Suite Name                                     Ctx Wrk Fails       t(s)       Iter     Iter/s  Codesize   Datasize
#Results for verification run started at 23183:17:39:48 XCMD=-c4 -w1
1862946660        MLT radix2-big-64k                             1   1     0      0.033          1      30.30   1459492       2936		
#Results for performance runs started at 23183:17:39:49 XCMD=-c4 -w1
1862946660        MLT radix2-big-64k                             1   1     0      9.213       1000     108.54   1459492       2936		
1862946660        MLT radix2-big-64k                             1   1     0      9.164       1000     109.12   1459492       2936		
1862946660        MLT radix2-big-64k                             1   1     0      9.331       1000     107.17   1459492       2936		
#Median for final result radix2-big-64k/
1862946660        MLT radix2-big-64k                             1   1     0      9.213       1000     108.54   1459492       2936 median single
#UID            Suite Name                                     Ctx Wrk Fails       t(s)       Iter     Iter/s  Codesize   Datasize
#Results for verification run started at 23183:17:40:18 XCMD=-c4 -w1
946108807         MLT zip-test                                   1   1     0      0.027          1      37.04    157220       2768		
#Results for performance runs started at 23183:17:40:19 XCMD=-c4 -w1
946108807         MLT zip-test                                   1   1     0      0.026          1      38.46    157220       2768		
946108807         MLT zip-test                                   1   1     0      0.026          1      38.46    157220       2768		
946108807         MLT zip-test                                   1   1     0      0.026          1      38.46    157220       2768		
#Median for final result zip-test/
946108807         MLT zip-test                                   1   1     0      0.026          1      38.46    157220       2768 median single
#UID            Suite Name                                     Ctx Wrk Fails       t(s)       Iter     Iter/s  Codesize   Datasize
#Results for verification run started at 23183:17:40:24 XCMD=-c4 -w1
236760500         MLT cjpeg-rose7-preset                         4   1     0      0.005          1     200.00    129154     267680		
#Results for performance runs started at 23183:17:40:24 XCMD=-c4 -w1
236760500         MLT cjpeg-rose7-preset                         4   1     0      0.036         10     277.78    129154     267680		
236760500         MLT cjpeg-rose7-preset                         4   1     0      0.037         10     270.27    129154     267680		
236760500         MLT cjpeg-rose7-preset                         4   1     0      0.036         10     277.78    129154     267680		
#Median for final result cjpeg-rose7-preset/
236760500         MLT cjpeg-rose7-preset                         4   1     0      0.036         10     277.78    129154     267680 median best
#UID            Suite Name                                     Ctx Wrk Fails       t(s)       Iter     Iter/s  Codesize   Datasize
#Results for verification run started at 23183:17:40:25 XCMD=-c4 -w1
1050863061        MLT sha-test                                   4   1     0      0.015          1      66.67     91634       2424		
#Results for performance runs started at 23183:17:40:26 XCMD=-c4 -w1
1050863061        MLT sha-test                                   4   1     0      0.046         10     217.39     91634       2424		
1050863061        MLT sha-test                                   4   1     0      0.046         10     217.39     91634       2424		
1050863061        MLT sha-test                                   4   1     0      0.046         10     217.39     91634       2424		
#Median for final result sha-test/
1050863061        MLT sha-test                                   4   1     0      0.046         10     217.39     91634       2424 median best
#UID            Suite Name                                     Ctx Wrk Fails       t(s)       Iter     Iter/s  Codesize   Datasize
#Results for verification run started at 23183:17:40:28 XCMD=-c4 -w1
490760323         MLT core                                       4   1     0      4.162          1       0.24     81384       5192		
#Results for performance runs started at 23183:17:40:32 XCMD=-c4 -w1
490760323         MLT core                                       4   1     0      4.156          4       0.96     81384       5192		
490760323         MLT core                                       4   1     0      4.156          4       0.96     81384       5192		
490760323         MLT core                                       4   1     0      4.157          4       0.96     81384       5192		
#Median for final result core/
490760323         MLT core                                       4   1     0      4.156          4       0.96     81384       5192 median best
#UID            Suite Name                                     Ctx Wrk Fails       t(s)       Iter     Iter/s  Codesize   Datasize
#Results for verification run started at 23183:17:40:46 XCMD=-c4 -w1
549578576         MLT nnet_test                                  4   1     0      0.438          1       2.28     87564      43864		
#Results for performance runs started at 23183:17:40:47 XCMD=-c4 -w1
549578576         MLT nnet_test                                  4   1     0      1.307         10       7.65     87564      43864		
549578576         MLT nnet_test                                  4   1     0      1.307         10       7.65     87564      43864		
549578576         MLT nnet_test                                  4   1     0      1.307         10       7.65     87564      43864		
#Median for final result nnet_test/
549578576         MLT nnet_test                                  4   1     0      1.307         10       7.65     87564      43864 median best
#UID            Suite Name                                     Ctx Wrk Fails       t(s)       Iter     Iter/s  Codesize   Datasize
#Results for verification run started at 23183:17:40:52 XCMD=-c4 -w1
1046644201        MLT linear_alg-mid-100x100-sp                  4   1     0      0.016          1      62.50     93130       4568		
#Results for performance runs started at 23183:17:40:52 XCMD=-c4 -w1
1046644201        MLT linear_alg-mid-100x100-sp                  4   1     0      0.210         50     238.10     93130       4568		
1046644201        MLT linear_alg-mid-100x100-sp                  4   1     0      0.210         50     238.10     93130       4568		
1046644201        MLT linear_alg-mid-100x100-sp                  4   1     0      0.211         50     236.97     93130       4568		
#Median for final result linear_alg-mid-100x100-sp/
1046644201        MLT linear_alg-mid-100x100-sp                  4   1     0      0.210         50     238.10     93130       4568 median best
#UID            Suite Name                                     Ctx Wrk Fails       t(s)       Iter     Iter/s  Codesize   Datasize
#Results for verification run started at 23183:17:40:55 XCMD=-c4 -w1
780641437         MLT parser-125k                                4   1     0      0.147          1       6.80    100222       2536		
#Results for performance runs started at 23183:17:40:55 XCMD=-c4 -w1
780641437         MLT parser-125k                                4   1     0      0.190          4      21.05    100222       2536		
780641437         MLT parser-125k                                4   1     0      0.181          4      22.10    100222       2536		
780641437         MLT parser-125k                                4   1     0      0.192          4      20.83    100222       2536		
#Median for final result parser-125k/
780641437         MLT parser-125k                                4   1     0      0.190          4      21.05    100222       2536 median best
#UID            Suite Name                                     Ctx Wrk Fails       t(s)       Iter     Iter/s  Codesize   Datasize
#Results for verification run started at 23183:17:40:57 XCMD=-c4 -w1
1814569103        MLT loops-all-mid-10k-sp                       4   1     0      0.539          1       1.86    109584       8344		
#Results for performance runs started at 23183:17:40:58 XCMD=-c4 -w1
1814569103        MLT loops-all-mid-10k-sp                       4   1     0      6.976         50       7.17    109584       8344		
1814569103        MLT loops-all-mid-10k-sp                       4   1     0      6.970         50       7.17    109584       8344		
1814569103        MLT loops-all-mid-10k-sp                       4   1     0      6.973         50       7.17    109584       8344		
#Median for final result loops-all-mid-10k-sp/
1814569103        MLT loops-all-mid-10k-sp                       4   1     0      6.973         50       7.17    109584       8344 median best
#UID            Suite Name                                     Ctx Wrk Fails       t(s)       Iter     Iter/s  Codesize   Datasize
#Results for verification run started at 23183:17:41:20 XCMD=-c4 -w1
1862946660        MLT radix2-big-64k                             4   1     0      0.033          1      30.30   1459492       2936		
#Results for performance runs started at 23183:17:41:21 XCMD=-c4 -w1
1862946660        MLT radix2-big-64k                             4   1     0      2.329       1000     429.37   1459492       2936		
1862946660        MLT radix2-big-64k                             4   1     0      2.344       1000     426.62   1459492       2936		
1862946660        MLT radix2-big-64k                             4   1     0      2.319       1000     431.22   1459492       2936		
#Median for final result radix2-big-64k/
1862946660        MLT radix2-big-64k                             4   1     0      2.329       1000     429.37   1459492       2936 median best
#UID            Suite Name                                     Ctx Wrk Fails       t(s)       Iter     Iter/s  Codesize   Datasize
#Results for verification run started at 23183:17:41:29 XCMD=-c4 -w1
946108807         MLT zip-test                                   4   1     0      0.028          1      35.71    157220       2768		
#Results for performance runs started at 23183:17:41:31 XCMD=-c4 -w1
946108807         MLT zip-test                                   4   1     0      0.027          4     148.15    157220       2768		
946108807         MLT zip-test                                   4   1     0      0.027          4     148.15    157220       2768		
946108807         MLT zip-test                                   4   1     0      0.027          4     148.15    157220       2768		
#Median for final result zip-test/
946108807         MLT zip-test                                   4   1     0      0.027          4     148.15    157220       2768 median best
