#UID            Suite Name                                     Ctx Wrk Fails       t(s)       Iter     Iter/s  Codesize   Datasize
#Results for verification run started at 23183:13:27:25 XCMD=-c16 -w1
236760500         MLT cjpeg-rose7-preset                        16   1     0      0.001          1    1000.00    104675     267584		
#Results for performance runs started at 23183:13:27:26 XCMD=-c16 -w1
236760500         MLT cjpeg-rose7-preset                        16   1     0      0.005         10    2000.00    104675     267584		
236760500         MLT cjpeg-rose7-preset                        16   1     0      0.005         10    2000.00    104675     267584		
236760500         MLT cjpeg-rose7-preset                        16   1     0      0.005         10    2000.00    104675     267584		
#Median for final result cjpeg-rose7-preset/
236760500         MLT cjpeg-rose7-preset                        16   1     0      0.005         10    2000.00    104675     267584 median best
#UID            Suite Name                                     Ctx Wrk Fails       t(s)       Iter     Iter/s  Codesize   Datasize
#Results for verification run started at 23183:13:27:26 XCMD=-c16 -w1
1050863061        MLT sha-test                                  16   1     0      0.004          1     250.00     75625       2328		
#Results for performance runs started at 23183:13:27:26 XCMD=-c16 -w1
1050863061        MLT sha-test                                  16   1     0      0.007         16    2285.71     75625       2328		
1050863061        MLT sha-test                                  16   1     0      0.006         16    2666.67     75625       2328		
1050863061        MLT sha-test                                  16   1     0      0.006         16    2666.67     75625       2328		
#Median for final result sha-test/
1050863061        MLT sha-test                                  16   1     0      0.006         16    2666.67     75625       2328 median best
#UID            Suite Name                                     Ctx Wrk Fails       t(s)       Iter     Iter/s  Codesize   Datasize
#Results for verification run started at 23183:13:27:27 XCMD=-c16 -w1
490760323         MLT core                                      16   1     0      0.427          1       2.34     65067       4464		
#Results for performance runs started at 23183:13:27:28 XCMD=-c16 -w1
490760323         MLT core                                      16   1     0      0.462         16      34.63     65067       4464		
490760323         MLT core                                      16   1     0      0.494         16      32.39     65067       4464		
490760323         MLT core                                      16   1     0      0.527         16      30.36     65067       4464		
#Median for final result core/
490760323         MLT core                                      16   1     0      0.494         16      32.39     65067       4464 median best
#UID            Suite Name                                     Ctx Wrk Fails       t(s)       Iter     Iter/s  Codesize   Datasize
#Results for verification run started at 23183:13:27:30 XCMD=-c16 -w1
549578576         MLT nnet_test                                 16   1     0      0.094          1      10.64     68359      43744		
#Results for performance runs started at 23183:13:27:30 XCMD=-c16 -w1
549578576         MLT nnet_test                                 16   1     0      0.104         16     153.85     68359      43744		
549578576         MLT nnet_test                                 16   1     0      0.104         16     153.85     68359      43744		
549578576         MLT nnet_test                                 16   1     0      0.101         16     158.42     68359      43744		
#Median for final result nnet_test/
549578576         MLT nnet_test                                 16   1     0      0.104         16     153.85     68359      43744 median best
#UID            Suite Name                                     Ctx Wrk Fails       t(s)       Iter     Iter/s  Codesize   Datasize
#Results for verification run started at 23183:13:27:31 XCMD=-c16 -w1
1046644201        MLT linear_alg-mid-100x100-sp                 16   1     0      0.004          1     250.00     70073       4472		
#Results for performance runs started at 23183:13:27:31 XCMD=-c16 -w1
1046644201        MLT linear_alg-mid-100x100-sp                 16   1     0      0.015         50    3333.33     70073       4472		
1046644201        MLT linear_alg-mid-100x100-sp                 16   1     0      0.016         50    3125.00     70073       4472		
1046644201        MLT linear_alg-mid-100x100-sp                 16   1     0      0.015         50    3333.33     70073       4472		
#Median for final result linear_alg-mid-100x100-sp/
1046644201        MLT linear_alg-mid-100x100-sp                 16   1     0      0.015         50    3333.33     70073       4472 median best
#UID            Suite Name                                     Ctx Wrk Fails       t(s)       Iter     Iter/s  Codesize   Datasize
#Results for verification run started at 23183:13:27:32 XCMD=-c16 -w1
780641437         MLT parser-125k                               16   1     0      0.020          1      50.00     84059       2304		
#Results for performance runs started at 23183:13:27:32 XCMD=-c16 -w1
780641437         MLT parser-125k                               16   1     0      0.028         16     571.43     84059       2304		
780641437         MLT parser-125k                               16   1     0      0.028         16     571.43     84059       2304		
780641437         MLT parser-125k                               16   1     0      0.028         16     571.43     84059       2304		
#Median for final result parser-125k/
780641437         MLT parser-125k                               16   1     0      0.028         16     571.43     84059       2304 median best
#UID            Suite Name                                     Ctx Wrk Fails       t(s)       Iter     Iter/s  Codesize   Datasize
#Results for verification run started at 23183:13:27:33 XCMD=-c16 -w1
1814569103        MLT loops-all-mid-10k-sp                      16   1     0      0.124          1       8.06     85291       8296		
#Results for performance runs started at 23183:13:27:33 XCMD=-c16 -w1
1814569103        MLT loops-all-mid-10k-sp                      16   1     0      0.478         50     104.60     85291       8296		
1814569103        MLT loops-all-mid-10k-sp                      16   1     0      0.476         50     105.04     85291       8296		
1814569103        MLT loops-all-mid-10k-sp                      16   1     0      0.543         50      92.08     85291       8296		
#Median for final result loops-all-mid-10k-sp/
1814569103        MLT loops-all-mid-10k-sp                      16   1     0      0.478         50     104.60     85291       8296 median best
#UID            Suite Name                                     Ctx Wrk Fails       t(s)       Iter     Iter/s  Codesize   Datasize
#Results for verification run started at 23183:13:27:35 XCMD=-c16 -w1
1862946660        MLT radix2-big-64k                            16   1     0      0.007          1     142.86   1443999       2528		
#Results for performance runs started at 23183:13:27:36 XCMD=-c16 -w1
1862946660        MLT radix2-big-64k                            16   1     0      0.153       1000    6535.95   1443999       2528		
1862946660        MLT radix2-big-64k                            16   1     0      0.153       1000    6535.95   1443999       2528		
1862946660        MLT radix2-big-64k                            16   1     0      0.153       1000    6535.95   1443999       2528		
#Median for final result radix2-big-64k/
1862946660        MLT radix2-big-64k                            16   1     0      0.153       1000    6535.95   1443999       2528 median best
#UID            Suite Name                                     Ctx Wrk Fails       t(s)       Iter     Iter/s  Codesize   Datasize
#Results for verification run started at 23183:13:27:37 XCMD=-c16 -w1
946108807         MLT zip-test                                  16   1     0      0.008          1     125.00    129057       2552		
#Results for performance runs started at 23183:13:27:37 XCMD=-c16 -w1
946108807         MLT zip-test                                  16   1     0      0.015         16    1066.67    129057       2552		
946108807         MLT zip-test                                  16   1     0      0.014         16    1142.86    129057       2552		
946108807         MLT zip-test                                  16   1     0      0.015         16    1066.67    129057       2552		
#Median for final result zip-test/
946108807         MLT zip-test                                  16   1     0      0.015         16    1066.67    129057       2552 median best
