#UID            Suite Name                                     Ctx Wrk Fails       t(s)       Iter     Iter/s  Codesize   Datasize
#Results for verification run started at 23183:13:29:07 XCMD=-c16 -w4
236760500         MLT cjpeg-rose7-preset                        16   4     0      0.001          1    1000.00    104675     267584		
#Results for performance runs started at 23183:13:29:07 XCMD=-c16 -w4
236760500         MLT cjpeg-rose7-preset                        16   4     0      0.005         10    2000.00    104675     267584		
236760500         MLT cjpeg-rose7-preset                        16   4     0      0.005         10    2000.00    104675     267584		
236760500         MLT cjpeg-rose7-preset                        16   4     0      0.005         10    2000.00    104675     267584		
#Median for final result cjpeg-rose7-preset/
236760500         MLT cjpeg-rose7-preset                        16   4     0      0.005         10    2000.00    104675     267584 median best
#UID            Suite Name                                     Ctx Wrk Fails       t(s)       Iter     Iter/s  Codesize   Datasize
#Results for verification run started at 23183:13:29:08 XCMD=-c16 -w4
1050863061        MLT sha-test                                  16   4     0      0.004          1     250.00     75625       2328		
#Results for performance runs started at 23183:13:29:08 XCMD=-c16 -w4
1050863061        MLT sha-test                                  16   4     0      0.006         16    2666.67     75625       2328		
1050863061        MLT sha-test                                  16   4     0      0.006         16    2666.67     75625       2328		
1050863061        MLT sha-test                                  16   4     0      0.006         16    2666.67     75625       2328		
#Median for final result sha-test/
1050863061        MLT sha-test                                  16   4     0      0.006         16    2666.67     75625       2328 median best
#UID            Suite Name                                     Ctx Wrk Fails       t(s)       Iter     Iter/s  Codesize   Datasize
#Results for verification run started at 23183:13:29:09 XCMD=-c16 -w4
490760323         MLT core                                      16   4     0      0.423          1       2.36     65067       4464		
#Results for performance runs started at 23183:13:29:09 XCMD=-c16 -w4
490760323         MLT core                                      16   4     0      0.527         16      30.36     65067       4464		
490760323         MLT core                                      16   4     0      0.443         16      36.12     65067       4464		
490760323         MLT core                                      16   4     0      0.513         16      31.19     65067       4464		
#Median for final result core/
490760323         MLT core                                      16   4     0      0.513         16      31.19     65067       4464 median best
#UID            Suite Name                                     Ctx Wrk Fails       t(s)       Iter     Iter/s  Codesize   Datasize
#Results for verification run started at 23183:13:29:11 XCMD=-c16 -w4
549578576         MLT nnet_test                                 16   4     0      0.096          1      10.42     68359      43744		
#Results for performance runs started at 23183:13:29:12 XCMD=-c16 -w4
549578576         MLT nnet_test                                 16   4     0      0.109         16     146.79     68359      43744		
549578576         MLT nnet_test                                 16   4     0      0.106         16     150.94     68359      43744		
549578576         MLT nnet_test                                 16   4     0      0.107         16     149.53     68359      43744		
#Median for final result nnet_test/
549578576         MLT nnet_test                                 16   4     0      0.107         16     149.53     68359      43744 median best
#UID            Suite Name                                     Ctx Wrk Fails       t(s)       Iter     Iter/s  Codesize   Datasize
#Results for verification run started at 23183:13:29:13 XCMD=-c16 -w4
1046644201        MLT linear_alg-mid-100x100-sp                 16   4     0      0.004          1     250.00     70073       4472		
#Results for performance runs started at 23183:13:29:13 XCMD=-c16 -w4
1046644201        MLT linear_alg-mid-100x100-sp                 16   4     0      0.015         50    3333.33     70073       4472		
1046644201        MLT linear_alg-mid-100x100-sp                 16   4     0      0.015         50    3333.33     70073       4472		
1046644201        MLT linear_alg-mid-100x100-sp                 16   4     0      0.015         50    3333.33     70073       4472		
#Median for final result linear_alg-mid-100x100-sp/
1046644201        MLT linear_alg-mid-100x100-sp                 16   4     0      0.015         50    3333.33     70073       4472 median best
#UID            Suite Name                                     Ctx Wrk Fails       t(s)       Iter     Iter/s  Codesize   Datasize
#Results for verification run started at 23183:13:29:14 XCMD=-c16 -w4
780641437         MLT parser-125k                               16   4     0      0.020          1      50.00     84059       2304		
#Results for performance runs started at 23183:13:29:14 XCMD=-c16 -w4
780641437         MLT parser-125k                               16   4     0      0.028         16     571.43     84059       2304		
780641437         MLT parser-125k                               16   4     0      0.043         16     372.09     84059       2304		
780641437         MLT parser-125k                               16   4     0      0.026         16     615.38     84059       2304		
#Median for final result parser-125k/
780641437         MLT parser-125k                               16   4     0      0.028         16     571.43     84059       2304 median best
#UID            Suite Name                                     Ctx Wrk Fails       t(s)       Iter     Iter/s  Codesize   Datasize
#Results for verification run started at 23183:13:29:15 XCMD=-c16 -w4
1814569103        MLT loops-all-mid-10k-sp                      16   4     0      0.121          1       8.26     85291       8296		
#Results for performance runs started at 23183:13:29:15 XCMD=-c16 -w4
1814569103        MLT loops-all-mid-10k-sp                      16   4     0      0.543         50      92.08     85291       8296		
1814569103        MLT loops-all-mid-10k-sp                      16   4     0      0.474         50     105.49     85291       8296		
1814569103        MLT loops-all-mid-10k-sp                      16   4     0      0.476         50     105.04     85291       8296		
#Median for final result loops-all-mid-10k-sp/
1814569103        MLT loops-all-mid-10k-sp                      16   4     0      0.476         50     105.04     85291       8296 median best
#UID            Suite Name                                     Ctx Wrk Fails       t(s)       Iter     Iter/s  Codesize   Datasize
#Results for verification run started at 23183:13:29:17 XCMD=-c16 -w4
1862946660        MLT radix2-big-64k                            16   4     0      0.007          1     142.86   1443999       2528		
#Results for performance runs started at 23183:13:29:17 XCMD=-c16 -w4
1862946660        MLT radix2-big-64k                            16   4     0      0.148       1000    6756.76   1443999       2528		
1862946660        MLT radix2-big-64k                            16   4     0      0.150       1000    6666.67   1443999       2528		
1862946660        MLT radix2-big-64k                            16   4     0      0.154       1000    6493.51   1443999       2528		
#Median for final result radix2-big-64k/
1862946660        MLT radix2-big-64k                            16   4     0      0.150       1000    6666.67   1443999       2528 median best
#UID            Suite Name                                     Ctx Wrk Fails       t(s)       Iter     Iter/s  Codesize   Datasize
#Results for verification run started at 23183:13:29:18 XCMD=-c16 -w4
946108807         MLT zip-test                                  16   4     0      0.008          1     125.00    129057       2552		
#Results for performance runs started at 23183:13:29:19 XCMD=-c16 -w4
946108807         MLT zip-test                                  16   4     0      0.014         16    1142.86    129057       2552		
946108807         MLT zip-test                                  16   4     0      0.014         16    1142.86    129057       2552		
946108807         MLT zip-test                                  16   4     0      0.015         16    1066.67    129057       2552		
#Median for final result zip-test/
946108807         MLT zip-test                                  16   4     0      0.014         16    1142.86    129057       2552 median best
