Rose256.bmp data supplied by C array
>> Data Set                 : Rose256.bmp
>> Output File              : Rose256.jpg
Rose256.bmp data supplied by C array
>> Data Set                 : Rose256.bmp
>> Output File              : Rose256.jpg
Rose256.bmp data supplied by C array
>> Data Set                 : Rose256.bmp
>> Output File              : Rose256.jpg
Rose256.bmp data supplied by C array
>> Data Set                 : Rose256.bmp
>> Output File              : Rose256.jpg
Rose256.bmp data supplied by C array
>> Data Set                 : Rose256.bmp
>> Output File              : Rose256.jpg
Rose256.bmp data supplied by C array
>> Data Set                 : Rose256.bmp
>> Output File              : Rose256.jpg
Rose256.bmp data supplied by C array
>> Data Set                 : Rose256.bmp
>> Output File              : Rose256.jpg
-  Info: Starting Run...
-- Workload:cjpeg-rose7-preset=236760500
-- cjpeg-rose7-preset:time(ns)=15
-- cjpeg-rose7-preset:contexts=4
-- cjpeg-rose7-preset:workers=1
-- cjpeg-rose7-preset:iterations=10
-- cjpeg-rose7-preset:time(secs)=   0.015
-- cjpeg-rose7-preset:secs/workload=  0.0015
-- cjpeg-rose7-preset:workloads/sec= 666.667
-- Done:cjpeg-rose7-preset=236760500
