#UID            Suite Name                                     Ctx Wrk Fails       t(s)       Iter     Iter/s  Codesize   Datasize
#Results for verification run started at 23183:14:17:34 XCMD=-c16 -w16
236760500         MLT cjpeg-rose7-preset                         1   1     0      0.011          1      90.91    104046     267504		
#Results for performance runs started at 23183:14:17:34 XCMD=-c16 -w16
236760500         MLT cjpeg-rose7-preset                         1   1     0      0.109         10      91.74    104046     267504		
236760500         MLT cjpeg-rose7-preset                         1   1     0      0.109         10      91.74    104046     267504		
236760500         MLT cjpeg-rose7-preset                         1   1     0      0.109         10      91.74    104046     267504		
#Median for final result cjpeg-rose7-preset/
236760500         MLT cjpeg-rose7-preset                         1   1     0      0.109         10      91.74    104046     267504 median single
#UID            Suite Name                                     Ctx Wrk Fails       t(s)       Iter     Iter/s  Codesize   Datasize
#Results for verification run started at 23183:14:17:35 XCMD=-c16 -w16
1050863061        MLT sha-test                                   1   1     0      0.007          1     142.86     71806       2248		
#Results for performance runs started at 23183:14:17:35 XCMD=-c16 -w16
1050863061        MLT sha-test                                   1   1     0      0.071         10     140.85     71806       2248		
1050863061        MLT sha-test                                   1   1     0      0.071         10     140.85     71806       2248		
1050863061        MLT sha-test                                   1   1     0      0.071         10     140.85     71806       2248		
#Median for final result sha-test/
1050863061        MLT sha-test                                   1   1     0      0.071         10     140.85     71806       2248 median single
#UID            Suite Name                                     Ctx Wrk Fails       t(s)       Iter     Iter/s  Codesize   Datasize
#Results for verification run started at 23183:14:17:37 XCMD=-c16 -w16
490760323         MLT core                                       1   1     0      1.025          1       0.98     64576       4368		
#Results for performance runs started at 23183:14:17:38 XCMD=-c16 -w16
490760323         MLT core                                       1   1     0      1.025          1       0.98     64576       4368		
490760323         MLT core                                       1   1     0      1.025          1       0.98     64576       4368		
490760323         MLT core                                       1   1     0      1.027          1       0.97     64576       4368		
#Median for final result core/
490760323         MLT core                                       1   1     0      1.025          1       0.98     64576       4368 median single
#UID            Suite Name                                     Ctx Wrk Fails       t(s)       Iter     Iter/s  Codesize   Datasize
#Results for verification run started at 23183:14:17:42 XCMD=-c16 -w16
549578576         MLT nnet_test                                  1   1     0      0.292          1       3.42     67196      43656		
#Results for performance runs started at 23183:14:17:42 XCMD=-c16 -w16
549578576         MLT nnet_test                                  1   1     0      2.921         10       3.42     67196      43656		
549578576         MLT nnet_test                                  1   1     0      2.921         10       3.42     67196      43656		
549578576         MLT nnet_test                                  1   1     0      2.941         10       3.40     67196      43656		
#Median for final result nnet_test/
549578576         MLT nnet_test                                  1   1     0      2.921         10       3.42     67196      43656 median single
#UID            Suite Name                                     Ctx Wrk Fails       t(s)       Iter     Iter/s  Codesize   Datasize
#Results for verification run started at 23183:14:17:52 XCMD=-c16 -w16
1046644201        MLT linear_alg-mid-100x100-sp                  1   1     0      0.018          1      55.56     67454       4384		
#Results for performance runs started at 23183:14:17:52 XCMD=-c16 -w16
1046644201        MLT linear_alg-mid-100x100-sp                  1   1     0      0.905         50      55.25     67454       4384		
1046644201        MLT linear_alg-mid-100x100-sp                  1   1     0      0.905         50      55.25     67454       4384		
1046644201        MLT linear_alg-mid-100x100-sp                  1   1     0      0.905         50      55.25     67454       4384		
#Median for final result linear_alg-mid-100x100-sp/
1046644201        MLT linear_alg-mid-100x100-sp                  1   1     0      0.905         50      55.25     67454       4384 median single
#UID            Suite Name                                     Ctx Wrk Fails       t(s)       Iter     Iter/s  Codesize   Datasize
#Results for verification run started at 23183:14:17:56 XCMD=-c16 -w16
780641437         MLT parser-125k                                1   1     0      0.092          1      10.87     82718       2240		
#Results for performance runs started at 23183:14:17:57 XCMD=-c16 -w16
780641437         MLT parser-125k                                1   1     0      0.091          1      10.99     82718       2240		
780641437         MLT parser-125k                                1   1     0      0.091          1      10.99     82718       2240		
780641437         MLT parser-125k                                1   1     0      0.091          1      10.99     82718       2240		
#Median for final result parser-125k/
780641437         MLT parser-125k                                1   1     0      0.091          1      10.99     82718       2240 median single
#UID            Suite Name                                     Ctx Wrk Fails       t(s)       Iter     Iter/s  Codesize   Datasize
#Results for verification run started at 23183:14:17:58 XCMD=-c16 -w16
1814569103        MLT loops-all-mid-10k-sp                       1   1     0      0.358          1       2.79     81992       8160		
#Results for performance runs started at 23183:14:17:58 XCMD=-c16 -w16
1814569103        MLT loops-all-mid-10k-sp                       1   1     0     17.921         50       2.79     81992       8160		
1814569103        MLT loops-all-mid-10k-sp                       1   1     0     17.921         50       2.79     81992       8160		
1814569103        MLT loops-all-mid-10k-sp                       1   1     0     17.924         50       2.79     81992       8160		
#Median for final result loops-all-mid-10k-sp/
1814569103        MLT loops-all-mid-10k-sp                       1   1     0     17.921         50       2.79     81992       8160 median single
#UID            Suite Name                                     Ctx Wrk Fails       t(s)       Iter     Iter/s  Codesize   Datasize
#Results for verification run started at 23183:14:18:53 XCMD=-c16 -w16
1862946660        MLT radix2-big-64k                             1   1     0      0.018          1      55.56   1442580       2472		
#Results for performance runs started at 23183:14:18:53 XCMD=-c16 -w16
1862946660        MLT radix2-big-64k                             1   1     0      3.677       1000     271.96   1442580       2472		
1862946660        MLT radix2-big-64k                             1   1     0      3.676       1000     272.03   1442580       2472		
1862946660        MLT radix2-big-64k                             1   1     0      3.682       1000     271.59   1442580       2472		
#Median for final result radix2-big-64k/
1862946660        MLT radix2-big-64k                             1   1     0      3.677       1000     271.96   1442580       2472 median single
#UID            Suite Name                                     Ctx Wrk Fails       t(s)       Iter     Iter/s  Codesize   Datasize
#Results for verification run started at 23183:14:19:06 XCMD=-c16 -w16
946108807         MLT zip-test                                   1   1     0      0.014          1      71.43    124638       2480		
#Results for performance runs started at 23183:14:19:07 XCMD=-c16 -w16
946108807         MLT zip-test                                   1   1     0      0.014          1      71.43    124638       2480		
946108807         MLT zip-test                                   1   1     0      0.014          1      71.43    124638       2480		
946108807         MLT zip-test                                   1   1     0      0.014          1      71.43    124638       2480		
#Median for final result zip-test/
946108807         MLT zip-test                                   1   1     0      0.014          1      71.43    124638       2480 median single
#UID            Suite Name                                     Ctx Wrk Fails       t(s)       Iter     Iter/s  Codesize   Datasize
#Results for verification run started at 23183:14:19:11 XCMD=-c16 -w16
236760500         MLT cjpeg-rose7-preset                        16  16     0      0.002          1     500.00    104046     267504		
#Results for performance runs started at 23183:14:19:12 XCMD=-c16 -w16
236760500         MLT cjpeg-rose7-preset                        16  16     0      0.008         10    1250.00    104046     267504		
236760500         MLT cjpeg-rose7-preset                        16  16     0      0.008         10    1250.00    104046     267504		
236760500         MLT cjpeg-rose7-preset                        16  16     0      0.008         10    1250.00    104046     267504		
#Median for final result cjpeg-rose7-preset/
236760500         MLT cjpeg-rose7-preset                        16  16     0      0.008         10    1250.00    104046     267504 median best
#UID            Suite Name                                     Ctx Wrk Fails       t(s)       Iter     Iter/s  Codesize   Datasize
#Results for verification run started at 23183:14:19:13 XCMD=-c16 -w16
1050863061        MLT sha-test                                  16  16     0      0.007          1     142.86     71806       2248		
#Results for performance runs started at 23183:14:19:13 XCMD=-c16 -w16
1050863061        MLT sha-test                                  16  16     0      0.008         16    2000.00     71806       2248		
1050863061        MLT sha-test                                  16  16     0      0.008         16    2000.00     71806       2248		
1050863061        MLT sha-test                                  16  16     0      0.008         16    2000.00     71806       2248		
#Median for final result sha-test/
1050863061        MLT sha-test                                  16  16     0      0.008         16    2000.00     71806       2248 median best
#UID            Suite Name                                     Ctx Wrk Fails       t(s)       Iter     Iter/s  Codesize   Datasize
#Results for verification run started at 23183:14:19:14 XCMD=-c16 -w16
490760323         MLT core                                      16  16     0      1.025          1       0.98     64576       4368		
#Results for performance runs started at 23183:14:19:15 XCMD=-c16 -w16
490760323         MLT core                                      16  16     0      1.028         16      15.56     64576       4368		
490760323         MLT core                                      16  16     0      1.028         16      15.56     64576       4368		
490760323         MLT core                                      16  16     0      1.028         16      15.56     64576       4368		
#Median for final result core/
490760323         MLT core                                      16  16     0      1.028         16      15.56     64576       4368 median best
#UID            Suite Name                                     Ctx Wrk Fails       t(s)       Iter     Iter/s  Codesize   Datasize
#Results for verification run started at 23183:14:19:19 XCMD=-c16 -w16
549578576         MLT nnet_test                                 16  16     0      0.295          1       3.39     67196      43656		
#Results for performance runs started at 23183:14:19:20 XCMD=-c16 -w16
549578576         MLT nnet_test                                 16  16     0      0.296         16      54.05     67196      43656		
549578576         MLT nnet_test                                 16  16     0      0.297         16      53.87     67196      43656		
549578576         MLT nnet_test                                 16  16     0      0.296         16      54.05     67196      43656		
#Median for final result nnet_test/
549578576         MLT nnet_test                                 16  16     0      0.296         16      54.05     67196      43656 median best
#UID            Suite Name                                     Ctx Wrk Fails       t(s)       Iter     Iter/s  Codesize   Datasize
#Results for verification run started at 23183:14:19:22 XCMD=-c16 -w16
1046644201        MLT linear_alg-mid-100x100-sp                 16  16     0      0.018          1      55.56     67454       4384		
#Results for performance runs started at 23183:14:19:22 XCMD=-c16 -w16
1046644201        MLT linear_alg-mid-100x100-sp                 16  16     0      0.072         50     694.44     67454       4384		
1046644201        MLT linear_alg-mid-100x100-sp                 16  16     0      0.072         50     694.44     67454       4384		
1046644201        MLT linear_alg-mid-100x100-sp                 16  16     0      0.072         50     694.44     67454       4384		
#Median for final result linear_alg-mid-100x100-sp/
1046644201        MLT linear_alg-mid-100x100-sp                 16  16     0      0.072         50     694.44     67454       4384 median best
#UID            Suite Name                                     Ctx Wrk Fails       t(s)       Iter     Iter/s  Codesize   Datasize
#Results for verification run started at 23183:14:19:23 XCMD=-c16 -w16
780641437         MLT parser-125k                               16  16     0      0.091          1      10.99     82718       2240		
#Results for performance runs started at 23183:14:19:23 XCMD=-c16 -w16
780641437         MLT parser-125k                               16  16     0      0.101         16     158.42     82718       2240		
780641437         MLT parser-125k                               16  16     0      0.102         16     156.86     82718       2240		
780641437         MLT parser-125k                               16  16     0      0.099         16     161.62     82718       2240		
#Median for final result parser-125k/
780641437         MLT parser-125k                               16  16     0      0.101         16     158.42     82718       2240 median best
#UID            Suite Name                                     Ctx Wrk Fails       t(s)       Iter     Iter/s  Codesize   Datasize
#Results for verification run started at 23183:14:19:25 XCMD=-c16 -w16
1814569103        MLT loops-all-mid-10k-sp                      16  16     0      0.358          1       2.79     81992       8160		
#Results for performance runs started at 23183:14:19:25 XCMD=-c16 -w16
1814569103        MLT loops-all-mid-10k-sp                      16  16     0      1.443         50      34.65     81992       8160		
1814569103        MLT loops-all-mid-10k-sp                      16  16     0      1.445         50      34.60     81992       8160		
1814569103        MLT loops-all-mid-10k-sp                      16  16     0      1.443         50      34.65     81992       8160		
#Median for final result loops-all-mid-10k-sp/
1814569103        MLT loops-all-mid-10k-sp                      16  16     0      1.443         50      34.65     81992       8160 median best
#UID            Suite Name                                     Ctx Wrk Fails       t(s)       Iter     Iter/s  Codesize   Datasize
#Results for verification run started at 23183:14:19:31 XCMD=-c16 -w16
1862946660        MLT radix2-big-64k                            16  16     0      0.018          1      55.56   1442580       2472		
#Results for performance runs started at 23183:14:19:31 XCMD=-c16 -w16
1862946660        MLT radix2-big-64k                            16  16     0      0.244       1000    4098.36   1442580       2472		
1862946660        MLT radix2-big-64k                            16  16     0      0.243       1000    4115.23   1442580       2472		
1862946660        MLT radix2-big-64k                            16  16     0      0.244       1000    4098.36   1442580       2472		
#Median for final result radix2-big-64k/
1862946660        MLT radix2-big-64k                            16  16     0      0.244       1000    4098.36   1442580       2472 median best
#UID            Suite Name                                     Ctx Wrk Fails       t(s)       Iter     Iter/s  Codesize   Datasize
#Results for verification run started at 23183:14:19:33 XCMD=-c16 -w16
946108807         MLT zip-test                                  16  16     0      0.015          1      66.67    124638       2480		
#Results for performance runs started at 23183:14:19:34 XCMD=-c16 -w16
946108807         MLT zip-test                                  16  16     0      0.017         16     941.18    124638       2480		
946108807         MLT zip-test                                  16  16     0      0.017         16     941.18    124638       2480		
946108807         MLT zip-test                                  16  16     0      0.017         16     941.18    124638       2480		
#Median for final result zip-test/
946108807         MLT zip-test                                  16  16     0      0.017         16     941.18    124638       2480 median best
