#UID            Suite Name                                     Ctx Wrk Fails       t(s)       Iter     Iter/s  Codesize   Datasize
#Results for verification run started at 23183:18:00:09 XCMD=-c16 -w4
236760500         MLT cjpeg-rose7-preset                         1   1     0      0.018          1      55.56    129154     267680		
#Results for performance runs started at 23183:18:00:09 XCMD=-c16 -w4
236760500         MLT cjpeg-rose7-preset                         1   1     0      0.142         10      70.42    129154     267680		
236760500         MLT cjpeg-rose7-preset                         1   1     0      0.141         10      70.92    129154     267680		
236760500         MLT cjpeg-rose7-preset                         1   1     0      0.141         10      70.92    129154     267680		
#Median for final result cjpeg-rose7-preset/
236760500         MLT cjpeg-rose7-preset                         1   1     0      0.141         10      70.92    129154     267680 median single
#UID            Suite Name                                     Ctx Wrk Fails       t(s)       Iter     Iter/s  Codesize   Datasize
#Results for verification run started at 23183:18:00:11 XCMD=-c16 -w4
1050863061        MLT sha-test                                   1   1     0      0.015          1      66.67     91634       2424		
#Results for performance runs started at 23183:18:00:12 XCMD=-c16 -w4
1050863061        MLT sha-test                                   1   1     0      0.153         10      65.36     91634       2424		
1050863061        MLT sha-test                                   1   1     0      0.153         10      65.36     91634       2424		
1050863061        MLT sha-test                                   1   1     0      0.153         10      65.36     91634       2424		
#Median for final result sha-test/
1050863061        MLT sha-test                                   1   1     0      0.153         10      65.36     91634       2424 median single
#UID            Suite Name                                     Ctx Wrk Fails       t(s)       Iter     Iter/s  Codesize   Datasize
#Results for verification run started at 23183:18:00:14 XCMD=-c16 -w4
490760323         MLT core                                       1   1     0      4.156          1       0.24     81384       5192		
#Results for performance runs started at 23183:18:00:18 XCMD=-c16 -w4
490760323         MLT core                                       1   1     0      4.156          1       0.24     81384       5192		
490760323         MLT core                                       1   1     0      4.156          1       0.24     81384       5192		
490760323         MLT core                                       1   1     0      4.156          1       0.24     81384       5192		
#Median for final result core/
490760323         MLT core                                       1   1     0      4.156          1       0.24     81384       5192 median single
#UID            Suite Name                                     Ctx Wrk Fails       t(s)       Iter     Iter/s  Codesize   Datasize
#Results for verification run started at 23183:18:00:32 XCMD=-c16 -w4
549578576         MLT nnet_test                                  1   1     0      0.438          1       2.28     87564      43864		
#Results for performance runs started at 23183:18:00:33 XCMD=-c16 -w4
549578576         MLT nnet_test                                  1   1     0      4.371         10       2.29     87564      43864		
549578576         MLT nnet_test                                  1   1     0      4.360         10       2.29     87564      43864		
549578576         MLT nnet_test                                  1   1     0      4.368         10       2.29     87564      43864		
#Median for final result nnet_test/
549578576         MLT nnet_test                                  1   1     0      4.368         10       2.29     87564      43864 median single
#UID            Suite Name                                     Ctx Wrk Fails       t(s)       Iter     Iter/s  Codesize   Datasize
#Results for verification run started at 23183:18:00:47 XCMD=-c16 -w4
1046644201        MLT linear_alg-mid-100x100-sp                  1   1     0      0.016          1      62.50     93130       4568		
#Results for performance runs started at 23183:18:00:48 XCMD=-c16 -w4
1046644201        MLT linear_alg-mid-100x100-sp                  1   1     0      0.810         50      61.73     93130       4568		
1046644201        MLT linear_alg-mid-100x100-sp                  1   1     0      0.810         50      61.73     93130       4568		
1046644201        MLT linear_alg-mid-100x100-sp                  1   1     0      0.810         50      61.73     93130       4568		
#Median for final result linear_alg-mid-100x100-sp/
1046644201        MLT linear_alg-mid-100x100-sp                  1   1     0      0.810         50      61.73     93130       4568 median single
#UID            Suite Name                                     Ctx Wrk Fails       t(s)       Iter     Iter/s  Codesize   Datasize
#Results for verification run started at 23183:18:00:52 XCMD=-c16 -w4
780641437         MLT parser-125k                                1   1     0      0.148          1       6.76    100222       2536		
#Results for performance runs started at 23183:18:00:52 XCMD=-c16 -w4
780641437         MLT parser-125k                                1   1     0      0.164          1       6.10    100222       2536		
780641437         MLT parser-125k                                1   1     0      0.148          1       6.76    100222       2536		
780641437         MLT parser-125k                                1   1     0      0.161          1       6.21    100222       2536		
#Median for final result parser-125k/
780641437         MLT parser-125k                                1   1     0      0.161          1       6.21    100222       2536 median single
#UID            Suite Name                                     Ctx Wrk Fails       t(s)       Iter     Iter/s  Codesize   Datasize
#Results for verification run started at 23183:18:00:54 XCMD=-c16 -w4
1814569103        MLT loops-all-mid-10k-sp                       1   1     0      0.540          1       1.85    109584       8344		
#Results for performance runs started at 23183:18:00:55 XCMD=-c16 -w4
1814569103        MLT loops-all-mid-10k-sp                       1   1     0     26.861         50       1.86    109584       8344		
1814569103        MLT loops-all-mid-10k-sp                       1   1     0     26.860         50       1.86    109584       8344		
1814569103        MLT loops-all-mid-10k-sp                       1   1     0     26.890         50       1.86    109584       8344		
#Median for final result loops-all-mid-10k-sp/
1814569103        MLT loops-all-mid-10k-sp                       1   1     0     26.861         50       1.86    109584       8344 median single
#UID            Suite Name                                     Ctx Wrk Fails       t(s)       Iter     Iter/s  Codesize   Datasize
#Results for verification run started at 23183:18:02:17 XCMD=-c16 -w4
1862946660        MLT radix2-big-64k                             1   1     0      0.033          1      30.30   1459492       2936		
#Results for performance runs started at 23183:18:02:17 XCMD=-c16 -w4
1862946660        MLT radix2-big-64k                             1   1     0      9.417       1000     106.19   1459492       2936		
1862946660        MLT radix2-big-64k                             1   1     0      9.168       1000     109.08   1459492       2936		
1862946660        MLT radix2-big-64k                             1   1     0      9.331       1000     107.17   1459492       2936		
#Median for final result radix2-big-64k/
1862946660        MLT radix2-big-64k                             1   1     0      9.331       1000     107.17   1459492       2936 median single
#UID            Suite Name                                     Ctx Wrk Fails       t(s)       Iter     Iter/s  Codesize   Datasize
#Results for verification run started at 23183:18:02:47 XCMD=-c16 -w4
946108807         MLT zip-test                                   1   1     0      0.028          1      35.71    157220       2768		
#Results for performance runs started at 23183:18:02:48 XCMD=-c16 -w4
946108807         MLT zip-test                                   1   1     0      0.026          1      38.46    157220       2768		
946108807         MLT zip-test                                   1   1     0      0.026          1      38.46    157220       2768		
946108807         MLT zip-test                                   1   1     0      0.026          1      38.46    157220       2768		
#Median for final result zip-test/
946108807         MLT zip-test                                   1   1     0      0.026          1      38.46    157220       2768 median single
#UID            Suite Name                                     Ctx Wrk Fails       t(s)       Iter     Iter/s  Codesize   Datasize
#Results for verification run started at 23183:18:02:52 XCMD=-c16 -w4
236760500         MLT cjpeg-rose7-preset                        16   4     0      0.003          1     333.33    129154     267680		
#Results for performance runs started at 23183:18:02:53 XCMD=-c16 -w4
236760500         MLT cjpeg-rose7-preset                        16   4     0      0.010         10    1000.00    129154     267680		
236760500         MLT cjpeg-rose7-preset                        16   4     0      0.010         10    1000.00    129154     267680		
236760500         MLT cjpeg-rose7-preset                        16   4     0      0.010         10    1000.00    129154     267680		
#Median for final result cjpeg-rose7-preset/
236760500         MLT cjpeg-rose7-preset                        16   4     0      0.010         10    1000.00    129154     267680 median best
#UID            Suite Name                                     Ctx Wrk Fails       t(s)       Iter     Iter/s  Codesize   Datasize
#Results for verification run started at 23183:18:02:54 XCMD=-c16 -w4
1050863061        MLT sha-test                                  16   4     0      0.015          1      66.67     91634       2424		
#Results for performance runs started at 23183:18:02:55 XCMD=-c16 -w4
1050863061        MLT sha-test                                  16   4     0      0.016         16    1000.00     91634       2424		
1050863061        MLT sha-test                                  16   4     0      0.016         16    1000.00     91634       2424		
1050863061        MLT sha-test                                  16   4     0      0.016         16    1000.00     91634       2424		
#Median for final result sha-test/
1050863061        MLT sha-test                                  16   4     0      0.016         16    1000.00     91634       2424 median best
#UID            Suite Name                                     Ctx Wrk Fails       t(s)       Iter     Iter/s  Codesize   Datasize
#Results for verification run started at 23183:18:02:56 XCMD=-c16 -w4
490760323         MLT core                                      16   4     0      4.172          1       0.24     81384       5192		
#Results for performance runs started at 23183:18:03:01 XCMD=-c16 -w4
490760323         MLT core                                      16   4     0      4.160         16       3.85     81384       5192		
490760323         MLT core                                      16   4     0      4.160         16       3.85     81384       5192		
490760323         MLT core                                      16   4     0      4.159         16       3.85     81384       5192		
#Median for final result core/
490760323         MLT core                                      16   4     0      4.160         16       3.85     81384       5192 median best
#UID            Suite Name                                     Ctx Wrk Fails       t(s)       Iter     Iter/s  Codesize   Datasize
#Results for verification run started at 23183:18:03:15 XCMD=-c16 -w4
549578576         MLT nnet_test                                 16   4     0      0.437          1       2.29     87564      43864		
#Results for performance runs started at 23183:18:03:15 XCMD=-c16 -w4
549578576         MLT nnet_test                                 16   4     0      0.438         16      36.53     87564      43864		
549578576         MLT nnet_test                                 16   4     0      0.439         16      36.45     87564      43864		
549578576         MLT nnet_test                                 16   4     0      0.438         16      36.53     87564      43864		
#Median for final result nnet_test/
549578576         MLT nnet_test                                 16   4     0      0.438         16      36.53     87564      43864 median best
#UID            Suite Name                                     Ctx Wrk Fails       t(s)       Iter     Iter/s  Codesize   Datasize
#Results for verification run started at 23183:18:03:18 XCMD=-c16 -w4
1046644201        MLT linear_alg-mid-100x100-sp                 16   4     0      0.016          1      62.50     93130       4568		
#Results for performance runs started at 23183:18:03:18 XCMD=-c16 -w4
1046644201        MLT linear_alg-mid-100x100-sp                 16   4     0      0.065         50     769.23     93130       4568		
1046644201        MLT linear_alg-mid-100x100-sp                 16   4     0      0.065         50     769.23     93130       4568		
1046644201        MLT linear_alg-mid-100x100-sp                 16   4     0      0.065         50     769.23     93130       4568		
#Median for final result linear_alg-mid-100x100-sp/
1046644201        MLT linear_alg-mid-100x100-sp                 16   4     0      0.065         50     769.23     93130       4568 median best
#UID            Suite Name                                     Ctx Wrk Fails       t(s)       Iter     Iter/s  Codesize   Datasize
#Results for verification run started at 23183:18:03:20 XCMD=-c16 -w4
780641437         MLT parser-125k                               16   4     0      0.151          1       6.62    100222       2536		
#Results for performance runs started at 23183:18:03:21 XCMD=-c16 -w4
780641437         MLT parser-125k                               16   4     0      0.390         16      41.03    100222       2536		
780641437         MLT parser-125k                               16   4     0      0.378         16      42.33    100222       2536		
780641437         MLT parser-125k                               16   4     0      0.388         16      41.24    100222       2536		
#Median for final result parser-125k/
780641437         MLT parser-125k                               16   4     0      0.388         16      41.24    100222       2536 median best
#UID            Suite Name                                     Ctx Wrk Fails       t(s)       Iter     Iter/s  Codesize   Datasize
#Results for verification run started at 23183:18:03:23 XCMD=-c16 -w4
1814569103        MLT loops-all-mid-10k-sp                      16   4     0      0.540          1       1.85    109584       8344		
#Results for performance runs started at 23183:18:03:24 XCMD=-c16 -w4
1814569103        MLT loops-all-mid-10k-sp                      16   4     0      2.149         50      23.27    109584       8344		
1814569103        MLT loops-all-mid-10k-sp                      16   4     0      2.150         50      23.26    109584       8344		
1814569103        MLT loops-all-mid-10k-sp                      16   4     0      2.149         50      23.27    109584       8344		
#Median for final result loops-all-mid-10k-sp/
1814569103        MLT loops-all-mid-10k-sp                      16   4     0      2.149         50      23.27    109584       8344 median best
#UID            Suite Name                                     Ctx Wrk Fails       t(s)       Iter     Iter/s  Codesize   Datasize
#Results for verification run started at 23183:18:03:32 XCMD=-c16 -w4
1862946660        MLT radix2-big-64k                            16   4     0      0.033          1      30.30   1459492       2936		
#Results for performance runs started at 23183:18:03:32 XCMD=-c16 -w4
1862946660        MLT radix2-big-64k                            16   4     0      0.595       1000    1680.67   1459492       2936		
1862946660        MLT radix2-big-64k                            16   4     0      0.596       1000    1677.85   1459492       2936		
1862946660        MLT radix2-big-64k                            16   4     0      0.598       1000    1672.24   1459492       2936		
#Median for final result radix2-big-64k/
1862946660        MLT radix2-big-64k                            16   4     0      0.596       1000    1677.85   1459492       2936 median best
#UID            Suite Name                                     Ctx Wrk Fails       t(s)       Iter     Iter/s  Codesize   Datasize
#Results for verification run started at 23183:18:03:36 XCMD=-c16 -w4
946108807         MLT zip-test                                  16   4     0      0.028          1      35.71    157220       2768		
#Results for performance runs started at 23183:18:03:37 XCMD=-c16 -w4
946108807         MLT zip-test                                  16   4     0      0.031         16     516.13    157220       2768		
946108807         MLT zip-test                                  16   4     0      0.031         16     516.13    157220       2768		
946108807         MLT zip-test                                  16   4     0      0.030         16     533.33    157220       2768		
#Median for final result zip-test/
946108807         MLT zip-test                                  16   4     0      0.031         16     516.13    157220       2768 median best
