#UID            Suite Name                                     Ctx Wrk Fails       t(s)       Iter     Iter/s  Codesize   Datasize
#Results for verification run started at 23183:16:33:19 XCMD=-c64 -w16
236760500         MLT cjpeg-rose7-preset                        64  16     0      0.005          1     200.00    104046     267504		
#Results for performance runs started at 23183:16:33:19 XCMD=-c64 -w16
236760500         MLT cjpeg-rose7-preset                        64  16     0      0.007         10    1428.57    104046     267504		
236760500         MLT cjpeg-rose7-preset                        64  16     0      0.007         10    1428.57    104046     267504		
236760500         MLT cjpeg-rose7-preset                        64  16     0      0.007         10    1428.57    104046     267504		
#Median for final result cjpeg-rose7-preset/
236760500         MLT cjpeg-rose7-preset                        64  16     0      0.007         10    1428.57    104046     267504 median best
#UID            Suite Name                                     Ctx Wrk Fails       t(s)       Iter     Iter/s  Codesize   Datasize
#Results for verification run started at 23183:16:33:21 XCMD=-c64 -w16
1050863061        MLT sha-test                                  64  16     0      0.012          1      83.33     71806       2248		
#Results for performance runs started at 23183:16:33:21 XCMD=-c64 -w16
1050863061        MLT sha-test                                  64  16     0      0.020         64    3200.00     71806       2248		
1050863061        MLT sha-test                                  64  16     0      0.020         64    3200.00     71806       2248		
1050863061        MLT sha-test                                  64  16     0      0.020         64    3200.00     71806       2248		
#Median for final result sha-test/
1050863061        MLT sha-test                                  64  16     0      0.020         64    3200.00     71806       2248 median best
#UID            Suite Name                                     Ctx Wrk Fails       t(s)       Iter     Iter/s  Codesize   Datasize
#Results for verification run started at 23183:16:33:23 XCMD=-c64 -w16
490760323         MLT core                                      64  16     0      1.865          1       0.54     64576       4368		
#Results for performance runs started at 23183:16:33:25 XCMD=-c64 -w16
490760323         MLT core                                      64  16     0      3.136         64      20.41     64576       4368		
490760323         MLT core                                      64  16     0      3.015         64      21.23     64576       4368		
490760323         MLT core                                      64  16     0      3.068         64      20.86     64576       4368		
#Median for final result core/
490760323         MLT core                                      64  16     0      3.068         64      20.86     64576       4368 median best
#UID            Suite Name                                     Ctx Wrk Fails       t(s)       Iter     Iter/s  Codesize   Datasize
#Results for verification run started at 23183:16:33:36 XCMD=-c64 -w16
549578576         MLT nnet_test                                 64  16     0      0.472          1       2.12     67196      43656		
#Results for performance runs started at 23183:16:33:36 XCMD=-c64 -w16
549578576         MLT nnet_test                                 64  16     0      0.862         64      74.25     67196      43656		
549578576         MLT nnet_test                                 64  16     0      0.866         64      73.90     67196      43656		
549578576         MLT nnet_test                                 64  16     0      0.826         64      77.48     67196      43656		
#Median for final result nnet_test/
549578576         MLT nnet_test                                 64  16     0      0.862         64      74.25     67196      43656 median best
#UID            Suite Name                                     Ctx Wrk Fails       t(s)       Iter     Iter/s  Codesize   Datasize
#Results for verification run started at 23183:16:33:40 XCMD=-c64 -w16
1046644201        MLT linear_alg-mid-100x100-sp                 64  16     0      0.017          1      58.82     67454       4384		
#Results for performance runs started at 23183:16:33:41 XCMD=-c64 -w16
1046644201        MLT linear_alg-mid-100x100-sp                 64  16     0      0.032         64    2000.00     67454       4384		
1046644201        MLT linear_alg-mid-100x100-sp                 64  16     0      0.035         64    1828.57     67454       4384		
1046644201        MLT linear_alg-mid-100x100-sp                 64  16     0      0.033         64    1939.39     67454       4384		
#Median for final result linear_alg-mid-100x100-sp/
1046644201        MLT linear_alg-mid-100x100-sp                 64  16     0      0.033         64    1939.39     67454       4384 median best
#UID            Suite Name                                     Ctx Wrk Fails       t(s)       Iter     Iter/s  Codesize   Datasize
#Results for verification run started at 23183:16:33:42 XCMD=-c64 -w16
780641437         MLT parser-125k                               64  16     0      0.156          1       6.41     82718       2240		
#Results for performance runs started at 23183:16:33:43 XCMD=-c64 -w16
780641437         MLT parser-125k                               64  16     0      0.368         64     173.91     82718       2240		
780641437         MLT parser-125k                               64  16     0      0.349         64     183.38     82718       2240		
780641437         MLT parser-125k                               64  16     0      0.352         64     181.82     82718       2240		
#Median for final result parser-125k/
780641437         MLT parser-125k                               64  16     0      0.352         64     181.82     82718       2240 median best
#UID            Suite Name                                     Ctx Wrk Fails       t(s)       Iter     Iter/s  Codesize   Datasize
#Results for verification run started at 23183:16:33:45 XCMD=-c64 -w16
1814569103        MLT loops-all-mid-10k-sp                      64  16     0      0.548          1       1.82     81992       8160		
#Results for performance runs started at 23183:16:33:46 XCMD=-c64 -w16
1814569103        MLT loops-all-mid-10k-sp                      64  16     0      1.157         64      55.32     81992       8160		
1814569103        MLT loops-all-mid-10k-sp                      64  16     0      1.013         64      63.18     81992       8160		
1814569103        MLT loops-all-mid-10k-sp                      64  16     0      1.091         64      58.66     81992       8160		
#Median for final result loops-all-mid-10k-sp/
1814569103        MLT loops-all-mid-10k-sp                      64  16     0      1.091         64      58.66     81992       8160 median best
#UID            Suite Name                                     Ctx Wrk Fails       t(s)       Iter     Iter/s  Codesize   Datasize
#Results for verification run started at 23183:16:33:51 XCMD=-c64 -w16
1862946660        MLT radix2-big-64k                            64  16     0      0.035          1      28.57   1442580       2472		
#Results for performance runs started at 23183:16:33:51 XCMD=-c64 -w16
1862946660        MLT radix2-big-64k                            64  16     0      0.260       1000    3846.15   1442580       2472		
1862946660        MLT radix2-big-64k                            64  16     0      0.256       1000    3906.25   1442580       2472		
1862946660        MLT radix2-big-64k                            64  16     0      0.263       1000    3802.28   1442580       2472		
#Median for final result radix2-big-64k/
1862946660        MLT radix2-big-64k                            64  16     0      0.260       1000    3846.15   1442580       2472 median best
#UID            Suite Name                                     Ctx Wrk Fails       t(s)       Iter     Iter/s  Codesize   Datasize
#Results for verification run started at 23183:16:33:54 XCMD=-c64 -w16
946108807         MLT zip-test                                  64  16     0      0.025          1      40.00    124638       2480		
#Results for performance runs started at 23183:16:33:55 XCMD=-c64 -w16
946108807         MLT zip-test                                  64  16     0      0.067         64     955.22    124638       2480		
946108807         MLT zip-test                                  64  16     0      0.058         64    1103.45    124638       2480		
946108807         MLT zip-test                                  64  16     0      0.059         64    1084.75    124638       2480		
#Median for final result zip-test/
946108807         MLT zip-test                                  64  16     0      0.059         64    1084.75    124638       2480 median best
